"../../../Engine/Plugins/2D/Paper2D/Content/PlaceholderTextures/DummySpriteTexture.uasset" 0
"../../../Engine/Plugins/2D/Paper2D/Content/PlaceholderTextures/DummySpriteTexture.uexp" 1
"../../../Engine/Plugins/2D/Paper2D/Content/PlaceholderTextures/DummySpriteTexture.ubulk" 2
"../../../Engine/Plugins/2D/Paper2D/Content/DefaultSpriteMaterial.uasset" 3
"../../../Engine/Plugins/2D/Paper2D/Content/DefaultSpriteMaterial.uexp" 4
"../../../Engine/Plugins/2D/Paper2D/Content/TranslucentUnlitSpriteMaterial.uasset" 5
"../../../Engine/Plugins/2D/Paper2D/Content/TranslucentUnlitSpriteMaterial.uexp" 6
"C:/GameDev/Unreal/Young-Man-Jenkins-2-The-Robbery/YoungManJenkins2/YoungManJenkins2/Content/Sprites/Cutouts/Better_Jenkins_Sprite_Shoot.uasset" 7
"C:/GameDev/Unreal/Young-Man-Jenkins-2-The-Robbery/YoungManJenkins2/YoungManJenkins2/Content/Sprites/Cutouts/Better_Jenkins_Sprite_Shoot.uexp" 8
"C:/GameDev/Unreal/Young-Man-Jenkins-2-The-Robbery/YoungManJenkins2/YoungManJenkins2/Content/Sprites/Cutouts/Better_Jenkins_Sprite_Shoot_Sprite_1.uasset" 9
"C:/GameDev/Unreal/Young-Man-Jenkins-2-The-Robbery/YoungManJenkins2/YoungManJenkins2/Content/Sprites/Cutouts/Better_Jenkins_Sprite_Shoot_Sprite_1.uexp" 10
"C:/GameDev/Unreal/Young-Man-Jenkins-2-The-Robbery/YoungManJenkins2/YoungManJenkins2/Content/Sprites/Cutouts/Better_Jenkins_Sprite_Shoot_Sprite_2.uasset" 11
"C:/GameDev/Unreal/Young-Man-Jenkins-2-The-Robbery/YoungManJenkins2/YoungManJenkins2/Content/Sprites/Cutouts/Better_Jenkins_Sprite_Shoot_Sprite_2.uexp" 12
"C:/GameDev/Unreal/Young-Man-Jenkins-2-The-Robbery/YoungManJenkins2/YoungManJenkins2/Content/Sprites/Cutouts/Enemy_with_Pistol.uasset" 13
"C:/GameDev/Unreal/Young-Man-Jenkins-2-The-Robbery/YoungManJenkins2/YoungManJenkins2/Content/Sprites/Cutouts/Enemy_with_Pistol.uexp" 14
"C:/GameDev/Unreal/Young-Man-Jenkins-2-The-Robbery/YoungManJenkins2/YoungManJenkins2/Content/Sprites/Cutouts/Enemy_with_Pistol_Sprite_1.uasset" 15
"C:/GameDev/Unreal/Young-Man-Jenkins-2-The-Robbery/YoungManJenkins2/YoungManJenkins2/Content/Sprites/Cutouts/Enemy_with_Pistol_Sprite_1.uexp" 16
"C:/GameDev/Unreal/Young-Man-Jenkins-2-The-Robbery/YoungManJenkins2/YoungManJenkins2/Content/Sprites/Cutouts/Enemy_with_Pistol_Sprite_2.uasset" 17
"C:/GameDev/Unreal/Young-Man-Jenkins-2-The-Robbery/YoungManJenkins2/YoungManJenkins2/Content/Sprites/Cutouts/Enemy_with_Pistol_Sprite_2.uexp" 18
"C:/GameDev/Unreal/Young-Man-Jenkins-2-The-Robbery/YoungManJenkins2/YoungManJenkins2/Content/Sprites/Cutouts/Enemy_with_Shotgun.uasset" 19
"C:/GameDev/Unreal/Young-Man-Jenkins-2-The-Robbery/YoungManJenkins2/YoungManJenkins2/Content/Sprites/Cutouts/Enemy_with_Shotgun.uexp" 20
"C:/GameDev/Unreal/Young-Man-Jenkins-2-The-Robbery/YoungManJenkins2/YoungManJenkins2/Content/Sprites/Cutouts/Enemy_with_Shotgun_Sprite_1.uasset" 21
"C:/GameDev/Unreal/Young-Man-Jenkins-2-The-Robbery/YoungManJenkins2/YoungManJenkins2/Content/Sprites/Cutouts/Enemy_with_Shotgun_Sprite_1.uexp" 22
"C:/GameDev/Unreal/Young-Man-Jenkins-2-The-Robbery/YoungManJenkins2/YoungManJenkins2/Content/Sprites/Cutouts/Enemy_with_Shotgun_Sprite_2.uasset" 23
"C:/GameDev/Unreal/Young-Man-Jenkins-2-The-Robbery/YoungManJenkins2/YoungManJenkins2/Content/Sprites/Cutouts/Enemy_with_Shotgun_Sprite_2.uexp" 24
"C:/GameDev/Unreal/Young-Man-Jenkins-2-The-Robbery/YoungManJenkins2/YoungManJenkins2/Content/Sprites/Textures/Game_Token.uasset" 25
"C:/GameDev/Unreal/Young-Man-Jenkins-2-The-Robbery/YoungManJenkins2/YoungManJenkins2/Content/Sprites/Textures/Game_Token.uexp" 26
"C:/GameDev/Unreal/Young-Man-Jenkins-2-The-Robbery/YoungManJenkins2/YoungManJenkins2/Content/Sprites/Textures/Game_Token.ubulk" 27
"C:/GameDev/Unreal/Young-Man-Jenkins-2-The-Robbery/YoungManJenkins2/YoungManJenkins2/Content/Sprites/Textures/Gun_Chamber_and_Bullets.uasset" 28
"C:/GameDev/Unreal/Young-Man-Jenkins-2-The-Robbery/YoungManJenkins2/YoungManJenkins2/Content/Sprites/Textures/Gun_Chamber_and_Bullets.uexp" 29
"C:/GameDev/Unreal/Young-Man-Jenkins-2-The-Robbery/YoungManJenkins2/YoungManJenkins2/Content/Sprites/Textures/Gun_Chamber_and_Bullets_Sprite_2.uasset" 30
"C:/GameDev/Unreal/Young-Man-Jenkins-2-The-Robbery/YoungManJenkins2/YoungManJenkins2/Content/Sprites/Textures/Gun_Chamber_and_Bullets_Sprite_2.uexp" 31
"C:/GameDev/Unreal/Young-Man-Jenkins-2-The-Robbery/YoungManJenkins2/YoungManJenkins2/Content/Sprites/Textures/UpperChair.uasset" 32
"C:/GameDev/Unreal/Young-Man-Jenkins-2-The-Robbery/YoungManJenkins2/YoungManJenkins2/Content/Sprites/Textures/UpperChair.uexp" 33
"C:/GameDev/Unreal/Young-Man-Jenkins-2-The-Robbery/YoungManJenkins2/YoungManJenkins2/Content/Sprites/Textures/UpperChair_Sprite_0.uasset" 34
"C:/GameDev/Unreal/Young-Man-Jenkins-2-The-Robbery/YoungManJenkins2/YoungManJenkins2/Content/Sprites/Textures/UpperChair_Sprite_0.uexp" 35
"C:/GameDev/Unreal/Young-Man-Jenkins-2-The-Robbery/YoungManJenkins2/YoungManJenkins2/Content/TopDownBP/Blueprints/UpperChai.uasset" 36
"C:/GameDev/Unreal/Young-Man-Jenkins-2-The-Robbery/YoungManJenkins2/YoungManJenkins2/Content/TopDownBP/Blueprints/UpperChai.uexp" 37
"C:/GameDev/Unreal/Young-Man-Jenkins-2-The-Robbery/YoungManJenkins2/YoungManJenkins2/Content/Sprites/Textures/Box.uasset" 38
"C:/GameDev/Unreal/Young-Man-Jenkins-2-The-Robbery/YoungManJenkins2/YoungManJenkins2/Content/Sprites/Textures/Box.uexp" 39
"C:/GameDev/Unreal/Young-Man-Jenkins-2-The-Robbery/YoungManJenkins2/YoungManJenkins2/Content/Sprites/Textures/Box_Sprite_0.uasset" 40
"C:/GameDev/Unreal/Young-Man-Jenkins-2-The-Robbery/YoungManJenkins2/YoungManJenkins2/Content/Sprites/Textures/Box_Sprite_0.uexp" 41
"C:/GameDev/Unreal/Young-Man-Jenkins-2-The-Robbery/YoungManJenkins2/YoungManJenkins2/Content/TopDownBP/Blueprints/Box_Sprite_0_Blueprint.uasset" 42
"C:/GameDev/Unreal/Young-Man-Jenkins-2-The-Robbery/YoungManJenkins2/YoungManJenkins2/Content/TopDownBP/Blueprints/Box_Sprite_0_Blueprint.uexp" 43
"C:/GameDev/Unreal/Young-Man-Jenkins-2-The-Robbery/YoungManJenkins2/YoungManJenkins2/Content/Sprites/Textures/Full_Base_Train_Car.uasset" 44
"C:/GameDev/Unreal/Young-Man-Jenkins-2-The-Robbery/YoungManJenkins2/YoungManJenkins2/Content/Sprites/Textures/Full_Base_Train_Car.uexp" 45
"C:/GameDev/Unreal/Young-Man-Jenkins-2-The-Robbery/YoungManJenkins2/YoungManJenkins2/Content/Sprites/Textures/Full_Base_Train_Car_Sprite_0.uasset" 46
"C:/GameDev/Unreal/Young-Man-Jenkins-2-The-Robbery/YoungManJenkins2/YoungManJenkins2/Content/Sprites/Textures/Full_Base_Train_Car_Sprite_0.uexp" 47
"C:/GameDev/Unreal/Young-Man-Jenkins-2-The-Robbery/YoungManJenkins2/YoungManJenkins2/Content/TopDownBP/Blueprints/Train_Car_1.uasset" 48
"C:/GameDev/Unreal/Young-Man-Jenkins-2-The-Robbery/YoungManJenkins2/YoungManJenkins2/Content/TopDownBP/Blueprints/Train_Car_1.uexp" 49
"C:/GameDev/Unreal/Young-Man-Jenkins-2-The-Robbery/YoungManJenkins2/YoungManJenkins2/Content/Sprites/Textures/Train_Car_2.uasset" 50
"C:/GameDev/Unreal/Young-Man-Jenkins-2-The-Robbery/YoungManJenkins2/YoungManJenkins2/Content/Sprites/Textures/Train_Car_2.uexp" 51
"C:/GameDev/Unreal/Young-Man-Jenkins-2-The-Robbery/YoungManJenkins2/YoungManJenkins2/Content/Sprites/Textures/Train_Car_2_Sprite_0.uasset" 52
"C:/GameDev/Unreal/Young-Man-Jenkins-2-The-Robbery/YoungManJenkins2/YoungManJenkins2/Content/Sprites/Textures/Train_Car_2_Sprite_0.uexp" 53
"C:/GameDev/Unreal/Young-Man-Jenkins-2-The-Robbery/YoungManJenkins2/YoungManJenkins2/Content/TopDownBP/Blueprints/Train_Car_2.uasset" 54
"C:/GameDev/Unreal/Young-Man-Jenkins-2-The-Robbery/YoungManJenkins2/YoungManJenkins2/Content/TopDownBP/Blueprints/Train_Car_2.uexp" 55
"C:/GameDev/Unreal/Young-Man-Jenkins-2-The-Robbery/YoungManJenkins2/YoungManJenkins2/Content/Sprites/Textures/Train_Car_3.uasset" 56
"C:/GameDev/Unreal/Young-Man-Jenkins-2-The-Robbery/YoungManJenkins2/YoungManJenkins2/Content/Sprites/Textures/Train_Car_3.uexp" 57
"C:/GameDev/Unreal/Young-Man-Jenkins-2-The-Robbery/YoungManJenkins2/YoungManJenkins2/Content/Sprites/Textures/Train_Car_3_Sprite_0.uasset" 58
"C:/GameDev/Unreal/Young-Man-Jenkins-2-The-Robbery/YoungManJenkins2/YoungManJenkins2/Content/Sprites/Textures/Train_Car_3_Sprite_0.uexp" 59
"C:/GameDev/Unreal/Young-Man-Jenkins-2-The-Robbery/YoungManJenkins2/YoungManJenkins2/Content/TopDownBP/Blueprints/Train_Car_3.uasset" 60
"C:/GameDev/Unreal/Young-Man-Jenkins-2-The-Robbery/YoungManJenkins2/YoungManJenkins2/Content/TopDownBP/Blueprints/Train_Car_3.uexp" 61
"C:/GameDev/Unreal/Young-Man-Jenkins-2-The-Robbery/YoungManJenkins2/YoungManJenkins2/Content/Sprites/Cutouts/Better_Jenkins_Sprite_Shoot_Sprite_0.uasset" 62
"C:/GameDev/Unreal/Young-Man-Jenkins-2-The-Robbery/YoungManJenkins2/YoungManJenkins2/Content/Sprites/Cutouts/Better_Jenkins_Sprite_Shoot_Sprite_0.uexp" 63
"C:/GameDev/Unreal/Young-Man-Jenkins-2-The-Robbery/YoungManJenkins2/YoungManJenkins2/Content/Sprites/FlipBooks/Shoot.uasset" 64
"C:/GameDev/Unreal/Young-Man-Jenkins-2-The-Robbery/YoungManJenkins2/YoungManJenkins2/Content/Sprites/FlipBooks/Shoot.uexp" 65
"C:/GameDev/Unreal/Young-Man-Jenkins-2-The-Robbery/YoungManJenkins2/YoungManJenkins2/Content/Sprites/Cutouts/Jenkins_Sprite_Sheet.uasset" 66
"C:/GameDev/Unreal/Young-Man-Jenkins-2-The-Robbery/YoungManJenkins2/YoungManJenkins2/Content/Sprites/Cutouts/Jenkins_Sprite_Sheet.uexp" 67
"C:/GameDev/Unreal/Young-Man-Jenkins-2-The-Robbery/YoungManJenkins2/YoungManJenkins2/Content/Sprites/Cutouts/Jenkins_Sprite_Sheet_Sprite_24.uasset" 68
"C:/GameDev/Unreal/Young-Man-Jenkins-2-The-Robbery/YoungManJenkins2/YoungManJenkins2/Content/Sprites/Cutouts/Jenkins_Sprite_Sheet_Sprite_24.uexp" 69
"C:/GameDev/Unreal/Young-Man-Jenkins-2-The-Robbery/YoungManJenkins2/YoungManJenkins2/Content/Sprites/Cutouts/Jenkins_Sprite_Sheet_Sprite_23.uasset" 70
"C:/GameDev/Unreal/Young-Man-Jenkins-2-The-Robbery/YoungManJenkins2/YoungManJenkins2/Content/Sprites/Cutouts/Jenkins_Sprite_Sheet_Sprite_23.uexp" 71
"C:/GameDev/Unreal/Young-Man-Jenkins-2-The-Robbery/YoungManJenkins2/YoungManJenkins2/Content/Sprites/Cutouts/Jenkins_Sprite_Sheet_Sprite_22.uasset" 72
"C:/GameDev/Unreal/Young-Man-Jenkins-2-The-Robbery/YoungManJenkins2/YoungManJenkins2/Content/Sprites/Cutouts/Jenkins_Sprite_Sheet_Sprite_22.uexp" 73
"C:/GameDev/Unreal/Young-Man-Jenkins-2-The-Robbery/YoungManJenkins2/YoungManJenkins2/Content/Sprites/Cutouts/Jenkins_Sprite_Sheet_Sprite_21.uasset" 74
"C:/GameDev/Unreal/Young-Man-Jenkins-2-The-Robbery/YoungManJenkins2/YoungManJenkins2/Content/Sprites/Cutouts/Jenkins_Sprite_Sheet_Sprite_21.uexp" 75
"C:/GameDev/Unreal/Young-Man-Jenkins-2-The-Robbery/YoungManJenkins2/YoungManJenkins2/Content/Sprites/Cutouts/Jenkins_Sprite_Sheet_Sprite_17.uasset" 76
"C:/GameDev/Unreal/Young-Man-Jenkins-2-The-Robbery/YoungManJenkins2/YoungManJenkins2/Content/Sprites/Cutouts/Jenkins_Sprite_Sheet_Sprite_17.uexp" 77
"C:/GameDev/Unreal/Young-Man-Jenkins-2-The-Robbery/YoungManJenkins2/YoungManJenkins2/Content/Sprites/Cutouts/Jenkins_Sprite_Sheet_Sprite_16.uasset" 78
"C:/GameDev/Unreal/Young-Man-Jenkins-2-The-Robbery/YoungManJenkins2/YoungManJenkins2/Content/Sprites/Cutouts/Jenkins_Sprite_Sheet_Sprite_16.uexp" 79
"C:/GameDev/Unreal/Young-Man-Jenkins-2-The-Robbery/YoungManJenkins2/YoungManJenkins2/Content/Sprites/Cutouts/Jenkins_Sprite_Sheet_Sprite_15.uasset" 80
"C:/GameDev/Unreal/Young-Man-Jenkins-2-The-Robbery/YoungManJenkins2/YoungManJenkins2/Content/Sprites/Cutouts/Jenkins_Sprite_Sheet_Sprite_15.uexp" 81
"C:/GameDev/Unreal/Young-Man-Jenkins-2-The-Robbery/YoungManJenkins2/YoungManJenkins2/Content/Sprites/Cutouts/Jenkins_Sprite_Sheet_Sprite_14.uasset" 82
"C:/GameDev/Unreal/Young-Man-Jenkins-2-The-Robbery/YoungManJenkins2/YoungManJenkins2/Content/Sprites/Cutouts/Jenkins_Sprite_Sheet_Sprite_14.uexp" 83
"C:/GameDev/Unreal/Young-Man-Jenkins-2-The-Robbery/YoungManJenkins2/YoungManJenkins2/Content/Sprites/FlipBooks/JenkinsUp.uasset" 84
"C:/GameDev/Unreal/Young-Man-Jenkins-2-The-Robbery/YoungManJenkins2/YoungManJenkins2/Content/Sprites/FlipBooks/JenkinsUp.uexp" 85
"C:/GameDev/Unreal/Young-Man-Jenkins-2-The-Robbery/YoungManJenkins2/YoungManJenkins2/Content/Sprites/Cutouts/Jenkins_Sprite_Sheet_Sprite_6.uasset" 86
"C:/GameDev/Unreal/Young-Man-Jenkins-2-The-Robbery/YoungManJenkins2/YoungManJenkins2/Content/Sprites/Cutouts/Jenkins_Sprite_Sheet_Sprite_6.uexp" 87
"C:/GameDev/Unreal/Young-Man-Jenkins-2-The-Robbery/YoungManJenkins2/YoungManJenkins2/Content/Sprites/Cutouts/Jenkins_Sprite_Sheet_Sprite_5.uasset" 88
"C:/GameDev/Unreal/Young-Man-Jenkins-2-The-Robbery/YoungManJenkins2/YoungManJenkins2/Content/Sprites/Cutouts/Jenkins_Sprite_Sheet_Sprite_5.uexp" 89
"C:/GameDev/Unreal/Young-Man-Jenkins-2-The-Robbery/YoungManJenkins2/YoungManJenkins2/Content/Sprites/Cutouts/Jenkins_Sprite_Sheet_Sprite_4.uasset" 90
"C:/GameDev/Unreal/Young-Man-Jenkins-2-The-Robbery/YoungManJenkins2/YoungManJenkins2/Content/Sprites/Cutouts/Jenkins_Sprite_Sheet_Sprite_4.uexp" 91
"C:/GameDev/Unreal/Young-Man-Jenkins-2-The-Robbery/YoungManJenkins2/YoungManJenkins2/Content/Sprites/Cutouts/Jenkins_Sprite_Sheet_Sprite_13.uasset" 92
"C:/GameDev/Unreal/Young-Man-Jenkins-2-The-Robbery/YoungManJenkins2/YoungManJenkins2/Content/Sprites/Cutouts/Jenkins_Sprite_Sheet_Sprite_13.uexp" 93
"C:/GameDev/Unreal/Young-Man-Jenkins-2-The-Robbery/YoungManJenkins2/YoungManJenkins2/Content/Sprites/Cutouts/Jenkins_Sprite_Sheet_Sprite_12.uasset" 94
"C:/GameDev/Unreal/Young-Man-Jenkins-2-The-Robbery/YoungManJenkins2/YoungManJenkins2/Content/Sprites/Cutouts/Jenkins_Sprite_Sheet_Sprite_12.uexp" 95
"C:/GameDev/Unreal/Young-Man-Jenkins-2-The-Robbery/YoungManJenkins2/YoungManJenkins2/Content/Sprites/Cutouts/Jenkins_Sprite_Sheet_Sprite_11.uasset" 96
"C:/GameDev/Unreal/Young-Man-Jenkins-2-The-Robbery/YoungManJenkins2/YoungManJenkins2/Content/Sprites/Cutouts/Jenkins_Sprite_Sheet_Sprite_11.uexp" 97
"C:/GameDev/Unreal/Young-Man-Jenkins-2-The-Robbery/YoungManJenkins2/YoungManJenkins2/Content/Sprites/FlipBooks/JenkinsRight.uasset" 98
"C:/GameDev/Unreal/Young-Man-Jenkins-2-The-Robbery/YoungManJenkins2/YoungManJenkins2/Content/Sprites/FlipBooks/JenkinsRight.uexp" 99
"C:/GameDev/Unreal/Young-Man-Jenkins-2-The-Robbery/YoungManJenkins2/YoungManJenkins2/Content/Sprites/Cutouts/Jenkins_Sprite_Sheet_Sprite_27.uasset" 100
"C:/GameDev/Unreal/Young-Man-Jenkins-2-The-Robbery/YoungManJenkins2/YoungManJenkins2/Content/Sprites/Cutouts/Jenkins_Sprite_Sheet_Sprite_27.uexp" 101
"C:/GameDev/Unreal/Young-Man-Jenkins-2-The-Robbery/YoungManJenkins2/YoungManJenkins2/Content/Sprites/Cutouts/Jenkins_Sprite_Sheet_Sprite_26.uasset" 102
"C:/GameDev/Unreal/Young-Man-Jenkins-2-The-Robbery/YoungManJenkins2/YoungManJenkins2/Content/Sprites/Cutouts/Jenkins_Sprite_Sheet_Sprite_26.uexp" 103
"C:/GameDev/Unreal/Young-Man-Jenkins-2-The-Robbery/YoungManJenkins2/YoungManJenkins2/Content/Sprites/Cutouts/Jenkins_Sprite_Sheet_Sprite_25.uasset" 104
"C:/GameDev/Unreal/Young-Man-Jenkins-2-The-Robbery/YoungManJenkins2/YoungManJenkins2/Content/Sprites/Cutouts/Jenkins_Sprite_Sheet_Sprite_25.uexp" 105
"C:/GameDev/Unreal/Young-Man-Jenkins-2-The-Robbery/YoungManJenkins2/YoungManJenkins2/Content/Sprites/Cutouts/Jenkins_Sprite_Sheet_Sprite_20.uasset" 106
"C:/GameDev/Unreal/Young-Man-Jenkins-2-The-Robbery/YoungManJenkins2/YoungManJenkins2/Content/Sprites/Cutouts/Jenkins_Sprite_Sheet_Sprite_20.uexp" 107
"C:/GameDev/Unreal/Young-Man-Jenkins-2-The-Robbery/YoungManJenkins2/YoungManJenkins2/Content/Sprites/Cutouts/Jenkins_Sprite_Sheet_Sprite_19.uasset" 108
"C:/GameDev/Unreal/Young-Man-Jenkins-2-The-Robbery/YoungManJenkins2/YoungManJenkins2/Content/Sprites/Cutouts/Jenkins_Sprite_Sheet_Sprite_19.uexp" 109
"C:/GameDev/Unreal/Young-Man-Jenkins-2-The-Robbery/YoungManJenkins2/YoungManJenkins2/Content/Sprites/Cutouts/Jenkins_Sprite_Sheet_Sprite_18.uasset" 110
"C:/GameDev/Unreal/Young-Man-Jenkins-2-The-Robbery/YoungManJenkins2/YoungManJenkins2/Content/Sprites/Cutouts/Jenkins_Sprite_Sheet_Sprite_18.uexp" 111
"C:/GameDev/Unreal/Young-Man-Jenkins-2-The-Robbery/YoungManJenkins2/YoungManJenkins2/Content/Sprites/FlipBooks/JenkinsLeft.uasset" 112
"C:/GameDev/Unreal/Young-Man-Jenkins-2-The-Robbery/YoungManJenkins2/YoungManJenkins2/Content/Sprites/FlipBooks/JenkinsLeft.uexp" 113
"C:/GameDev/Unreal/Young-Man-Jenkins-2-The-Robbery/YoungManJenkins2/YoungManJenkins2/Content/Sprites/Cutouts/Jenkins_Sprite_Sheet_Sprite_7.uasset" 114
"C:/GameDev/Unreal/Young-Man-Jenkins-2-The-Robbery/YoungManJenkins2/YoungManJenkins2/Content/Sprites/Cutouts/Jenkins_Sprite_Sheet_Sprite_7.uexp" 115
"C:/GameDev/Unreal/Young-Man-Jenkins-2-The-Robbery/YoungManJenkins2/YoungManJenkins2/Content/Sprites/Cutouts/Jenkins_Sprite_Sheet_Sprite_0.uasset" 116
"C:/GameDev/Unreal/Young-Man-Jenkins-2-The-Robbery/YoungManJenkins2/YoungManJenkins2/Content/Sprites/Cutouts/Jenkins_Sprite_Sheet_Sprite_0.uexp" 117
"C:/GameDev/Unreal/Young-Man-Jenkins-2-The-Robbery/YoungManJenkins2/YoungManJenkins2/Content/Sprites/FlipBooks/JenkinsIdle.uasset" 118
"C:/GameDev/Unreal/Young-Man-Jenkins-2-The-Robbery/YoungManJenkins2/YoungManJenkins2/Content/Sprites/FlipBooks/JenkinsIdle.uexp" 119
"C:/GameDev/Unreal/Young-Man-Jenkins-2-The-Robbery/YoungManJenkins2/YoungManJenkins2/Content/Sprites/FlipBooks/JenkinsIdeUp.uasset" 120
"C:/GameDev/Unreal/Young-Man-Jenkins-2-The-Robbery/YoungManJenkins2/YoungManJenkins2/Content/Sprites/FlipBooks/JenkinsIdeUp.uexp" 121
"C:/GameDev/Unreal/Young-Man-Jenkins-2-The-Robbery/YoungManJenkins2/YoungManJenkins2/Content/Sprites/FlipBooks/JenkinsIdeRight.uasset" 122
"C:/GameDev/Unreal/Young-Man-Jenkins-2-The-Robbery/YoungManJenkins2/YoungManJenkins2/Content/Sprites/FlipBooks/JenkinsIdeRight.uexp" 123
"C:/GameDev/Unreal/Young-Man-Jenkins-2-The-Robbery/YoungManJenkins2/YoungManJenkins2/Content/Sprites/FlipBooks/JenkinsIdeLeft.uasset" 124
"C:/GameDev/Unreal/Young-Man-Jenkins-2-The-Robbery/YoungManJenkins2/YoungManJenkins2/Content/Sprites/FlipBooks/JenkinsIdeLeft.uexp" 125
"C:/GameDev/Unreal/Young-Man-Jenkins-2-The-Robbery/YoungManJenkins2/YoungManJenkins2/Content/Sprites/Cutouts/Jenkins_Sprite_Sheet_Sprite_9.uasset" 126
"C:/GameDev/Unreal/Young-Man-Jenkins-2-The-Robbery/YoungManJenkins2/YoungManJenkins2/Content/Sprites/Cutouts/Jenkins_Sprite_Sheet_Sprite_9.uexp" 127
"C:/GameDev/Unreal/Young-Man-Jenkins-2-The-Robbery/YoungManJenkins2/YoungManJenkins2/Content/Sprites/Cutouts/Jenkins_Sprite_Sheet_Sprite_8.uasset" 128
"C:/GameDev/Unreal/Young-Man-Jenkins-2-The-Robbery/YoungManJenkins2/YoungManJenkins2/Content/Sprites/Cutouts/Jenkins_Sprite_Sheet_Sprite_8.uexp" 129
"C:/GameDev/Unreal/Young-Man-Jenkins-2-The-Robbery/YoungManJenkins2/YoungManJenkins2/Content/Sprites/Cutouts/Jenkins_Sprite_Sheet_Sprite_3.uasset" 130
"C:/GameDev/Unreal/Young-Man-Jenkins-2-The-Robbery/YoungManJenkins2/YoungManJenkins2/Content/Sprites/Cutouts/Jenkins_Sprite_Sheet_Sprite_3.uexp" 131
"C:/GameDev/Unreal/Young-Man-Jenkins-2-The-Robbery/YoungManJenkins2/YoungManJenkins2/Content/Sprites/Cutouts/Jenkins_Sprite_Sheet_Sprite_2.uasset" 132
"C:/GameDev/Unreal/Young-Man-Jenkins-2-The-Robbery/YoungManJenkins2/YoungManJenkins2/Content/Sprites/Cutouts/Jenkins_Sprite_Sheet_Sprite_2.uexp" 133
"C:/GameDev/Unreal/Young-Man-Jenkins-2-The-Robbery/YoungManJenkins2/YoungManJenkins2/Content/Sprites/Cutouts/Jenkins_Sprite_Sheet_Sprite_10.uasset" 134
"C:/GameDev/Unreal/Young-Man-Jenkins-2-The-Robbery/YoungManJenkins2/YoungManJenkins2/Content/Sprites/Cutouts/Jenkins_Sprite_Sheet_Sprite_10.uexp" 135
"C:/GameDev/Unreal/Young-Man-Jenkins-2-The-Robbery/YoungManJenkins2/YoungManJenkins2/Content/Sprites/Cutouts/Jenkins_Sprite_Sheet_Sprite_1.uasset" 136
"C:/GameDev/Unreal/Young-Man-Jenkins-2-The-Robbery/YoungManJenkins2/YoungManJenkins2/Content/Sprites/Cutouts/Jenkins_Sprite_Sheet_Sprite_1.uexp" 137
"C:/GameDev/Unreal/Young-Man-Jenkins-2-The-Robbery/YoungManJenkins2/YoungManJenkins2/Content/Sprites/FlipBooks/JenkinsDown.uasset" 138
"C:/GameDev/Unreal/Young-Man-Jenkins-2-The-Robbery/YoungManJenkins2/YoungManJenkins2/Content/Sprites/FlipBooks/JenkinsDown.uexp" 139
"C:/GameDev/Unreal/Young-Man-Jenkins-2-The-Robbery/YoungManJenkins2/YoungManJenkins2/Content/Sprites/Cutouts/Jenkins_Dead.uasset" 140
"C:/GameDev/Unreal/Young-Man-Jenkins-2-The-Robbery/YoungManJenkins2/YoungManJenkins2/Content/Sprites/Cutouts/Jenkins_Dead.uexp" 141
"C:/GameDev/Unreal/Young-Man-Jenkins-2-The-Robbery/YoungManJenkins2/YoungManJenkins2/Content/Sprites/Cutouts/Jenkins_Dead_Sprite_1.uasset" 142
"C:/GameDev/Unreal/Young-Man-Jenkins-2-The-Robbery/YoungManJenkins2/YoungManJenkins2/Content/Sprites/Cutouts/Jenkins_Dead_Sprite_1.uexp" 143
"C:/GameDev/Unreal/Young-Man-Jenkins-2-The-Robbery/YoungManJenkins2/YoungManJenkins2/Content/Sprites/Cutouts/Jenkins_Dead_Sprite_0.uasset" 144
"C:/GameDev/Unreal/Young-Man-Jenkins-2-The-Robbery/YoungManJenkins2/YoungManJenkins2/Content/Sprites/Cutouts/Jenkins_Dead_Sprite_0.uexp" 145
"C:/GameDev/Unreal/Young-Man-Jenkins-2-The-Robbery/YoungManJenkins2/YoungManJenkins2/Content/Sprites/FlipBooks/JenkinsDead.uasset" 146
"C:/GameDev/Unreal/Young-Man-Jenkins-2-The-Robbery/YoungManJenkins2/YoungManJenkins2/Content/Sprites/FlipBooks/JenkinsDead.uexp" 147
"C:/GameDev/Unreal/Young-Man-Jenkins-2-The-Robbery/YoungManJenkins2/YoungManJenkins2/Content/Sprites/Cutouts/Jenkins_Sprite_Crouch.uasset" 148
"C:/GameDev/Unreal/Young-Man-Jenkins-2-The-Robbery/YoungManJenkins2/YoungManJenkins2/Content/Sprites/Cutouts/Jenkins_Sprite_Crouch.uexp" 149
"C:/GameDev/Unreal/Young-Man-Jenkins-2-The-Robbery/YoungManJenkins2/YoungManJenkins2/Content/Sprites/Cutouts/Jenkins_Sprite_Crouch_Sprite_3.uasset" 150
"C:/GameDev/Unreal/Young-Man-Jenkins-2-The-Robbery/YoungManJenkins2/YoungManJenkins2/Content/Sprites/Cutouts/Jenkins_Sprite_Crouch_Sprite_3.uexp" 151
"C:/GameDev/Unreal/Young-Man-Jenkins-2-The-Robbery/YoungManJenkins2/YoungManJenkins2/Content/Sprites/FlipBooks/JenkinsCrouchRight.uasset" 152
"C:/GameDev/Unreal/Young-Man-Jenkins-2-The-Robbery/YoungManJenkins2/YoungManJenkins2/Content/Sprites/FlipBooks/JenkinsCrouchRight.uexp" 153
"C:/GameDev/Unreal/Young-Man-Jenkins-2-The-Robbery/YoungManJenkins2/YoungManJenkins2/Content/Sprites/Cutouts/Jenkins_Sprite_Crouch_Sprite_2.uasset" 154
"C:/GameDev/Unreal/Young-Man-Jenkins-2-The-Robbery/YoungManJenkins2/YoungManJenkins2/Content/Sprites/Cutouts/Jenkins_Sprite_Crouch_Sprite_2.uexp" 155
"C:/GameDev/Unreal/Young-Man-Jenkins-2-The-Robbery/YoungManJenkins2/YoungManJenkins2/Content/Sprites/FlipBooks/JenkinsCrouchLeft.uasset" 156
"C:/GameDev/Unreal/Young-Man-Jenkins-2-The-Robbery/YoungManJenkins2/YoungManJenkins2/Content/Sprites/FlipBooks/JenkinsCrouchLeft.uexp" 157
"C:/GameDev/Unreal/Young-Man-Jenkins-2-The-Robbery/YoungManJenkins2/YoungManJenkins2/Content/Sprites/Cutouts/Jenkins_Sprite_Crouch_Sprite_1.uasset" 158
"C:/GameDev/Unreal/Young-Man-Jenkins-2-The-Robbery/YoungManJenkins2/YoungManJenkins2/Content/Sprites/Cutouts/Jenkins_Sprite_Crouch_Sprite_1.uexp" 159
"C:/GameDev/Unreal/Young-Man-Jenkins-2-The-Robbery/YoungManJenkins2/YoungManJenkins2/Content/Sprites/FlipBooks/JenkinsCrouchForward.uasset" 160
"C:/GameDev/Unreal/Young-Man-Jenkins-2-The-Robbery/YoungManJenkins2/YoungManJenkins2/Content/Sprites/FlipBooks/JenkinsCrouchForward.uexp" 161
"C:/GameDev/Unreal/Young-Man-Jenkins-2-The-Robbery/YoungManJenkins2/YoungManJenkins2/Content/Sprites/Cutouts/Jenkins_Sprite_Crouch_Sprite_0.uasset" 162
"C:/GameDev/Unreal/Young-Man-Jenkins-2-The-Robbery/YoungManJenkins2/YoungManJenkins2/Content/Sprites/Cutouts/Jenkins_Sprite_Crouch_Sprite_0.uexp" 163
"C:/GameDev/Unreal/Young-Man-Jenkins-2-The-Robbery/YoungManJenkins2/YoungManJenkins2/Content/Sprites/FlipBooks/JenkinsCrouchBackward.uasset" 164
"C:/GameDev/Unreal/Young-Man-Jenkins-2-The-Robbery/YoungManJenkins2/YoungManJenkins2/Content/Sprites/FlipBooks/JenkinsCrouchBackward.uexp" 165
"C:/GameDev/Unreal/Young-Man-Jenkins-2-The-Robbery/YoungManJenkins2/YoungManJenkins2/Content/Sprites/Textures/Pause.uasset" 166
"C:/GameDev/Unreal/Young-Man-Jenkins-2-The-Robbery/YoungManJenkins2/YoungManJenkins2/Content/Sprites/Textures/Pause.uexp" 167
"C:/GameDev/Unreal/Young-Man-Jenkins-2-The-Robbery/YoungManJenkins2/YoungManJenkins2/Content/TopDownBP/Widgets/Pause.uasset" 168
"C:/GameDev/Unreal/Young-Man-Jenkins-2-The-Robbery/YoungManJenkins2/YoungManJenkins2/Content/TopDownBP/Widgets/Pause.uexp" 169
"C:/GameDev/Unreal/Young-Man-Jenkins-2-The-Robbery/YoungManJenkins2/YoungManJenkins2/Content/Sprites/Textures/DeadScreen.uasset" 170
"C:/GameDev/Unreal/Young-Man-Jenkins-2-The-Robbery/YoungManJenkins2/YoungManJenkins2/Content/Sprites/Textures/DeadScreen.uexp" 171
"C:/GameDev/Unreal/Young-Man-Jenkins-2-The-Robbery/YoungManJenkins2/YoungManJenkins2/Content/TopDownBP/Widgets/LoseScreen.uasset" 172
"C:/GameDev/Unreal/Young-Man-Jenkins-2-The-Robbery/YoungManJenkins2/YoungManJenkins2/Content/TopDownBP/Widgets/LoseScreen.uexp" 173
"../../../Engine/Content/EditorBlueprintResources/StandardMacros.uasset" 174
"../../../Engine/Content/EditorBlueprintResources/StandardMacros.uexp" 175
"C:/GameDev/Unreal/Young-Man-Jenkins-2-The-Robbery/YoungManJenkins2/YoungManJenkins2/Content/Sprites/Textures/Bullet.uasset" 176
"C:/GameDev/Unreal/Young-Man-Jenkins-2-The-Robbery/YoungManJenkins2/YoungManJenkins2/Content/Sprites/Textures/Bullet.uexp" 177
"C:/GameDev/Unreal/Young-Man-Jenkins-2-The-Robbery/YoungManJenkins2/YoungManJenkins2/Content/Sprites/Textures/Bullet_Sprite_3.uasset" 178
"C:/GameDev/Unreal/Young-Man-Jenkins-2-The-Robbery/YoungManJenkins2/YoungManJenkins2/Content/Sprites/Textures/Bullet_Sprite_3.uexp" 179
"C:/GameDev/Unreal/Young-Man-Jenkins-2-The-Robbery/YoungManJenkins2/YoungManJenkins2/Content/TopDownBP/Blueprints/EnemyPistolBullet.uasset" 180
"C:/GameDev/Unreal/Young-Man-Jenkins-2-The-Robbery/YoungManJenkins2/YoungManJenkins2/Content/TopDownBP/Blueprints/EnemyPistolBullet.uexp" 181
"C:/GameDev/Unreal/Young-Man-Jenkins-2-The-Robbery/YoungManJenkins2/YoungManJenkins2/Content/TopDownBP/Blueprints/Directionstate.uasset" 182
"C:/GameDev/Unreal/Young-Man-Jenkins-2-The-Robbery/YoungManJenkins2/YoungManJenkins2/Content/TopDownBP/Blueprints/Directionstate.uexp" 183
"C:/GameDev/Unreal/Young-Man-Jenkins-2-The-Robbery/YoungManJenkins2/YoungManJenkins2/Content/TopDownBP/Blueprints/CrouchStates.uasset" 184
"C:/GameDev/Unreal/Young-Man-Jenkins-2-The-Robbery/YoungManJenkins2/YoungManJenkins2/Content/TopDownBP/Blueprints/CrouchStates.uexp" 185
"C:/GameDev/Unreal/Young-Man-Jenkins-2-The-Robbery/YoungManJenkins2/YoungManJenkins2/Content/Sprites/Cutouts/Enemy_with_Shotgun_Sprite_0.uasset" 186
"C:/GameDev/Unreal/Young-Man-Jenkins-2-The-Robbery/YoungManJenkins2/YoungManJenkins2/Content/Sprites/Cutouts/Enemy_with_Shotgun_Sprite_0.uexp" 187
"C:/GameDev/Unreal/Young-Man-Jenkins-2-The-Robbery/YoungManJenkins2/YoungManJenkins2/Content/Sounds/Shotgun.uasset" 188
"C:/GameDev/Unreal/Young-Man-Jenkins-2-The-Robbery/YoungManJenkins2/YoungManJenkins2/Content/Sounds/Shotgun.uexp" 189
"C:/GameDev/Unreal/Young-Man-Jenkins-2-The-Robbery/YoungManJenkins2/YoungManJenkins2/Content/Sounds/Shotgun_Cue.uasset" 190
"C:/GameDev/Unreal/Young-Man-Jenkins-2-The-Robbery/YoungManJenkins2/YoungManJenkins2/Content/Sounds/Shotgun_Cue.uexp" 191
"C:/GameDev/Unreal/Young-Man-Jenkins-2-The-Robbery/YoungManJenkins2/YoungManJenkins2/Content/Sounds/Cock_shotgun.uasset" 192
"C:/GameDev/Unreal/Young-Man-Jenkins-2-The-Robbery/YoungManJenkins2/YoungManJenkins2/Content/Sounds/Cock_shotgun.uexp" 193
"C:/GameDev/Unreal/Young-Man-Jenkins-2-The-Robbery/YoungManJenkins2/YoungManJenkins2/Content/Sounds/Cock_shotgun_Cue.uasset" 194
"C:/GameDev/Unreal/Young-Man-Jenkins-2-The-Robbery/YoungManJenkins2/YoungManJenkins2/Content/Sounds/Cock_shotgun_Cue.uexp" 195
"C:/GameDev/Unreal/Young-Man-Jenkins-2-The-Robbery/YoungManJenkins2/YoungManJenkins2/Content/TopDownBP/Blueprints/EnemyShotgun.uasset" 196
"C:/GameDev/Unreal/Young-Man-Jenkins-2-The-Robbery/YoungManJenkins2/YoungManJenkins2/Content/TopDownBP/Blueprints/EnemyShotgun.uexp" 197
"C:/GameDev/Unreal/Young-Man-Jenkins-2-The-Robbery/YoungManJenkins2/YoungManJenkins2/Content/Sprites/Cutouts/Enemy_with_Pistol_Sprite_0.uasset" 198
"C:/GameDev/Unreal/Young-Man-Jenkins-2-The-Robbery/YoungManJenkins2/YoungManJenkins2/Content/Sprites/Cutouts/Enemy_with_Pistol_Sprite_0.uexp" 199
"C:/GameDev/Unreal/Young-Man-Jenkins-2-The-Robbery/YoungManJenkins2/YoungManJenkins2/Content/Sounds/Pistol.uasset" 200
"C:/GameDev/Unreal/Young-Man-Jenkins-2-The-Robbery/YoungManJenkins2/YoungManJenkins2/Content/Sounds/Pistol.uexp" 201
"C:/GameDev/Unreal/Young-Man-Jenkins-2-The-Robbery/YoungManJenkins2/YoungManJenkins2/Content/Sounds/Pistol_Cue.uasset" 202
"C:/GameDev/Unreal/Young-Man-Jenkins-2-The-Robbery/YoungManJenkins2/YoungManJenkins2/Content/Sounds/Pistol_Cue.uexp" 203
"C:/GameDev/Unreal/Young-Man-Jenkins-2-The-Robbery/YoungManJenkins2/YoungManJenkins2/Content/TopDownBP/Blueprints/EnemyPistol.uasset" 204
"C:/GameDev/Unreal/Young-Man-Jenkins-2-The-Robbery/YoungManJenkins2/YoungManJenkins2/Content/TopDownBP/Blueprints/EnemyPistol.uexp" 205
"C:/GameDev/Unreal/Young-Man-Jenkins-2-The-Robbery/YoungManJenkins2/YoungManJenkins2/Content/Sounds/EnemyDeath.uasset" 206
"C:/GameDev/Unreal/Young-Man-Jenkins-2-The-Robbery/YoungManJenkins2/YoungManJenkins2/Content/Sounds/EnemyDeath.uexp" 207
"C:/GameDev/Unreal/Young-Man-Jenkins-2-The-Robbery/YoungManJenkins2/YoungManJenkins2/Content/Sounds/EnemyDeath_Cue.uasset" 208
"C:/GameDev/Unreal/Young-Man-Jenkins-2-The-Robbery/YoungManJenkins2/YoungManJenkins2/Content/Sounds/EnemyDeath_Cue.uexp" 209
"C:/GameDev/Unreal/Young-Man-Jenkins-2-The-Robbery/YoungManJenkins2/YoungManJenkins2/Content/TopDownBP/Blueprints/Bullet.uasset" 210
"C:/GameDev/Unreal/Young-Man-Jenkins-2-The-Robbery/YoungManJenkins2/YoungManJenkins2/Content/TopDownBP/Blueprints/Bullet.uexp" 211
"C:/GameDev/Unreal/Young-Man-Jenkins-2-The-Robbery/YoungManJenkins2/YoungManJenkins2/Content/Sounds/reload.uasset" 212
"C:/GameDev/Unreal/Young-Man-Jenkins-2-The-Robbery/YoungManJenkins2/YoungManJenkins2/Content/Sounds/reload.uexp" 213
"C:/GameDev/Unreal/Young-Man-Jenkins-2-The-Robbery/YoungManJenkins2/YoungManJenkins2/Content/Sounds/reload_Cue.uasset" 214
"C:/GameDev/Unreal/Young-Man-Jenkins-2-The-Robbery/YoungManJenkins2/YoungManJenkins2/Content/Sounds/reload_Cue.uexp" 215
"C:/GameDev/Unreal/Young-Man-Jenkins-2-The-Robbery/YoungManJenkins2/YoungManJenkins2/Content/Sounds/Jenkins_Death.uasset" 216
"C:/GameDev/Unreal/Young-Man-Jenkins-2-The-Robbery/YoungManJenkins2/YoungManJenkins2/Content/Sounds/Jenkins_Death.uexp" 217
"C:/GameDev/Unreal/Young-Man-Jenkins-2-The-Robbery/YoungManJenkins2/YoungManJenkins2/Content/Sounds/Jenkins_Death_Cue.uasset" 218
"C:/GameDev/Unreal/Young-Man-Jenkins-2-The-Robbery/YoungManJenkins2/YoungManJenkins2/Content/Sounds/Jenkins_Death_Cue.uexp" 219
"C:/GameDev/Unreal/Young-Man-Jenkins-2-The-Robbery/YoungManJenkins2/YoungManJenkins2/Content/TopDownBP/Blueprints/Jenkins2.uasset" 220
"C:/GameDev/Unreal/Young-Man-Jenkins-2-The-Robbery/YoungManJenkins2/YoungManJenkins2/Content/TopDownBP/Blueprints/Jenkins2.uexp" 221
"C:/GameDev/Unreal/Young-Man-Jenkins-2-The-Robbery/YoungManJenkins2/YoungManJenkins2/Content/Sprites/Textures/heartbar.uasset" 222
"C:/GameDev/Unreal/Young-Man-Jenkins-2-The-Robbery/YoungManJenkins2/YoungManJenkins2/Content/Sprites/Textures/heartbar.uexp" 223
"C:/GameDev/Unreal/Young-Man-Jenkins-2-The-Robbery/YoungManJenkins2/YoungManJenkins2/Content/TopDownBP/Widgets/HealthBar.uasset" 224
"C:/GameDev/Unreal/Young-Man-Jenkins-2-The-Robbery/YoungManJenkins2/YoungManJenkins2/Content/TopDownBP/Widgets/HealthBar.uexp" 225
"../../../Engine/Content/Functions/Engine_MaterialFunctions02/Utility/VectorToRadialValue.uasset" 226
"../../../Engine/Content/Functions/Engine_MaterialFunctions02/Utility/VectorToRadialValue.uexp" 227
"../../../Engine/Content/Functions/Engine_MaterialFunctions02/Texturing/CustomRotator.uasset" 228
"../../../Engine/Content/Functions/Engine_MaterialFunctions02/Texturing/CustomRotator.uexp" 229
"C:/GameDev/Unreal/Young-Man-Jenkins-2-The-Robbery/YoungManJenkins2/YoungManJenkins2/Content/Sprites/Textures/Bullets_in_chamber.uasset" 230
"C:/GameDev/Unreal/Young-Man-Jenkins-2-The-Robbery/YoungManJenkins2/YoungManJenkins2/Content/Sprites/Textures/Bullets_in_chamber.uexp" 231
"C:/GameDev/Unreal/Young-Man-Jenkins-2-The-Robbery/YoungManJenkins2/YoungManJenkins2/Content/Sprites/Textures/NewMaterial.uasset" 232
"C:/GameDev/Unreal/Young-Man-Jenkins-2-The-Robbery/YoungManJenkins2/YoungManJenkins2/Content/Sprites/Textures/NewMaterial.uexp" 233
"C:/GameDev/Unreal/Young-Man-Jenkins-2-The-Robbery/YoungManJenkins2/YoungManJenkins2/Content/TopDownBP/Widgets/BulletCounter.uasset" 234
"C:/GameDev/Unreal/Young-Man-Jenkins-2-The-Robbery/YoungManJenkins2/YoungManJenkins2/Content/TopDownBP/Widgets/BulletCounter.uexp" 235
"C:/GameDev/Unreal/Young-Man-Jenkins-2-The-Robbery/YoungManJenkins2/YoungManJenkins2/Content/Sprites/Textures/Gun_Chamber_and_Bullets_Sprite_0.uasset" 236
"C:/GameDev/Unreal/Young-Man-Jenkins-2-The-Robbery/YoungManJenkins2/YoungManJenkins2/Content/Sprites/Textures/Gun_Chamber_and_Bullets_Sprite_0.uexp" 237
"C:/GameDev/Unreal/Young-Man-Jenkins-2-The-Robbery/YoungManJenkins2/YoungManJenkins2/Content/TopDownBP/Widgets/UI.uasset" 238
"C:/GameDev/Unreal/Young-Man-Jenkins-2-The-Robbery/YoungManJenkins2/YoungManJenkins2/Content/TopDownBP/Widgets/UI.uexp" 239
"../../../Engine/Content/EngineMaterials/T_Default_Material_Grid_N.uasset" 240
"../../../Engine/Content/EngineMaterials/T_Default_Material_Grid_N.uexp" 241
"../../../Engine/Content/EngineMaterials/T_Default_Material_Grid_N.ubulk" 242
"../../../Engine/Content/EngineMaterials/T_Default_Material_Grid_M.uasset" 243
"../../../Engine/Content/EngineMaterials/T_Default_Material_Grid_M.uexp" 244
"../../../Engine/Content/EngineMaterials/T_Default_Material_Grid_M.ubulk" 245
"../../../Engine/Content/Functions/Engine_MaterialFunctions01/Opacity/CameraDepthFade.uasset" 246
"../../../Engine/Content/Functions/Engine_MaterialFunctions01/Opacity/CameraDepthFade.uexp" 247
"../../../Engine/Content/EngineMaterials/WorldGridMaterial.uasset" 248
"../../../Engine/Content/EngineMaterials/WorldGridMaterial.uexp" 249
"../../../Engine/Content/ArtTools/RenderToTexture/Meshes/S_1_Unit_Plane.uasset" 250
"../../../Engine/Content/ArtTools/RenderToTexture/Meshes/S_1_Unit_Plane.uexp" 251
"../../../Engine/Content/EngineMaterials/DefaultMaterial.uasset" 252
"../../../Engine/Content/EngineMaterials/DefaultMaterial.uexp" 253
"../../../Engine/Content/BasicShapes/Cone.uasset" 254
"../../../Engine/Content/BasicShapes/Cone.uexp" 255
"../../../Engine/Content/BasicShapes/Cube.uasset" 256
"../../../Engine/Content/BasicShapes/Cube.uexp" 257
"../../../Engine/Content/BasicShapes/Plane.uasset" 258
"../../../Engine/Content/BasicShapes/Plane.uexp" 259
"../../../Engine/Content/BasicShapes/Sphere.uasset" 260
"../../../Engine/Content/BasicShapes/Sphere.uexp" 261
"../../../Engine/Content/EditorLandscapeResources/DataLayer.uasset" 262
"../../../Engine/Content/EditorLandscapeResources/DataLayer.uexp" 263
"../../../Engine/Content/EditorLandscapeResources/DefaultAlphaTexture.uasset" 264
"../../../Engine/Content/EditorLandscapeResources/DefaultAlphaTexture.uexp" 265
"../../../Engine/Content/EditorMaterials/MAT_Groups_Toggle.uasset" 266
"../../../Engine/Content/EditorMaterials/MAT_Groups_Toggle.uexp" 267
"../../../Engine/Content/EditorMaterials/MAT_Groups_Visibility.uasset" 268
"../../../Engine/Content/EditorMaterials/MAT_Groups_Visibility.uexp" 269
"../../../Engine/Content/EditorMaterials/PreviewShadowIndicator.uasset" 270
"../../../Engine/Content/EditorMaterials/PreviewShadowIndicator.uexp" 271
"../../../Engine/Content/EditorMaterials/PreviewShadowIndicator.ubulk" 272
"../../../Engine/Content/EditorMaterials/PreviewShadowIndicatorMaterial.uasset" 273
"../../../Engine/Content/EditorMaterials/PreviewShadowIndicatorMaterial.uexp" 274
"../../../Engine/Content/EditorMaterials/MatineeGroups/MAT_ColorTrack.uasset" 275
"../../../Engine/Content/EditorMaterials/MatineeGroups/MAT_ColorTrack.uexp" 276
"../../../Engine/Content/EditorMaterials/MatineeGroups/MAT_Groups_Anim.uasset" 277
"../../../Engine/Content/EditorMaterials/MatineeGroups/MAT_Groups_Anim.uexp" 278
"../../../Engine/Content/EditorMaterials/MatineeGroups/MAT_Groups_AudioMaster.uasset" 279
"../../../Engine/Content/EditorMaterials/MatineeGroups/MAT_Groups_AudioMaster.uexp" 280
"../../../Engine/Content/EditorMaterials/MatineeGroups/MAT_Groups_Director.uasset" 281
"../../../Engine/Content/EditorMaterials/MatineeGroups/MAT_Groups_Director.uexp" 282
"../../../Engine/Content/EditorMaterials/MatineeGroups/MAT_Groups_Event.uasset" 283
"../../../Engine/Content/EditorMaterials/MatineeGroups/MAT_Groups_Event.uexp" 284
"../../../Engine/Content/EditorMaterials/MatineeGroups/MAT_Groups_Fade.uasset" 285
"../../../Engine/Content/EditorMaterials/MatineeGroups/MAT_Groups_Fade.uexp" 286
"../../../Engine/Content/EditorMaterials/MatineeGroups/MAT_Groups_Float.uasset" 287
"../../../Engine/Content/EditorMaterials/MatineeGroups/MAT_Groups_Float.uexp" 288
"../../../Engine/Content/EditorMaterials/MatineeGroups/MAT_Groups_Move.uasset" 289
"../../../Engine/Content/EditorMaterials/MatineeGroups/MAT_Groups_Move.uexp" 290
"../../../Engine/Content/EditorMaterials/MatineeGroups/MAT_Groups_Slomo.uasset" 291
"../../../Engine/Content/EditorMaterials/MatineeGroups/MAT_Groups_Slomo.uexp" 292
"../../../Engine/Content/EditorMaterials/MatineeGroups/MAT_Groups_Sound.uasset" 293
"../../../Engine/Content/EditorMaterials/MatineeGroups/MAT_Groups_Sound.uexp" 294
"../../../Engine/Content/EditorMaterials/MatineeGroups/MAT_Groups_Vector.uasset" 295
"../../../Engine/Content/EditorMaterials/MatineeGroups/MAT_Groups_Vector.uexp" 296
"../../../Engine/Content/EditorMaterials/ParticleSystems/PSysThumbnail_NoImage.uasset" 297
"../../../Engine/Content/EditorMaterials/ParticleSystems/PSysThumbnail_NoImage.uexp" 298
"../../../Engine/Content/EditorMaterials/ParticleSystems/PSysThumbnail_NoImage.ubulk" 299
"../../../Engine/Content/EditorMaterials/ParticleSystems/PSysThumbnail_OOD.uasset" 300
"../../../Engine/Content/EditorMaterials/ParticleSystems/PSysThumbnail_OOD.uexp" 301
"../../../Engine/Content/EditorMaterials/ParticleSystems/PSysThumbnail_OOD.ubulk" 302
"../../../Engine/Content/EditorMaterials/Camera/CineMat.uasset" 303
"../../../Engine/Content/EditorMaterials/Camera/CineMat.uexp" 304
"../../../Engine/Content/EditorMaterials/Camera/MI_CineMat_Rig.uasset" 305
"../../../Engine/Content/EditorMaterials/Camera/MI_CineMat_Rig.uexp" 306
"../../../Engine/Content/EditorMeshes/Camera/SM_CraneRig_Arm.uasset" 307
"../../../Engine/Content/EditorMeshes/Camera/SM_CraneRig_Arm.uexp" 308
"../../../Engine/Content/EditorMeshes/Camera/SM_CraneRig_Base.uasset" 309
"../../../Engine/Content/EditorMeshes/Camera/SM_CraneRig_Base.uexp" 310
"../../../Engine/Content/EditorMeshes/Camera/SM_CraneRig_Body.uasset" 311
"../../../Engine/Content/EditorMeshes/Camera/SM_CraneRig_Body.uexp" 312
"../../../Engine/Content/EditorMeshes/Camera/SM_CraneRig_Mount.uasset" 313
"../../../Engine/Content/EditorMeshes/Camera/SM_CraneRig_Mount.uexp" 314
"../../../Engine/Content/EditorMeshes/Camera/SM_RailRig_Mount.uasset" 315
"../../../Engine/Content/EditorMeshes/Camera/SM_RailRig_Mount.uexp" 316
"../../../Engine/Content/EditorMeshes/Camera/SM_RailRig_Track.uasset" 317
"../../../Engine/Content/EditorMeshes/Camera/SM_RailRig_Track.uexp" 318
"../../../Engine/Content/EditorResources/BSPVertex.uasset" 319
"../../../Engine/Content/EditorResources/BSPVertex.uexp" 320
"../../../Engine/Content/EditorResources/EmptyActor.uasset" 321
"../../../Engine/Content/EditorResources/EmptyActor.uexp" 322
"../../../Engine/Content/EditorResources/S_Actor.uasset" 323
"../../../Engine/Content/EditorResources/S_Actor.uexp" 324
"../../../Engine/Content/EditorResources/S_Actor.ubulk" 325
"../../../Engine/Content/EditorResources/S_Note.uasset" 326
"../../../Engine/Content/EditorResources/S_Note.uexp" 327
"../../../Engine/Content/EditorResources/S_Note.ubulk" 328
"../../../Engine/Content/EditorResources/S_Solver.uasset" 329
"../../../Engine/Content/EditorResources/S_Solver.uexp" 330
"../../../Engine/Content/EditorResources/S_Solver.ubulk" 331
"../../../Engine/Content/EditorResources/S_Terrain.uasset" 332
"../../../Engine/Content/EditorResources/S_Terrain.uexp" 333
"../../../Engine/Content/EditorResources/S_Terrain.ubulk" 334
"../../../Engine/Content/EditorResources/S_Trigger.uasset" 335
"../../../Engine/Content/EditorResources/S_Trigger.uexp" 336
"../../../Engine/Content/EditorResources/S_Trigger.ubulk" 337
"../../../Engine/Content/EditorResources/SequenceRecorder/Countdown.uasset" 338
"../../../Engine/Content/EditorResources/SequenceRecorder/Countdown.uexp" 339
"../../../Engine/Content/EditorResources/SequenceRecorder/RecordingIndicator.uasset" 340
"../../../Engine/Content/EditorResources/SequenceRecorder/RecordingIndicator.uexp" 341
"../../../Engine/Content/EngineDamageTypes/DmgTypeBP_Environmental.uasset" 342
"../../../Engine/Content/EngineDamageTypes/DmgTypeBP_Environmental.uexp" 343
"../../../Engine/Content/EngineDebugMaterials/DebugEditorMaterial.uasset" 344
"../../../Engine/Content/EngineDebugMaterials/DebugEditorMaterial.uexp" 345
"../../../Engine/Content/EngineDebugMaterials/DebugMeshMaterial.uasset" 346
"../../../Engine/Content/EngineDebugMaterials/DebugMeshMaterial.uexp" 347
"../../../Engine/Content/EngineDebugMaterials/M_SimpleUnlitTranslucent.uasset" 348
"../../../Engine/Content/EngineDebugMaterials/M_SimpleUnlitTranslucent.uexp" 349
"../../../Engine/Content/EngineDebugMaterials/VolumeToRender.uasset" 350
"../../../Engine/Content/EngineDebugMaterials/VolumeToRender.uexp" 351
"../../../Engine/Content/Functions/Engine_MaterialFunctions02/Utility/CameraDirectionVector.uasset" 352
"../../../Engine/Content/Functions/Engine_MaterialFunctions02/Utility/CameraDirectionVector.uexp" 353
"../../../Engine/Content/EngineDebugMaterials/M_VolumeRenderSphereTracePP.uasset" 354
"../../../Engine/Content/EngineDebugMaterials/M_VolumeRenderSphereTracePP.uexp" 355
"../../../Engine/Content/Functions/Engine_MaterialFunctions01/Shading/ConvertFromDiffSpec.uasset" 356
"../../../Engine/Content/Functions/Engine_MaterialFunctions01/Shading/ConvertFromDiffSpec.uexp" 357
"../../../Engine/Content/EngineDebugMaterials/VertexColorMaterial.uasset" 358
"../../../Engine/Content/EngineDebugMaterials/VertexColorMaterial.uexp" 359
"../../../Engine/Content/EngineDebugMaterials/WireframeMaterial.uasset" 360
"../../../Engine/Content/EngineDebugMaterials/WireframeMaterial.uexp" 361
"../../../Engine/Content/EngineFonts/Faces/RobotoRegular.uasset" 362
"../../../Engine/Content/EngineFonts/Faces/RobotoRegular.uexp" 363
"../../../Engine/Content/EngineFonts/Faces/RobotoRegular.ufont" 364
"../../../Engine/Content/EngineFonts/Faces/RobotoLight.uasset" 365
"../../../Engine/Content/EngineFonts/Faces/RobotoLight.uexp" 366
"../../../Engine/Content/EngineFonts/Faces/RobotoLight.ufont" 367
"../../../Engine/Content/EngineFonts/Faces/RobotoItalic.uasset" 368
"../../../Engine/Content/EngineFonts/Faces/RobotoItalic.uexp" 369
"../../../Engine/Content/EngineFonts/Faces/RobotoItalic.ufont" 370
"../../../Engine/Content/EngineFonts/Faces/RobotoBoldItalic.uasset" 371
"../../../Engine/Content/EngineFonts/Faces/RobotoBoldItalic.uexp" 372
"../../../Engine/Content/EngineFonts/Faces/RobotoBoldItalic.ufont" 373
"../../../Engine/Content/EngineFonts/Faces/RobotoBold.uasset" 374
"../../../Engine/Content/EngineFonts/Faces/RobotoBold.uexp" 375
"../../../Engine/Content/EngineFonts/Faces/RobotoBold.ufont" 376
"../../../Engine/Content/EngineFonts/Faces/DroidSansFallback.uasset" 377
"../../../Engine/Content/EngineFonts/Faces/DroidSansFallback.uexp" 378
"../../../Engine/Content/EngineFonts/Faces/DroidSansFallback.ufont" 379
"../../../Engine/Content/EngineFonts/Roboto.uasset" 380
"../../../Engine/Content/EngineFonts/Roboto.uexp" 381
"../../../Engine/Content/EngineMaterials/BaseFlattenNormalMap.uasset" 382
"../../../Engine/Content/EngineMaterials/BaseFlattenNormalMap.uexp" 383
"../../../Engine/Content/EngineMaterials/BaseFlattenGrayscaleMap.uasset" 384
"../../../Engine/Content/EngineMaterials/BaseFlattenGrayscaleMap.uexp" 385
"../../../Engine/Content/EngineMaterials/BaseFlattenEmissiveMap.uasset" 386
"../../../Engine/Content/EngineMaterials/BaseFlattenEmissiveMap.uexp" 387
"../../../Engine/Content/EngineMaterials/BaseFlattenDiffuseMap.uasset" 388
"../../../Engine/Content/EngineMaterials/BaseFlattenDiffuseMap.uexp" 389
"../../../Engine/Content/EngineMaterials/BaseFlattenMaterial.uasset" 390
"../../../Engine/Content/EngineMaterials/BaseFlattenMaterial.uexp" 391
"../../../Engine/Content/EngineMaterials/BlueNoise.uasset" 392
"../../../Engine/Content/EngineMaterials/BlueNoise.uexp" 393
"../../../Engine/Content/EngineMaterials/DefaultBloomKernel.uasset" 394
"../../../Engine/Content/EngineMaterials/DefaultBloomKernel.uexp" 395
"../../../Engine/Content/EngineMaterials/DefaultBokeh.uasset" 396
"../../../Engine/Content/EngineMaterials/DefaultBokeh.uexp" 397
"../../../Engine/Content/EngineMaterials/DefaultDiffuse.uasset" 398
"../../../Engine/Content/EngineMaterials/DefaultDiffuse.uexp" 399
"../../../Engine/Content/EngineMaterials/DefaultDiffuse.ubulk" 400
"../../../Engine/Content/EngineMaterials/DefaultDeferredDecalMaterial.uasset" 401
"../../../Engine/Content/EngineMaterials/DefaultDeferredDecalMaterial.uexp" 402
"../../../Engine/Content/EngineMaterials/DefaultLightFunctionMaterial.uasset" 403
"../../../Engine/Content/EngineMaterials/DefaultLightFunctionMaterial.uexp" 404
"../../../Engine/Content/EngineMaterials/DefaultPhysicalMaterial.uasset" 405
"../../../Engine/Content/EngineMaterials/DefaultPhysicalMaterial.uexp" 406
"../../../Engine/Content/Functions/Engine_MaterialFunctions02/Utility/BreakOutFloat2Components.uasset" 407
"../../../Engine/Content/Functions/Engine_MaterialFunctions02/Utility/BreakOutFloat2Components.uexp" 408
"../../../Engine/Content/EngineMaterials/DefaultPostProcessMaterial.uasset" 409
"../../../Engine/Content/EngineMaterials/DefaultPostProcessMaterial.uexp" 410
"../../../Engine/Content/EngineFonts/RobotoDistanceField.uasset" 411
"../../../Engine/Content/EngineFonts/RobotoDistanceField.uexp" 412
"../../../Engine/Content/EngineMaterials/DefaultTextMaterialOpaque.uasset" 413
"../../../Engine/Content/EngineMaterials/DefaultTextMaterialOpaque.uexp" 414
"../../../Engine/Content/EngineMaterials/DefaultWhiteGrid.uasset" 415
"../../../Engine/Content/EngineMaterials/DefaultWhiteGrid.uexp" 416
"../../../Engine/Content/EngineMaterials/DefaultWhiteGrid.ubulk" 417
"../../../Engine/Content/EngineMaterials/DefaultWhiteGrid_Low.uasset" 418
"../../../Engine/Content/EngineMaterials/DefaultWhiteGrid_Low.uexp" 419
"../../../Engine/Content/EngineMaterials/EmissiveMeshMaterial.uasset" 420
"../../../Engine/Content/EngineMaterials/EmissiveMeshMaterial.uexp" 421
"../../../Engine/Content/EngineMaterials/GizmoMaterial.uasset" 422
"../../../Engine/Content/EngineMaterials/GizmoMaterial.uexp" 423
"../../../Engine/Content/EngineMaterials/Good64x64TilingNoiseHighFreq.uasset" 424
"../../../Engine/Content/EngineMaterials/Good64x64TilingNoiseHighFreq.uexp" 425
"../../../Engine/Content/EngineMaterials/MiniFont.uasset" 426
"../../../Engine/Content/EngineMaterials/MiniFont.uexp" 427
"../../../Engine/Content/EngineMaterials/InvalidLightmapSettings.uasset" 428
"../../../Engine/Content/EngineMaterials/InvalidLightmapSettings.uexp" 429
"../../../Engine/Content/EngineMaterials/InvalidLightmapSettings.ubulk" 430
"../../../Engine/Content/EngineMaterials/M_InvalidLightmapSettings.uasset" 431
"../../../Engine/Content/EngineMaterials/M_InvalidLightmapSettings.uexp" 432
"../../../Engine/Content/Functions/Engine_MaterialFunctions02/WorldPositionOffset/CameraOffset.uasset" 433
"../../../Engine/Content/Functions/Engine_MaterialFunctions02/WorldPositionOffset/CameraOffset.uexp" 434
"../../../Engine/Content/EngineMaterials/PhAT_JointLimitMaterial.uasset" 435
"../../../Engine/Content/EngineMaterials/PhAT_JointLimitMaterial.uexp" 436
"../../../Engine/Content/EngineMaterials/DefaultCalibrationColor.uasset" 437
"../../../Engine/Content/EngineMaterials/DefaultCalibrationColor.uexp" 438
"../../../Engine/Content/EngineMaterials/PPM_DefaultCalibrationColor.uasset" 439
"../../../Engine/Content/EngineMaterials/PPM_DefaultCalibrationColor.uexp" 440
"../../../Engine/Content/EngineMaterials/DefaultCalibrationGrayscale.uasset" 441
"../../../Engine/Content/EngineMaterials/DefaultCalibrationGrayscale.uexp" 442
"../../../Engine/Content/EngineMaterials/PPM_DefaultCalibrationGrayscale.uasset" 443
"../../../Engine/Content/EngineMaterials/PPM_DefaultCalibrationGrayscale.uexp" 444
"../../../Engine/Content/EngineMaterials/PreintegratedSkinBRDF.uasset" 445
"../../../Engine/Content/EngineMaterials/PreintegratedSkinBRDF.uexp" 446
"../../../Engine/Content/EngineMaterials/RemoveSurfaceMaterial.uasset" 447
"../../../Engine/Content/EngineMaterials/RemoveSurfaceMaterial.uexp" 448
"../../../Engine/Content/EngineMaterials/WeightMapPlaceholderTexture.uasset" 449
"../../../Engine/Content/EngineMaterials/WeightMapPlaceholderTexture.uexp" 450
"../../../Engine/Content/EngineResources/WhiteSquareTexture.uasset" 451
"../../../Engine/Content/EngineResources/WhiteSquareTexture.uexp" 452
"../../../Engine/Content/EngineMaterials/Widget3DPassThrough.uasset" 453
"../../../Engine/Content/EngineMaterials/Widget3DPassThrough.uexp" 454
"../../../Engine/Content/EngineMaterials/Widget3DPassThrough_Masked.uasset" 455
"../../../Engine/Content/EngineMaterials/Widget3DPassThrough_Masked.uexp" 456
"../../../Engine/Content/EngineMaterials/Widget3DPassThrough_Opaque.uasset" 457
"../../../Engine/Content/EngineMaterials/Widget3DPassThrough_Opaque.uexp" 458
"../../../Engine/Content/EngineMaterials/Widget3DPassThrough_Masked_OneSided.uasset" 459
"../../../Engine/Content/EngineMaterials/Widget3DPassThrough_Masked_OneSided.uexp" 460
"../../../Engine/Content/EngineMaterials/Widget3DPassThrough_Opaque_OneSided.uasset" 461
"../../../Engine/Content/EngineMaterials/Widget3DPassThrough_Opaque_OneSided.uexp" 462
"../../../Engine/Content/EngineMaterials/Widget3DPassThrough_Translucent.uasset" 463
"../../../Engine/Content/EngineMaterials/Widget3DPassThrough_Translucent.uexp" 464
"../../../Engine/Content/EngineMaterials/Widget3DPassThrough_Translucent_OneSided.uasset" 465
"../../../Engine/Content/EngineMaterials/Widget3DPassThrough_Translucent_OneSided.uexp" 466
"../../../Engine/Content/EngineMeshes/Cylinder.uasset" 467
"../../../Engine/Content/EngineMeshes/Cylinder.uexp" 468
"../../../Engine/Content/EngineMeshes/Sphere.uasset" 469
"../../../Engine/Content/EngineMeshes/Sphere.uexp" 470
"../../../Engine/Content/EngineResources/DefaultTexture.uasset" 471
"../../../Engine/Content/EngineResources/DefaultTexture.uexp" 472
"../../../Engine/Content/EngineResources/DefaultTexture.ubulk" 473
"../../../Engine/Content/EngineResources/DefaultTextureCube.uasset" 474
"../../../Engine/Content/EngineResources/DefaultTextureCube.uexp" 475
"../../../Engine/Content/EngineResources/DefaultVolumeTexture2D.uasset" 476
"../../../Engine/Content/EngineResources/DefaultVolumeTexture2D.uexp" 477
"../../../Engine/Content/EngineResources/DefaultVolumeTexture.uasset" 478
"../../../Engine/Content/EngineResources/DefaultVolumeTexture.uexp" 479
"../../../Engine/Content/EngineResources/GradientTexture0.uasset" 480
"../../../Engine/Content/EngineResources/GradientTexture0.uexp" 481
"../../../Engine/Content/EngineSky/VolumetricClouds/T_NoiseShape64.uasset" 482
"../../../Engine/Content/EngineSky/VolumetricClouds/T_NoiseShape64.uexp" 483
"../../../Engine/Content/EngineSky/VolumetricClouds/T_NoiseShape64.ubulk" 484
"../../../Engine/Content/EngineSky/VolumetricClouds/T_VolumeNoiseShape64.uasset" 485
"../../../Engine/Content/EngineSky/VolumetricClouds/T_VolumeNoiseShape64.uexp" 486
"../../../Engine/Content/EngineSky/VolumetricClouds/T_NoiseErosion.uasset" 487
"../../../Engine/Content/EngineSky/VolumetricClouds/T_NoiseErosion.uexp" 488
"../../../Engine/Content/EngineSky/VolumetricClouds/T_NoiseErosion.ubulk" 489
"../../../Engine/Content/EngineSky/VolumetricClouds/T_VolumeNoiseErosion32.uasset" 490
"../../../Engine/Content/EngineSky/VolumetricClouds/T_VolumeNoiseErosion32.uexp" 491
"../../../Engine/Content/EngineSky/VolumetricClouds/CloudWeatherTexture.uasset" 492
"../../../Engine/Content/EngineSky/VolumetricClouds/CloudWeatherTexture.uexp" 493
"../../../Engine/Content/EngineSky/VolumetricClouds/CloudGradientTexture.uasset" 494
"../../../Engine/Content/EngineSky/VolumetricClouds/CloudGradientTexture.uexp" 495
"../../../Engine/Content/Functions/Engine_MaterialFunctions02/Utility/MakeFloat2.uasset" 496
"../../../Engine/Content/Functions/Engine_MaterialFunctions02/Utility/MakeFloat2.uexp" 497
"../../../Engine/Content/EngineSky/VolumetricClouds/m_SimpleVolumetricCloud.uasset" 498
"../../../Engine/Content/EngineSky/VolumetricClouds/m_SimpleVolumetricCloud.uexp" 499
"../../../Engine/Content/EngineSky/VolumetricClouds/m_SimpleVolumetricCloud_Inst.uasset" 500
"../../../Engine/Content/EngineSky/VolumetricClouds/m_SimpleVolumetricCloud_Inst.uexp" 501
"../../../Engine/Content/EngineSounds/Master.uasset" 502
"../../../Engine/Content/EngineSounds/Master.uexp" 503
"../../../Engine/Content/Functions/Engine_MaterialFunctions01/Shading/PowerToRoughness.uasset" 504
"../../../Engine/Content/Functions/Engine_MaterialFunctions01/Shading/PowerToRoughness.uexp" 505
"../../../Engine/Content/Maps/Templates/Thumbnails/Default.uasset" 506
"../../../Engine/Content/Maps/Templates/Thumbnails/Default.uexp" 507
"../../../Engine/Content/Maps/Templates/Thumbnails/TimeOfDay.uasset" 508
"../../../Engine/Content/Maps/Templates/Thumbnails/TimeOfDay.uexp" 509
"../../../Engine/Content/Maps/Templates/Thumbnails/VR-Basic.uasset" 510
"../../../Engine/Content/Maps/Templates/Thumbnails/VR-Basic.uexp" 511
"../../../Engine/Content/MobileResources/T_MobileControls_texture.uasset" 512
"../../../Engine/Content/MobileResources/T_MobileControls_texture.uexp" 513
"../../../Engine/Content/MobileResources/T_MobileMenu2.uasset" 514
"../../../Engine/Content/MobileResources/T_MobileMenu2.uexp" 515
"../../../Engine/Content/MobileResources/HUD/AnalogHat.uasset" 516
"../../../Engine/Content/MobileResources/HUD/AnalogHat.uexp" 517
"../../../Engine/Content/MobileResources/HUD/VirtualJoystick_Thumb.uasset" 518
"../../../Engine/Content/MobileResources/HUD/VirtualJoystick_Thumb.uexp" 519
"../../../Engine/Content/MobileResources/HUD/VirtualJoystick_Background.uasset" 520
"../../../Engine/Content/MobileResources/HUD/VirtualJoystick_Background.uexp" 521
"../../../Engine/Content/MobileResources/HUD/DefaultVirtualJoysticks.uasset" 522
"../../../Engine/Content/MobileResources/HUD/DefaultVirtualJoysticks.uexp" 523
"../../../Engine/Content/MobileResources/HUD/LeftVirtualJoystickOnly.uasset" 524
"../../../Engine/Content/MobileResources/HUD/LeftVirtualJoystickOnly.uexp" 525
"../../../Engine/Content/MobileResources/HUD/MobileHUDButton1_off.uasset" 526
"../../../Engine/Content/MobileResources/HUD/MobileHUDButton1_off.uexp" 527
"../../../Engine/Content/MobileResources/HUD/MobileHUDButton1_on.uasset" 528
"../../../Engine/Content/MobileResources/HUD/MobileHUDButton1_on.uexp" 529
"../../../Engine/Content/MobileResources/HUD/MobileHUDButton2_off.uasset" 530
"../../../Engine/Content/MobileResources/HUD/MobileHUDButton2_off.uexp" 531
"../../../Engine/Content/MobileResources/HUD/MobileHUDButton2_on.uasset" 532
"../../../Engine/Content/MobileResources/HUD/MobileHUDButton2_on.uexp" 533
"../../../Engine/Content/MobileResources/HUD/MobileHUDButton3.uasset" 534
"../../../Engine/Content/MobileResources/HUD/MobileHUDButton3.uexp" 535
"../../../Engine/Content/MobileResources/HUD/MobileHUDButtonFire.uasset" 536
"../../../Engine/Content/MobileResources/HUD/MobileHUDButtonFire.uexp" 537
"../../../Engine/Content/MobileResources/HUD/MobileHUDDirectionPad.uasset" 538
"../../../Engine/Content/MobileResources/HUD/MobileHUDDirectionPad.uexp" 539
"../../../Engine/Content/MobileResources/HUD/MobileHUDDirectionPad2.uasset" 540
"../../../Engine/Content/MobileResources/HUD/MobileHUDDirectionPad2.uexp" 541
"../../../Engine/Content/MobileResources/HUD/MobileHUDDirectionPad3.uasset" 542
"../../../Engine/Content/MobileResources/HUD/MobileHUDDirectionPad3.uexp" 543
"../../../Engine/Content/MobileResources/HUD/MobileHUDDirectionStick.uasset" 544
"../../../Engine/Content/MobileResources/HUD/MobileHUDDirectionStick.uexp" 545
"../../../Engine/Content/MobileResources/HUD/T_Castle_ThumbstickInner.uasset" 546
"../../../Engine/Content/MobileResources/HUD/T_Castle_ThumbstickInner.uexp" 547
"../../../Engine/Content/MobileResources/HUD/T_Castle_ThumbstickOutter.uasset" 548
"../../../Engine/Content/MobileResources/HUD/T_Castle_ThumbstickOutter.uexp" 549
"../../../Engine/Content/Tutorial/ContentIntroCurve.uasset" 550
"../../../Engine/Content/Tutorial/ContentIntroCurve.uexp" 551
"../../../Engine/Content/Tutorial/Basics/TutorialAssets/icon_tab_Levels_40x.uasset" 552
"../../../Engine/Content/Tutorial/Basics/TutorialAssets/icon_tab_Levels_40x.uexp" 553
"../../../Engine/Content/Tutorial/BlueprintTutorials/TutorialAssets/Blueprint_64x.uasset" 554
"../../../Engine/Content/Tutorial/BlueprintTutorials/TutorialAssets/Blueprint_64x.uexp" 555
"../../../Engine/Content/VREditor/TransformGizmo/TranslucentTransformGizmoMaterial.uasset" 556
"../../../Engine/Content/VREditor/TransformGizmo/TranslucentTransformGizmoMaterial.uexp" 557
"../../../Engine/Content/VREditor/LaserPointer/VR_LaserPower_01.uasset" 558
"../../../Engine/Content/VREditor/LaserPointer/VR_LaserPower_01.uexp" 559
"../../../Engine/Content/VREditor/LaserPointer/VR_LaserPower_01.ubulk" 560
"../../../Engine/Content/VREditor/TransformGizmo/TransformGizmoMaterial.uasset" 561
"../../../Engine/Content/VREditor/TransformGizmo/TransformGizmoMaterial.uexp" 562
"../../../Engine/Content/VREditor/TransformGizmo/BoundingBoxCorner.uasset" 563
"../../../Engine/Content/VREditor/TransformGizmo/BoundingBoxCorner.uexp" 564
"../../../Engine/Content/VREditor/TransformGizmo/BoundingBoxEdge.uasset" 565
"../../../Engine/Content/VREditor/TransformGizmo/BoundingBoxEdge.uexp" 566
"../../../Engine/Content/VREditor/TransformGizmo/PlaneTranslationHandle.uasset" 567
"../../../Engine/Content/VREditor/TransformGizmo/PlaneTranslationHandle.uexp" 568
"../../../Engine/Content/VREditor/TransformGizmo/Xray.uasset" 569
"../../../Engine/Content/VREditor/TransformGizmo/Xray.uexp" 570
"../../../Engine/Content/VREditor/TransformGizmo/Main.uasset" 571
"../../../Engine/Content/VREditor/TransformGizmo/Main.uexp" 572
"../../../Engine/Content/VREditor/TransformGizmo/SM_Sequencer_Key.uasset" 573
"../../../Engine/Content/VREditor/TransformGizmo/SM_Sequencer_Key.uexp" 574
"../../../Engine/Content/VREditor/TransformGizmo/SM_Sequencer_Node.uasset" 575
"../../../Engine/Content/VREditor/TransformGizmo/SM_Sequencer_Node.uexp" 576
"../../../Engine/Plugins/2D/Paper2D/Content/DummySprite.uasset" 577
"../../../Engine/Plugins/2D/Paper2D/Content/DummySprite.uexp" 578
"../../../Engine/Plugins/2D/Paper2D/Content/DefaultPaperTerrainMaterial.uasset" 579
"../../../Engine/Plugins/2D/Paper2D/Content/DefaultPaperTerrainMaterial.uexp" 580
"../../../Engine/Plugins/2D/Paper2D/Content/MaskedUnlitSpriteMaterial.uasset" 581
"../../../Engine/Plugins/2D/Paper2D/Content/MaskedUnlitSpriteMaterial.uexp" 582
"../../../Engine/Plugins/2D/Paper2D/Content/OpaqueUnlitSpriteMaterial.uasset" 583
"../../../Engine/Plugins/2D/Paper2D/Content/OpaqueUnlitSpriteMaterial.uexp" 584
"../../../Engine/Content/Functions/Engine_MaterialFunctions02/ObjectLocalBounds.uasset" 585
"../../../Engine/Content/Functions/Engine_MaterialFunctions02/ObjectLocalBounds.uexp" 586
"../../../Engine/Content/Functions/Engine_MaterialFunctions02/Utility/VectorLength.uasset" 587
"../../../Engine/Content/Functions/Engine_MaterialFunctions02/Utility/VectorLength.uexp" 588
"../../../Engine/Content/Functions/Engine_MaterialFunctions02/Utility/BreakOutFloat3Components.uasset" 589
"../../../Engine/Content/Functions/Engine_MaterialFunctions02/Utility/BreakOutFloat3Components.uexp" 590
"../../../Engine/Plugins/Editor/SpeedTreeImporter/Content/SpeedTree9/UnpackInteger3.uasset" 591
"../../../Engine/Plugins/Editor/SpeedTreeImporter/Content/SpeedTree9/UnpackInteger3.uexp" 592
"../../../Engine/Plugins/Editor/SpeedTreeImporter/Content/SpeedTree9/UnpackDirection.uasset" 593
"../../../Engine/Plugins/Editor/SpeedTreeImporter/Content/SpeedTree9/UnpackDirection.uexp" 594
"../../../Engine/Plugins/Editor/SpeedTreeImporter/Content/SpeedTree9/game_wind_noise.uasset" 595
"../../../Engine/Plugins/Editor/SpeedTreeImporter/Content/SpeedTree9/game_wind_noise.uexp" 596
"../../../Engine/Plugins/Editor/SpeedTreeImporter/Content/SpeedTree9/game_wind_noise.ubulk" 597
"../../../Engine/Content/Functions/Engine_MaterialFunctions02/SafeNormalize.uasset" 598
"../../../Engine/Content/Functions/Engine_MaterialFunctions02/SafeNormalize.uexp" 599
"../../../Engine/Plugins/Editor/SpeedTreeImporter/Content/SpeedTree9/SpeedTreeWindMotion.uasset" 600
"../../../Engine/Plugins/Editor/SpeedTreeImporter/Content/SpeedTree9/SpeedTreeWindMotion.uexp" 601
"../../../Engine/Plugins/Editor/SpeedTreeImporter/Content/SpeedTree9/SpeedTreeBranchMotion.uasset" 602
"../../../Engine/Plugins/Editor/SpeedTreeImporter/Content/SpeedTree9/SpeedTreeBranchMotion.uexp" 603
"../../../Engine/Content/Functions/Engine_MaterialFunctions02/UVs/BoundingBoxBased_0-1_UVW.uasset" 604
"../../../Engine/Content/Functions/Engine_MaterialFunctions02/UVs/BoundingBoxBased_0-1_UVW.uexp" 605
"../../../Engine/Content/Functions/Engine_MaterialFunctions02/WorldPositionOffset/ObjectScale.uasset" 606
"../../../Engine/Content/Functions/Engine_MaterialFunctions02/WorldPositionOffset/ObjectScale.uexp" 607
"../../../Engine/Plugins/Editor/SpeedTreeImporter/Content/SpeedTree9/SpeedTreeWind.uasset" 608
"../../../Engine/Plugins/Editor/SpeedTreeImporter/Content/SpeedTree9/SpeedTreeWind.uexp" 609
"../../../Engine/Plugins/Editor/SpeedTreeImporter/Content/SpeedTree9/SpeedTreeBillboard.uasset" 610
"../../../Engine/Plugins/Editor/SpeedTreeImporter/Content/SpeedTree9/SpeedTreeBillboard.uexp" 611
"../../../Engine/Plugins/Editor/SpeedTreeImporter/Content/SpeedTree9/EmptyNormal.uasset" 612
"../../../Engine/Plugins/Editor/SpeedTreeImporter/Content/SpeedTree9/EmptyNormal.uexp" 613
"../../../Engine/Plugins/Editor/SpeedTreeImporter/Content/SpeedTree9/Empty.uasset" 614
"../../../Engine/Plugins/Editor/SpeedTreeImporter/Content/SpeedTree9/Empty.uexp" 615
"../../../Engine/Plugins/Editor/SpeedTreeImporter/Content/SpeedTree9/SpeedTreeBillboardMaster.uasset" 616
"../../../Engine/Plugins/Editor/SpeedTreeImporter/Content/SpeedTree9/SpeedTreeBillboardMaster.uexp" 617
"../../../Engine/Plugins/Editor/SpeedTreeImporter/Content/SpeedTree9/SpeedTreeCameraFacing.uasset" 618
"../../../Engine/Plugins/Editor/SpeedTreeImporter/Content/SpeedTree9/SpeedTreeCameraFacing.uexp" 619
"../../../Engine/Plugins/Editor/SpeedTreeImporter/Content/SpeedTree9/SpeedTreeMaster.uasset" 620
"../../../Engine/Plugins/Editor/SpeedTreeImporter/Content/SpeedTree9/SpeedTreeMaster.uexp" 621
"../../../Engine/Content/BasicShapes/Cylinder.uasset" 622
"../../../Engine/Content/BasicShapes/Cylinder.uexp" 623
"../../../Engine/Content/ArtTools/RenderToTexture/Materials/Debug/M_Emissive_Color.uasset" 624
"../../../Engine/Content/ArtTools/RenderToTexture/Materials/Debug/M_Emissive_Color.uexp" 625
"../../../Engine/Plugins/Lumin/MagicLeapPassableWorld/Content/MagicLeapARPinInfoActor.uasset" 626
"../../../Engine/Plugins/Lumin/MagicLeapPassableWorld/Content/MagicLeapARPinInfoActor.uexp" 627
"../../../Engine/Plugins/Runtime/OpenXR/Content/Devices/GoogleDaydream/MRTexture.uasset" 628
"../../../Engine/Plugins/Runtime/OpenXR/Content/Devices/GoogleDaydream/MRTexture.uexp" 629
"../../../Engine/Plugins/Runtime/OpenXR/Content/Devices/GoogleDaydream/MRTexture.ubulk" 630
"../../../Engine/Plugins/Runtime/OpenXR/Content/Devices/GoogleDaydream/BaseTexture.uasset" 631
"../../../Engine/Plugins/Runtime/OpenXR/Content/Devices/GoogleDaydream/BaseTexture.uexp" 632
"../../../Engine/Plugins/Runtime/OpenXR/Content/Devices/GoogleDaydream/BaseTexture.ubulk" 633
"../../../Engine/Content/EngineResources/Black.uasset" 634
"../../../Engine/Content/EngineResources/Black.uexp" 635
"../../../Engine/Plugins/Runtime/OpenXR/Content/Devices/M_XRController.uasset" 636
"../../../Engine/Plugins/Runtime/OpenXR/Content/Devices/M_XRController.uexp" 637
"../../../Engine/Plugins/Runtime/OpenXR/Content/Devices/GoogleDaydream/MI_GoogleDaydream.uasset" 638
"../../../Engine/Plugins/Runtime/OpenXR/Content/Devices/GoogleDaydream/MI_GoogleDaydream.uexp" 639
"../../../Engine/Plugins/Runtime/OpenXR/Content/Devices/GoogleDaydream/GoogleDaydreamController.uasset" 640
"../../../Engine/Plugins/Runtime/OpenXR/Content/Devices/GoogleDaydream/GoogleDaydreamController.uexp" 641
"../../../Engine/Plugins/Runtime/OpenXR/Content/Devices/HTCVive/BaseTexture.uasset" 642
"../../../Engine/Plugins/Runtime/OpenXR/Content/Devices/HTCVive/BaseTexture.uexp" 643
"../../../Engine/Plugins/Runtime/OpenXR/Content/Devices/HTCVive/BaseTexture.ubulk" 644
"../../../Engine/Plugins/Runtime/OpenXR/Content/Devices/HTCVive/MI_HTCVive.uasset" 645
"../../../Engine/Plugins/Runtime/OpenXR/Content/Devices/HTCVive/MI_HTCVive.uexp" 646
"../../../Engine/Plugins/Runtime/OpenXR/Content/Devices/HTCVive/HTCViveController.uasset" 647
"../../../Engine/Plugins/Runtime/OpenXR/Content/Devices/HTCVive/HTCViveController.uexp" 648
"../../../Engine/Plugins/Runtime/OpenXR/Content/Devices/MicrosoftMixedReality/NormalTexture.uasset" 649
"../../../Engine/Plugins/Runtime/OpenXR/Content/Devices/MicrosoftMixedReality/NormalTexture.uexp" 650
"../../../Engine/Plugins/Runtime/OpenXR/Content/Devices/MicrosoftMixedReality/NormalTexture.ubulk" 651
"../../../Engine/Plugins/Runtime/OpenXR/Content/Devices/MicrosoftMixedReality/MRTexture.uasset" 652
"../../../Engine/Plugins/Runtime/OpenXR/Content/Devices/MicrosoftMixedReality/MRTexture.uexp" 653
"../../../Engine/Plugins/Runtime/OpenXR/Content/Devices/MicrosoftMixedReality/MRTexture.ubulk" 654
"../../../Engine/Plugins/Runtime/OpenXR/Content/Devices/MicrosoftMixedReality/EmissiveTexture.uasset" 655
"../../../Engine/Plugins/Runtime/OpenXR/Content/Devices/MicrosoftMixedReality/EmissiveTexture.uexp" 656
"../../../Engine/Plugins/Runtime/OpenXR/Content/Devices/MicrosoftMixedReality/EmissiveTexture.ubulk" 657
"../../../Engine/Plugins/Runtime/OpenXR/Content/Devices/MicrosoftMixedReality/BaseTexture.uasset" 658
"../../../Engine/Plugins/Runtime/OpenXR/Content/Devices/MicrosoftMixedReality/BaseTexture.uexp" 659
"../../../Engine/Plugins/Runtime/OpenXR/Content/Devices/MicrosoftMixedReality/BaseTexture.ubulk" 660
"../../../Engine/Plugins/Runtime/OpenXR/Content/Devices/MicrosoftMixedReality/MI_MicrosoftMixedReality.uasset" 661
"../../../Engine/Plugins/Runtime/OpenXR/Content/Devices/MicrosoftMixedReality/MI_MicrosoftMixedReality.uexp" 662
"../../../Engine/Plugins/Runtime/OpenXR/Content/Devices/MicrosoftMixedReality/Left/left_MicrosoftMixedRealityController.uasset" 663
"../../../Engine/Plugins/Runtime/OpenXR/Content/Devices/MicrosoftMixedReality/Left/left_MicrosoftMixedRealityController.uexp" 664
"../../../Engine/Plugins/Runtime/OpenXR/Content/Devices/MicrosoftMixedReality/Right/right_MicrosoftMixedRealityController.uasset" 665
"../../../Engine/Plugins/Runtime/OpenXR/Content/Devices/MicrosoftMixedReality/Right/right_MicrosoftMixedRealityController.uexp" 666
"../../../Engine/Plugins/Runtime/OpenXR/Content/Devices/OculusGo/BaseTexture.uasset" 667
"../../../Engine/Plugins/Runtime/OpenXR/Content/Devices/OculusGo/BaseTexture.uexp" 668
"../../../Engine/Plugins/Runtime/OpenXR/Content/Devices/OculusGo/BaseTexture.ubulk" 669
"../../../Engine/Plugins/Runtime/OpenXR/Content/Devices/OculusGo/MI_OculusGo.uasset" 670
"../../../Engine/Plugins/Runtime/OpenXR/Content/Devices/OculusGo/MI_OculusGo.uexp" 671
"../../../Engine/Plugins/Runtime/OpenXR/Content/Devices/OculusGo/OculusGoController.uasset" 672
"../../../Engine/Plugins/Runtime/OpenXR/Content/Devices/OculusGo/OculusGoController.uexp" 673
"../../../Engine/Plugins/Runtime/OpenXR/Content/Devices/OculusTouch/MRTexture.uasset" 674
"../../../Engine/Plugins/Runtime/OpenXR/Content/Devices/OculusTouch/MRTexture.uexp" 675
"../../../Engine/Plugins/Runtime/OpenXR/Content/Devices/OculusTouch/MRTexture.ubulk" 676
"../../../Engine/Plugins/Runtime/OpenXR/Content/Devices/OculusTouch/BaseTexture.uasset" 677
"../../../Engine/Plugins/Runtime/OpenXR/Content/Devices/OculusTouch/BaseTexture.uexp" 678
"../../../Engine/Plugins/Runtime/OpenXR/Content/Devices/OculusTouch/BaseTexture.ubulk" 679
"../../../Engine/Plugins/Runtime/OpenXR/Content/Devices/OculusTouch/MI_OculusTouch.uasset" 680
"../../../Engine/Plugins/Runtime/OpenXR/Content/Devices/OculusTouch/MI_OculusTouch.uexp" 681
"../../../Engine/Plugins/Runtime/OpenXR/Content/Devices/OculusTouch/Left/left_OculusTouchController.uasset" 682
"../../../Engine/Plugins/Runtime/OpenXR/Content/Devices/OculusTouch/Left/left_OculusTouchController.uexp" 683
"../../../Engine/Plugins/Runtime/OpenXR/Content/Devices/OculusTouch/Right/right_OculusTouchController.uasset" 684
"../../../Engine/Plugins/Runtime/OpenXR/Content/Devices/OculusTouch/Right/right_OculusTouchController.uexp" 685
"../../../Engine/Plugins/Runtime/OpenXR/Content/Devices/OculusTouch_v2/BaseTexture.uasset" 686
"../../../Engine/Plugins/Runtime/OpenXR/Content/Devices/OculusTouch_v2/BaseTexture.uexp" 687
"../../../Engine/Plugins/Runtime/OpenXR/Content/Devices/OculusTouch_v2/BaseTexture.ubulk" 688
"../../../Engine/Plugins/Runtime/OpenXR/Content/Devices/OculusTouch_v2/MRTexture.uasset" 689
"../../../Engine/Plugins/Runtime/OpenXR/Content/Devices/OculusTouch_v2/MRTexture.uexp" 690
"../../../Engine/Plugins/Runtime/OpenXR/Content/Devices/OculusTouch_v2/MRTexture.ubulk" 691
"../../../Engine/Plugins/Runtime/OpenXR/Content/Devices/OculusTouch_v2/MI_OculusTouch_v2.uasset" 692
"../../../Engine/Plugins/Runtime/OpenXR/Content/Devices/OculusTouch_v2/MI_OculusTouch_v2.uexp" 693
"../../../Engine/Plugins/Runtime/OpenXR/Content/Devices/OculusTouch_v2/Left/left_OculusTouch_v2Controller.uasset" 694
"../../../Engine/Plugins/Runtime/OpenXR/Content/Devices/OculusTouch_v2/Left/left_OculusTouch_v2Controller.uexp" 695
"../../../Engine/Plugins/Runtime/OpenXR/Content/Devices/OculusTouch_v2/Right/right_OculusTouch_v2Controller.uasset" 696
"../../../Engine/Plugins/Runtime/OpenXR/Content/Devices/OculusTouch_v2/Right/right_OculusTouch_v2Controller.uexp" 697
"../../../Engine/Plugins/Runtime/OpenXR/Content/Devices/OculusTouch_v3/MRTexture.uasset" 698
"../../../Engine/Plugins/Runtime/OpenXR/Content/Devices/OculusTouch_v3/MRTexture.uexp" 699
"../../../Engine/Plugins/Runtime/OpenXR/Content/Devices/OculusTouch_v3/MRTexture.ubulk" 700
"../../../Engine/Plugins/Runtime/OpenXR/Content/Devices/OculusTouch_v3/BaseTexture.uasset" 701
"../../../Engine/Plugins/Runtime/OpenXR/Content/Devices/OculusTouch_v3/BaseTexture.uexp" 702
"../../../Engine/Plugins/Runtime/OpenXR/Content/Devices/OculusTouch_v3/BaseTexture.ubulk" 703
"../../../Engine/Plugins/Runtime/OpenXR/Content/Devices/OculusTouch_v3/MI_OculusTouch_v3.uasset" 704
"../../../Engine/Plugins/Runtime/OpenXR/Content/Devices/OculusTouch_v3/MI_OculusTouch_v3.uexp" 705
"../../../Engine/Plugins/Runtime/OpenXR/Content/Devices/OculusTouch_v3/Left/left_OculusTouch_v3Controller.uasset" 706
"../../../Engine/Plugins/Runtime/OpenXR/Content/Devices/OculusTouch_v3/Left/left_OculusTouch_v3Controller.uexp" 707
"../../../Engine/Plugins/Runtime/OpenXR/Content/Devices/OculusTouch_v3/Right/right_OculusTouch_v3Controller.uasset" 708
"../../../Engine/Plugins/Runtime/OpenXR/Content/Devices/OculusTouch_v3/Right/right_OculusTouch_v3Controller.uexp" 709
"../../../Engine/Plugins/Runtime/OpenXR/Content/Devices/ValveIndex/MRTexture.uasset" 710
"../../../Engine/Plugins/Runtime/OpenXR/Content/Devices/ValveIndex/MRTexture.uexp" 711
"../../../Engine/Plugins/Runtime/OpenXR/Content/Devices/ValveIndex/MRTexture.ubulk" 712
"../../../Engine/Plugins/Runtime/OpenXR/Content/Devices/ValveIndex/BaseTexture.uasset" 713
"../../../Engine/Plugins/Runtime/OpenXR/Content/Devices/ValveIndex/BaseTexture.uexp" 714
"../../../Engine/Plugins/Runtime/OpenXR/Content/Devices/ValveIndex/BaseTexture.ubulk" 715
"../../../Engine/Plugins/Runtime/OpenXR/Content/Devices/ValveIndex/Left/MI_left_ValveIndex.uasset" 716
"../../../Engine/Plugins/Runtime/OpenXR/Content/Devices/ValveIndex/Left/MI_left_ValveIndex.uexp" 717
"../../../Engine/Plugins/Runtime/OpenXR/Content/Devices/ValveIndex/Left/left_ValveIndexController.uasset" 718
"../../../Engine/Plugins/Runtime/OpenXR/Content/Devices/ValveIndex/Left/left_ValveIndexController.uexp" 719
"../../../Engine/Plugins/Runtime/OpenXR/Content/Devices/ValveIndex/Right/MI_right_ValveIndex.uasset" 720
"../../../Engine/Plugins/Runtime/OpenXR/Content/Devices/ValveIndex/Right/MI_right_ValveIndex.uexp" 721
"../../../Engine/Plugins/Runtime/OpenXR/Content/Devices/ValveIndex/Right/right_ValveIndexController.uasset" 722
"../../../Engine/Plugins/Runtime/OpenXR/Content/Devices/ValveIndex/Right/right_ValveIndexController.uexp" 723
"../../../Engine/Content/Functions/Engine_MaterialFunctions02/Utility/BreakOutFloat4Components.uasset" 724
"../../../Engine/Content/Functions/Engine_MaterialFunctions02/Utility/BreakOutFloat4Components.uexp" 725
"../../../Engine/Content/Functions/Engine_MaterialFunctions02/Utility/MakeFloat3.uasset" 726
"../../../Engine/Content/Functions/Engine_MaterialFunctions02/Utility/MakeFloat3.uexp" 727
"../../../Engine/Plugins/Runtime/Oculus/OculusVR/Content/Materials/OculusMR_ChromaKey.uasset" 728
"../../../Engine/Plugins/Runtime/Oculus/OculusVR/Content/Materials/OculusMR_ChromaKey.uexp" 729
"../../../Engine/Plugins/Runtime/Oculus/OculusVR/Content/Materials/OculusMR_OpaqueColoredMaterial.uasset" 730
"../../../Engine/Plugins/Runtime/Oculus/OculusVR/Content/Materials/OculusMR_OpaqueColoredMaterial.uexp" 731
"../../../Engine/Plugins/Runtime/Oculus/OculusVR/Content/Materials/PokeAHoleMaterial.uasset" 732
"../../../Engine/Plugins/Runtime/Oculus/OculusVR/Content/Materials/PokeAHoleMaterial.uexp" 733
"../../../Engine/Plugins/Runtime/Oculus/OculusVR/Content/Textures/touchController_controlmap.uasset" 734
"../../../Engine/Plugins/Runtime/Oculus/OculusVR/Content/Textures/touchController_controlmap.uexp" 735
"../../../Engine/Plugins/Runtime/Oculus/OculusVR/Content/Textures/touchController_controlmap.ubulk" 736
"../../../Engine/Plugins/Runtime/Oculus/OculusVR/Content/Textures/touchController_albedo.uasset" 737
"../../../Engine/Plugins/Runtime/Oculus/OculusVR/Content/Textures/touchController_albedo.uexp" 738
"../../../Engine/Plugins/Runtime/Oculus/OculusVR/Content/Textures/touchController_albedo.ubulk" 739
"../../../Engine/Plugins/Runtime/Oculus/OculusVR/Content/Materials/touchController_mat.uasset" 740
"../../../Engine/Plugins/Runtime/Oculus/OculusVR/Content/Materials/touchController_mat.uexp" 741
"../../../Engine/Plugins/Runtime/Oculus/OculusVR/Content/Meshes/LeftTouchController.uasset" 742
"../../../Engine/Plugins/Runtime/Oculus/OculusVR/Content/Meshes/LeftTouchController.uexp" 743
"../../../Engine/Plugins/Runtime/Oculus/OculusVR/Content/Textures/TouchForQuestRiftSController_albedo.uasset" 744
"../../../Engine/Plugins/Runtime/Oculus/OculusVR/Content/Textures/TouchForQuestRiftSController_albedo.uexp" 745
"../../../Engine/Plugins/Runtime/Oculus/OculusVR/Content/Textures/TouchForQuestRiftSController_albedo.ubulk" 746
"../../../Engine/Plugins/Runtime/Oculus/OculusVR/Content/Materials/TouchForQuestRiftSControllerMaterial.uasset" 747
"../../../Engine/Plugins/Runtime/Oculus/OculusVR/Content/Materials/TouchForQuestRiftSControllerMaterial.uexp" 748
"../../../Engine/Plugins/Runtime/Oculus/OculusVR/Content/Meshes/LeftTouchForQuestRiftSController.uasset" 749
"../../../Engine/Plugins/Runtime/Oculus/OculusVR/Content/Meshes/LeftTouchForQuestRiftSController.uexp" 750
"../../../Engine/Plugins/Runtime/Oculus/OculusVR/Content/Meshes/RiftHMD.uasset" 751
"../../../Engine/Plugins/Runtime/Oculus/OculusVR/Content/Meshes/RiftHMD.uexp" 752
"../../../Engine/Plugins/Runtime/Oculus/OculusVR/Content/Meshes/RightTouchController.uasset" 753
"../../../Engine/Plugins/Runtime/Oculus/OculusVR/Content/Meshes/RightTouchController.uexp" 754
"../../../Engine/Plugins/Runtime/Oculus/OculusVR/Content/Meshes/RightTouchForQuestRiftSController.uasset" 755
"../../../Engine/Plugins/Runtime/Oculus/OculusVR/Content/Meshes/RightTouchForQuestRiftSController.uexp" 756
"C:/GameDev/Unreal/Young-Man-Jenkins-2-The-Robbery/YoungManJenkins2/YoungManJenkins2/Content/Sprites/Textures/Company_Logo.uasset" 757
"C:/GameDev/Unreal/Young-Man-Jenkins-2-The-Robbery/YoungManJenkins2/YoungManJenkins2/Content/Sprites/Textures/Company_Logo.uexp" 758
"C:/GameDev/Unreal/Young-Man-Jenkins-2-The-Robbery/YoungManJenkins2/YoungManJenkins2/Content/TopDownBP/Widgets/CompanySplash.uasset" 759
"C:/GameDev/Unreal/Young-Man-Jenkins-2-The-Robbery/YoungManJenkins2/YoungManJenkins2/Content/TopDownBP/Widgets/CompanySplash.uexp" 760
"C:/GameDev/Unreal/Young-Man-Jenkins-2-The-Robbery/YoungManJenkins2/YoungManJenkins2/Content/TopDownBP/Maps/CompanySplash.uexp" 761
"C:/GameDev/Unreal/Young-Man-Jenkins-2-The-Robbery/YoungManJenkins2/YoungManJenkins2/Content/TopDownBP/Maps/CompanySplash.umap" 762
"C:/GameDev/Unreal/Young-Man-Jenkins-2-The-Robbery/YoungManJenkins2/YoungManJenkins2/Content/Sprites/Textures/Controles.uasset" 763
"C:/GameDev/Unreal/Young-Man-Jenkins-2-The-Robbery/YoungManJenkins2/YoungManJenkins2/Content/Sprites/Textures/Controles.uexp" 764
"C:/GameDev/Unreal/Young-Man-Jenkins-2-The-Robbery/YoungManJenkins2/YoungManJenkins2/Content/TopDownBP/Widgets/ControlMenu.uasset" 765
"C:/GameDev/Unreal/Young-Man-Jenkins-2-The-Robbery/YoungManJenkins2/YoungManJenkins2/Content/TopDownBP/Widgets/ControlMenu.uexp" 766
"C:/GameDev/Unreal/Young-Man-Jenkins-2-The-Robbery/YoungManJenkins2/YoungManJenkins2/Content/TopDownBP/Blueprints/Menu.uasset" 767
"C:/GameDev/Unreal/Young-Man-Jenkins-2-The-Robbery/YoungManJenkins2/YoungManJenkins2/Content/TopDownBP/Blueprints/Menu.uexp" 768
"C:/GameDev/Unreal/Young-Man-Jenkins-2-The-Robbery/YoungManJenkins2/YoungManJenkins2/Content/TopDownBP/Maps/Controls.uexp" 769
"C:/GameDev/Unreal/Young-Man-Jenkins-2-The-Robbery/YoungManJenkins2/YoungManJenkins2/Content/TopDownBP/Maps/Controls.umap" 770
"C:/GameDev/Unreal/Young-Man-Jenkins-2-The-Robbery/YoungManJenkins2/YoungManJenkins2/Content/TopDownBP/Widgets/Credits.uasset" 771
"C:/GameDev/Unreal/Young-Man-Jenkins-2-The-Robbery/YoungManJenkins2/YoungManJenkins2/Content/TopDownBP/Widgets/Credits.uexp" 772
"C:/GameDev/Unreal/Young-Man-Jenkins-2-The-Robbery/YoungManJenkins2/YoungManJenkins2/Content/TopDownBP/Maps/Credits.uexp" 773
"C:/GameDev/Unreal/Young-Man-Jenkins-2-The-Robbery/YoungManJenkins2/YoungManJenkins2/Content/TopDownBP/Maps/Credits.umap" 774
"C:/GameDev/Unreal/Young-Man-Jenkins-2-The-Robbery/YoungManJenkins2/YoungManJenkins2/Content/Sprites/Textures/Train_Car_1_NorthSouth_WIndow.uasset" 775
"C:/GameDev/Unreal/Young-Man-Jenkins-2-The-Robbery/YoungManJenkins2/YoungManJenkins2/Content/Sprites/Textures/Train_Car_1_NorthSouth_WIndow.uexp" 776
"C:/GameDev/Unreal/Young-Man-Jenkins-2-The-Robbery/YoungManJenkins2/YoungManJenkins2/Content/Sprites/Textures/Train_Car_1_NorthSouth_WIndow_Sprite_4.uasset" 777
"C:/GameDev/Unreal/Young-Man-Jenkins-2-The-Robbery/YoungManJenkins2/YoungManJenkins2/Content/Sprites/Textures/Train_Car_1_NorthSouth_WIndow_Sprite_4.uexp" 778
"C:/GameDev/Unreal/Young-Man-Jenkins-2-The-Robbery/YoungManJenkins2/YoungManJenkins2/Content/Sprites/Textures/Train_Car_1_NorthSouth_WIndow_Sprite_3.uasset" 779
"C:/GameDev/Unreal/Young-Man-Jenkins-2-The-Robbery/YoungManJenkins2/YoungManJenkins2/Content/Sprites/Textures/Train_Car_1_NorthSouth_WIndow_Sprite_3.uexp" 780
"C:/GameDev/Unreal/Young-Man-Jenkins-2-The-Robbery/YoungManJenkins2/YoungManJenkins2/Content/Sprites/FlipBooks/Car1SouthWindow.uasset" 781
"C:/GameDev/Unreal/Young-Man-Jenkins-2-The-Robbery/YoungManJenkins2/YoungManJenkins2/Content/Sprites/FlipBooks/Car1SouthWindow.uexp" 782
"C:/GameDev/Unreal/Young-Man-Jenkins-2-The-Robbery/YoungManJenkins2/YoungManJenkins2/Content/Sprites/Textures/Train_Car_1_NorthSouth_WIndow_Sprite_2.uasset" 783
"C:/GameDev/Unreal/Young-Man-Jenkins-2-The-Robbery/YoungManJenkins2/YoungManJenkins2/Content/Sprites/Textures/Train_Car_1_NorthSouth_WIndow_Sprite_2.uexp" 784
"C:/GameDev/Unreal/Young-Man-Jenkins-2-The-Robbery/YoungManJenkins2/YoungManJenkins2/Content/Sprites/Textures/Train_Car_1_NorthSouth_WIndow_Sprite_1.uasset" 785
"C:/GameDev/Unreal/Young-Man-Jenkins-2-The-Robbery/YoungManJenkins2/YoungManJenkins2/Content/Sprites/Textures/Train_Car_1_NorthSouth_WIndow_Sprite_1.uexp" 786
"C:/GameDev/Unreal/Young-Man-Jenkins-2-The-Robbery/YoungManJenkins2/YoungManJenkins2/Content/Sprites/FlipBooks/Car1NorthWindow.uasset" 787
"C:/GameDev/Unreal/Young-Man-Jenkins-2-The-Robbery/YoungManJenkins2/YoungManJenkins2/Content/Sprites/FlipBooks/Car1NorthWindow.uexp" 788
"C:/GameDev/Unreal/Young-Man-Jenkins-2-The-Robbery/YoungManJenkins2/YoungManJenkins2/Content/TopDownBP/Blueprints/TopDownGameMode.uasset" 789
"C:/GameDev/Unreal/Young-Man-Jenkins-2-The-Robbery/YoungManJenkins2/YoungManJenkins2/Content/TopDownBP/Blueprints/TopDownGameMode.uexp" 790
"C:/GameDev/Unreal/Young-Man-Jenkins-2-The-Robbery/YoungManJenkins2/YoungManJenkins2/Content/Sprites/Textures/Train_Window.uasset" 791
"C:/GameDev/Unreal/Young-Man-Jenkins-2-The-Robbery/YoungManJenkins2/YoungManJenkins2/Content/Sprites/Textures/Train_Window.uexp" 792
"C:/GameDev/Unreal/Young-Man-Jenkins-2-The-Robbery/YoungManJenkins2/YoungManJenkins2/Content/Sprites/Textures/Train_Window_Sprite_4.uasset" 793
"C:/GameDev/Unreal/Young-Man-Jenkins-2-The-Robbery/YoungManJenkins2/YoungManJenkins2/Content/Sprites/Textures/Train_Window_Sprite_4.uexp" 794
"C:/GameDev/Unreal/Young-Man-Jenkins-2-The-Robbery/YoungManJenkins2/YoungManJenkins2/Content/Sprites/Textures/Train_Window_Sprite_3.uasset" 795
"C:/GameDev/Unreal/Young-Man-Jenkins-2-The-Robbery/YoungManJenkins2/YoungManJenkins2/Content/Sprites/Textures/Train_Window_Sprite_3.uexp" 796
"C:/GameDev/Unreal/Young-Man-Jenkins-2-The-Robbery/YoungManJenkins2/YoungManJenkins2/Content/Sprites/Textures/Train_Window_Sprite_2.uasset" 797
"C:/GameDev/Unreal/Young-Man-Jenkins-2-The-Robbery/YoungManJenkins2/YoungManJenkins2/Content/Sprites/Textures/Train_Window_Sprite_2.uexp" 798
"C:/GameDev/Unreal/Young-Man-Jenkins-2-The-Robbery/YoungManJenkins2/YoungManJenkins2/Content/Sprites/Textures/Train_Window_Sprite_1.uasset" 799
"C:/GameDev/Unreal/Young-Man-Jenkins-2-The-Robbery/YoungManJenkins2/YoungManJenkins2/Content/Sprites/Textures/Train_Window_Sprite_1.uexp" 800
"C:/GameDev/Unreal/Young-Man-Jenkins-2-The-Robbery/YoungManJenkins2/YoungManJenkins2/Content/Sprites/Textures/Train_Window_Sprite_0.uasset" 801
"C:/GameDev/Unreal/Young-Man-Jenkins-2-The-Robbery/YoungManJenkins2/YoungManJenkins2/Content/Sprites/Textures/Train_Window_Sprite_0.uexp" 802
"C:/GameDev/Unreal/Young-Man-Jenkins-2-The-Robbery/YoungManJenkins2/YoungManJenkins2/Content/Sprites/FlipBooks/RightWindow.uasset" 803
"C:/GameDev/Unreal/Young-Man-Jenkins-2-The-Robbery/YoungManJenkins2/YoungManJenkins2/Content/Sprites/FlipBooks/RightWindow.uexp" 804
"C:/GameDev/Unreal/Young-Man-Jenkins-2-The-Robbery/YoungManJenkins2/YoungManJenkins2/Content/TopDownBP/Blueprints/RightWindow.uasset" 805
"C:/GameDev/Unreal/Young-Man-Jenkins-2-The-Robbery/YoungManJenkins2/YoungManJenkins2/Content/TopDownBP/Blueprints/RightWindow.uexp" 806
"C:/GameDev/Unreal/Young-Man-Jenkins-2-The-Robbery/YoungManJenkins2/YoungManJenkins2/Content/Sprites/Textures/LowerChair.uasset" 807
"C:/GameDev/Unreal/Young-Man-Jenkins-2-The-Robbery/YoungManJenkins2/YoungManJenkins2/Content/Sprites/Textures/LowerChair.uexp" 808
"C:/GameDev/Unreal/Young-Man-Jenkins-2-The-Robbery/YoungManJenkins2/YoungManJenkins2/Content/Sprites/Textures/LowerChair_Sprite_0.uasset" 809
"C:/GameDev/Unreal/Young-Man-Jenkins-2-The-Robbery/YoungManJenkins2/YoungManJenkins2/Content/Sprites/Textures/LowerChair_Sprite_0.uexp" 810
"C:/GameDev/Unreal/Young-Man-Jenkins-2-The-Robbery/YoungManJenkins2/YoungManJenkins2/Content/TopDownBP/Blueprints/LowerChair.uasset" 811
"C:/GameDev/Unreal/Young-Man-Jenkins-2-The-Robbery/YoungManJenkins2/YoungManJenkins2/Content/TopDownBP/Blueprints/LowerChair.uexp" 812
"C:/GameDev/Unreal/Young-Man-Jenkins-2-The-Robbery/YoungManJenkins2/YoungManJenkins2/Content/Sprites/Textures/Train_Window_Left.uasset" 813
"C:/GameDev/Unreal/Young-Man-Jenkins-2-The-Robbery/YoungManJenkins2/YoungManJenkins2/Content/Sprites/Textures/Train_Window_Left.uexp" 814
"C:/GameDev/Unreal/Young-Man-Jenkins-2-The-Robbery/YoungManJenkins2/YoungManJenkins2/Content/Sprites/Textures/Train_Window_Left_Sprite_4.uasset" 815
"C:/GameDev/Unreal/Young-Man-Jenkins-2-The-Robbery/YoungManJenkins2/YoungManJenkins2/Content/Sprites/Textures/Train_Window_Left_Sprite_4.uexp" 816
"C:/GameDev/Unreal/Young-Man-Jenkins-2-The-Robbery/YoungManJenkins2/YoungManJenkins2/Content/Sprites/Textures/Train_Window_Left_Sprite_3.uasset" 817
"C:/GameDev/Unreal/Young-Man-Jenkins-2-The-Robbery/YoungManJenkins2/YoungManJenkins2/Content/Sprites/Textures/Train_Window_Left_Sprite_3.uexp" 818
"C:/GameDev/Unreal/Young-Man-Jenkins-2-The-Robbery/YoungManJenkins2/YoungManJenkins2/Content/Sprites/Textures/Train_Window_Left_Sprite_2.uasset" 819
"C:/GameDev/Unreal/Young-Man-Jenkins-2-The-Robbery/YoungManJenkins2/YoungManJenkins2/Content/Sprites/Textures/Train_Window_Left_Sprite_2.uexp" 820
"C:/GameDev/Unreal/Young-Man-Jenkins-2-The-Robbery/YoungManJenkins2/YoungManJenkins2/Content/Sprites/Textures/Train_Window_Left_Sprite_1.uasset" 821
"C:/GameDev/Unreal/Young-Man-Jenkins-2-The-Robbery/YoungManJenkins2/YoungManJenkins2/Content/Sprites/Textures/Train_Window_Left_Sprite_1.uexp" 822
"C:/GameDev/Unreal/Young-Man-Jenkins-2-The-Robbery/YoungManJenkins2/YoungManJenkins2/Content/Sprites/Textures/Train_Window_Left_Sprite_0.uasset" 823
"C:/GameDev/Unreal/Young-Man-Jenkins-2-The-Robbery/YoungManJenkins2/YoungManJenkins2/Content/Sprites/Textures/Train_Window_Left_Sprite_0.uexp" 824
"C:/GameDev/Unreal/Young-Man-Jenkins-2-The-Robbery/YoungManJenkins2/YoungManJenkins2/Content/Sprites/FlipBooks/LeftWindow.uasset" 825
"C:/GameDev/Unreal/Young-Man-Jenkins-2-The-Robbery/YoungManJenkins2/YoungManJenkins2/Content/Sprites/FlipBooks/LeftWindow.uexp" 826
"C:/GameDev/Unreal/Young-Man-Jenkins-2-The-Robbery/YoungManJenkins2/YoungManJenkins2/Content/TopDownBP/Blueprints/lEFTwindow.uasset" 827
"C:/GameDev/Unreal/Young-Man-Jenkins-2-The-Robbery/YoungManJenkins2/YoungManJenkins2/Content/TopDownBP/Blueprints/lEFTwindow.uexp" 828
"C:/GameDev/Unreal/Young-Man-Jenkins-2-The-Robbery/YoungManJenkins2/YoungManJenkins2/Content/TopDownBP/Blueprints/Door.uasset" 829
"C:/GameDev/Unreal/Young-Man-Jenkins-2-The-Robbery/YoungManJenkins2/YoungManJenkins2/Content/TopDownBP/Blueprints/Door.uexp" 830
"C:/GameDev/Unreal/Young-Man-Jenkins-2-The-Robbery/YoungManJenkins2/YoungManJenkins2/Content/Sprites/Textures/Bullets.uasset" 831
"C:/GameDev/Unreal/Young-Man-Jenkins-2-The-Robbery/YoungManJenkins2/YoungManJenkins2/Content/Sprites/Textures/Bullets.uexp" 832
"C:/GameDev/Unreal/Young-Man-Jenkins-2-The-Robbery/YoungManJenkins2/YoungManJenkins2/Content/Sprites/Textures/Bullets_Sprite_0.uasset" 833
"C:/GameDev/Unreal/Young-Man-Jenkins-2-The-Robbery/YoungManJenkins2/YoungManJenkins2/Content/Sprites/Textures/Bullets_Sprite_0.uexp" 834
"C:/GameDev/Unreal/Young-Man-Jenkins-2-The-Robbery/YoungManJenkins2/YoungManJenkins2/Content/TopDownBP/Blueprints/Bullet_Pickup.uasset" 835
"C:/GameDev/Unreal/Young-Man-Jenkins-2-The-Robbery/YoungManJenkins2/YoungManJenkins2/Content/TopDownBP/Blueprints/Bullet_Pickup.uexp" 836
"C:/GameDev/Unreal/Young-Man-Jenkins-2-The-Robbery/YoungManJenkins2/YoungManJenkins2/Content/Sprites/Textures/Train_Car_1_NorthSouth_WIndow_Sprite_0.uasset" 837
"C:/GameDev/Unreal/Young-Man-Jenkins-2-The-Robbery/YoungManJenkins2/YoungManJenkins2/Content/Sprites/Textures/Train_Car_1_NorthSouth_WIndow_Sprite_0.uexp" 838
"C:/GameDev/Unreal/Young-Man-Jenkins-2-The-Robbery/YoungManJenkins2/YoungManJenkins2/Content/Sounds/Train.uasset" 839
"C:/GameDev/Unreal/Young-Man-Jenkins-2-The-Robbery/YoungManJenkins2/YoungManJenkins2/Content/Sounds/Train.uexp" 840
"C:/GameDev/Unreal/Young-Man-Jenkins-2-The-Robbery/YoungManJenkins2/YoungManJenkins2/Content/Sounds/Train_Cue.uasset" 841
"C:/GameDev/Unreal/Young-Man-Jenkins-2-The-Robbery/YoungManJenkins2/YoungManJenkins2/Content/Sounds/Train_Cue.uexp" 842
"C:/GameDev/Unreal/Young-Man-Jenkins-2-The-Robbery/YoungManJenkins2/YoungManJenkins2/Content/TopDownBP/Maps/Lvl-1.uexp" 843
"C:/GameDev/Unreal/Young-Man-Jenkins-2-The-Robbery/YoungManJenkins2/YoungManJenkins2/Content/TopDownBP/Maps/Lvl-1.umap" 844
"C:/GameDev/Unreal/Young-Man-Jenkins-2-The-Robbery/YoungManJenkins2/YoungManJenkins2/Content/TopDownBP/Blueprints/Box.uasset" 845
"C:/GameDev/Unreal/Young-Man-Jenkins-2-The-Robbery/YoungManJenkins2/YoungManJenkins2/Content/TopDownBP/Blueprints/Box.uexp" 846
"C:/GameDev/Unreal/Young-Man-Jenkins-2-The-Robbery/YoungManJenkins2/YoungManJenkins2/Content/TopDownBP/Maps/Lvl-2.uexp" 847
"C:/GameDev/Unreal/Young-Man-Jenkins-2-The-Robbery/YoungManJenkins2/YoungManJenkins2/Content/TopDownBP/Maps/Lvl-2.umap" 848
"C:/GameDev/Unreal/Young-Man-Jenkins-2-The-Robbery/YoungManJenkins2/YoungManJenkins2/Content/Sprites/Textures/Land_train_Car_3.uasset" 849
"C:/GameDev/Unreal/Young-Man-Jenkins-2-The-Robbery/YoungManJenkins2/YoungManJenkins2/Content/Sprites/Textures/Land_train_Car_3.uexp" 850
"C:/GameDev/Unreal/Young-Man-Jenkins-2-The-Robbery/YoungManJenkins2/YoungManJenkins2/Content/Sprites/Textures/Land_train_Car_3_Sprite_8.uasset" 851
"C:/GameDev/Unreal/Young-Man-Jenkins-2-The-Robbery/YoungManJenkins2/YoungManJenkins2/Content/Sprites/Textures/Land_train_Car_3_Sprite_8.uexp" 852
"C:/GameDev/Unreal/Young-Man-Jenkins-2-The-Robbery/YoungManJenkins2/YoungManJenkins2/Content/Sprites/Textures/Land_train_Car_3_Sprite_7.uasset" 853
"C:/GameDev/Unreal/Young-Man-Jenkins-2-The-Robbery/YoungManJenkins2/YoungManJenkins2/Content/Sprites/Textures/Land_train_Car_3_Sprite_7.uexp" 854
"C:/GameDev/Unreal/Young-Man-Jenkins-2-The-Robbery/YoungManJenkins2/YoungManJenkins2/Content/Sprites/Textures/Land_train_Car_3_Sprite_6.uasset" 855
"C:/GameDev/Unreal/Young-Man-Jenkins-2-The-Robbery/YoungManJenkins2/YoungManJenkins2/Content/Sprites/Textures/Land_train_Car_3_Sprite_6.uexp" 856
"C:/GameDev/Unreal/Young-Man-Jenkins-2-The-Robbery/YoungManJenkins2/YoungManJenkins2/Content/Sprites/Textures/Land_train_Car_3_Sprite_3.uasset" 857
"C:/GameDev/Unreal/Young-Man-Jenkins-2-The-Robbery/YoungManJenkins2/YoungManJenkins2/Content/Sprites/Textures/Land_train_Car_3_Sprite_3.uexp" 858
"C:/GameDev/Unreal/Young-Man-Jenkins-2-The-Robbery/YoungManJenkins2/YoungManJenkins2/Content/Sprites/Textures/Land_train_Car_3_Sprite_0.uasset" 859
"C:/GameDev/Unreal/Young-Man-Jenkins-2-The-Robbery/YoungManJenkins2/YoungManJenkins2/Content/Sprites/Textures/Land_train_Car_3_Sprite_0.uexp" 860
"C:/GameDev/Unreal/Young-Man-Jenkins-2-The-Robbery/YoungManJenkins2/YoungManJenkins2/Content/Sprites/FlipBooks/Train3Window.uasset" 861
"C:/GameDev/Unreal/Young-Man-Jenkins-2-The-Robbery/YoungManJenkins2/YoungManJenkins2/Content/Sprites/FlipBooks/Train3Window.uexp" 862
"C:/GameDev/Unreal/Young-Man-Jenkins-2-The-Robbery/YoungManJenkins2/YoungManJenkins2/Content/TopDownBP/Maps/Lvl-3.uexp" 863
"C:/GameDev/Unreal/Young-Man-Jenkins-2-The-Robbery/YoungManJenkins2/YoungManJenkins2/Content/TopDownBP/Maps/Lvl-3.umap" 864
"C:/GameDev/Unreal/Young-Man-Jenkins-2-The-Robbery/YoungManJenkins2/YoungManJenkins2/Content/Sprites/Textures/4_train_car_northsouth_window.uasset" 865
"C:/GameDev/Unreal/Young-Man-Jenkins-2-The-Robbery/YoungManJenkins2/YoungManJenkins2/Content/Sprites/Textures/4_train_car_northsouth_window.uexp" 866
"C:/GameDev/Unreal/Young-Man-Jenkins-2-The-Robbery/YoungManJenkins2/YoungManJenkins2/Content/Sprites/Textures/4_train_car_northsouth_window_Sprite_5.uasset" 867
"C:/GameDev/Unreal/Young-Man-Jenkins-2-The-Robbery/YoungManJenkins2/YoungManJenkins2/Content/Sprites/Textures/4_train_car_northsouth_window_Sprite_5.uexp" 868
"C:/GameDev/Unreal/Young-Man-Jenkins-2-The-Robbery/YoungManJenkins2/YoungManJenkins2/Content/Sprites/Textures/4_train_car_northsouth_window_Sprite_0.uasset" 869
"C:/GameDev/Unreal/Young-Man-Jenkins-2-The-Robbery/YoungManJenkins2/YoungManJenkins2/Content/Sprites/Textures/4_train_car_northsouth_window_Sprite_0.uexp" 870
"C:/GameDev/Unreal/Young-Man-Jenkins-2-The-Robbery/YoungManJenkins2/YoungManJenkins2/Content/Sprites/Textures/4_train_car_northsouth_window_Sprite_4.uasset" 871
"C:/GameDev/Unreal/Young-Man-Jenkins-2-The-Robbery/YoungManJenkins2/YoungManJenkins2/Content/Sprites/Textures/4_train_car_northsouth_window_Sprite_4.uexp" 872
"C:/GameDev/Unreal/Young-Man-Jenkins-2-The-Robbery/YoungManJenkins2/YoungManJenkins2/Content/Sprites/Textures/4_train_car_northsouth_window_Sprite_3.uasset" 873
"C:/GameDev/Unreal/Young-Man-Jenkins-2-The-Robbery/YoungManJenkins2/YoungManJenkins2/Content/Sprites/Textures/4_train_car_northsouth_window_Sprite_3.uexp" 874
"C:/GameDev/Unreal/Young-Man-Jenkins-2-The-Robbery/YoungManJenkins2/YoungManJenkins2/Content/Sprites/FlipBooks/Car4SouthWindow.uasset" 875
"C:/GameDev/Unreal/Young-Man-Jenkins-2-The-Robbery/YoungManJenkins2/YoungManJenkins2/Content/Sprites/FlipBooks/Car4SouthWindow.uexp" 876
"C:/GameDev/Unreal/Young-Man-Jenkins-2-The-Robbery/YoungManJenkins2/YoungManJenkins2/Content/Sprites/Textures/4_train_car_northsouth_window_Sprite_2.uasset" 877
"C:/GameDev/Unreal/Young-Man-Jenkins-2-The-Robbery/YoungManJenkins2/YoungManJenkins2/Content/Sprites/Textures/4_train_car_northsouth_window_Sprite_2.uexp" 878
"C:/GameDev/Unreal/Young-Man-Jenkins-2-The-Robbery/YoungManJenkins2/YoungManJenkins2/Content/Sprites/Textures/4_train_car_northsouth_window_Sprite_1.uasset" 879
"C:/GameDev/Unreal/Young-Man-Jenkins-2-The-Robbery/YoungManJenkins2/YoungManJenkins2/Content/Sprites/Textures/4_train_car_northsouth_window_Sprite_1.uexp" 880
"C:/GameDev/Unreal/Young-Man-Jenkins-2-The-Robbery/YoungManJenkins2/YoungManJenkins2/Content/Sprites/FlipBooks/Car4NorthWindow.uasset" 881
"C:/GameDev/Unreal/Young-Man-Jenkins-2-The-Robbery/YoungManJenkins2/YoungManJenkins2/Content/Sprites/FlipBooks/Car4NorthWindow.uexp" 882
"C:/GameDev/Unreal/Young-Man-Jenkins-2-The-Robbery/YoungManJenkins2/YoungManJenkins2/Content/Sprites/Cutouts/Tied_Up_Passengers.uasset" 883
"C:/GameDev/Unreal/Young-Man-Jenkins-2-The-Robbery/YoungManJenkins2/YoungManJenkins2/Content/Sprites/Cutouts/Tied_Up_Passengers.uexp" 884
"C:/GameDev/Unreal/Young-Man-Jenkins-2-The-Robbery/YoungManJenkins2/YoungManJenkins2/Content/Sprites/Cutouts/Tied_Up_Passengers_Sprite_0.uasset" 885
"C:/GameDev/Unreal/Young-Man-Jenkins-2-The-Robbery/YoungManJenkins2/YoungManJenkins2/Content/Sprites/Cutouts/Tied_Up_Passengers_Sprite_0.uexp" 886
"C:/GameDev/Unreal/Young-Man-Jenkins-2-The-Robbery/YoungManJenkins2/YoungManJenkins2/Content/TopDownBP/Maps/Lvl-4.uexp" 887
"C:/GameDev/Unreal/Young-Man-Jenkins-2-The-Robbery/YoungManJenkins2/YoungManJenkins2/Content/TopDownBP/Maps/Lvl-4.umap" 888
"C:/GameDev/Unreal/Young-Man-Jenkins-2-The-Robbery/YoungManJenkins2/YoungManJenkins2/Content/Sprites/Textures/Menu.uasset" 889
"C:/GameDev/Unreal/Young-Man-Jenkins-2-The-Robbery/YoungManJenkins2/YoungManJenkins2/Content/Sprites/Textures/Menu.uexp" 890
"C:/GameDev/Unreal/Young-Man-Jenkins-2-The-Robbery/YoungManJenkins2/YoungManJenkins2/Content/TopDownBP/Widgets/Menu.uasset" 891
"C:/GameDev/Unreal/Young-Man-Jenkins-2-The-Robbery/YoungManJenkins2/YoungManJenkins2/Content/TopDownBP/Widgets/Menu.uexp" 892
"C:/GameDev/Unreal/Young-Man-Jenkins-2-The-Robbery/YoungManJenkins2/YoungManJenkins2/Content/Sounds/Menu_Music.uasset" 893
"C:/GameDev/Unreal/Young-Man-Jenkins-2-The-Robbery/YoungManJenkins2/YoungManJenkins2/Content/Sounds/Menu_Music.uexp" 894
"C:/GameDev/Unreal/Young-Man-Jenkins-2-The-Robbery/YoungManJenkins2/YoungManJenkins2/Content/Sounds/Menu_Music_Cue.uasset" 895
"C:/GameDev/Unreal/Young-Man-Jenkins-2-The-Robbery/YoungManJenkins2/YoungManJenkins2/Content/Sounds/Menu_Music_Cue.uexp" 896
"C:/GameDev/Unreal/Young-Man-Jenkins-2-The-Robbery/YoungManJenkins2/YoungManJenkins2/Content/TopDownBP/Maps/Menu.uexp" 897
"C:/GameDev/Unreal/Young-Man-Jenkins-2-The-Robbery/YoungManJenkins2/YoungManJenkins2/Content/TopDownBP/Maps/Menu.umap" 898
"C:/GameDev/Unreal/Young-Man-Jenkins-2-The-Robbery/YoungManJenkins2/YoungManJenkins2/Content/Sprites/Textures/Fin_Image.uasset" 899
"C:/GameDev/Unreal/Young-Man-Jenkins-2-The-Robbery/YoungManJenkins2/YoungManJenkins2/Content/Sprites/Textures/Fin_Image.uexp" 900
"C:/GameDev/Unreal/Young-Man-Jenkins-2-The-Robbery/YoungManJenkins2/YoungManJenkins2/Content/TopDownBP/Widgets/WinScreen.uasset" 901
"C:/GameDev/Unreal/Young-Man-Jenkins-2-The-Robbery/YoungManJenkins2/YoungManJenkins2/Content/TopDownBP/Widgets/WinScreen.uexp" 902
"C:/GameDev/Unreal/Young-Man-Jenkins-2-The-Robbery/YoungManJenkins2/YoungManJenkins2/Content/Sounds/Win_Music.uasset" 903
"C:/GameDev/Unreal/Young-Man-Jenkins-2-The-Robbery/YoungManJenkins2/YoungManJenkins2/Content/Sounds/Win_Music.uexp" 904
"C:/GameDev/Unreal/Young-Man-Jenkins-2-The-Robbery/YoungManJenkins2/YoungManJenkins2/Content/Sounds/Win_Music_Cue.uasset" 905
"C:/GameDev/Unreal/Young-Man-Jenkins-2-The-Robbery/YoungManJenkins2/YoungManJenkins2/Content/Sounds/Win_Music_Cue.uexp" 906
"C:/GameDev/Unreal/Young-Man-Jenkins-2-The-Robbery/YoungManJenkins2/YoungManJenkins2/Content/TopDownBP/Maps/WinScreen.uexp" 907
"C:/GameDev/Unreal/Young-Man-Jenkins-2-The-Robbery/YoungManJenkins2/YoungManJenkins2/Content/TopDownBP/Maps/WinScreen.umap" 908
"../../../Engine/Content/Maps/Entry_BuiltData.uasset" 909
"../../../Engine/Content/Maps/Entry_BuiltData.uexp" 910
"../../../Engine/Content/Maps/Entry.uexp" 911
"../../../Engine/Content/Maps/Entry.umap" 912
