Log file open, 07/31/22 19:10:34
LogWindows: Failed to load 'aqProf.dll' (GetLastError=126)
LogWindows: File 'aqProf.dll' does not exist
LogWindows: Failed to load 'VtuneApi.dll' (GetLastError=126)
LogWindows: File 'VtuneApi.dll' does not exist
LogWindows: Failed to load 'VtuneApi32e.dll' (GetLastError=126)
LogWindows: File 'VtuneApi32e.dll' does not exist
LogConsoleResponse: Display: Failed to find resolution value strings in scalability ini. Falling back to default.
LogConsoleResponse: Display: Failed to find resolution value strings in scalability ini. Falling back to default.
LogInit: Display: Running engine for game: YoungManJenkins2
LogPlatformFile: Not using cached read wrapper
LogTaskGraph: Started task graph with 5 named threads and 47 total threads with 3 sets of task threads.
LogStats: Stats thread started at 0.275017
LogICUInternationalization: ICU TimeZone Detection - Raw Offset: -4:00, Platform Override: ''
LogInit: Display: Loading text-based GConfig....
LogPluginManager: Mounting plugin MeshPainting
LogPluginManager: Mounting plugin XGEController
LogPluginManager: Mounting plugin Paper2D
LogPluginManager: Mounting plugin AISupport
LogPluginManager: Mounting plugin EnvironmentQueryEditor
LogPluginManager: Mounting plugin OodleData
LogPluginManager: Mounting plugin OodleNetwork
LogPluginManager: Mounting plugin LiveLink
LogPluginManager: Mounting plugin LightPropagationVolume
LogPluginManager: Mounting plugin GameplayCameras
LogPluginManager: Mounting plugin Niagara
LogPluginManager: Mounting plugin CameraShakePreviewer
LogPluginManager: Mounting plugin DatasmithContent
LogPluginManager: Mounting plugin VariantManagerContent
LogPluginManager: Mounting plugin AssetManagerEditor
LogPluginManager: Mounting plugin CurveEditorTools
LogPluginManager: Mounting plugin CryptoKeys
LogPluginManager: Mounting plugin DataValidation
LogPluginManager: Mounting plugin FacialAnimation
LogPluginManager: Mounting plugin GeometryMode
LogPluginManager: Mounting plugin GameplayTagsEditor
LogPluginManager: Mounting plugin MobileLauncherProfileWizard
LogPluginManager: Mounting plugin MacGraphicsSwitching
LogPluginManager: Mounting plugin MaterialAnalyzer
LogPluginManager: Mounting plugin SpeedTreeImporter
LogPluginManager: Mounting plugin PluginBrowser
LogPluginManager: Mounting plugin AlembicImporter
LogPluginManager: Mounting plugin AutomationUtils
LogPluginManager: Mounting plugin BackChannel
LogPluginManager: Mounting plugin ChaosCloth
LogPluginManager: Mounting plugin ChaosEditor
LogPluginManager: Mounting plugin ChaosClothEditor
LogPluginManager: Mounting plugin ChaosSolverPlugin
LogPluginManager: Mounting plugin CharacterAI
LogPluginManager: Mounting plugin ChaosNiagara
LogPluginManager: Mounting plugin AnimationSharing
LogPluginManager: Mounting plugin CLionSourceCodeAccess
LogPluginManager: Mounting plugin CodeLiteSourceCodeAccess
LogPluginManager: Mounting plugin GitSourceControl
LogPluginManager: Mounting plugin NullSourceCodeAccess
LogPluginManager: Mounting plugin KDevelopSourceCodeAccess
LogPluginManager: Mounting plugin PixWinPlugin
LogPluginManager: Mounting plugin PerforceSourceControl
LogPluginManager: Mounting plugin PluginUtils
LogPluginManager: Mounting plugin PlasticSourceControl
LogPluginManager: Mounting plugin PropertyAccessNode
LogPluginManager: Mounting plugin RiderSourceCodeAccess
LogPluginManager: Mounting plugin SubversionSourceControl
LogPluginManager: Mounting plugin TextureFormatOodle
LogPluginManager: Mounting plugin LuminPlatformFeatures
LogPluginManager: Mounting plugin XCodeSourceCodeAccess
LogPluginManager: Mounting plugin UObjectPlugin
LogPluginManager: Mounting plugin VisualStudioSourceCodeAccess
LogPluginManager: Mounting plugin MagicLeap
LogPluginManager: Mounting plugin VisualStudioCodeSourceCodeAccess
LogPluginManager: Mounting plugin MagicLeapLightEstimation
LogPluginManager: Mounting plugin MagicLeapMedia
LogPluginManager: Mounting plugin MagicLeapPassableWorld
LogPluginManager: Mounting plugin MLSDK
LogPluginManager: Mounting plugin GeometryCache
LogPluginManager: Mounting plugin GeometryCollectionPlugin
LogPluginManager: Mounting plugin GeometryProcessing
LogPluginManager: Mounting plugin MotoSynth
LogPluginManager: Mounting plugin OpenImageDenoise
LogPluginManager: Mounting plugin PlanarCut
LogPluginManager: Mounting plugin PlatformCrypto
LogPluginManager: Mounting plugin PythonScriptPlugin
LogPluginManager: Mounting plugin ProxyLODPlugin
LogPluginManager: Mounting plugin AndroidMedia
LogPluginManager: Mounting plugin AvfMedia
LogPluginManager: Mounting plugin ImgMedia
LogPluginManager: Mounting plugin MediaCompositing
LogPluginManager: Mounting plugin MediaPlayerEditor
LogPluginManager: Mounting plugin WmfMedia
LogPluginManager: Mounting plugin WebMMedia
LogPluginManager: Mounting plugin TcpMessaging
LogPluginManager: Mounting plugin UdpMessaging
LogPluginManager: Mounting plugin SkeletalReduction
LogPluginManager: Mounting plugin ActorSequence
LogPluginManager: Mounting plugin MatineeToLevelSequence
LogPluginManager: Mounting plugin LevelSequenceEditor
LogPluginManager: Mounting plugin TemplateSequence
LogPluginManager: Mounting plugin OnlineSubsystem
LogPluginManager: Mounting plugin LauncherChunkInstaller
LogPluginManager: Mounting plugin OnlineSubsystemNull
LogPluginManager: Mounting plugin OnlineSubsystemUtils
LogPluginManager: Mounting plugin ActorLayerUtilities
LogPluginManager: Mounting plugin AndroidDeviceProfileSelector
LogPluginManager: Mounting plugin AndroidPermission
LogPluginManager: Mounting plugin AndroidMoviePlayer
LogPluginManager: Mounting plugin AppleMoviePlayer
LogPluginManager: Mounting plugin AudioCapture
LogPluginManager: Mounting plugin ArchVisCharacter
LogPluginManager: Mounting plugin AppleImageUtils
LogPluginManager: Mounting plugin AssetTags
LogPluginManager: Mounting plugin AudioSynesthesia
LogPluginManager: Mounting plugin CableComponent
LogPluginManager: Mounting plugin ChunkDownloader
LogPluginManager: Mounting plugin CustomMeshComponent
LogPluginManager: Mounting plugin EditableMesh
LogPluginManager: Mounting plugin ExampleDeviceProfileSelector
LogPluginManager: Mounting plugin ScreenshotTools
LogPluginManager: Mounting plugin GoogleCloudMessaging
LogPluginManager: Mounting plugin GooglePAD
LogPluginManager: Mounting plugin IOSDeviceProfileSelector
LogPluginManager: Mounting plugin LinuxDeviceProfileSelector
LogPluginManager: Mounting plugin LocationServicesBPLibrary
LogPluginManager: Mounting plugin Takes
LogPluginManager: Mounting plugin MobilePatchingUtils
LogPluginManager: Mounting plugin OpenXRHandTracking
LogPluginManager: Mounting plugin OpenXR
LogPluginManager: Mounting plugin OpenXREyeTracker
LogPluginManager: Mounting plugin PhysXVehicles
LogPluginManager: Mounting plugin PostSplashScreen
LogPluginManager: Mounting plugin PropertyAccessEditor
LogPluginManager: Mounting plugin ProceduralMeshComponent
LogPluginManager: Mounting plugin RuntimePhysXCooking
LogPluginManager: Mounting plugin SoundFields
LogPluginManager: Mounting plugin SignificanceManager
LogPluginManager: Mounting plugin Synthesis
LogPluginManager: Mounting plugin WebMMoviePlayer
LogPluginManager: Mounting plugin WindowsMoviePlayer
LogPluginManager: Mounting plugin ContentBrowserAssetDataSource
LogPluginManager: Mounting plugin ContentBrowserClassDataSource
LogPluginManager: Mounting plugin ContentBrowserFileDataSource
LogPluginManager: Mounting plugin OnlineSubsystemGooglePlay
LogPluginManager: Mounting plugin OnlineSubsystemIOS
LogPluginManager: Mounting plugin OculusVR
LogPluginManager: Mounting plugin SteamVR
PixWinPlugin: PIX capture plugin failed to initialize! Check that the process is launched from PIX.
LogInit: Using libcurl 7.55.1-DEV
LogInit:  - built for x86_64-pc-win32
LogInit:  - supports SSL with OpenSSL/1.1.1
LogInit:  - supports HTTP deflate (compression) using libz 1.2.8
LogInit:  - other features:
LogInit:      CURL_VERSION_SSL
LogInit:      CURL_VERSION_LIBZ
LogInit:      CURL_VERSION_IPV6
LogInit:      CURL_VERSION_ASYNCHDNS
LogInit:      CURL_VERSION_LARGEFILE
LogInit:      CURL_VERSION_IDN
LogInit:  CurlRequestOptions (configurable via config and command line):
LogInit:  - bVerifyPeer = true  - Libcurl will verify peer certificate
LogInit:  - bUseHttpProxy = false  - Libcurl will NOT use HTTP proxy
LogInit:  - bDontReuseConnections = false  - Libcurl will reuse connections
LogInit:  - MaxHostConnections = 16  - Libcurl will limit the number of connections to a host
LogInit:  - LocalHostAddr = Default
LogInit:  - BufferSize = 65536
LogOnline: OSS: Creating online subsystem instance for: NULL
LogInit: WinSock: version 1.1 (2.2), MaxSocks=32767, MaxUdp=65467
LogOnline: OSS: TryLoadSubsystemAndSetDefault: Loaded subsystem for module [NULL]
LogOculusPluginWrapper: OculusPlugin initialized successfully
LogHMD: Failed initializing OVRPlugin 1.59.0
LogInit: Build: ++UE4+Release-4.27-CL-18319896
LogInit: Engine Version: 4.27.2-18319896+++UE4+Release-4.27
LogInit: Compatible Engine Version: 4.27.0-17155196+++UE4+Release-4.27
LogInit: Net CL: 17155196
LogInit: OS: Windows 10 (Release 2009) (), CPU: AMD Ryzen 7 1700X Eight-Core Processor         , GPU: NVIDIA GeForce GTX 1050 Ti
LogInit: Compiled (64-bit): Nov 30 2021 07:12:08
LogInit: Compiled with Visual C++: 19.24.28315.00
LogInit: Build Configuration: Development
LogInit: Branch Name: ++UE4+Release-4.27
LogInit: Command Line:  /Game/TopDownBP/Maps/TrainCarlvl1 -game -PIEVIACONSOLE -Multiprocess GameUserSettingsINI=C:/GameDev/Unreal/Young-Man-Jenkins-2-The-Robbery/YoungManJenkins2/YoungManJenkins2/Saved/Config/Windows/PIEGameUserSettings0.ini -MultiprocessSaveConfig -forcepassthrough -messaging -SessionName="Play in Standalone Game" -windowed -WinX=-29 -WinY=184 SAVEWINPOS=1 -ResX=1280 -ResY=720
LogInit: Base Directory: C:/Program Files/Epic Games/UE_4.27/Engine/Binaries/Win64/
LogInit: Allocator: TBB
LogInit: Installed Engine Build: 1
LogDevObjectVersion: Number of dev versions registered: 29
LogDevObjectVersion:   Dev-Blueprints (B0D832E4-1F89-4F0D-ACCF-7EB736FD4AA2): 10
LogDevObjectVersion:   Dev-Build (E1C64328-A22C-4D53-A36C-8E866417BD8C): 0
LogDevObjectVersion:   Dev-Core (375EC13C-06E4-48FB-B500-84F0262A717E): 4
LogDevObjectVersion:   Dev-Editor (E4B068ED-F494-42E9-A231-DA0B2E46BB41): 40
LogDevObjectVersion:   Dev-Framework (CFFC743F-43B0-4480-9391-14DF171D2073): 37
LogDevObjectVersion:   Dev-Mobile (B02B49B5-BB20-44E9-A304-32B752E40360): 3
LogDevObjectVersion:   Dev-Networking (A4E4105C-59A1-49B5-A7C5-40C4547EDFEE): 0
LogDevObjectVersion:   Dev-Online (39C831C9-5AE6-47DC-9A44-9C173E1C8E7C): 0
LogDevObjectVersion:   Dev-Physics (78F01B33-EBEA-4F98-B9B4-84EACCB95AA2): 14
LogDevObjectVersion:   Dev-Platform (6631380F-2D4D-43E0-8009-CF276956A95A): 0
LogDevObjectVersion:   Dev-Rendering (12F88B9F-8875-4AFC-A67C-D90C383ABD29): 45
LogDevObjectVersion:   Dev-Sequencer (7B5AE74C-D270-4C10-A958-57980B212A5A): 13
LogDevObjectVersion:   Dev-VR (D7296918-1DD6-4BDD-9DE2-64A83CC13884): 3
LogDevObjectVersion:   Dev-LoadTimes (C2A15278-BFE7-4AFE-6C17-90FF531DF755): 1
LogDevObjectVersion:   Private-Geometry (6EACA3D4-40EC-4CC1-B786-8BED09428FC5): 3
LogDevObjectVersion:   Dev-AnimPhys (29E575DD-E0A3-4627-9D10-D276232CDCEA): 17
LogDevObjectVersion:   Dev-Anim (AF43A65D-7FD3-4947-9873-3E8ED9C1BB05): 15
LogDevObjectVersion:   Dev-ReflectionCapture (6B266CEC-1EC7-4B8F-A30B-E4D90942FC07): 1
LogDevObjectVersion:   Dev-Automation (0DF73D61-A23F-47EA-B727-89E90C41499A): 1
LogDevObjectVersion:   FortniteMain (601D1886-AC64-4F84-AA16-D3DE0DEAC7D6): 47
LogDevObjectVersion:   FortniteRelease (E7086368-6B23-4C58-8439-1B7016265E91): 1
LogDevObjectVersion:   Dev-Enterprise (9DFFBCD6-494F-0158-E221-12823C92A888): 10
LogDevObjectVersion:   Dev-Niagara (F2AED0AC-9AFE-416F-8664-AA7FFA26D6FC): 1
LogDevObjectVersion:   Dev-Destruction (174F1F0B-B4C6-45A5-B13F-2EE8D0FB917D): 10
LogDevObjectVersion:   Dev-Physics-Ext (35F94A83-E258-406C-A318-09F59610247C): 41
LogDevObjectVersion:   Dev-PhysicsMaterial-Chaos (B68FC16E-8B1B-42E2-B453-215C058844FE): 1
LogDevObjectVersion:   Dev-CineCamera (B2E18506-4273-CFC2-A54E-F4BB758BBA07): 1
LogDevObjectVersion:   Dev-VirtualProduction (64F58936-FD1B-42BA-BA96-7289D5D0FA4E): 1
LogDevObjectVersion:   Dev-MediaFramework (6F0ED827-A609-4895-9C91-998D90180EA4): 2
LogInit: Presizing for max 25165824 objects, including 0 objects not considered by GC, pre-allocating 0 bytes for permanent pool.
LogConfig: Applying CVar settings from Section [/Script/Engine.StreamingSettings] File [C:/GameDev/Unreal/Young-Man-Jenkins-2-The-Robbery/YoungManJenkins2/YoungManJenkins2/Saved/Config/Windows/Engine.ini]
LogConfig: Setting CVar [[s.MinBulkDataSizeForAsyncLoading:131072]]
LogConfig: Setting CVar [[s.AsyncLoadingThreadEnabled:0]]
LogConfig: Setting CVar [[s.EventDrivenLoaderEnabled:1]]
LogConfig: Setting CVar [[s.WarnIfTimeLimitExceeded:0]]
LogConfig: Setting CVar [[s.TimeLimitExceededMultiplier:1.5]]
LogConfig: Setting CVar [[s.TimeLimitExceededMinTime:0.005]]
LogConfig: Setting CVar [[s.UseBackgroundLevelStreaming:1]]
LogConfig: Setting CVar [[s.PriorityAsyncLoadingExtraTime:15.0]]
LogConfig: Setting CVar [[s.LevelStreamingActorsUpdateTimeLimit:5.0]]
LogConfig: Setting CVar [[s.PriorityLevelStreamingActorsUpdateExtraTime:5.0]]
LogConfig: Setting CVar [[s.LevelStreamingComponentsRegistrationGranularity:10]]
LogConfig: Setting CVar [[s.UnregisterComponentsTimeLimit:1.0]]
LogConfig: Setting CVar [[s.LevelStreamingComponentsUnregistrationGranularity:5]]
LogConfig: Setting CVar [[s.FlushStreamingOnExit:1]]
LogInit: Object subsystem initialized
LogConfig: Setting CVar [[con.DebugEarlyDefault:1]]
LogConfig: Setting CVar [[r.setres:1280x720]]
[2022.07.31-22.10.34:825][  0]LogConfig: Setting CVar [[con.DebugEarlyDefault:1]]
[2022.07.31-22.10.34:825][  0]LogConfig: Setting CVar [[r.setres:1280x720]]
[2022.07.31-22.10.34:825][  0]LogConfig: Applying CVar settings from Section [/Script/Engine.RendererSettings] File [C:/GameDev/Unreal/Young-Man-Jenkins-2-The-Robbery/YoungManJenkins2/YoungManJenkins2/Saved/Config/Windows/Engine.ini]
[2022.07.31-22.10.34:825][  0]LogConfig: Setting CVar [[r.GPUCrashDebugging:0]]
[2022.07.31-22.10.34:825][  0]LogConfig: Setting CVar [[r.DefaultFeature.AutoExposure:0]]
[2022.07.31-22.10.34:825][  0]LogConfig: Setting CVar [[r.TranslucentSortPolicy:1]]
[2022.07.31-22.10.34:825][  0]LogConfig: Applying CVar settings from Section [/Script/Engine.RendererOverrideSettings] File [C:/GameDev/Unreal/Young-Man-Jenkins-2-The-Robbery/YoungManJenkins2/YoungManJenkins2/Saved/Config/Windows/Engine.ini]
[2022.07.31-22.10.34:825][  0]LogConfig: Applying CVar settings from Section [/Script/Engine.StreamingSettings] File [C:/GameDev/Unreal/Young-Man-Jenkins-2-The-Robbery/YoungManJenkins2/YoungManJenkins2/Saved/Config/Windows/Engine.ini]
[2022.07.31-22.10.34:825][  0]LogConfig: Setting CVar [[s.MinBulkDataSizeForAsyncLoading:131072]]
[2022.07.31-22.10.34:825][  0]LogConfig: Setting CVar [[s.AsyncLoadingThreadEnabled:0]]
[2022.07.31-22.10.34:825][  0]LogConfig: Setting CVar [[s.EventDrivenLoaderEnabled:1]]
[2022.07.31-22.10.34:825][  0]LogConfig: Setting CVar [[s.WarnIfTimeLimitExceeded:0]]
[2022.07.31-22.10.34:825][  0]LogConfig: Setting CVar [[s.TimeLimitExceededMultiplier:1.5]]
[2022.07.31-22.10.34:825][  0]LogConfig: Setting CVar [[s.TimeLimitExceededMinTime:0.005]]
[2022.07.31-22.10.34:825][  0]LogConfig: Setting CVar [[s.UseBackgroundLevelStreaming:1]]
[2022.07.31-22.10.34:825][  0]LogConfig: Setting CVar [[s.PriorityAsyncLoadingExtraTime:15.0]]
[2022.07.31-22.10.34:825][  0]LogConfig: Setting CVar [[s.LevelStreamingActorsUpdateTimeLimit:5.0]]
[2022.07.31-22.10.34:825][  0]LogConfig: Setting CVar [[s.PriorityLevelStreamingActorsUpdateExtraTime:5.0]]
[2022.07.31-22.10.34:825][  0]LogConfig: Setting CVar [[s.LevelStreamingComponentsRegistrationGranularity:10]]
[2022.07.31-22.10.34:825][  0]LogConfig: Setting CVar [[s.UnregisterComponentsTimeLimit:1.0]]
[2022.07.31-22.10.34:825][  0]LogConfig: Setting CVar [[s.LevelStreamingComponentsUnregistrationGranularity:5]]
[2022.07.31-22.10.34:825][  0]LogConfig: Setting CVar [[s.FlushStreamingOnExit:1]]
[2022.07.31-22.10.34:826][  0]LogConfig: Applying CVar settings from Section [/Script/Engine.GarbageCollectionSettings] File [C:/GameDev/Unreal/Young-Man-Jenkins-2-The-Robbery/YoungManJenkins2/YoungManJenkins2/Saved/Config/Windows/Engine.ini]
[2022.07.31-22.10.34:826][  0]LogConfig: Setting CVar [[gc.MaxObjectsNotConsideredByGC:1]]
[2022.07.31-22.10.34:826][  0]LogConfig: Setting CVar [[gc.SizeOfPermanentObjectPool:0]]
[2022.07.31-22.10.34:826][  0]LogConfig: Setting CVar [[gc.FlushStreamingOnGC:0]]
[2022.07.31-22.10.34:826][  0]LogConfig: Setting CVar [[gc.NumRetriesBeforeForcingGC:10]]
[2022.07.31-22.10.34:826][  0]LogConfig: Setting CVar [[gc.AllowParallelGC:1]]
[2022.07.31-22.10.34:826][  0]LogConfig: Setting CVar [[gc.TimeBetweenPurgingPendingKillObjects:61.1]]
[2022.07.31-22.10.34:826][  0]LogConfig: Setting CVar [[gc.MaxObjectsInEditor:25165824]]
[2022.07.31-22.10.34:826][  0]LogConfig: Setting CVar [[gc.IncrementalBeginDestroyEnabled:1]]
[2022.07.31-22.10.34:826][  0]LogConfig: Setting CVar [[gc.CreateGCClusters:1]]
[2022.07.31-22.10.34:826][  0]LogConfig: Setting CVar [[gc.MinGCClusterSize:5]]
[2022.07.31-22.10.34:826][  0]LogConfig: Setting CVar [[gc.ActorClusteringEnabled:0]]
[2022.07.31-22.10.34:826][  0]LogConfig: Setting CVar [[gc.BlueprintClusteringEnabled:0]]
[2022.07.31-22.10.34:826][  0]LogConfig: Setting CVar [[gc.UseDisregardForGCOnDedicatedServers:0]]
[2022.07.31-22.10.34:826][  0]LogConfig: Setting CVar [[gc.MultithreadedDestructionEnabled:1]]
[2022.07.31-22.10.34:826][  0]LogConfig: Applying CVar settings from Section [/Script/Engine.NetworkSettings] File [C:/GameDev/Unreal/Young-Man-Jenkins-2-The-Robbery/YoungManJenkins2/YoungManJenkins2/Saved/Config/Windows/Engine.ini]
[2022.07.31-22.10.34:826][  0]LogConfig: Applying CVar settings from Section [/Script/UnrealEd.CookerSettings] File [C:/GameDev/Unreal/Young-Man-Jenkins-2-The-Robbery/YoungManJenkins2/YoungManJenkins2/Saved/Config/Windows/Engine.ini]
[2022.07.31-22.10.34:852][  0]LogConfig: Applying CVar settings from Section [ViewDistanceQuality@3] File [C:/GameDev/Unreal/Young-Man-Jenkins-2-The-Robbery/YoungManJenkins2/YoungManJenkins2/Saved/Config/Windows/Scalability.ini]
[2022.07.31-22.10.34:852][  0]LogConfig: Setting CVar [[r.SkeletalMeshLODBias:0]]
[2022.07.31-22.10.34:852][  0]LogConfig: Setting CVar [[r.ViewDistanceScale:1.0]]
[2022.07.31-22.10.34:852][  0]LogConfig: Applying CVar settings from Section [AntiAliasingQuality@3] File [C:/GameDev/Unreal/Young-Man-Jenkins-2-The-Robbery/YoungManJenkins2/YoungManJenkins2/Saved/Config/Windows/Scalability.ini]
[2022.07.31-22.10.34:852][  0]LogConfig: Setting CVar [[r.PostProcessAAQuality:4]]
[2022.07.31-22.10.34:852][  0]LogConfig: Applying CVar settings from Section [ShadowQuality@3] File [C:/GameDev/Unreal/Young-Man-Jenkins-2-The-Robbery/YoungManJenkins2/YoungManJenkins2/Saved/Config/Windows/Scalability.ini]
[2022.07.31-22.10.34:852][  0]LogConfig: Setting CVar [[r.LightFunctionQuality:1]]
[2022.07.31-22.10.34:852][  0]LogConfig: Setting CVar [[r.ShadowQuality:5]]
[2022.07.31-22.10.34:852][  0]LogConfig: Setting CVar [[r.Shadow.CSM.MaxCascades:10]]
[2022.07.31-22.10.34:852][  0]LogConfig: Setting CVar [[r.Shadow.MaxResolution:2048]]
[2022.07.31-22.10.34:852][  0]LogConfig: Setting CVar [[r.Shadow.MaxCSMResolution:2048]]
[2022.07.31-22.10.34:852][  0]LogConfig: Setting CVar [[r.Shadow.RadiusThreshold:0.01]]
[2022.07.31-22.10.34:852][  0]LogConfig: Setting CVar [[r.Shadow.DistanceScale:1.0]]
[2022.07.31-22.10.34:852][  0]LogConfig: Setting CVar [[r.Shadow.CSM.TransitionScale:1.0]]
[2022.07.31-22.10.34:852][  0]LogConfig: Setting CVar [[r.Shadow.PreShadowResolutionFactor:1.0]]
[2022.07.31-22.10.34:852][  0]LogConfig: Setting CVar [[r.DistanceFieldShadowing:1]]
[2022.07.31-22.10.34:853][  0]LogConfig: Setting CVar [[r.DistanceFieldAO:1]]
[2022.07.31-22.10.34:853][  0]LogConfig: Setting CVar [[r.AOQuality:2]]
[2022.07.31-22.10.34:853][  0]LogConfig: Setting CVar [[r.VolumetricFog:1]]
[2022.07.31-22.10.34:853][  0]LogConfig: Setting CVar [[r.VolumetricFog.GridPixelSize:8]]
[2022.07.31-22.10.34:853][  0]LogConfig: Setting CVar [[r.VolumetricFog.GridSizeZ:128]]
[2022.07.31-22.10.34:853][  0]LogConfig: Setting CVar [[r.VolumetricFog.HistoryMissSupersampleCount:4]]
[2022.07.31-22.10.34:853][  0]LogConfig: Setting CVar [[r.LightMaxDrawDistanceScale:1]]
[2022.07.31-22.10.34:853][  0]LogConfig: Setting CVar [[r.CapsuleShadows:1]]
[2022.07.31-22.10.34:853][  0]LogConfig: Applying CVar settings from Section [PostProcessQuality@3] File [C:/GameDev/Unreal/Young-Man-Jenkins-2-The-Robbery/YoungManJenkins2/YoungManJenkins2/Saved/Config/Windows/Scalability.ini]
[2022.07.31-22.10.34:853][  0]LogConfig: Setting CVar [[r.MotionBlurQuality:4]]
[2022.07.31-22.10.34:853][  0]LogConfig: Setting CVar [[r.AmbientOcclusionMipLevelFactor:0.4]]
[2022.07.31-22.10.34:853][  0]LogConfig: Setting CVar [[r.AmbientOcclusionMaxQuality:100]]
[2022.07.31-22.10.34:853][  0]LogConfig: Setting CVar [[r.AmbientOcclusionLevels:-1]]
[2022.07.31-22.10.34:853][  0]LogConfig: Setting CVar [[r.AmbientOcclusionRadiusScale:1.0]]
[2022.07.31-22.10.34:853][  0]LogConfig: Setting CVar [[r.DepthOfFieldQuality:2]]
[2022.07.31-22.10.34:853][  0]LogConfig: Setting CVar [[r.RenderTargetPoolMin:400]]
[2022.07.31-22.10.34:853][  0]LogConfig: Setting CVar [[r.LensFlareQuality:2]]
[2022.07.31-22.10.34:853][  0]LogConfig: Setting CVar [[r.SceneColorFringeQuality:1]]
[2022.07.31-22.10.34:853][  0]LogConfig: Setting CVar [[r.EyeAdaptationQuality:2]]
[2022.07.31-22.10.34:853][  0]LogConfig: Setting CVar [[r.BloomQuality:5]]
[2022.07.31-22.10.34:853][  0]LogConfig: Setting CVar [[r.FastBlurThreshold:100]]
[2022.07.31-22.10.34:853][  0]LogConfig: Setting CVar [[r.Upscale.Quality:3]]
[2022.07.31-22.10.34:853][  0]LogConfig: Setting CVar [[r.Tonemapper.GrainQuantization:1]]
[2022.07.31-22.10.34:853][  0]LogConfig: Setting CVar [[r.LightShaftQuality:1]]
[2022.07.31-22.10.34:853][  0]LogConfig: Setting CVar [[r.Filter.SizeScale:1]]
[2022.07.31-22.10.34:853][  0]LogConfig: Setting CVar [[r.Tonemapper.Quality:5]]
[2022.07.31-22.10.34:853][  0]LogConfig: Setting CVar [[r.DOF.Gather.AccumulatorQuality:1        ; higher gathering accumulator quality]]
[2022.07.31-22.10.34:853][  0]LogConfig: Setting CVar [[r.DOF.Gather.PostfilterMethod:1          ; Median3x3 postfilering method]]
[2022.07.31-22.10.34:853][  0]LogConfig: Setting CVar [[r.DOF.Gather.EnableBokehSettings:0       ; no bokeh simulation when gathering]]
[2022.07.31-22.10.34:853][  0]LogConfig: Setting CVar [[r.DOF.Gather.RingCount:4                 ; medium number of samples when gathering]]
[2022.07.31-22.10.34:853][  0]LogConfig: Setting CVar [[r.DOF.Scatter.ForegroundCompositing:1    ; additive foreground scattering]]
[2022.07.31-22.10.34:853][  0]LogConfig: Setting CVar [[r.DOF.Scatter.BackgroundCompositing:2    ; additive background scattering]]
[2022.07.31-22.10.34:853][  0]LogConfig: Setting CVar [[r.DOF.Scatter.EnableBokehSettings:1      ; bokeh simulation when scattering]]
[2022.07.31-22.10.34:853][  0]LogConfig: Setting CVar [[r.DOF.Scatter.MaxSpriteRatio:0.1         ; only a maximum of 10% of scattered bokeh]]
[2022.07.31-22.10.34:853][  0]LogConfig: Setting CVar [[r.DOF.Recombine.Quality:1                ; cheap slight out of focus]]
[2022.07.31-22.10.34:853][  0]LogConfig: Setting CVar [[r.DOF.Recombine.EnableBokehSettings:0    ; no bokeh simulation on slight out of focus]]
[2022.07.31-22.10.34:853][  0]LogConfig: Setting CVar [[r.DOF.TemporalAAQuality:1                ; more stable temporal accumulation]]
[2022.07.31-22.10.34:853][  0]LogConfig: Setting CVar [[r.DOF.Kernel.MaxForegroundRadius:0.025]]
[2022.07.31-22.10.34:853][  0]LogConfig: Setting CVar [[r.DOF.Kernel.MaxBackgroundRadius:0.025]]
[2022.07.31-22.10.34:853][  0]LogConfig: Applying CVar settings from Section [TextureQuality@3] File [C:/GameDev/Unreal/Young-Man-Jenkins-2-The-Robbery/YoungManJenkins2/YoungManJenkins2/Saved/Config/Windows/Scalability.ini]
[2022.07.31-22.10.34:853][  0]LogConfig: Setting CVar [[r.Streaming.MipBias:0]]
[2022.07.31-22.10.34:853][  0]LogConfig: Setting CVar [[r.Streaming.AmortizeCPUToGPUCopy:0]]
[2022.07.31-22.10.34:853][  0]LogConfig: Setting CVar [[r.Streaming.MaxNumTexturesToStreamPerFrame:0]]
[2022.07.31-22.10.34:853][  0]LogConfig: Setting CVar [[r.Streaming.Boost:1]]
[2022.07.31-22.10.34:853][  0]LogConfig: Setting CVar [[r.MaxAnisotropy:8]]
[2022.07.31-22.10.34:853][  0]LogConfig: Setting CVar [[r.VT.MaxAnisotropy:8]]
[2022.07.31-22.10.34:853][  0]LogConfig: Setting CVar [[r.Streaming.LimitPoolSizeToVRAM:0]]
[2022.07.31-22.10.34:853][  0]LogConfig: Setting CVar [[r.Streaming.PoolSize:1000]]
[2022.07.31-22.10.34:853][  0]LogConfig: Setting CVar [[r.Streaming.MaxEffectiveScreenSize:0]]
[2022.07.31-22.10.34:853][  0]LogConfig: Applying CVar settings from Section [EffectsQuality@3] File [C:/GameDev/Unreal/Young-Man-Jenkins-2-The-Robbery/YoungManJenkins2/YoungManJenkins2/Saved/Config/Windows/Scalability.ini]
[2022.07.31-22.10.34:853][  0]LogConfig: Setting CVar [[r.TranslucencyLightingVolumeDim:64]]
[2022.07.31-22.10.34:853][  0]LogConfig: Setting CVar [[r.RefractionQuality:2]]
[2022.07.31-22.10.34:853][  0]LogConfig: Setting CVar [[r.SSR.Quality:3]]
[2022.07.31-22.10.34:853][  0]LogConfig: Setting CVar [[r.SSR.HalfResSceneColor:0]]
[2022.07.31-22.10.34:853][  0]LogConfig: Setting CVar [[r.SceneColorFormat:4]]
[2022.07.31-22.10.34:853][  0]LogConfig: Setting CVar [[r.DetailMode:2]]
[2022.07.31-22.10.34:853][  0]LogConfig: Setting CVar [[r.TranslucencyVolumeBlur:1]]
[2022.07.31-22.10.34:853][  0]LogConfig: Setting CVar [[r.MaterialQualityLevel:1 ; High quality]]
[2022.07.31-22.10.34:853][  0]LogConfig: Setting CVar [[r.AnisotropicMaterials:1]]
[2022.07.31-22.10.34:853][  0]LogConfig: Setting CVar [[r.SSS.Scale:1]]
[2022.07.31-22.10.34:853][  0]LogConfig: Setting CVar [[r.SSS.SampleSet:2]]
[2022.07.31-22.10.34:853][  0]LogConfig: Setting CVar [[r.SSS.Quality:1]]
[2022.07.31-22.10.34:853][  0]LogConfig: Setting CVar [[r.SSS.HalfRes:0]]
[2022.07.31-22.10.34:853][  0]LogConfig: Setting CVar [[r.SSGI.Quality:3]]
[2022.07.31-22.10.34:853][  0]LogConfig: Setting CVar [[r.EmitterSpawnRateScale:1.0]]
[2022.07.31-22.10.34:853][  0]LogConfig: Setting CVar [[r.ParticleLightQuality:2]]
[2022.07.31-22.10.34:853][  0]LogConfig: Setting CVar [[r.SkyAtmosphere.AerialPerspectiveLUT.FastApplyOnOpaque:1 ; Always have FastSkyLUT 1 in this case to avoid wrong sky]]
[2022.07.31-22.10.34:853][  0]LogConfig: Setting CVar [[r.SkyAtmosphere.AerialPerspectiveLUT.SampleCountMaxPerSlice:4]]
[2022.07.31-22.10.34:853][  0]LogConfig: Setting CVar [[r.SkyAtmosphere.AerialPerspectiveLUT.DepthResolution:16.0]]
[2022.07.31-22.10.34:853][  0]LogConfig: Setting CVar [[r.SkyAtmosphere.FastSkyLUT:1]]
[2022.07.31-22.10.34:853][  0]LogConfig: Setting CVar [[r.SkyAtmosphere.FastSkyLUT.SampleCountMin:4.0]]
[2022.07.31-22.10.34:854][  0]LogConfig: Setting CVar [[r.SkyAtmosphere.FastSkyLUT.SampleCountMax:128.0]]
[2022.07.31-22.10.34:854][  0]LogConfig: Setting CVar [[r.SkyAtmosphere.SampleCountMin:4.0]]
[2022.07.31-22.10.34:854][  0]LogConfig: Setting CVar [[r.SkyAtmosphere.SampleCountMax:128.0]]
[2022.07.31-22.10.34:854][  0]LogConfig: Setting CVar [[r.SkyAtmosphere.TransmittanceLUT.UseSmallFormat:0]]
[2022.07.31-22.10.34:854][  0]LogConfig: Setting CVar [[r.SkyAtmosphere.TransmittanceLUT.SampleCount:10.0]]
[2022.07.31-22.10.34:854][  0]LogConfig: Setting CVar [[r.SkyAtmosphere.MultiScatteringLUT.SampleCount:15.0]]
[2022.07.31-22.10.34:854][  0]LogConfig: Setting CVar [[r.SkyLight.RealTimeReflectionCapture:1]]
[2022.07.31-22.10.34:854][  0]LogConfig: Applying CVar settings from Section [FoliageQuality@3] File [C:/GameDev/Unreal/Young-Man-Jenkins-2-The-Robbery/YoungManJenkins2/YoungManJenkins2/Saved/Config/Windows/Scalability.ini]
[2022.07.31-22.10.34:854][  0]LogConfig: Setting CVar [[foliage.DensityScale:1.0]]
[2022.07.31-22.10.34:854][  0]LogConfig: Setting CVar [[grass.DensityScale:1.0]]
[2022.07.31-22.10.34:854][  0]LogConfig: Applying CVar settings from Section [ShadingQuality@3] File [C:/GameDev/Unreal/Young-Man-Jenkins-2-The-Robbery/YoungManJenkins2/YoungManJenkins2/Saved/Config/Windows/Scalability.ini]
[2022.07.31-22.10.34:854][  0]LogConfig: Setting CVar [[r.HairStrands.SkyLighting.IntegrationType:2]]
[2022.07.31-22.10.34:854][  0]LogConfig: Setting CVar [[r.HairStrands.SkyAO.SampleCount:4]]
[2022.07.31-22.10.34:854][  0]LogConfig: Setting CVar [[r.HairStrands.Visibility.MSAA.SamplePerPixel:4]]
[2022.07.31-22.10.34:854][  0]LogInit: Selected Device Profile: [Windows]
[2022.07.31-22.10.34:854][  0]LogInit: Applying CVar settings loaded from the selected device profile: [Windows]
[2022.07.31-22.10.34:854][  0]LogHAL: Display: Platform has ~ 24 GB [25701400576 / 34359738368 / 24], which maps to Larger [LargestMinGB=32, LargerMinGB=12, DefaultMinGB=8, SmallerMinGB=6, SmallestMinGB=0)
[2022.07.31-22.10.34:854][  0]LogInit: Going up to parent DeviceProfile []
[2022.07.31-22.10.34:854][  0]LogConfig: Applying CVar settings from Section [ViewDistanceQuality@3] File [C:/GameDev/Unreal/Young-Man-Jenkins-2-The-Robbery/YoungManJenkins2/YoungManJenkins2/Saved/Config/Windows/Scalability.ini]
[2022.07.31-22.10.34:854][  0]LogConfig: Setting CVar [[r.SkeletalMeshLODBias:0]]
[2022.07.31-22.10.34:854][  0]LogConfig: Setting CVar [[r.ViewDistanceScale:1.0]]
[2022.07.31-22.10.34:854][  0]LogConfig: Applying CVar settings from Section [AntiAliasingQuality@3] File [C:/GameDev/Unreal/Young-Man-Jenkins-2-The-Robbery/YoungManJenkins2/YoungManJenkins2/Saved/Config/Windows/Scalability.ini]
[2022.07.31-22.10.34:854][  0]LogConfig: Setting CVar [[r.PostProcessAAQuality:4]]
[2022.07.31-22.10.34:854][  0]LogConfig: Applying CVar settings from Section [ShadowQuality@3] File [C:/GameDev/Unreal/Young-Man-Jenkins-2-The-Robbery/YoungManJenkins2/YoungManJenkins2/Saved/Config/Windows/Scalability.ini]
[2022.07.31-22.10.34:854][  0]LogConfig: Setting CVar [[r.LightFunctionQuality:1]]
[2022.07.31-22.10.34:854][  0]LogConfig: Setting CVar [[r.ShadowQuality:5]]
[2022.07.31-22.10.34:854][  0]LogConfig: Setting CVar [[r.Shadow.CSM.MaxCascades:10]]
[2022.07.31-22.10.34:854][  0]LogConfig: Setting CVar [[r.Shadow.MaxResolution:2048]]
[2022.07.31-22.10.34:854][  0]LogConfig: Setting CVar [[r.Shadow.MaxCSMResolution:2048]]
[2022.07.31-22.10.34:854][  0]LogConfig: Setting CVar [[r.Shadow.RadiusThreshold:0.01]]
[2022.07.31-22.10.34:854][  0]LogConfig: Setting CVar [[r.Shadow.DistanceScale:1.0]]
[2022.07.31-22.10.34:854][  0]LogConfig: Setting CVar [[r.Shadow.CSM.TransitionScale:1.0]]
[2022.07.31-22.10.34:854][  0]LogConfig: Setting CVar [[r.Shadow.PreShadowResolutionFactor:1.0]]
[2022.07.31-22.10.34:854][  0]LogConfig: Setting CVar [[r.DistanceFieldShadowing:1]]
[2022.07.31-22.10.34:854][  0]LogConfig: Setting CVar [[r.DistanceFieldAO:1]]
[2022.07.31-22.10.34:854][  0]LogConfig: Setting CVar [[r.AOQuality:2]]
[2022.07.31-22.10.34:854][  0]LogConfig: Setting CVar [[r.VolumetricFog:1]]
[2022.07.31-22.10.34:854][  0]LogConfig: Setting CVar [[r.VolumetricFog.GridPixelSize:8]]
[2022.07.31-22.10.34:854][  0]LogConfig: Setting CVar [[r.VolumetricFog.GridSizeZ:128]]
[2022.07.31-22.10.34:854][  0]LogConfig: Setting CVar [[r.VolumetricFog.HistoryMissSupersampleCount:4]]
[2022.07.31-22.10.34:854][  0]LogConfig: Setting CVar [[r.LightMaxDrawDistanceScale:1]]
[2022.07.31-22.10.34:854][  0]LogConfig: Setting CVar [[r.CapsuleShadows:1]]
[2022.07.31-22.10.34:854][  0]LogConfig: Applying CVar settings from Section [PostProcessQuality@3] File [C:/GameDev/Unreal/Young-Man-Jenkins-2-The-Robbery/YoungManJenkins2/YoungManJenkins2/Saved/Config/Windows/Scalability.ini]
[2022.07.31-22.10.34:854][  0]LogConfig: Setting CVar [[r.MotionBlurQuality:4]]
[2022.07.31-22.10.34:854][  0]LogConfig: Setting CVar [[r.AmbientOcclusionMipLevelFactor:0.4]]
[2022.07.31-22.10.34:854][  0]LogConfig: Setting CVar [[r.AmbientOcclusionMaxQuality:100]]
[2022.07.31-22.10.34:854][  0]LogConfig: Setting CVar [[r.AmbientOcclusionLevels:-1]]
[2022.07.31-22.10.34:854][  0]LogConfig: Setting CVar [[r.AmbientOcclusionRadiusScale:1.0]]
[2022.07.31-22.10.34:854][  0]LogConfig: Setting CVar [[r.DepthOfFieldQuality:2]]
[2022.07.31-22.10.34:854][  0]LogConfig: Setting CVar [[r.RenderTargetPoolMin:400]]
[2022.07.31-22.10.34:854][  0]LogConfig: Setting CVar [[r.LensFlareQuality:2]]
[2022.07.31-22.10.34:854][  0]LogConfig: Setting CVar [[r.SceneColorFringeQuality:1]]
[2022.07.31-22.10.34:854][  0]LogConfig: Setting CVar [[r.EyeAdaptationQuality:2]]
[2022.07.31-22.10.34:854][  0]LogConfig: Setting CVar [[r.BloomQuality:5]]
[2022.07.31-22.10.34:854][  0]LogConfig: Setting CVar [[r.FastBlurThreshold:100]]
[2022.07.31-22.10.34:854][  0]LogConfig: Setting CVar [[r.Upscale.Quality:3]]
[2022.07.31-22.10.34:854][  0]LogConfig: Setting CVar [[r.Tonemapper.GrainQuantization:1]]
[2022.07.31-22.10.34:854][  0]LogConfig: Setting CVar [[r.LightShaftQuality:1]]
[2022.07.31-22.10.34:854][  0]LogConfig: Setting CVar [[r.Filter.SizeScale:1]]
[2022.07.31-22.10.34:854][  0]LogConfig: Setting CVar [[r.Tonemapper.Quality:5]]
[2022.07.31-22.10.34:854][  0]LogConfig: Setting CVar [[r.DOF.Gather.AccumulatorQuality:1        ; higher gathering accumulator quality]]
[2022.07.31-22.10.34:854][  0]LogConfig: Setting CVar [[r.DOF.Gather.PostfilterMethod:1          ; Median3x3 postfilering method]]
[2022.07.31-22.10.34:854][  0]LogConfig: Setting CVar [[r.DOF.Gather.EnableBokehSettings:0       ; no bokeh simulation when gathering]]
[2022.07.31-22.10.34:854][  0]LogConfig: Setting CVar [[r.DOF.Gather.RingCount:4                 ; medium number of samples when gathering]]
[2022.07.31-22.10.34:854][  0]LogConfig: Setting CVar [[r.DOF.Scatter.ForegroundCompositing:1    ; additive foreground scattering]]
[2022.07.31-22.10.34:855][  0]LogConfig: Setting CVar [[r.DOF.Scatter.BackgroundCompositing:2    ; additive background scattering]]
[2022.07.31-22.10.34:855][  0]LogConfig: Setting CVar [[r.DOF.Scatter.EnableBokehSettings:1      ; bokeh simulation when scattering]]
[2022.07.31-22.10.34:855][  0]LogConfig: Setting CVar [[r.DOF.Scatter.MaxSpriteRatio:0.1         ; only a maximum of 10% of scattered bokeh]]
[2022.07.31-22.10.34:855][  0]LogConfig: Setting CVar [[r.DOF.Recombine.Quality:1                ; cheap slight out of focus]]
[2022.07.31-22.10.34:855][  0]LogConfig: Setting CVar [[r.DOF.Recombine.EnableBokehSettings:0    ; no bokeh simulation on slight out of focus]]
[2022.07.31-22.10.34:855][  0]LogConfig: Setting CVar [[r.DOF.TemporalAAQuality:1                ; more stable temporal accumulation]]
[2022.07.31-22.10.34:855][  0]LogConfig: Setting CVar [[r.DOF.Kernel.MaxForegroundRadius:0.025]]
[2022.07.31-22.10.34:855][  0]LogConfig: Setting CVar [[r.DOF.Kernel.MaxBackgroundRadius:0.025]]
[2022.07.31-22.10.34:855][  0]LogConfig: Applying CVar settings from Section [TextureQuality@3] File [C:/GameDev/Unreal/Young-Man-Jenkins-2-The-Robbery/YoungManJenkins2/YoungManJenkins2/Saved/Config/Windows/Scalability.ini]
[2022.07.31-22.10.34:855][  0]LogConfig: Setting CVar [[r.Streaming.MipBias:0]]
[2022.07.31-22.10.34:855][  0]LogConfig: Setting CVar [[r.Streaming.AmortizeCPUToGPUCopy:0]]
[2022.07.31-22.10.34:855][  0]LogConfig: Setting CVar [[r.Streaming.MaxNumTexturesToStreamPerFrame:0]]
[2022.07.31-22.10.34:855][  0]LogConfig: Setting CVar [[r.Streaming.Boost:1]]
[2022.07.31-22.10.34:855][  0]LogConfig: Setting CVar [[r.MaxAnisotropy:8]]
[2022.07.31-22.10.34:855][  0]LogConfig: Setting CVar [[r.VT.MaxAnisotropy:8]]
[2022.07.31-22.10.34:855][  0]LogConfig: Setting CVar [[r.Streaming.LimitPoolSizeToVRAM:0]]
[2022.07.31-22.10.34:855][  0]LogConfig: Setting CVar [[r.Streaming.PoolSize:1000]]
[2022.07.31-22.10.34:855][  0]LogConfig: Setting CVar [[r.Streaming.MaxEffectiveScreenSize:0]]
[2022.07.31-22.10.34:855][  0]LogConfig: Applying CVar settings from Section [EffectsQuality@3] File [C:/GameDev/Unreal/Young-Man-Jenkins-2-The-Robbery/YoungManJenkins2/YoungManJenkins2/Saved/Config/Windows/Scalability.ini]
[2022.07.31-22.10.34:855][  0]LogConfig: Setting CVar [[r.TranslucencyLightingVolumeDim:64]]
[2022.07.31-22.10.34:855][  0]LogConfig: Setting CVar [[r.RefractionQuality:2]]
[2022.07.31-22.10.34:855][  0]LogConfig: Setting CVar [[r.SSR.Quality:3]]
[2022.07.31-22.10.34:855][  0]LogConfig: Setting CVar [[r.SSR.HalfResSceneColor:0]]
[2022.07.31-22.10.34:855][  0]LogConfig: Setting CVar [[r.SceneColorFormat:4]]
[2022.07.31-22.10.34:855][  0]LogConfig: Setting CVar [[r.DetailMode:2]]
[2022.07.31-22.10.34:855][  0]LogConfig: Setting CVar [[r.TranslucencyVolumeBlur:1]]
[2022.07.31-22.10.34:855][  0]LogConfig: Setting CVar [[r.MaterialQualityLevel:1 ; High quality]]
[2022.07.31-22.10.34:855][  0]LogConfig: Setting CVar [[r.AnisotropicMaterials:1]]
[2022.07.31-22.10.34:855][  0]LogConfig: Setting CVar [[r.SSS.Scale:1]]
[2022.07.31-22.10.34:855][  0]LogConfig: Setting CVar [[r.SSS.SampleSet:2]]
[2022.07.31-22.10.34:855][  0]LogConfig: Setting CVar [[r.SSS.Quality:1]]
[2022.07.31-22.10.34:855][  0]LogConfig: Setting CVar [[r.SSS.HalfRes:0]]
[2022.07.31-22.10.34:855][  0]LogConfig: Setting CVar [[r.SSGI.Quality:3]]
[2022.07.31-22.10.34:855][  0]LogConfig: Setting CVar [[r.EmitterSpawnRateScale:1.0]]
[2022.07.31-22.10.34:855][  0]LogConfig: Setting CVar [[r.ParticleLightQuality:2]]
[2022.07.31-22.10.34:855][  0]LogConfig: Setting CVar [[r.SkyAtmosphere.AerialPerspectiveLUT.FastApplyOnOpaque:1 ; Always have FastSkyLUT 1 in this case to avoid wrong sky]]
[2022.07.31-22.10.34:855][  0]LogConfig: Setting CVar [[r.SkyAtmosphere.AerialPerspectiveLUT.SampleCountMaxPerSlice:4]]
[2022.07.31-22.10.34:855][  0]LogConfig: Setting CVar [[r.SkyAtmosphere.AerialPerspectiveLUT.DepthResolution:16.0]]
[2022.07.31-22.10.34:855][  0]LogConfig: Setting CVar [[r.SkyAtmosphere.FastSkyLUT:1]]
[2022.07.31-22.10.34:855][  0]LogConfig: Setting CVar [[r.SkyAtmosphere.FastSkyLUT.SampleCountMin:4.0]]
[2022.07.31-22.10.34:855][  0]LogConfig: Setting CVar [[r.SkyAtmosphere.FastSkyLUT.SampleCountMax:128.0]]
[2022.07.31-22.10.34:855][  0]LogConfig: Setting CVar [[r.SkyAtmosphere.SampleCountMin:4.0]]
[2022.07.31-22.10.34:855][  0]LogConfig: Setting CVar [[r.SkyAtmosphere.SampleCountMax:128.0]]
[2022.07.31-22.10.34:855][  0]LogConfig: Setting CVar [[r.SkyAtmosphere.TransmittanceLUT.UseSmallFormat:0]]
[2022.07.31-22.10.34:855][  0]LogConfig: Setting CVar [[r.SkyAtmosphere.TransmittanceLUT.SampleCount:10.0]]
[2022.07.31-22.10.34:855][  0]LogConfig: Setting CVar [[r.SkyAtmosphere.MultiScatteringLUT.SampleCount:15.0]]
[2022.07.31-22.10.34:855][  0]LogConfig: Setting CVar [[r.SkyLight.RealTimeReflectionCapture:1]]
[2022.07.31-22.10.34:855][  0]LogConfig: Applying CVar settings from Section [FoliageQuality@3] File [C:/GameDev/Unreal/Young-Man-Jenkins-2-The-Robbery/YoungManJenkins2/YoungManJenkins2/Saved/Config/Windows/Scalability.ini]
[2022.07.31-22.10.34:855][  0]LogConfig: Setting CVar [[foliage.DensityScale:1.0]]
[2022.07.31-22.10.34:855][  0]LogConfig: Setting CVar [[grass.DensityScale:1.0]]
[2022.07.31-22.10.34:855][  0]LogConfig: Applying CVar settings from Section [ShadingQuality@3] File [C:/GameDev/Unreal/Young-Man-Jenkins-2-The-Robbery/YoungManJenkins2/YoungManJenkins2/Saved/Config/Windows/Scalability.ini]
[2022.07.31-22.10.34:855][  0]LogConfig: Setting CVar [[r.HairStrands.SkyLighting.IntegrationType:2]]
[2022.07.31-22.10.34:855][  0]LogConfig: Setting CVar [[r.HairStrands.SkyAO.SampleCount:4]]
[2022.07.31-22.10.34:855][  0]LogConfig: Setting CVar [[r.HairStrands.Visibility.MSAA.SamplePerPixel:4]]
[2022.07.31-22.10.34:855][  0]LogConfig: Applying CVar settings from Section [Startup] File [../../../Engine/Config/ConsoleVariables.ini]
[2022.07.31-22.10.34:856][  0]LogConfig: Setting CVar [[net.UseAdaptiveNetUpdateFrequency:0]]
[2022.07.31-22.10.34:856][  0]LogConfig: Setting CVar [[p.chaos.AllowCreatePhysxBodies:1]]
[2022.07.31-22.10.34:856][  0]LogConfig: Setting CVar [[fx.SkipVectorVMBackendOptimizations:1]]
[2022.07.31-22.10.34:856][  0]LogConfig: Applying CVar settings from Section [ConsoleVariables] File [C:/GameDev/Unreal/Young-Man-Jenkins-2-The-Robbery/YoungManJenkins2/YoungManJenkins2/Saved/Config/Windows/Engine.ini]
[2022.07.31-22.10.34:856][  0]LogConfig: Applying CVar settings from Section [ConsoleVariables] File [C:/GameDev/Unreal/Young-Man-Jenkins-2-The-Robbery/YoungManJenkins2/YoungManJenkins2/Saved/Config/Windows/Editor.ini]
[2022.07.31-22.10.34:856][  0]LogInit: Computer: DESKTOP-PA1D2JD
[2022.07.31-22.10.34:856][  0]LogInit: User: natha
[2022.07.31-22.10.34:856][  0]LogInit: CPU Page size=4096, Cores=8
[2022.07.31-22.10.34:856][  0]LogInit: High frequency timer resolution =10.000000 MHz
[2022.07.31-22.10.34:856][  0]LogMemory: Memory total: Physical=23.9GB (24GB approx)
[2022.07.31-22.10.34:856][  0]LogMemory: Platform Memory Stats for Windows
[2022.07.31-22.10.34:856][  0]LogMemory: Process Physical Memory: 149.96 MB used, 149.97 MB peak
[2022.07.31-22.10.34:856][  0]LogMemory: Process Virtual Memory: 133.07 MB used, 133.07 MB peak
[2022.07.31-22.10.34:856][  0]LogMemory: Physical Memory: 11540.93 MB used,  12969.84 MB free, 24510.77 MB total
[2022.07.31-22.10.34:856][  0]LogMemory: Virtual Memory: 134206632.00 MB used,  11094.92 MB free, 134217728.00 MB total
[2022.07.31-22.10.34:862][  0]LogWindows: WindowsPlatformFeatures enabled
[2022.07.31-22.10.34:907][  0]LogInit: Physics initialised using underlying interface: PhysX
[2022.07.31-22.10.34:907][  0]LogInit: Using OS detected language (en-US).
[2022.07.31-22.10.34:907][  0]LogInit: Using OS detected locale (en-US).
[2022.07.31-22.10.34:917][  0]LogTextLocalizationManager: No specific localization for 'en-US' exists, so the 'en' localization will be used.
[2022.07.31-22.10.35:134][  0]LogWindowsTextInputMethodSystem: Display: IME system deactivated.
[2022.07.31-22.10.35:188][  0]LogSlate: New Slate User Created.  User Index 0, Is Virtual User: 0
[2022.07.31-22.10.35:188][  0]LogSlate: Slate User Registered.  User Index 0, Is Virtual User: 0
[2022.07.31-22.10.35:229][  0]LogD3D11RHI: Loaded GFSDK_Aftermath_Lib.x64.dll
[2022.07.31-22.10.35:231][  0]LogHMD: Failed to initialize OpenVR with code 110
[2022.07.31-22.10.35:231][  0]LogD3D11RHI: D3D11 min allowed feature level: 11_0
[2022.07.31-22.10.35:231][  0]LogD3D11RHI: D3D11 max allowed feature level: 11_0
[2022.07.31-22.10.35:231][  0]LogD3D11RHI: D3D11 adapters:
[2022.07.31-22.10.35:347][  0]LogD3D11RHI:    0. 'NVIDIA GeForce GTX 1050 Ti' (Feature Level 11_0)
[2022.07.31-22.10.35:347][  0]LogD3D11RHI:       4018/0/12255 MB DedicatedVideo/DedicatedSystem/SharedSystem, Outputs:2, VendorId:0x10de
[2022.07.31-22.10.35:349][  0]LogD3D11RHI:    1. 'Microsoft Basic Render Driver' (Feature Level 11_0)
[2022.07.31-22.10.35:349][  0]LogD3D11RHI:       0/0/12255 MB DedicatedVideo/DedicatedSystem/SharedSystem, Outputs:0, VendorId:0x1414
[2022.07.31-22.10.35:349][  0]LogD3D11RHI: Chosen D3D11 Adapter:
[2022.07.31-22.10.35:349][  0]LogD3D11RHI:     Description : NVIDIA GeForce GTX 1050 Ti
[2022.07.31-22.10.35:349][  0]LogD3D11RHI:     VendorId    : 10de
[2022.07.31-22.10.35:349][  0]LogD3D11RHI:     DeviceId    : 1c82
[2022.07.31-22.10.35:349][  0]LogD3D11RHI:     SubSysId    : 33511462
[2022.07.31-22.10.35:349][  0]LogD3D11RHI:     Revision    : 00a1
[2022.07.31-22.10.35:349][  0]LogD3D11RHI:     DedicatedVideoMemory : 4213178368 bytes
[2022.07.31-22.10.35:349][  0]LogD3D11RHI:     DedicatedSystemMemory : 0 bytes
[2022.07.31-22.10.35:350][  0]LogD3D11RHI:     SharedSystemMemory : 12850700288 bytes
[2022.07.31-22.10.35:350][  0]LogD3D11RHI:     AdapterLuid : 0 46877
[2022.07.31-22.10.35:360][  0]LogD3D11RHI: Creating new Direct3DDevice
[2022.07.31-22.10.35:360][  0]LogD3D11RHI:     GPU DeviceId: 0x1c82 (for the marketing name, search the web for "GPU Device Id")
[2022.07.31-22.10.35:360][  0]LogWindows: EnumDisplayDevices:
[2022.07.31-22.10.35:361][  0]LogWindows:    0. 'NVIDIA GeForce GTX 1050 Ti' (P:0 D:1)
[2022.07.31-22.10.35:361][  0]LogWindows:    1. 'NVIDIA GeForce GTX 1050 Ti' (P:1 D:1)
[2022.07.31-22.10.35:361][  0]LogWindows:    2. 'NVIDIA GeForce GTX 1050 Ti' (P:0 D:0)
[2022.07.31-22.10.35:361][  0]LogWindows:    3. 'NVIDIA GeForce GTX 1050 Ti' (P:0 D:0)
[2022.07.31-22.10.35:361][  0]LogWindows: DebugString: FoundDriverCount:4 
[2022.07.31-22.10.35:361][  0]LogD3D11RHI:     Adapter Name: NVIDIA GeForce GTX 1050 Ti
[2022.07.31-22.10.35:361][  0]LogD3D11RHI:   Driver Version: 512.95 (internal:30.0.15.1295, unified:512.95)
[2022.07.31-22.10.35:361][  0]LogD3D11RHI:      Driver Date: 5-19-2022
[2022.07.31-22.10.35:361][  0]LogRHI: Texture pool is 2812 MB (70% of 4018 MB)
[2022.07.31-22.10.35:361][  0]LogD3D11RHI: Creating D3DDevice using adapter:
[2022.07.31-22.10.35:361][  0]LogD3D11RHI:     Description : NVIDIA GeForce GTX 1050 Ti
[2022.07.31-22.10.35:361][  0]LogD3D11RHI:     VendorId    : 10de
[2022.07.31-22.10.35:362][  0]LogD3D11RHI:     DeviceId    : 1c82
[2022.07.31-22.10.35:362][  0]LogD3D11RHI:     SubSysId    : 33511462
[2022.07.31-22.10.35:362][  0]LogD3D11RHI:     Revision    : 00a1
[2022.07.31-22.10.35:362][  0]LogD3D11RHI:     DedicatedVideoMemory : 4213178368 bytes
[2022.07.31-22.10.35:362][  0]LogD3D11RHI:     DedicatedSystemMemory : 0 bytes
[2022.07.31-22.10.35:362][  0]LogD3D11RHI:     SharedSystemMemory : 12850700288 bytes
[2022.07.31-22.10.35:362][  0]LogD3D11RHI:     AdapterLuid : 0 46877
[2022.07.31-22.10.35:440][  0]LogD3D11RHI: RHI has support for 64 bit atomics
[2022.07.31-22.10.35:440][  0]LogD3D11RHI: Async texture creation enabled
[2022.07.31-22.10.35:440][  0]LogD3D11RHI: Array index from any shader is supported
[2022.07.31-22.10.35:468][  0]LogD3D11RHI: GPU Timing Frequency: 1000.000000 (Debug: 2 1)
[2022.07.31-22.10.35:498][  0]LogRHI: GeForceNow SDK initialized: 1
[2022.07.31-22.10.35:821][  0]LogTargetPlatformManager: Display: Loaded TargetPlatform 'WindowsNoEditor'
[2022.07.31-22.10.35:827][  0]LogTargetPlatformManager: Display: Loaded TargetPlatform 'Windows'
[2022.07.31-22.10.35:832][  0]LogTargetPlatformManager: Display: Loaded TargetPlatform 'WindowsClient'
[2022.07.31-22.10.35:837][  0]LogTargetPlatformManager: Display: Loaded TargetPlatform 'WindowsServer'
[2022.07.31-22.10.35:837][  0]LogTargetPlatformManager: Display: Building Assets For Windows
[2022.07.31-22.10.35:844][  0]LogAudioDebug: Display: Lib vorbis DLL was dynamically loaded.
[2022.07.31-22.10.35:881][  0]LogTextureFormatOodle: Display: Oodle Texture 2.9.0 init RDO Off
[2022.07.31-22.10.35:915][  0]LogRendererCore: Ray tracing is disabled. Reason: r.RayTracing=0.
[2022.07.31-22.10.35:915][  0]LogShaderCompilers: Guid format shader working directory is -53 characters bigger than the processId version (../../../../../../GameDev/Unreal/Young-Man-Jenkins-2-The-Robbery/YoungManJenkins2/YoungManJenkins2/Intermediate/Shaders/WorkingDirectory/22804/).
[2022.07.31-22.10.35:915][  0]LogShaderCompilers: Cleaned the shader compiler working directory 'C:/Users/natha/AppData/Local/Temp/UnrealShaderWorkingDir/01CBD01F4E6ED326F0B58780625DBFF5/'.
[2022.07.31-22.10.35:915][  0]LogXGEController: Cannot use XGE Controller as Incredibuild is not installed on this machine.
[2022.07.31-22.10.35:915][  0]LogShaderCompilers: Cannot use XGE Shader Compiler as Incredibuild is not installed on this machine.
[2022.07.31-22.10.35:915][  0]LogShaderCompilers: Display: Using Local Shader Compiler.
[2022.07.31-22.10.36:774][  0]LogDerivedDataCache: Display: Max Cache Size: 512 MB
[2022.07.31-22.10.36:838][  0]LogDerivedDataCache: Loaded boot cache 0.06s 94MB C:/Users/natha/AppData/Local/UnrealEngine/4.27/DerivedDataCache/Boot.ddc.
[2022.07.31-22.10.36:838][  0]LogDerivedDataCache: Display: Loaded Boot cache: C:/Users/natha/AppData/Local/UnrealEngine/4.27/DerivedDataCache/Boot.ddc
[2022.07.31-22.10.36:838][  0]LogDerivedDataCache: FDerivedDataBackendGraph:  Pak pak cache file ../../../../../../GameDev/Unreal/Young-Man-Jenkins-2-The-Robbery/YoungManJenkins2/YoungManJenkins2/DerivedDataCache/DDC.ddp not found, will not use a pak cache.
[2022.07.31-22.10.36:838][  0]LogDerivedDataCache: Unable to find inner node Pak for hierarchical cache Hierarchy.
[2022.07.31-22.10.36:839][  0]LogDerivedDataCache: FDerivedDataBackendGraph:  CompressedPak pak cache file ../../../../../../GameDev/Unreal/Young-Man-Jenkins-2-The-Robbery/YoungManJenkins2/YoungManJenkins2/DerivedDataCache/Compressed.ddp not found, will not use a pak cache.
[2022.07.31-22.10.36:839][  0]LogDerivedDataCache: Unable to find inner node CompressedPak for hierarchical cache Hierarchy.
[2022.07.31-22.10.36:857][  0]LogDerivedDataCache: Display: Pak cache opened for reading ../../../Engine/DerivedDataCache/Compressed.ddp.
[2022.07.31-22.10.36:858][  0]LogDerivedDataCache: FDerivedDataBackendGraph:  EnterprisePak pak cache file ../../../Enterprise/DerivedDataCache/Compressed.ddp not found, will not use a pak cache.
[2022.07.31-22.10.36:858][  0]LogDerivedDataCache: Unable to find inner node EnterprisePak for hierarchical cache Hierarchy.
[2022.07.31-22.10.36:872][  0]LogDerivedDataCache: Speed tests for C:/Users/natha/AppData/Local/UnrealEngine/Common/DerivedDataCache took 0.01 seconds
[2022.07.31-22.10.36:872][  0]LogDerivedDataCache: Display: Performance to C:/Users/natha/AppData/Local/UnrealEngine/Common/DerivedDataCache: Latency=0.04ms. RandomReadSpeed=234.76MBs, RandomWriteSpeed=96.34MBs. Assigned SpeedClass 'Local'
[2022.07.31-22.10.36:873][  0]LogDerivedDataCache: Using Local data cache path C:/Users/natha/AppData/Local/UnrealEngine/Common/DerivedDataCache: Writable
[2022.07.31-22.10.36:873][  0]LogDerivedDataCache: Shared data cache path not found in *engine.ini, will not use an Shared cache.
[2022.07.31-22.10.36:873][  0]LogDerivedDataCache: Unable to find inner node Shared for hierarchical cache Hierarchy.
[2022.07.31-22.10.36:915][  0]LogSlate: Using FreeType 2.10.0
[2022.07.31-22.10.36:916][  0]LogSlate: SlateFontServices - WITH_FREETYPE: 1, WITH_HARFBUZZ: 1
[2022.07.31-22.10.36:993][  0]LogInit: Using OS detected language (en-US).
[2022.07.31-22.10.36:993][  0]LogInit: Using OS detected locale (en-US).
[2022.07.31-22.10.36:993][  0]LogTextLocalizationManager: No localization for 'en-US' exists, so 'en' will be used for the language.
[2022.07.31-22.10.36:993][  0]LogTextLocalizationManager: No localization for 'en-US' exists, so 'en' will be used for the locale.
[2022.07.31-22.10.36:993][  0]LogSlate: FontCache flush requested. Reason: Culture for localization was changed
[2022.07.31-22.10.36:993][  0]LogSlate: FontCache flush requested. Reason: Culture for localization was changed
[2022.07.31-22.10.36:997][  0]LogTextLocalizationManager: Compacting localization data took   0.01ms
[2022.07.31-22.10.36:997][  0]LogAssetRegistry: FAssetRegistry took 0.0032 seconds to start up
[2022.07.31-22.10.37:183][  0]LogPackageLocalizationCache: Processed 27 localized package path(s) for 1 prioritized culture(s) in 0.001598 seconds
[2022.07.31-22.10.37:262][  0]LogInit: Selected Device Profile: [Windows]
[2022.07.31-22.10.37:262][  0]LogInit: Active device profile: [00000126B95EAD00][00000126B292FC00 49] Windows
[2022.07.31-22.10.37:262][  0]LogInit: Profiles: [00000126B95EAD00][00000126B292FC00 49] Windows, [00000126B95E8200][00000126B23AA340 49] WindowsNoEditor, [00000126B95EB100][00000126B23AE600 49] WindowsServer, [00000126B95E8300][00000126B23B28C0 49] WindowsClient, [00000126B9587E00][00000126B23B6B80 49] IOS, [00000126B9588400][00000126B23BAE40 49] iPadAir, [00000126B9584400][00000126B23BF100 49] iPadAir2, [00000126B9539300][00000126B23D3640 49] IPadPro, [00000126B9539400][00000126B23C3680 49] iPadAir3, [00000126B9587F00][00000126B23CB940 49] iPadAir4, [00000126B9538400][00000126B23A7BC0 49] iPadMini2, [00000126B9584300][00000126B23C62C0 49] iPadMini3, [00000126B9539600][00000126B23D6580 49] iPadMini4, [00000126B9587B00][00000126B23DA840 49] iPadMini5, [00000126B9589700][00000126B23EED80 49] iPhone6, [00000126B9589800][00000126B23DEDC0 49] iPodTouch6, [00000126B953BD00][00000126AE5CB300 49] iPhone7, [00000126B953BC00][00000126B23E7340 49] iPodTouch7, [00000126B9588B00][00000126B23EB600 49] iPhone5S, [00000126B9538800][00000126B23E38C0 49] iPhone6Plus, [00000126B9589D00][00000126AE5C7B80 49] iPhone6S, [00000126B953BA00][00000126B23CE280 49] iPhone6SPlus, [00000126B9588E00][00000126AE5CE500 49] iPhone7Plus, [00000126B9538B00][00000126AE5D67C0 49] iPhoneSE, [00000126B958B700][00000126AE5DAA80 49] iPhone8, [00000126B9539F00][00000126AE5DED40 49] iPhone8Plus, [00000126B9589600][00000126AE5E3000 49] iPhoneX, [00000126B9538500][00000126AE5E72C0 49] iPhoneXS, [00000126B958A200][00000126AE5EB580 49] iPhoneXSMax, [00000126B953B400][00000126AE5EF840 49] iPhoneXR, [00000126B958BE00][00000126AE5F3B00 49] iPhone11, [00000126B9539900][00000126AE5F6240 49] iPhone11Pro, [00000126B958A900][00000126AE5D24C0 49] iPhone11ProMax, [00000126B953AF00][00000126AE5FA740 49] iPhoneSE2, [00000126B9588700][00000126AE602A00 49] iPhone12Mini, [00000126B9539700][00000126AE606CC0 49] iPhone12, [00000126B958AB00][00000126AE60AF80 49] iPhone12Pro, [00000126B953AB00][00000126AE60F240 49] iPhone12ProMax, [00000126B958A000][00000126AE613500 49] iPadPro105, [00000126B9539E00][00000126AE6177C0 49] iPadPro129, [00000126B958AC00][00000126AE61BA80 49] iPadPro97, [00000126B9538E00][00000126AE61E1C0 49] iPadPro2_129, [00000126B958B500][00000126AE622480 49] iPad5, [00000126B953A100][00000126AE5FE700 49] iPad6, [00000126B9588C00][00000126AE626980 49] iPad7, [00000126B9538D00][00000126AE62EC40 49] iPad8, [00000126B9589A00][00000126AE632F00 49] iPadPro11, [00000126B9539D00][00000126AE6371C0 49] iPadPro2_11, [00000126B958BC00][00000126AE63B480 49] iPadPro3_129, [00000126B9538100][00000126AE63F740 49] iPadPro4_129, [00000126B958AA00][00000126AE643A00 49] AppleTV, [00000126B953A500][00000126AE646140 49] AppleTV4K, [00000126B958B100][00000126AE64A400 49] TVOS, [00000126B953A200][00000126AE64E6C0 49] Mac, [00000126B9589200][00000126AE62A940 49] MacClient, [00000126B953A900][00000126AE652BC0 49] MacNoEditor, [00000126B958BD00][00000126AE65AE80 49] MacServer, [00000126B9539500][00000126AE65F140 49] Linux, [00000126B9589B00][00000126AE663400 49] LinuxAArch64, [00000126B953BF00][00000126AE6676C0 49] LinuxNoEditor, [00000126B9588900][00000126AE66B980 49] LinuxAArch64NoEditor, [00000126B9539200][00000126AE66E0C0 49] LinuxClient, [00000126B9588D00][00000126AE672380 49] LinuxAArch64Client, [00000126B953B700][00000126AE676640 49] LinuxServer, [00000126B9589500][00000126AE67A900 49] LinuxAArch64Server, [00000126B953B800][00000126AE656B80 49] Android, [00000126B9589F00][00000126AE682E40 49] Android_Low, [00000126B953A300][00000126AE687100 49] Android_Mid, [00000126B958B400][00000126AE68B3C0 49] Android_High, [00000126B953A000][00000126AE68F680 49] Android_Default, [00000126B95EA900][00000126AE693940 49] Android_Adreno4xx, [00000126B9586500][00000126AE697C00 49] Android_Adreno5xx_Low, [00000126B95E9500][00000126AE69A340 49] Android_Adreno5xx, [00000126B9585000][00000126B26F0600 49] Android_Adreno6xx, [00000126B95E8100][00000126B26F48C0 49] Android_Adreno6xx_Vulkan, [00000126B9586F00][00000126AE67EB40 49] Android_Mali_T6xx, [00000126B95E8900][00000126B26F8DC0 49] Android_Mali_T7xx, [00000126B9585900][00000126B2701080 49] Android_Mali_T8xx, [00000126B95E9300][00000126B2705340 49] Android_Mali_G71, [00000126B9586B00][00000126B2709600 49] Android_Mali_G72, [00000126B95E9900][00000126B270D8C0 49] Android_Mali_G72_Vulkan, [00000126B9584B00][00000126B2711B80 49] Android_Mali_G76, [00000126B95E9200][00000126B27142C0 49] Android_Mali_G76_Vulkan, [00000126B9587A00][00000126B2718580 49] Android_Mali_G77, [00000126B95EA200][00000126B271C840 49] Android_Mali_G77_Vulkan, [00000126B9586400][00000126B2720B00 49] Android_Mali_G78, [00000126B95E9000][00000126B26FCD80 49] Android_Mali_G78_Vulkan, [00000126B9587400][00000126B2725000 49] Android_Mali_G710, [00000126B95E9400][00000126B272D2C0 49] Android_Mali_G710_Vulkan, [00000126B9585A00][00000126B2731580 49] Android_Vulkan_SM5, [00000126B95E9F00][00000126B2735840 49] Android_PowerVR_G6xxx, [00000126B9584700][00000126B2739B00 49] Android_PowerVR_GT7xxx, [00000126B953A700][00000126B273C240 49] Android_PowerVR_GE8xxx, [00000126B9589300][00000126B2740500 49] Android_PowerVR_GM9xxx, [00000126B9539800][00000126B27447C0 49] Android_PowerVR_GM9xxx_Vulkan, [00000126B9584100][00000126B2748A80 49] Android_TegraK1, [00000126B953AA00][00000126B274CD40 49] Android_Unknown_Vulkan, [00000126B9585B00][00000126B2728FC0 49] Lumin, [00000126B95EAE00][00000126B2751240 49] Lumin_Desktop, [00000126B9588600][00000126B2759500 49] HoloLens, 
[2022.07.31-22.10.37:308][  0]LogMeshReduction: Using QuadricMeshReduction for automatic static mesh reduction
[2022.07.31-22.10.37:308][  0]LogMeshReduction: Using SimplygonMeshReduction for automatic skeletal mesh reduction
[2022.07.31-22.10.37:308][  0]LogMeshReduction: Using ProxyLODMeshReduction for automatic mesh merging
[2022.07.31-22.10.37:308][  0]LogMeshReduction: No distributed automatic mesh merging module available
[2022.07.31-22.10.37:308][  0]LogMeshMerging: No distributed automatic mesh merging module available
[2022.07.31-22.10.37:433][  0]LogNetVersion: YoungManJenkins2 1.0.0, NetCL: 17155196, EngineNetVer: 17, GameNetVer: 0 (Checksum: 1288888525)
[2022.07.31-22.10.37:702][  0]LogTexture: Default maximum texture size for cubemaps generated from long-lat sources has been changed from 512 to unlimited. In order to preserve old behaiour for '/Engine/MapTemplates/Sky/DaylightAmbientCubemap.DaylightAmbientCubemap', its maximum texture size has been explicitly set to 512.
[2022.07.31-22.10.37:760][  0]LogHMD: PokeAHoleMaterial loaded successfully
[2022.07.31-22.10.37:872][  0]LogMoviePlayer: Initializing movie player
[2022.07.31-22.10.37:963][  0]LogNiagaraDebuggerClient: Niagara Debugger Client Initialized | Session: 381A886149846463FEF9F4BA218DDD24 | Instance: 43C54560488FE42DBCEED9A5C3B340D7 (DESKTOP-PA1D2JD-22804).
[2022.07.31-22.10.37:987][  0]LogCollectionManager: Loaded 0 collections in 0.002417 seconds
[2022.07.31-22.10.37:989][  0]LogFileCache: Scanning file cache for directory 'C:/GameDev/Unreal/Young-Man-Jenkins-2-The-Robbery/YoungManJenkins2/YoungManJenkins2/Saved/Collections/' took 0.00s
[2022.07.31-22.10.37:989][  0]LogFileCache: Scanning file cache for directory 'C:/GameDev/Unreal/Young-Man-Jenkins-2-The-Robbery/YoungManJenkins2/YoungManJenkins2/Content/Developers/natha/Collections/' took 0.00s
[2022.07.31-22.10.37:990][  0]LogCollectionManager: Fixed up redirectors for 0 collections in 0.000002 seconds (updated 0 objects)
[2022.07.31-22.10.38:121][  0]LogFileCache: Scanning file cache for directory 'C:/GameDev/Unreal/Young-Man-Jenkins-2-The-Robbery/YoungManJenkins2/YoungManJenkins2/Content/Collections/' took 0.00s
[2022.07.31-22.10.38:121][  0]LogPython: Using Python 3.7.7
[2022.07.31-22.10.38:615][  0]LogTcpMessaging: Initializing TcpMessaging bridge
[2022.07.31-22.10.38:620][  0]LogUdpMessaging: Initializing bridge on interface 0.0.0.0:0 to multicast group 230.0.0.1:6666.
[2022.07.31-22.10.38:754][  0]SourceControl: Source control is disabled
[2022.07.31-22.10.38:754][  0]SourceControl: Source control is disabled
[2022.07.31-22.10.38:757][  0]SourceControl: Source control is disabled
[2022.07.31-22.10.38:766][  0]LogUProjectInfo: Found projects:
[2022.07.31-22.10.38:835][  0]LogOpenImageDenoise: OIDN starting up
[2022.07.31-22.10.38:860][  0]LogAndroidPermission: UAndroidPermissionCallbackProxy::GetInstance
[2022.07.31-22.10.38:866][  0]LogAudioCaptureCore: Display: No Audio Capture implementations found. Audio input will be silent.
[2022.07.31-22.10.38:866][  0]LogAudioCaptureCore: Display: No Audio Capture implementations found. Audio input will be silent.
[2022.07.31-22.10.38:956][  0]LogOcInput: OculusInput pre-init called
[2022.07.31-22.10.38:966][  0]LogUObjectArray: 22121 objects as part of root set at end of initial load.
[2022.07.31-22.10.38:966][  0]LogUObjectAllocator: 5975632 out of 0 bytes used by permanent object pool.
[2022.07.31-22.10.38:966][  0]LogUObjectArray: CloseDisregardForGC: 0/0 objects in disregard for GC pool
[2022.07.31-22.10.39:024][  0]LogEngine: Initializing Engine...
[2022.07.31-22.10.39:028][  0]LogHMD: Failed to enumerate extensions. Please check that you have a valid OpenXR runtime installed.
[2022.07.31-22.10.39:028][  0]LogHMD: Failed to initialize OpenVR with code 110
[2022.07.31-22.10.39:028][  0]LogMagicLeap: Warning: VR disabled because ZI is not enabled.  To enable, in the editor, Edit -> Project Settings -> Plugins -> Magic Leap Plugin -> Enable Zero Iteration
[2022.07.31-22.10.39:030][  0]LogStats: UGameplayTagsManager::InitializeManager -  0.000 s
[2022.07.31-22.10.39:125][  0]LogInit: Initializing FReadOnlyCVARCache
[2022.07.31-22.10.39:125][  0]LogAudio: Display: Initializing Audio Device Manager...
[2022.07.31-22.10.39:129][  0]LogAudio: Display: Loading Default Audio Settings Objects...
[2022.07.31-22.10.39:130][  0]LogAudio: Display: No default SoundConcurrencyObject specified (or failed to load).
[2022.07.31-22.10.39:130][  0]LogAudio: Display: Audio Device Manager Initialized
[2022.07.31-22.10.39:130][  0]LogAudio: Display: Creating Audio Device:                 Id: 1, Scope: Shared, Realtime: True
[2022.07.31-22.10.39:130][  0]LogAudioMixer: Display: Audio Mixer Platform Settings:
[2022.07.31-22.10.39:130][  0]LogAudioMixer: Display: 	Sample Rate:						  48000
[2022.07.31-22.10.39:130][  0]LogAudioMixer: Display: 	Callback Buffer Frame Size Requested: 1024
[2022.07.31-22.10.39:130][  0]LogAudioMixer: Display: 	Callback Buffer Frame Size To Use:	  1024
[2022.07.31-22.10.39:130][  0]LogAudioMixer: Display: 	Number of buffers to queue:			  2
[2022.07.31-22.10.39:130][  0]LogAudioMixer: Display: 	Max Channels (voices):				  32
[2022.07.31-22.10.39:130][  0]LogAudioMixer: Display: 	Number of Async Source Workers:		  0
[2022.07.31-22.10.39:130][  0]LogAudio: Display: AudioDevice MaxSources: 32
[2022.07.31-22.10.39:130][  0]LogAudio: Display: Audio Spatialization Plugin: None (built-in).
[2022.07.31-22.10.39:130][  0]LogAudio: Display: Audio Reverb Plugin: None (built-in).
[2022.07.31-22.10.39:130][  0]LogAudio: Display: Audio Occlusion Plugin: None (built-in).
[2022.07.31-22.10.39:131][  0]LogAudioMixer: Display: Initializing audio mixer.
[2022.07.31-22.10.39:147][  0]LogAudioMixer: Display: 0: FrontLeft
[2022.07.31-22.10.39:147][  0]LogAudioMixer: Display: 1: FrontRight
[2022.07.31-22.10.39:162][  0]LogAudioMixer: Display: Using Audio Device Speakers (2- Logitech USB Headset H340)
[2022.07.31-22.10.39:167][  0]LogAudioMixer: Display: Initializing Sound Submixes...
[2022.07.31-22.10.39:170][  0]LogAudioMixer: Display: Creating Master Submix 'MasterSubmixDefault'
[2022.07.31-22.10.39:170][  0]LogAudioMixer: Display: Creating Master Submix 'MasterReverbSubmixDefault'
[2022.07.31-22.10.39:171][  0]LogAudioMixer: Display: Creating Master Submix 'MasterEQSubmixDefault'
[2022.07.31-22.10.39:171][  0]LogAudioMixer: FMixerPlatformXAudio2::StartAudioStream() called
[2022.07.31-22.10.39:171][  0]LogAudioMixer: Display: Output buffers initialized: Frames=1024, Channels=2, Samples=2048
[2022.07.31-22.10.39:172][  0]LogAudioMixer: Display: Starting AudioMixerPlatformInterface::RunInternal()
[2022.07.31-22.10.39:172][  0]LogAudioMixer: Display: FMixerPlatformXAudio2::SubmitBuffer() called for the first time
[2022.07.31-22.10.39:172][  0]LogInit: FAudioDevice initialized.
[2022.07.31-22.10.39:174][  0]LogNetVersion: Set ProjectVersion to 1.0.0.0. Version Checksum will be recalculated on next use.
[2022.07.31-22.10.39:174][  0]LogInit: Texture streaming: Enabled
[2022.07.31-22.10.39:247][  0]LogAudio: Display: Audio Device (ID: 1) registered with world 'Untitled'.
[2022.07.31-22.10.39:247][  0]LogSlate: Updating window title bar state: overlay mode, drag disabled, window buttons hidden, title bar hidden
[2022.07.31-22.10.39:249][  0]LogInit: Display: Game Engine Initialized.
[2022.07.31-22.10.39:249][  0]LogNiagaraEditor: GEditor isn't valid! Particle reset commands will not work for Niagara components!
[2022.07.31-22.10.39:368][  0]LogInit: Display: Starting Game.
[2022.07.31-22.10.39:368][  0]LogNet: Browse: /Game/TopDownBP/Maps/TrainCarlvl1?Name=Player
[2022.07.31-22.10.39:368][  0]LogLoad: LoadMap: /Game/TopDownBP/Maps/TrainCarlvl1?Name=Player
[2022.07.31-22.10.39:368][  0]LogWorld: BeginTearingDown for /Temp/Untitled_0
[2022.07.31-22.10.39:369][  0]LogWorld: UWorld::CleanupWorld for Untitled, bSessionEnded=true, bCleanupResources=true
[2022.07.31-22.10.39:369][  0]LogSlate: InvalidateAllWidgets triggered.  All widgets were invalidated
[2022.07.31-22.10.39:382][  0]LogAudio: Display: Audio Device unregistered from world 'None'.
[2022.07.31-22.10.39:385][  0]LogUObjectHash: Compacting FUObjectHashTables data took   0.85ms
[2022.07.31-22.10.39:564][  0]LogAudio: Display: Audio Device (ID: 1) registered with world 'TrainCarlvl1'.
[2022.07.31-22.10.39:572][  0]LogAIModule: Creating AISystem for world TrainCarlvl1
[2022.07.31-22.10.39:572][  0]LogLoad: Game class is 'TopDownGameMode_C'
[2022.07.31-22.10.39:584][  0]LogWorld: Bringing World /Game/TopDownBP/Maps/TrainCarlvl1.TrainCarlvl1 up for play (max tick rate 0) at 2022.07.31-19.10.39
[2022.07.31-22.10.39:584][  0]LogWorld: Bringing up level for play took: 0.011207
[2022.07.31-22.10.39:587][  0]LogLoad: Took 0.219372 seconds to LoadMap(/Game/TopDownBP/Maps/TrainCarlvl1)
[2022.07.31-22.10.39:719][  0]LogSlate: Took 0.000202 seconds to synchronously load lazily loaded font '../../../Engine/Content/Slate/Fonts/Roboto-Regular.ttf' (155K)
[2022.07.31-22.10.39:782][  0]LogRenderer: Reallocating scene render targets to support 1280x720 Format 10 NumSamples 1 (Frame:1).
[2022.07.31-22.10.39:782][  0]LogInit: Display: Engine is initialized. Leaving FEngineLoop::Init()
[2022.07.31-22.10.39:782][  0]LogLoad: (Engine Initialization) Total time: 6.66 seconds
[2022.07.31-22.10.39:782][  0]LogLoad: (Engine Initialization) Total Blueprint compile time: 0.00 seconds
[2022.07.31-22.10.39:785][  0]LogContentStreaming: Texture pool size now 1000 MB
[2022.07.31-22.10.39:787][  0]LogSlate: InvalidateAllWidgets triggered.  All widgets were invalidated
[2022.07.31-22.10.39:845][  1]LogSlate: Took 0.000165 seconds to synchronously load lazily loaded font '../../../Engine/Content/Slate/Fonts/Roboto-Regular.ttf' (155K)
[2022.07.31-22.10.49:875][599]LogSlate: Window 'YoungManJenkins2 (64-bit Development PCD3D_SM5) ' being destroyed
[2022.07.31-22.10.49:876][599]LogWindowsTextInputMethodSystem: Display: IME system deactivated.
[2022.07.31-22.10.49:881][599]LogSlate: Updating window title bar state: overlay mode, drag disabled, window buttons hidden, title bar hidden
[2022.07.31-22.10.49:881][599]LogEngine: All Windows Closed
[2022.07.31-22.10.49:881][599]LogWindows: FPlatformMisc::RequestExit(0)
[2022.07.31-22.10.49:881][599]LogWindows: FPlatformMisc::RequestExitWithStatus(0, 0)
[2022.07.31-22.10.49:881][599]LogCore: Engine exit requested (reason: Win RequestExit)
[2022.07.31-22.10.49:882][600]LogCore: Engine exit requested (reason: EngineExit() was called; note: exit was already requested)
[2022.07.31-22.10.49:882][600]LogInit: Display: PreExit Game.
[2022.07.31-22.10.49:898][600]LogWorld: BeginTearingDown for /Game/TopDownBP/Maps/TrainCarlvl1
[2022.07.31-22.10.49:898][600]LogWorld: UWorld::CleanupWorld for TrainCarlvl1, bSessionEnded=true, bCleanupResources=true
[2022.07.31-22.10.49:899][600]LogSlate: InvalidateAllWidgets triggered.  All widgets were invalidated
[2022.07.31-22.10.50:034][600]LogAudio: Display: Beginning Audio Device Manager Shutdown (Module: AudioMixerXAudio2)...
[2022.07.31-22.10.50:034][600]LogAudio: Display: Destroying 1 Remaining Audio Device(s)...
[2022.07.31-22.10.50:034][600]LogAudio: Display: Audio Device unregistered from world 'TrainCarlvl1'.
[2022.07.31-22.10.50:076][600]LogAudioMixer: FMixerPlatformXAudio2::StopAudioStream() called
[2022.07.31-22.10.50:077][600]LogAudioMixer: FMixerPlatformXAudio2::StopAudioStream() called
[2022.07.31-22.10.50:081][600]LogAudio: Display: Audio Device Manager Shutdown
[2022.07.31-22.10.50:084][600]LogExit: Preparing to exit.
[2022.07.31-22.10.50:630][600]LogSlate: Updating window title bar state: overlay mode, drag disabled, window buttons hidden, title bar hidden
[2022.07.31-22.10.50:633][600]LogUObjectHash: Compacting FUObjectHashTables data took   0.96ms
[2022.07.31-22.10.50:683][600]LogMoviePlayer: Shutting down movie player
[2022.07.31-22.10.50:861][600]LogDemo: Cleaned up 0 splitscreen connections with owner deletion
[2022.07.31-22.10.50:863][600]LogExit: Game engine shut down
[2022.07.31-22.10.50:906][600]LogExit: Object subsystem successfully closed.
[2022.07.31-22.10.50:922][600]LogShaderCompilers: Display: === FShaderJobCache stats ===
[2022.07.31-22.10.50:922][600]LogShaderCompilers: Display: Total job queries 0, among them cache hits 0 (0.00%)
[2022.07.31-22.10.50:922][600]LogShaderCompilers: Display: Tracking 0 distinct input hashes that result in 0 distinct outputs (0.00%)
[2022.07.31-22.10.50:922][600]LogShaderCompilers: Display: RAM used: 0.00 MB (0.00 GB) of 1228.80 MB (1.20 GB) budget. Usage: 0.00%
[2022.07.31-22.10.50:922][600]LogShaderCompilers: Display: ================================================
[2022.07.31-22.10.50:932][600]LogShaderCompilers: Display: Shaders left to compile 0
[2022.07.31-22.10.50:961][600]LogModuleManager: Shutting down and abandoning module SequenceRecorderSections (558)
[2022.07.31-22.10.50:961][600]LogModuleManager: Shutting down and abandoning module SequenceRecorder (556)
[2022.07.31-22.10.50:961][600]LogModuleManager: Shutting down and abandoning module AutomationController (554)
[2022.07.31-22.10.50:961][600]LogModuleManager: Shutting down and abandoning module AutomationWorker (552)
[2022.07.31-22.10.50:961][600]LogModuleManager: Shutting down and abandoning module Voice (550)
[2022.07.31-22.10.50:961][600]LogModuleManager: Shutting down and abandoning module AIModule (548)
[2022.07.31-22.10.50:961][600]LogModuleManager: Shutting down and abandoning module GameplayDebugger (547)
[2022.07.31-22.10.50:961][600]LogModuleManager: Shutting down and abandoning module AITestSuite (545)
[2022.07.31-22.10.50:961][600]LogModuleManager: Shutting down and abandoning module NavigationSystem (543)
[2022.07.31-22.10.50:961][600]LogModuleManager: Shutting down and abandoning module SteamVREditor (540)
[2022.07.31-22.10.50:961][600]LogModuleManager: Shutting down and abandoning module ToolMenus (539)
[2022.07.31-22.10.50:961][600]LogModuleManager: Shutting down and abandoning module OculusMR (536)
[2022.07.31-22.10.50:961][600]LogModuleManager: Shutting down and abandoning module OpenXRInput (534)
[2022.07.31-22.10.50:961][600]LogModuleManager: Shutting down and abandoning module TakeRecorderSources (532)
[2022.07.31-22.10.50:961][600]LogModuleManager: Shutting down and abandoning module TakeRecorder (531)
[2022.07.31-22.10.50:961][600]LogModuleManager: Shutting down and abandoning module TakeTrackRecorders (528)
[2022.07.31-22.10.50:961][600]LogModuleManager: Shutting down and abandoning module TakesCore (526)
[2022.07.31-22.10.50:961][600]LogModuleManager: Shutting down and abandoning module WebMMediaFactory (524)
[2022.07.31-22.10.50:961][600]LogModuleManager: Shutting down and abandoning module WebMMedia (522)
[2022.07.31-22.10.50:961][600]LogModuleManager: Shutting down and abandoning module WmfMediaFactory (520)
[2022.07.31-22.10.50:961][600]LogModuleManager: Shutting down and abandoning module OpenExrWrapper (518)
[2022.07.31-22.10.50:961][600]LogModuleManager: Shutting down and abandoning module ImgMediaFactory (516)
[2022.07.31-22.10.50:961][600]LogModuleManager: Shutting down and abandoning module AvfMediaFactory (514)
[2022.07.31-22.10.50:961][600]LogModuleManager: Shutting down and abandoning module PlanarCut (512)
[2022.07.31-22.10.50:961][600]LogModuleManager: Shutting down and abandoning module MagicLeapMediaCodecFactory (510)
[2022.07.31-22.10.50:961][600]LogModuleManager: Shutting down and abandoning module MagicLeapMediaFactory (508)
[2022.07.31-22.10.50:961][600]LogModuleManager: Shutting down and abandoning module CharacterAI (506)
[2022.07.31-22.10.50:961][600]LogModuleManager: Shutting down and abandoning module SessionServices (504)
[2022.07.31-22.10.50:961][600]LogModuleManager: Shutting down and abandoning module MovieSceneCapture (502)
[2022.07.31-22.10.50:961][600]LogModuleManager: Shutting down and abandoning module LiveCoding (500)
[2022.07.31-22.10.50:961][600]LogModuleManager: Shutting down and abandoning module LevelSequence (498)
[2022.07.31-22.10.50:961][600]LogModuleManager: Shutting down and abandoning module MovieSceneTracks (496)
[2022.07.31-22.10.50:961][600]LogModuleManager: Shutting down and abandoning module MovieScene (494)
[2022.07.31-22.10.50:961][600]LogModuleManager: Shutting down and abandoning module StreamingPauseRendering (492)
[2022.07.31-22.10.50:961][600]LogModuleManager: Shutting down and abandoning module PortalServices (490)
[2022.07.31-22.10.50:961][600]LogModuleManager: Shutting down and abandoning module PortalRpc (488)
[2022.07.31-22.10.50:961][600]LogModuleManager: Shutting down and abandoning module MessagingRpc (486)
[2022.07.31-22.10.50:962][600]LogModuleManager: Shutting down and abandoning module AudioMixerXAudio2 (484)
[2022.07.31-22.10.50:962][600]LogModuleManager: Shutting down and abandoning module AudioMixerCore (483)
[2022.07.31-22.10.50:962][600]LogModuleManager: Shutting down and abandoning module ImageWriteQueue (480)
[2022.07.31-22.10.50:966][600]LogModuleManager: Shutting down and abandoning module ProfilerService (478)
[2022.07.31-22.10.50:985][600]LogModuleManager: Shutting down and abandoning module TaskGraph (476)
[2022.07.31-22.10.50:986][600]LogModuleManager: Shutting down and abandoning module OculusInput (474)
[2022.07.31-22.10.50:986][600]LogModuleManager: Shutting down and abandoning module Synthesis (472)
[2022.07.31-22.10.50:986][600]LogModuleManager: Shutting down and abandoning module ProceduralMeshComponent (470)
[2022.07.31-22.10.50:986][600]LogModuleManager: Shutting down and abandoning module MobilePatchingUtils (468)
[2022.07.31-22.10.50:986][600]LogModuleManager: Shutting down and abandoning module TakeMovieScene (466)
[2022.07.31-22.10.50:986][600]LogModuleManager: Shutting down and abandoning module GooglePAD (464)
[2022.07.31-22.10.50:986][600]LogModuleManager: Shutting down and abandoning module EditableMesh (462)
[2022.07.31-22.10.50:986][600]LogModuleManager: Shutting down and abandoning module CustomMeshComponent (460)
[2022.07.31-22.10.50:986][600]LogModuleManager: Shutting down and abandoning module CableComponent (458)
[2022.07.31-22.10.50:986][600]LogModuleManager: Shutting down and abandoning module AssetTags (456)
[2022.07.31-22.10.50:986][600]LogModuleManager: Shutting down and abandoning module AppleImageUtilsBlueprintSupport (454)
[2022.07.31-22.10.50:986][600]LogModuleManager: Shutting down and abandoning module AppleImageUtils (452)
[2022.07.31-22.10.50:986][600]LogModuleManager: Shutting down and abandoning module ArchVisCharacter (450)
[2022.07.31-22.10.50:986][600]LogModuleManager: Shutting down and abandoning module AudioCapture (448)
[2022.07.31-22.10.50:986][600]LogModuleManager: Shutting down and abandoning module AudioCaptureRtAudio (447)
[2022.07.31-22.10.50:986][600]LogModuleManager: Shutting down and abandoning module AndroidPermission (444)
[2022.07.31-22.10.50:986][600]LogModuleManager: Shutting down and abandoning module ActorLayerUtilities (442)
[2022.07.31-22.10.50:986][600]LogModuleManager: Shutting down and abandoning module TemplateSequence (440)
[2022.07.31-22.10.50:986][600]LogModuleManager: Shutting down and abandoning module MediaCompositing (438)
[2022.07.31-22.10.50:986][600]LogModuleManager: Shutting down and abandoning module ImgMedia (436)
[2022.07.31-22.10.50:986][600]LogModuleManager: Shutting down and abandoning module OpenImageDenoise (434)
[2022.07.31-22.10.50:986][600]LogOpenImageDenoise: OIDN shutting down
[2022.07.31-22.10.50:986][600]LogModuleManager: Shutting down and abandoning module MotoSynth (432)
[2022.07.31-22.10.50:986][600]LogModuleManager: Shutting down and abandoning module MeshConversion (430)
[2022.07.31-22.10.50:986][600]LogModuleManager: Shutting down and abandoning module DynamicMesh (428)
[2022.07.31-22.10.50:986][600]LogModuleManager: Shutting down and abandoning module GeometryAlgorithms (426)
[2022.07.31-22.10.50:986][600]LogModuleManager: Shutting down and abandoning module GeometricObjects (424)
[2022.07.31-22.10.50:986][600]LogModuleManager: Shutting down and abandoning module GeometryCollectionTracks (422)
[2022.07.31-22.10.50:986][600]LogModuleManager: Shutting down and abandoning module GeometryCollectionSequencer (421)
[2022.07.31-22.10.50:986][600]LogModuleManager: Shutting down and abandoning module GeometryCacheTracks (418)
[2022.07.31-22.10.50:986][600]LogModuleManager: Shutting down and abandoning module GeometryCacheSequencer (417)
[2022.07.31-22.10.50:986][600]LogModuleManager: Shutting down and abandoning module GeometryCache (414)
[2022.07.31-22.10.50:986][600]LogModuleManager: Shutting down and abandoning module GeometryCacheEd (413)
[2022.07.31-22.10.50:986][600]LogModuleManager: Shutting down and abandoning module MagicLeapSharedWorld (410)
[2022.07.31-22.10.50:986][600]LogModuleManager: Shutting down and abandoning module MagicLeapLightEstimation (408)
[2022.07.31-22.10.50:986][600]LogModuleManager: Shutting down and abandoning module VisualStudioCodeSourceCodeAccess (406)
[2022.07.31-22.10.50:986][600]LogModuleManager: Shutting down and abandoning module MagicLeapHelperVulkan (404)
[2022.07.31-22.10.50:986][600]LogModuleManager: Shutting down and abandoning module MagicLeapHelperOpenGL (402)
[2022.07.31-22.10.50:986][600]LogModuleManager: Shutting down and abandoning module MagicLeapAudio (400)
[2022.07.31-22.10.50:986][600]LogModuleManager: Shutting down and abandoning module VisualStudioSourceCodeAccess (398)
[2022.07.31-22.10.50:986][600]LogModuleManager: Shutting down and abandoning module HotReload (397)
[2022.07.31-22.10.50:986][600]LogModuleManager: Shutting down and abandoning module UObjectPlugin (394)
[2022.07.31-22.10.50:986][600]LogModuleManager: Shutting down and abandoning module SubversionSourceControl (392)
[2022.07.31-22.10.50:986][600]LogModuleManager: Shutting down and abandoning module PerforceSourceControl (390)
[2022.07.31-22.10.50:986][600]LogModuleManager: Shutting down and abandoning module SourceControl (389)
[2022.07.31-22.10.50:986][600]LogModuleManager: Shutting down and abandoning module CLionSourceCodeAccess (386)
[2022.07.31-22.10.50:986][600]LogModuleManager: Shutting down and abandoning module ChaosNiagara (384)
[2022.07.31-22.10.50:986][600]LogModuleManager: Shutting down and abandoning module FieldSystemEngine (383)
[2022.07.31-22.10.50:986][600]LogModuleManager: Shutting down and abandoning module BackChannel (380)
[2022.07.31-22.10.50:986][600]LogModuleManager: Shutting down and abandoning module AutomationUtils (378)
[2022.07.31-22.10.50:986][600]LogModuleManager: Shutting down and abandoning module LiveLinkSequencer (376)
[2022.07.31-22.10.50:987][600]LogModuleManager: Shutting down and abandoning module LiveLinkMovieScene (374)
[2022.07.31-22.10.50:987][600]LogModuleManager: Shutting down and abandoning module LiveLinkGraphNode (372)
[2022.07.31-22.10.50:987][600]LogModuleManager: Shutting down and abandoning module LiveLinkComponents (370)
[2022.07.31-22.10.50:987][600]LogModuleManager: Shutting down and abandoning module LiveLink (368)
