Log file open, 08/04/22 13:08:06
LogWindows: Failed to load 'aqProf.dll' (GetLastError=126)
LogWindows: File 'aqProf.dll' does not exist
LogWindows: Failed to load 'VtuneApi.dll' (GetLastError=126)
LogWindows: File 'VtuneApi.dll' does not exist
LogWindows: Failed to load 'VtuneApi32e.dll' (GetLastError=126)
LogWindows: File 'VtuneApi32e.dll' does not exist
LogConsoleResponse: Display: Failed to find resolution value strings in scalability ini. Falling back to default.
LogConsoleResponse: Display: Failed to find resolution value strings in scalability ini. Falling back to default.
LogInit: Display: Running engine for game: YoungManJenkins2
LogPlatformFile: Not using cached read wrapper
LogTaskGraph: Started task graph with 5 named threads and 47 total threads with 3 sets of task threads.
LogStats: Stats thread started at 0.307952
LogICUInternationalization: ICU TimeZone Detection - Raw Offset: -4:00, Platform Override: ''
LogInit: Display: Loading text-based GConfig....
LogPluginManager: Mounting plugin MeshPainting
LogPluginManager: Mounting plugin XGEController
LogPluginManager: Mounting plugin Paper2D
LogPluginManager: Mounting plugin AISupport
LogPluginManager: Mounting plugin EnvironmentQueryEditor
LogPluginManager: Mounting plugin LiveLink
LogPluginManager: Mounting plugin GameplayCameras
LogPluginManager: Mounting plugin LightPropagationVolume
LogPluginManager: Mounting plugin CameraShakePreviewer
LogPluginManager: Mounting plugin AnimationSharing
LogPluginManager: Mounting plugin OodleData
LogPluginManager: Mounting plugin CodeLiteSourceCodeAccess
LogPluginManager: Mounting plugin CLionSourceCodeAccess
LogPluginManager: Mounting plugin OodleNetwork
LogPluginManager: Mounting plugin GitSourceControl
LogPluginManager: Mounting plugin KDevelopSourceCodeAccess
LogPluginManager: Mounting plugin PerforceSourceControl
LogPluginManager: Mounting plugin PixWinPlugin
LogPluginManager: Mounting plugin PropertyAccessNode
LogPluginManager: Mounting plugin RiderSourceCodeAccess
LogPluginManager: Mounting plugin PlasticSourceControl
LogPluginManager: Mounting plugin NullSourceCodeAccess
LogPluginManager: Mounting plugin TextureFormatOodle
LogPluginManager: Mounting plugin PluginUtils
LogPluginManager: Mounting plugin SubversionSourceControl
LogPluginManager: Mounting plugin UObjectPlugin
LogPluginManager: Mounting plugin VisualStudioCodeSourceCodeAccess
LogPluginManager: Mounting plugin VisualStudioSourceCodeAccess
LogPluginManager: Mounting plugin XCodeSourceCodeAccess
LogPluginManager: Mounting plugin AssetManagerEditor
LogPluginManager: Mounting plugin CurveEditorTools
LogPluginManager: Mounting plugin FacialAnimation
LogPluginManager: Mounting plugin GameplayTagsEditor
LogPluginManager: Mounting plugin GeometryMode
LogPluginManager: Mounting plugin CryptoKeys
LogPluginManager: Mounting plugin MacGraphicsSwitching
LogPluginManager: Mounting plugin DataValidation
LogPluginManager: Mounting plugin MobileLauncherProfileWizard
LogPluginManager: Mounting plugin SpeedTreeImporter
LogPluginManager: Mounting plugin PluginBrowser
LogPluginManager: Mounting plugin MaterialAnalyzer
LogPluginManager: Mounting plugin Niagara
LogPluginManager: Mounting plugin DatasmithContent
LogPluginManager: Mounting plugin VariantManagerContent
LogPluginManager: Mounting plugin AlembicImporter
LogPluginManager: Mounting plugin AutomationUtils
LogPluginManager: Mounting plugin ChaosCloth
LogPluginManager: Mounting plugin ChaosClothEditor
LogPluginManager: Mounting plugin BackChannel
LogPluginManager: Mounting plugin ChaosEditor
LogPluginManager: Mounting plugin ChaosSolverPlugin
LogPluginManager: Mounting plugin ChaosNiagara
LogPluginManager: Mounting plugin CharacterAI
LogPluginManager: Mounting plugin LuminPlatformFeatures
LogPluginManager: Mounting plugin MagicLeap
LogPluginManager: Mounting plugin MagicLeapLightEstimation
LogPluginManager: Mounting plugin MagicLeapMedia
LogPluginManager: Mounting plugin MagicLeapPassableWorld
LogPluginManager: Mounting plugin MLSDK
LogPluginManager: Mounting plugin GeometryCache
LogPluginManager: Mounting plugin GeometryCollectionPlugin
LogPluginManager: Mounting plugin GeometryProcessing
LogPluginManager: Mounting plugin OpenImageDenoise
LogPluginManager: Mounting plugin MotoSynth
LogPluginManager: Mounting plugin PlanarCut
LogPluginManager: Mounting plugin ProxyLODPlugin
LogPluginManager: Mounting plugin PlatformCrypto
LogPluginManager: Mounting plugin PythonScriptPlugin
LogPluginManager: Mounting plugin AndroidMedia
LogPluginManager: Mounting plugin AvfMedia
LogPluginManager: Mounting plugin ImgMedia
LogPluginManager: Mounting plugin MediaCompositing
LogPluginManager: Mounting plugin MediaPlayerEditor
LogPluginManager: Mounting plugin WebMMedia
LogPluginManager: Mounting plugin SkeletalReduction
LogPluginManager: Mounting plugin WmfMedia
LogPluginManager: Mounting plugin UdpMessaging
LogPluginManager: Mounting plugin TcpMessaging
LogPluginManager: Mounting plugin OnlineSubsystem
LogPluginManager: Mounting plugin OnlineSubsystemNull
LogPluginManager: Mounting plugin OnlineSubsystemUtils
LogPluginManager: Mounting plugin LauncherChunkInstaller
LogPluginManager: Mounting plugin ActorSequence
LogPluginManager: Mounting plugin MatineeToLevelSequence
LogPluginManager: Mounting plugin LevelSequenceEditor
LogPluginManager: Mounting plugin TemplateSequence
LogPluginManager: Mounting plugin ActorLayerUtilities
LogPluginManager: Mounting plugin AndroidMoviePlayer
LogPluginManager: Mounting plugin AndroidDeviceProfileSelector
LogPluginManager: Mounting plugin AndroidPermission
LogPluginManager: Mounting plugin AppleImageUtils
LogPluginManager: Mounting plugin AssetTags
LogPluginManager: Mounting plugin ArchVisCharacter
LogPluginManager: Mounting plugin AppleMoviePlayer
LogPluginManager: Mounting plugin AudioCapture
LogPluginManager: Mounting plugin AudioSynesthesia
LogPluginManager: Mounting plugin CableComponent
LogPluginManager: Mounting plugin EditableMesh
LogPluginManager: Mounting plugin CustomMeshComponent
LogPluginManager: Mounting plugin ChunkDownloader
LogPluginManager: Mounting plugin ExampleDeviceProfileSelector
LogPluginManager: Mounting plugin GoogleCloudMessaging
LogPluginManager: Mounting plugin IOSDeviceProfileSelector
LogPluginManager: Mounting plugin LinuxDeviceProfileSelector
LogPluginManager: Mounting plugin GooglePAD
LogPluginManager: Mounting plugin LocationServicesBPLibrary
LogPluginManager: Mounting plugin MobilePatchingUtils
LogPluginManager: Mounting plugin OpenXR
LogPluginManager: Mounting plugin OpenXREyeTracker
LogPluginManager: Mounting plugin ScreenshotTools
LogPluginManager: Mounting plugin OpenXRHandTracking
LogPluginManager: Mounting plugin PhysXVehicles
LogPluginManager: Mounting plugin PostSplashScreen
LogPluginManager: Mounting plugin ProceduralMeshComponent
LogPluginManager: Mounting plugin Takes
LogPluginManager: Mounting plugin PropertyAccessEditor
LogPluginManager: Mounting plugin SignificanceManager
LogPluginManager: Mounting plugin RuntimePhysXCooking
LogPluginManager: Mounting plugin SoundFields
LogPluginManager: Mounting plugin Synthesis
LogPluginManager: Mounting plugin WebMMoviePlayer
LogPluginManager: Mounting plugin WindowsMoviePlayer
LogPluginManager: Mounting plugin ContentBrowserAssetDataSource
LogPluginManager: Mounting plugin ContentBrowserClassDataSource
LogPluginManager: Mounting plugin ContentBrowserFileDataSource
LogPluginManager: Mounting plugin OnlineSubsystemGooglePlay
LogPluginManager: Mounting plugin OnlineSubsystemIOS
LogPluginManager: Mounting plugin OculusVR
LogPluginManager: Mounting plugin SteamVR
PixWinPlugin: PIX capture plugin failed to initialize! Check that the process is launched from PIX.
LogInit: Using libcurl 7.55.1-DEV
LogInit:  - built for x86_64-pc-win32
LogInit:  - supports SSL with OpenSSL/1.1.1
LogInit:  - supports HTTP deflate (compression) using libz 1.2.8
LogInit:  - other features:
LogInit:      CURL_VERSION_SSL
LogInit:      CURL_VERSION_LIBZ
LogInit:      CURL_VERSION_IPV6
LogInit:      CURL_VERSION_ASYNCHDNS
LogInit:      CURL_VERSION_LARGEFILE
LogInit:      CURL_VERSION_IDN
LogInit:  CurlRequestOptions (configurable via config and command line):
LogInit:  - bVerifyPeer = true  - Libcurl will verify peer certificate
LogInit:  - bUseHttpProxy = false  - Libcurl will NOT use HTTP proxy
LogInit:  - bDontReuseConnections = false  - Libcurl will reuse connections
LogInit:  - MaxHostConnections = 16  - Libcurl will limit the number of connections to a host
LogInit:  - LocalHostAddr = Default
LogInit:  - BufferSize = 65536
LogOnline: OSS: Creating online subsystem instance for: NULL
LogInit: WinSock: version 1.1 (2.2), MaxSocks=32767, MaxUdp=65467
LogOnline: OSS: TryLoadSubsystemAndSetDefault: Loaded subsystem for module [NULL]
LogOculusPluginWrapper: OculusPlugin initialized successfully
LogHMD: Failed initializing OVRPlugin 1.59.0
LogInit: Build: ++UE4+Release-4.27-CL-18319896
LogInit: Engine Version: 4.27.2-18319896+++UE4+Release-4.27
LogInit: Compatible Engine Version: 4.27.0-17155196+++UE4+Release-4.27
LogInit: Net CL: 17155196
LogInit: OS: Windows 10 (Release 2009) (), CPU: AMD Ryzen 7 1700X Eight-Core Processor         , GPU: NVIDIA GeForce GTX 1050 Ti
LogInit: Compiled (64-bit): Nov 30 2021 07:12:08
LogInit: Compiled with Visual C++: 19.24.28315.00
LogInit: Build Configuration: Development
LogInit: Branch Name: ++UE4+Release-4.27
LogInit: Command Line: 
LogInit: Base Directory: C:/Program Files/Epic Games/UE_4.27/Engine/Binaries/Win64/
LogInit: Allocator: TBB
LogInit: Installed Engine Build: 1
LogDevObjectVersion: Number of dev versions registered: 29
LogDevObjectVersion:   Dev-Blueprints (B0D832E4-1F89-4F0D-ACCF-7EB736FD4AA2): 10
LogDevObjectVersion:   Dev-Build (E1C64328-A22C-4D53-A36C-8E866417BD8C): 0
LogDevObjectVersion:   Dev-Core (375EC13C-06E4-48FB-B500-84F0262A717E): 4
LogDevObjectVersion:   Dev-Editor (E4B068ED-F494-42E9-A231-DA0B2E46BB41): 40
LogDevObjectVersion:   Dev-Framework (CFFC743F-43B0-4480-9391-14DF171D2073): 37
LogDevObjectVersion:   Dev-Mobile (B02B49B5-BB20-44E9-A304-32B752E40360): 3
LogDevObjectVersion:   Dev-Networking (A4E4105C-59A1-49B5-A7C5-40C4547EDFEE): 0
LogDevObjectVersion:   Dev-Online (39C831C9-5AE6-47DC-9A44-9C173E1C8E7C): 0
LogDevObjectVersion:   Dev-Physics (78F01B33-EBEA-4F98-B9B4-84EACCB95AA2): 14
LogDevObjectVersion:   Dev-Platform (6631380F-2D4D-43E0-8009-CF276956A95A): 0
LogDevObjectVersion:   Dev-Rendering (12F88B9F-8875-4AFC-A67C-D90C383ABD29): 45
LogDevObjectVersion:   Dev-Sequencer (7B5AE74C-D270-4C10-A958-57980B212A5A): 13
LogDevObjectVersion:   Dev-VR (D7296918-1DD6-4BDD-9DE2-64A83CC13884): 3
LogDevObjectVersion:   Dev-LoadTimes (C2A15278-BFE7-4AFE-6C17-90FF531DF755): 1
LogDevObjectVersion:   Private-Geometry (6EACA3D4-40EC-4CC1-B786-8BED09428FC5): 3
LogDevObjectVersion:   Dev-AnimPhys (29E575DD-E0A3-4627-9D10-D276232CDCEA): 17
LogDevObjectVersion:   Dev-Anim (AF43A65D-7FD3-4947-9873-3E8ED9C1BB05): 15
LogDevObjectVersion:   Dev-ReflectionCapture (6B266CEC-1EC7-4B8F-A30B-E4D90942FC07): 1
LogDevObjectVersion:   Dev-Automation (0DF73D61-A23F-47EA-B727-89E90C41499A): 1
LogDevObjectVersion:   FortniteMain (601D1886-AC64-4F84-AA16-D3DE0DEAC7D6): 47
LogDevObjectVersion:   FortniteRelease (E7086368-6B23-4C58-8439-1B7016265E91): 1
LogDevObjectVersion:   Dev-Enterprise (9DFFBCD6-494F-0158-E221-12823C92A888): 10
LogDevObjectVersion:   Dev-Niagara (F2AED0AC-9AFE-416F-8664-AA7FFA26D6FC): 1
LogDevObjectVersion:   Dev-Destruction (174F1F0B-B4C6-45A5-B13F-2EE8D0FB917D): 10
LogDevObjectVersion:   Dev-Physics-Ext (35F94A83-E258-406C-A318-09F59610247C): 41
LogDevObjectVersion:   Dev-PhysicsMaterial-Chaos (B68FC16E-8B1B-42E2-B453-215C058844FE): 1
LogDevObjectVersion:   Dev-CineCamera (B2E18506-4273-CFC2-A54E-F4BB758BBA07): 1
LogDevObjectVersion:   Dev-VirtualProduction (64F58936-FD1B-42BA-BA96-7289D5D0FA4E): 1
LogDevObjectVersion:   Dev-MediaFramework (6F0ED827-A609-4895-9C91-998D90180EA4): 2
LogInit: Presizing for max 25165824 objects, including 0 objects not considered by GC, pre-allocating 0 bytes for permanent pool.
LogConfig: Applying CVar settings from Section [/Script/Engine.StreamingSettings] File [C:/GameDev/Unreal/Young-Man-Jenkins-2-The-Robbery/YoungManJenkins2/YoungManJenkins2/Saved/Config/Windows/Engine.ini]
LogConfig: Setting CVar [[s.MinBulkDataSizeForAsyncLoading:131072]]
LogConfig: Setting CVar [[s.AsyncLoadingThreadEnabled:0]]
LogConfig: Setting CVar [[s.EventDrivenLoaderEnabled:1]]
LogConfig: Setting CVar [[s.WarnIfTimeLimitExceeded:0]]
LogConfig: Setting CVar [[s.TimeLimitExceededMultiplier:1.5]]
LogConfig: Setting CVar [[s.TimeLimitExceededMinTime:0.005]]
LogConfig: Setting CVar [[s.UseBackgroundLevelStreaming:1]]
LogConfig: Setting CVar [[s.PriorityAsyncLoadingExtraTime:15.0]]
LogConfig: Setting CVar [[s.LevelStreamingActorsUpdateTimeLimit:5.0]]
LogConfig: Setting CVar [[s.PriorityLevelStreamingActorsUpdateExtraTime:5.0]]
LogConfig: Setting CVar [[s.LevelStreamingComponentsRegistrationGranularity:10]]
LogConfig: Setting CVar [[s.UnregisterComponentsTimeLimit:1.0]]
LogConfig: Setting CVar [[s.LevelStreamingComponentsUnregistrationGranularity:5]]
LogConfig: Setting CVar [[s.FlushStreamingOnExit:1]]
LogInit: Object subsystem initialized
LogConfig: Setting CVar [[con.DebugEarlyDefault:1]]
LogConfig: Setting CVar [[r.setres:1280x720]]
[2022.08.04-16.08.16:474][  0]LogConfig: Setting CVar [[r.VSync:0]]
[2022.08.04-16.08.16:474][  0]LogConfig: Setting CVar [[r.RHICmdBypass:0]]
[2022.08.04-16.08.16:499][  0]LogConfig: Applying CVar settings from Section [/Script/Engine.RendererSettings] File [C:/GameDev/Unreal/Young-Man-Jenkins-2-The-Robbery/YoungManJenkins2/YoungManJenkins2/Saved/Config/Windows/Engine.ini]
[2022.08.04-16.08.16:499][  0]LogConfig: Setting CVar [[r.GPUCrashDebugging:0]]
[2022.08.04-16.08.16:499][  0]LogConfig: Setting CVar [[r.DefaultFeature.AutoExposure:0]]
[2022.08.04-16.08.16:500][  0]LogConfig: Setting CVar [[r.TranslucentSortPolicy:1]]
[2022.08.04-16.08.16:500][  0]LogConfig: Applying CVar settings from Section [/Script/Engine.RendererOverrideSettings] File [C:/GameDev/Unreal/Young-Man-Jenkins-2-The-Robbery/YoungManJenkins2/YoungManJenkins2/Saved/Config/Windows/Engine.ini]
[2022.08.04-16.08.16:500][  0]LogConfig: Applying CVar settings from Section [/Script/Engine.StreamingSettings] File [C:/GameDev/Unreal/Young-Man-Jenkins-2-The-Robbery/YoungManJenkins2/YoungManJenkins2/Saved/Config/Windows/Engine.ini]
[2022.08.04-16.08.16:500][  0]LogConfig: Setting CVar [[s.MinBulkDataSizeForAsyncLoading:131072]]
[2022.08.04-16.08.16:500][  0]LogConfig: Setting CVar [[s.AsyncLoadingThreadEnabled:0]]
[2022.08.04-16.08.16:500][  0]LogConfig: Setting CVar [[s.EventDrivenLoaderEnabled:1]]
[2022.08.04-16.08.16:500][  0]LogConfig: Setting CVar [[s.WarnIfTimeLimitExceeded:0]]
[2022.08.04-16.08.16:500][  0]LogConfig: Setting CVar [[s.TimeLimitExceededMultiplier:1.5]]
[2022.08.04-16.08.16:500][  0]LogConfig: Setting CVar [[s.TimeLimitExceededMinTime:0.005]]
[2022.08.04-16.08.16:500][  0]LogConfig: Setting CVar [[s.UseBackgroundLevelStreaming:1]]
[2022.08.04-16.08.16:500][  0]LogConfig: Setting CVar [[s.PriorityAsyncLoadingExtraTime:15.0]]
[2022.08.04-16.08.16:500][  0]LogConfig: Setting CVar [[s.LevelStreamingActorsUpdateTimeLimit:5.0]]
[2022.08.04-16.08.16:500][  0]LogConfig: Setting CVar [[s.PriorityLevelStreamingActorsUpdateExtraTime:5.0]]
[2022.08.04-16.08.16:500][  0]LogConfig: Setting CVar [[s.LevelStreamingComponentsRegistrationGranularity:10]]
[2022.08.04-16.08.16:500][  0]LogConfig: Setting CVar [[s.UnregisterComponentsTimeLimit:1.0]]
[2022.08.04-16.08.16:500][  0]LogConfig: Setting CVar [[s.LevelStreamingComponentsUnregistrationGranularity:5]]
[2022.08.04-16.08.16:500][  0]LogConfig: Setting CVar [[s.FlushStreamingOnExit:1]]
[2022.08.04-16.08.16:500][  0]LogConfig: Applying CVar settings from Section [/Script/Engine.GarbageCollectionSettings] File [C:/GameDev/Unreal/Young-Man-Jenkins-2-The-Robbery/YoungManJenkins2/YoungManJenkins2/Saved/Config/Windows/Engine.ini]
[2022.08.04-16.08.16:500][  0]LogConfig: Setting CVar [[gc.MaxObjectsNotConsideredByGC:1]]
[2022.08.04-16.08.16:500][  0]LogConfig: Setting CVar [[gc.SizeOfPermanentObjectPool:0]]
[2022.08.04-16.08.16:500][  0]LogConfig: Setting CVar [[gc.FlushStreamingOnGC:0]]
[2022.08.04-16.08.16:500][  0]LogConfig: Setting CVar [[gc.NumRetriesBeforeForcingGC:10]]
[2022.08.04-16.08.16:500][  0]LogConfig: Setting CVar [[gc.AllowParallelGC:1]]
[2022.08.04-16.08.16:500][  0]LogConfig: Setting CVar [[gc.TimeBetweenPurgingPendingKillObjects:61.1]]
[2022.08.04-16.08.16:500][  0]LogConfig: Setting CVar [[gc.MaxObjectsInEditor:25165824]]
[2022.08.04-16.08.16:500][  0]LogConfig: Setting CVar [[gc.IncrementalBeginDestroyEnabled:1]]
[2022.08.04-16.08.16:500][  0]LogConfig: Setting CVar [[gc.CreateGCClusters:1]]
[2022.08.04-16.08.16:500][  0]LogConfig: Setting CVar [[gc.MinGCClusterSize:5]]
[2022.08.04-16.08.16:500][  0]LogConfig: Setting CVar [[gc.ActorClusteringEnabled:0]]
[2022.08.04-16.08.16:500][  0]LogConfig: Setting CVar [[gc.BlueprintClusteringEnabled:0]]
[2022.08.04-16.08.16:500][  0]LogConfig: Setting CVar [[gc.UseDisregardForGCOnDedicatedServers:0]]
[2022.08.04-16.08.16:500][  0]LogConfig: Setting CVar [[gc.MultithreadedDestructionEnabled:1]]
[2022.08.04-16.08.16:500][  0]LogConfig: Applying CVar settings from Section [/Script/Engine.NetworkSettings] File [C:/GameDev/Unreal/Young-Man-Jenkins-2-The-Robbery/YoungManJenkins2/YoungManJenkins2/Saved/Config/Windows/Engine.ini]
[2022.08.04-16.08.16:500][  0]LogConfig: Applying CVar settings from Section [/Script/UnrealEd.CookerSettings] File [C:/GameDev/Unreal/Young-Man-Jenkins-2-The-Robbery/YoungManJenkins2/YoungManJenkins2/Saved/Config/Windows/Engine.ini]
[2022.08.04-16.08.16:599][  0]LogConfig: Applying CVar settings from Section [ViewDistanceQuality@3] File [C:/GameDev/Unreal/Young-Man-Jenkins-2-The-Robbery/YoungManJenkins2/YoungManJenkins2/Saved/Config/Windows/Scalability.ini]
[2022.08.04-16.08.16:599][  0]LogConfig: Setting CVar [[r.SkeletalMeshLODBias:0]]
[2022.08.04-16.08.16:599][  0]LogConfig: Setting CVar [[r.ViewDistanceScale:1.0]]
[2022.08.04-16.08.16:599][  0]LogConfig: Applying CVar settings from Section [AntiAliasingQuality@3] File [C:/GameDev/Unreal/Young-Man-Jenkins-2-The-Robbery/YoungManJenkins2/YoungManJenkins2/Saved/Config/Windows/Scalability.ini]
[2022.08.04-16.08.16:599][  0]LogConfig: Setting CVar [[r.PostProcessAAQuality:4]]
[2022.08.04-16.08.16:599][  0]LogConfig: Applying CVar settings from Section [ShadowQuality@3] File [C:/GameDev/Unreal/Young-Man-Jenkins-2-The-Robbery/YoungManJenkins2/YoungManJenkins2/Saved/Config/Windows/Scalability.ini]
[2022.08.04-16.08.16:599][  0]LogConfig: Setting CVar [[r.LightFunctionQuality:1]]
[2022.08.04-16.08.16:599][  0]LogConfig: Setting CVar [[r.ShadowQuality:5]]
[2022.08.04-16.08.16:599][  0]LogConfig: Setting CVar [[r.Shadow.CSM.MaxCascades:10]]
[2022.08.04-16.08.16:599][  0]LogConfig: Setting CVar [[r.Shadow.MaxResolution:2048]]
[2022.08.04-16.08.16:599][  0]LogConfig: Setting CVar [[r.Shadow.MaxCSMResolution:2048]]
[2022.08.04-16.08.16:599][  0]LogConfig: Setting CVar [[r.Shadow.RadiusThreshold:0.01]]
[2022.08.04-16.08.16:599][  0]LogConfig: Setting CVar [[r.Shadow.DistanceScale:1.0]]
[2022.08.04-16.08.16:599][  0]LogConfig: Setting CVar [[r.Shadow.CSM.TransitionScale:1.0]]
[2022.08.04-16.08.16:599][  0]LogConfig: Setting CVar [[r.Shadow.PreShadowResolutionFactor:1.0]]
[2022.08.04-16.08.16:600][  0]LogConfig: Setting CVar [[r.DistanceFieldShadowing:1]]
[2022.08.04-16.08.16:600][  0]LogConfig: Setting CVar [[r.DistanceFieldAO:1]]
[2022.08.04-16.08.16:600][  0]LogConfig: Setting CVar [[r.AOQuality:2]]
[2022.08.04-16.08.16:600][  0]LogConfig: Setting CVar [[r.VolumetricFog:1]]
[2022.08.04-16.08.16:600][  0]LogConfig: Setting CVar [[r.VolumetricFog.GridPixelSize:8]]
[2022.08.04-16.08.16:600][  0]LogConfig: Setting CVar [[r.VolumetricFog.GridSizeZ:128]]
[2022.08.04-16.08.16:600][  0]LogConfig: Setting CVar [[r.VolumetricFog.HistoryMissSupersampleCount:4]]
[2022.08.04-16.08.16:600][  0]LogConfig: Setting CVar [[r.LightMaxDrawDistanceScale:1]]
[2022.08.04-16.08.16:600][  0]LogConfig: Setting CVar [[r.CapsuleShadows:1]]
[2022.08.04-16.08.16:600][  0]LogConfig: Applying CVar settings from Section [PostProcessQuality@3] File [C:/GameDev/Unreal/Young-Man-Jenkins-2-The-Robbery/YoungManJenkins2/YoungManJenkins2/Saved/Config/Windows/Scalability.ini]
[2022.08.04-16.08.16:600][  0]LogConfig: Setting CVar [[r.MotionBlurQuality:4]]
[2022.08.04-16.08.16:600][  0]LogConfig: Setting CVar [[r.AmbientOcclusionMipLevelFactor:0.4]]
[2022.08.04-16.08.16:600][  0]LogConfig: Setting CVar [[r.AmbientOcclusionMaxQuality:100]]
[2022.08.04-16.08.16:600][  0]LogConfig: Setting CVar [[r.AmbientOcclusionLevels:-1]]
[2022.08.04-16.08.16:600][  0]LogConfig: Setting CVar [[r.AmbientOcclusionRadiusScale:1.0]]
[2022.08.04-16.08.16:600][  0]LogConfig: Setting CVar [[r.DepthOfFieldQuality:2]]
[2022.08.04-16.08.16:600][  0]LogConfig: Setting CVar [[r.RenderTargetPoolMin:400]]
[2022.08.04-16.08.16:600][  0]LogConfig: Setting CVar [[r.LensFlareQuality:2]]
[2022.08.04-16.08.16:600][  0]LogConfig: Setting CVar [[r.SceneColorFringeQuality:1]]
[2022.08.04-16.08.16:600][  0]LogConfig: Setting CVar [[r.EyeAdaptationQuality:2]]
[2022.08.04-16.08.16:600][  0]LogConfig: Setting CVar [[r.BloomQuality:5]]
[2022.08.04-16.08.16:600][  0]LogConfig: Setting CVar [[r.FastBlurThreshold:100]]
[2022.08.04-16.08.16:600][  0]LogConfig: Setting CVar [[r.Upscale.Quality:3]]
[2022.08.04-16.08.16:600][  0]LogConfig: Setting CVar [[r.Tonemapper.GrainQuantization:1]]
[2022.08.04-16.08.16:600][  0]LogConfig: Setting CVar [[r.LightShaftQuality:1]]
[2022.08.04-16.08.16:600][  0]LogConfig: Setting CVar [[r.Filter.SizeScale:1]]
[2022.08.04-16.08.16:600][  0]LogConfig: Setting CVar [[r.Tonemapper.Quality:5]]
[2022.08.04-16.08.16:600][  0]LogConfig: Setting CVar [[r.DOF.Gather.AccumulatorQuality:1        ; higher gathering accumulator quality]]
[2022.08.04-16.08.16:600][  0]LogConfig: Setting CVar [[r.DOF.Gather.PostfilterMethod:1          ; Median3x3 postfilering method]]
[2022.08.04-16.08.16:600][  0]LogConfig: Setting CVar [[r.DOF.Gather.EnableBokehSettings:0       ; no bokeh simulation when gathering]]
[2022.08.04-16.08.16:600][  0]LogConfig: Setting CVar [[r.DOF.Gather.RingCount:4                 ; medium number of samples when gathering]]
[2022.08.04-16.08.16:600][  0]LogConfig: Setting CVar [[r.DOF.Scatter.ForegroundCompositing:1    ; additive foreground scattering]]
[2022.08.04-16.08.16:600][  0]LogConfig: Setting CVar [[r.DOF.Scatter.BackgroundCompositing:2    ; additive background scattering]]
[2022.08.04-16.08.16:600][  0]LogConfig: Setting CVar [[r.DOF.Scatter.EnableBokehSettings:1      ; bokeh simulation when scattering]]
[2022.08.04-16.08.16:600][  0]LogConfig: Setting CVar [[r.DOF.Scatter.MaxSpriteRatio:0.1         ; only a maximum of 10% of scattered bokeh]]
[2022.08.04-16.08.16:600][  0]LogConfig: Setting CVar [[r.DOF.Recombine.Quality:1                ; cheap slight out of focus]]
[2022.08.04-16.08.16:600][  0]LogConfig: Setting CVar [[r.DOF.Recombine.EnableBokehSettings:0    ; no bokeh simulation on slight out of focus]]
[2022.08.04-16.08.16:600][  0]LogConfig: Setting CVar [[r.DOF.TemporalAAQuality:1                ; more stable temporal accumulation]]
[2022.08.04-16.08.16:600][  0]LogConfig: Setting CVar [[r.DOF.Kernel.MaxForegroundRadius:0.025]]
[2022.08.04-16.08.16:600][  0]LogConfig: Setting CVar [[r.DOF.Kernel.MaxBackgroundRadius:0.025]]
[2022.08.04-16.08.16:600][  0]LogConfig: Applying CVar settings from Section [TextureQuality@3] File [C:/GameDev/Unreal/Young-Man-Jenkins-2-The-Robbery/YoungManJenkins2/YoungManJenkins2/Saved/Config/Windows/Scalability.ini]
[2022.08.04-16.08.16:600][  0]LogConfig: Setting CVar [[r.Streaming.MipBias:0]]
[2022.08.04-16.08.16:600][  0]LogConfig: Setting CVar [[r.Streaming.AmortizeCPUToGPUCopy:0]]
[2022.08.04-16.08.16:600][  0]LogConfig: Setting CVar [[r.Streaming.MaxNumTexturesToStreamPerFrame:0]]
[2022.08.04-16.08.16:600][  0]LogConfig: Setting CVar [[r.Streaming.Boost:1]]
[2022.08.04-16.08.16:600][  0]LogConfig: Setting CVar [[r.MaxAnisotropy:8]]
[2022.08.04-16.08.16:600][  0]LogConfig: Setting CVar [[r.VT.MaxAnisotropy:8]]
[2022.08.04-16.08.16:600][  0]LogConfig: Setting CVar [[r.Streaming.LimitPoolSizeToVRAM:0]]
[2022.08.04-16.08.16:600][  0]LogConfig: Setting CVar [[r.Streaming.PoolSize:1000]]
[2022.08.04-16.08.16:600][  0]LogConfig: Setting CVar [[r.Streaming.MaxEffectiveScreenSize:0]]
[2022.08.04-16.08.16:600][  0]LogConfig: Applying CVar settings from Section [EffectsQuality@3] File [C:/GameDev/Unreal/Young-Man-Jenkins-2-The-Robbery/YoungManJenkins2/YoungManJenkins2/Saved/Config/Windows/Scalability.ini]
[2022.08.04-16.08.16:600][  0]LogConfig: Setting CVar [[r.TranslucencyLightingVolumeDim:64]]
[2022.08.04-16.08.16:600][  0]LogConfig: Setting CVar [[r.RefractionQuality:2]]
[2022.08.04-16.08.16:600][  0]LogConfig: Setting CVar [[r.SSR.Quality:3]]
[2022.08.04-16.08.16:600][  0]LogConfig: Setting CVar [[r.SSR.HalfResSceneColor:0]]
[2022.08.04-16.08.16:600][  0]LogConfig: Setting CVar [[r.SceneColorFormat:4]]
[2022.08.04-16.08.16:600][  0]LogConfig: Setting CVar [[r.DetailMode:2]]
[2022.08.04-16.08.16:600][  0]LogConfig: Setting CVar [[r.TranslucencyVolumeBlur:1]]
[2022.08.04-16.08.16:600][  0]LogConfig: Setting CVar [[r.MaterialQualityLevel:1 ; High quality]]
[2022.08.04-16.08.16:600][  0]LogConfig: Setting CVar [[r.AnisotropicMaterials:1]]
[2022.08.04-16.08.16:600][  0]LogConfig: Setting CVar [[r.SSS.Scale:1]]
[2022.08.04-16.08.16:600][  0]LogConfig: Setting CVar [[r.SSS.SampleSet:2]]
[2022.08.04-16.08.16:600][  0]LogConfig: Setting CVar [[r.SSS.Quality:1]]
[2022.08.04-16.08.16:600][  0]LogConfig: Setting CVar [[r.SSS.HalfRes:0]]
[2022.08.04-16.08.16:600][  0]LogConfig: Setting CVar [[r.SSGI.Quality:3]]
[2022.08.04-16.08.16:600][  0]LogConfig: Setting CVar [[r.EmitterSpawnRateScale:1.0]]
[2022.08.04-16.08.16:601][  0]LogConfig: Setting CVar [[r.ParticleLightQuality:2]]
[2022.08.04-16.08.16:601][  0]LogConfig: Setting CVar [[r.SkyAtmosphere.AerialPerspectiveLUT.FastApplyOnOpaque:1 ; Always have FastSkyLUT 1 in this case to avoid wrong sky]]
[2022.08.04-16.08.16:601][  0]LogConfig: Setting CVar [[r.SkyAtmosphere.AerialPerspectiveLUT.SampleCountMaxPerSlice:4]]
[2022.08.04-16.08.16:601][  0]LogConfig: Setting CVar [[r.SkyAtmosphere.AerialPerspectiveLUT.DepthResolution:16.0]]
[2022.08.04-16.08.16:601][  0]LogConfig: Setting CVar [[r.SkyAtmosphere.FastSkyLUT:1]]
[2022.08.04-16.08.16:601][  0]LogConfig: Setting CVar [[r.SkyAtmosphere.FastSkyLUT.SampleCountMin:4.0]]
[2022.08.04-16.08.16:601][  0]LogConfig: Setting CVar [[r.SkyAtmosphere.FastSkyLUT.SampleCountMax:128.0]]
[2022.08.04-16.08.16:601][  0]LogConfig: Setting CVar [[r.SkyAtmosphere.SampleCountMin:4.0]]
[2022.08.04-16.08.16:601][  0]LogConfig: Setting CVar [[r.SkyAtmosphere.SampleCountMax:128.0]]
[2022.08.04-16.08.16:601][  0]LogConfig: Setting CVar [[r.SkyAtmosphere.TransmittanceLUT.UseSmallFormat:0]]
[2022.08.04-16.08.16:601][  0]LogConfig: Setting CVar [[r.SkyAtmosphere.TransmittanceLUT.SampleCount:10.0]]
[2022.08.04-16.08.16:601][  0]LogConfig: Setting CVar [[r.SkyAtmosphere.MultiScatteringLUT.SampleCount:15.0]]
[2022.08.04-16.08.16:601][  0]LogConfig: Setting CVar [[r.SkyLight.RealTimeReflectionCapture:1]]
[2022.08.04-16.08.16:601][  0]LogConfig: Applying CVar settings from Section [FoliageQuality@3] File [C:/GameDev/Unreal/Young-Man-Jenkins-2-The-Robbery/YoungManJenkins2/YoungManJenkins2/Saved/Config/Windows/Scalability.ini]
[2022.08.04-16.08.16:601][  0]LogConfig: Setting CVar [[foliage.DensityScale:1.0]]
[2022.08.04-16.08.16:601][  0]LogConfig: Setting CVar [[grass.DensityScale:1.0]]
[2022.08.04-16.08.16:601][  0]LogConfig: Applying CVar settings from Section [ShadingQuality@3] File [C:/GameDev/Unreal/Young-Man-Jenkins-2-The-Robbery/YoungManJenkins2/YoungManJenkins2/Saved/Config/Windows/Scalability.ini]
[2022.08.04-16.08.16:601][  0]LogConfig: Setting CVar [[r.HairStrands.SkyLighting.IntegrationType:2]]
[2022.08.04-16.08.16:601][  0]LogConfig: Setting CVar [[r.HairStrands.SkyAO.SampleCount:4]]
[2022.08.04-16.08.16:601][  0]LogConfig: Setting CVar [[r.HairStrands.Visibility.MSAA.SamplePerPixel:4]]
[2022.08.04-16.08.16:615][  0]LogInit: Selected Device Profile: [Windows]
[2022.08.04-16.08.16:615][  0]LogInit: Applying CVar settings loaded from the selected device profile: [Windows]
[2022.08.04-16.08.16:627][  0]LogHAL: Display: Platform has ~ 24 GB [25701400576 / 34359738368 / 24], which maps to Larger [LargestMinGB=32, LargerMinGB=12, DefaultMinGB=8, SmallerMinGB=6, SmallestMinGB=0)
[2022.08.04-16.08.16:636][  0]LogInit: Going up to parent DeviceProfile []
[2022.08.04-16.08.16:684][  0]LogConfig: Applying CVar settings from Section [ViewDistanceQuality@3] File [C:/GameDev/Unreal/Young-Man-Jenkins-2-The-Robbery/YoungManJenkins2/YoungManJenkins2/Saved/Config/Windows/Scalability.ini]
[2022.08.04-16.08.16:684][  0]LogConfig: Setting CVar [[r.SkeletalMeshLODBias:0]]
[2022.08.04-16.08.16:684][  0]LogConfig: Setting CVar [[r.ViewDistanceScale:1.0]]
[2022.08.04-16.08.16:684][  0]LogConfig: Applying CVar settings from Section [AntiAliasingQuality@3] File [C:/GameDev/Unreal/Young-Man-Jenkins-2-The-Robbery/YoungManJenkins2/YoungManJenkins2/Saved/Config/Windows/Scalability.ini]
[2022.08.04-16.08.16:684][  0]LogConfig: Setting CVar [[r.PostProcessAAQuality:4]]
[2022.08.04-16.08.16:684][  0]LogConfig: Applying CVar settings from Section [ShadowQuality@3] File [C:/GameDev/Unreal/Young-Man-Jenkins-2-The-Robbery/YoungManJenkins2/YoungManJenkins2/Saved/Config/Windows/Scalability.ini]
[2022.08.04-16.08.16:684][  0]LogConfig: Setting CVar [[r.LightFunctionQuality:1]]
[2022.08.04-16.08.16:684][  0]LogConfig: Setting CVar [[r.ShadowQuality:5]]
[2022.08.04-16.08.16:684][  0]LogConfig: Setting CVar [[r.Shadow.CSM.MaxCascades:10]]
[2022.08.04-16.08.16:684][  0]LogConfig: Setting CVar [[r.Shadow.MaxResolution:2048]]
[2022.08.04-16.08.16:684][  0]LogConfig: Setting CVar [[r.Shadow.MaxCSMResolution:2048]]
[2022.08.04-16.08.16:684][  0]LogConfig: Setting CVar [[r.Shadow.RadiusThreshold:0.01]]
[2022.08.04-16.08.16:684][  0]LogConfig: Setting CVar [[r.Shadow.DistanceScale:1.0]]
[2022.08.04-16.08.16:684][  0]LogConfig: Setting CVar [[r.Shadow.CSM.TransitionScale:1.0]]
[2022.08.04-16.08.16:684][  0]LogConfig: Setting CVar [[r.Shadow.PreShadowResolutionFactor:1.0]]
[2022.08.04-16.08.16:684][  0]LogConfig: Setting CVar [[r.DistanceFieldShadowing:1]]
[2022.08.04-16.08.16:684][  0]LogConfig: Setting CVar [[r.DistanceFieldAO:1]]
[2022.08.04-16.08.16:684][  0]LogConfig: Setting CVar [[r.AOQuality:2]]
[2022.08.04-16.08.16:684][  0]LogConfig: Setting CVar [[r.VolumetricFog:1]]
[2022.08.04-16.08.16:684][  0]LogConfig: Setting CVar [[r.VolumetricFog.GridPixelSize:8]]
[2022.08.04-16.08.16:684][  0]LogConfig: Setting CVar [[r.VolumetricFog.GridSizeZ:128]]
[2022.08.04-16.08.16:684][  0]LogConfig: Setting CVar [[r.VolumetricFog.HistoryMissSupersampleCount:4]]
[2022.08.04-16.08.16:684][  0]LogConfig: Setting CVar [[r.LightMaxDrawDistanceScale:1]]
[2022.08.04-16.08.16:684][  0]LogConfig: Setting CVar [[r.CapsuleShadows:1]]
[2022.08.04-16.08.16:685][  0]LogConfig: Applying CVar settings from Section [PostProcessQuality@3] File [C:/GameDev/Unreal/Young-Man-Jenkins-2-The-Robbery/YoungManJenkins2/YoungManJenkins2/Saved/Config/Windows/Scalability.ini]
[2022.08.04-16.08.16:685][  0]LogConfig: Setting CVar [[r.MotionBlurQuality:4]]
[2022.08.04-16.08.16:685][  0]LogConfig: Setting CVar [[r.AmbientOcclusionMipLevelFactor:0.4]]
[2022.08.04-16.08.16:685][  0]LogConfig: Setting CVar [[r.AmbientOcclusionMaxQuality:100]]
[2022.08.04-16.08.16:685][  0]LogConfig: Setting CVar [[r.AmbientOcclusionLevels:-1]]
[2022.08.04-16.08.16:685][  0]LogConfig: Setting CVar [[r.AmbientOcclusionRadiusScale:1.0]]
[2022.08.04-16.08.16:685][  0]LogConfig: Setting CVar [[r.DepthOfFieldQuality:2]]
[2022.08.04-16.08.16:685][  0]LogConfig: Setting CVar [[r.RenderTargetPoolMin:400]]
[2022.08.04-16.08.16:685][  0]LogConfig: Setting CVar [[r.LensFlareQuality:2]]
[2022.08.04-16.08.16:685][  0]LogConfig: Setting CVar [[r.SceneColorFringeQuality:1]]
[2022.08.04-16.08.16:685][  0]LogConfig: Setting CVar [[r.EyeAdaptationQuality:2]]
[2022.08.04-16.08.16:685][  0]LogConfig: Setting CVar [[r.BloomQuality:5]]
[2022.08.04-16.08.16:685][  0]LogConfig: Setting CVar [[r.FastBlurThreshold:100]]
[2022.08.04-16.08.16:685][  0]LogConfig: Setting CVar [[r.Upscale.Quality:3]]
[2022.08.04-16.08.16:685][  0]LogConfig: Setting CVar [[r.Tonemapper.GrainQuantization:1]]
[2022.08.04-16.08.16:685][  0]LogConfig: Setting CVar [[r.LightShaftQuality:1]]
[2022.08.04-16.08.16:685][  0]LogConfig: Setting CVar [[r.Filter.SizeScale:1]]
[2022.08.04-16.08.16:685][  0]LogConfig: Setting CVar [[r.Tonemapper.Quality:5]]
[2022.08.04-16.08.16:685][  0]LogConfig: Setting CVar [[r.DOF.Gather.AccumulatorQuality:1        ; higher gathering accumulator quality]]
[2022.08.04-16.08.16:685][  0]LogConfig: Setting CVar [[r.DOF.Gather.PostfilterMethod:1          ; Median3x3 postfilering method]]
[2022.08.04-16.08.16:685][  0]LogConfig: Setting CVar [[r.DOF.Gather.EnableBokehSettings:0       ; no bokeh simulation when gathering]]
[2022.08.04-16.08.16:685][  0]LogConfig: Setting CVar [[r.DOF.Gather.RingCount:4                 ; medium number of samples when gathering]]
[2022.08.04-16.08.16:685][  0]LogConfig: Setting CVar [[r.DOF.Scatter.ForegroundCompositing:1    ; additive foreground scattering]]
[2022.08.04-16.08.16:685][  0]LogConfig: Setting CVar [[r.DOF.Scatter.BackgroundCompositing:2    ; additive background scattering]]
[2022.08.04-16.08.16:685][  0]LogConfig: Setting CVar [[r.DOF.Scatter.EnableBokehSettings:1      ; bokeh simulation when scattering]]
[2022.08.04-16.08.16:685][  0]LogConfig: Setting CVar [[r.DOF.Scatter.MaxSpriteRatio:0.1         ; only a maximum of 10% of scattered bokeh]]
[2022.08.04-16.08.16:685][  0]LogConfig: Setting CVar [[r.DOF.Recombine.Quality:1                ; cheap slight out of focus]]
[2022.08.04-16.08.16:685][  0]LogConfig: Setting CVar [[r.DOF.Recombine.EnableBokehSettings:0    ; no bokeh simulation on slight out of focus]]
[2022.08.04-16.08.16:685][  0]LogConfig: Setting CVar [[r.DOF.TemporalAAQuality:1                ; more stable temporal accumulation]]
[2022.08.04-16.08.16:685][  0]LogConfig: Setting CVar [[r.DOF.Kernel.MaxForegroundRadius:0.025]]
[2022.08.04-16.08.16:685][  0]LogConfig: Setting CVar [[r.DOF.Kernel.MaxBackgroundRadius:0.025]]
[2022.08.04-16.08.16:685][  0]LogConfig: Applying CVar settings from Section [TextureQuality@3] File [C:/GameDev/Unreal/Young-Man-Jenkins-2-The-Robbery/YoungManJenkins2/YoungManJenkins2/Saved/Config/Windows/Scalability.ini]
[2022.08.04-16.08.16:685][  0]LogConfig: Setting CVar [[r.Streaming.MipBias:0]]
[2022.08.04-16.08.16:685][  0]LogConfig: Setting CVar [[r.Streaming.AmortizeCPUToGPUCopy:0]]
[2022.08.04-16.08.16:685][  0]LogConfig: Setting CVar [[r.Streaming.MaxNumTexturesToStreamPerFrame:0]]
[2022.08.04-16.08.16:685][  0]LogConfig: Setting CVar [[r.Streaming.Boost:1]]
[2022.08.04-16.08.16:685][  0]LogConfig: Setting CVar [[r.MaxAnisotropy:8]]
[2022.08.04-16.08.16:685][  0]LogConfig: Setting CVar [[r.VT.MaxAnisotropy:8]]
[2022.08.04-16.08.16:685][  0]LogConfig: Setting CVar [[r.Streaming.LimitPoolSizeToVRAM:0]]
[2022.08.04-16.08.16:685][  0]LogConfig: Setting CVar [[r.Streaming.PoolSize:1000]]
[2022.08.04-16.08.16:685][  0]LogConfig: Setting CVar [[r.Streaming.MaxEffectiveScreenSize:0]]
[2022.08.04-16.08.16:685][  0]LogConfig: Applying CVar settings from Section [EffectsQuality@3] File [C:/GameDev/Unreal/Young-Man-Jenkins-2-The-Robbery/YoungManJenkins2/YoungManJenkins2/Saved/Config/Windows/Scalability.ini]
[2022.08.04-16.08.16:685][  0]LogConfig: Setting CVar [[r.TranslucencyLightingVolumeDim:64]]
[2022.08.04-16.08.16:685][  0]LogConfig: Setting CVar [[r.RefractionQuality:2]]
[2022.08.04-16.08.16:685][  0]LogConfig: Setting CVar [[r.SSR.Quality:3]]
[2022.08.04-16.08.16:685][  0]LogConfig: Setting CVar [[r.SSR.HalfResSceneColor:0]]
[2022.08.04-16.08.16:685][  0]LogConfig: Setting CVar [[r.SceneColorFormat:4]]
[2022.08.04-16.08.16:685][  0]LogConfig: Setting CVar [[r.DetailMode:2]]
[2022.08.04-16.08.16:685][  0]LogConfig: Setting CVar [[r.TranslucencyVolumeBlur:1]]
[2022.08.04-16.08.16:685][  0]LogConfig: Setting CVar [[r.MaterialQualityLevel:1 ; High quality]]
[2022.08.04-16.08.16:685][  0]LogConfig: Setting CVar [[r.AnisotropicMaterials:1]]
[2022.08.04-16.08.16:685][  0]LogConfig: Setting CVar [[r.SSS.Scale:1]]
[2022.08.04-16.08.16:685][  0]LogConfig: Setting CVar [[r.SSS.SampleSet:2]]
[2022.08.04-16.08.16:685][  0]LogConfig: Setting CVar [[r.SSS.Quality:1]]
[2022.08.04-16.08.16:685][  0]LogConfig: Setting CVar [[r.SSS.HalfRes:0]]
[2022.08.04-16.08.16:685][  0]LogConfig: Setting CVar [[r.SSGI.Quality:3]]
[2022.08.04-16.08.16:685][  0]LogConfig: Setting CVar [[r.EmitterSpawnRateScale:1.0]]
[2022.08.04-16.08.16:685][  0]LogConfig: Setting CVar [[r.ParticleLightQuality:2]]
[2022.08.04-16.08.16:685][  0]LogConfig: Setting CVar [[r.SkyAtmosphere.AerialPerspectiveLUT.FastApplyOnOpaque:1 ; Always have FastSkyLUT 1 in this case to avoid wrong sky]]
[2022.08.04-16.08.16:685][  0]LogConfig: Setting CVar [[r.SkyAtmosphere.AerialPerspectiveLUT.SampleCountMaxPerSlice:4]]
[2022.08.04-16.08.16:685][  0]LogConfig: Setting CVar [[r.SkyAtmosphere.AerialPerspectiveLUT.DepthResolution:16.0]]
[2022.08.04-16.08.16:685][  0]LogConfig: Setting CVar [[r.SkyAtmosphere.FastSkyLUT:1]]
[2022.08.04-16.08.16:685][  0]LogConfig: Setting CVar [[r.SkyAtmosphere.FastSkyLUT.SampleCountMin:4.0]]
[2022.08.04-16.08.16:685][  0]LogConfig: Setting CVar [[r.SkyAtmosphere.FastSkyLUT.SampleCountMax:128.0]]
[2022.08.04-16.08.16:685][  0]LogConfig: Setting CVar [[r.SkyAtmosphere.SampleCountMin:4.0]]
[2022.08.04-16.08.16:685][  0]LogConfig: Setting CVar [[r.SkyAtmosphere.SampleCountMax:128.0]]
[2022.08.04-16.08.16:685][  0]LogConfig: Setting CVar [[r.SkyAtmosphere.TransmittanceLUT.UseSmallFormat:0]]
[2022.08.04-16.08.16:685][  0]LogConfig: Setting CVar [[r.SkyAtmosphere.TransmittanceLUT.SampleCount:10.0]]
[2022.08.04-16.08.16:685][  0]LogConfig: Setting CVar [[r.SkyAtmosphere.MultiScatteringLUT.SampleCount:15.0]]
[2022.08.04-16.08.16:686][  0]LogConfig: Setting CVar [[r.SkyLight.RealTimeReflectionCapture:1]]
[2022.08.04-16.08.16:686][  0]LogConfig: Applying CVar settings from Section [FoliageQuality@3] File [C:/GameDev/Unreal/Young-Man-Jenkins-2-The-Robbery/YoungManJenkins2/YoungManJenkins2/Saved/Config/Windows/Scalability.ini]
[2022.08.04-16.08.16:686][  0]LogConfig: Setting CVar [[foliage.DensityScale:1.0]]
[2022.08.04-16.08.16:686][  0]LogConfig: Setting CVar [[grass.DensityScale:1.0]]
[2022.08.04-16.08.16:686][  0]LogConfig: Applying CVar settings from Section [ShadingQuality@3] File [C:/GameDev/Unreal/Young-Man-Jenkins-2-The-Robbery/YoungManJenkins2/YoungManJenkins2/Saved/Config/Windows/Scalability.ini]
[2022.08.04-16.08.16:686][  0]LogConfig: Setting CVar [[r.HairStrands.SkyLighting.IntegrationType:2]]
[2022.08.04-16.08.16:686][  0]LogConfig: Setting CVar [[r.HairStrands.SkyAO.SampleCount:4]]
[2022.08.04-16.08.16:686][  0]LogConfig: Setting CVar [[r.HairStrands.Visibility.MSAA.SamplePerPixel:4]]
[2022.08.04-16.08.16:686][  0]LogConfig: Applying CVar settings from Section [Startup] File [../../../Engine/Config/ConsoleVariables.ini]
[2022.08.04-16.08.16:696][  0]LogConfig: Setting CVar [[net.UseAdaptiveNetUpdateFrequency:0]]
[2022.08.04-16.08.16:696][  0]LogConfig: Setting CVar [[p.chaos.AllowCreatePhysxBodies:1]]
[2022.08.04-16.08.16:696][  0]LogConfig: Setting CVar [[fx.SkipVectorVMBackendOptimizations:1]]
[2022.08.04-16.08.16:696][  0]LogConfig: Applying CVar settings from Section [ConsoleVariables] File [C:/GameDev/Unreal/Young-Man-Jenkins-2-The-Robbery/YoungManJenkins2/YoungManJenkins2/Saved/Config/Windows/Engine.ini]
[2022.08.04-16.08.16:696][  0]LogConfig: Applying CVar settings from Section [ConsoleVariables] File [C:/GameDev/Unreal/Young-Man-Jenkins-2-The-Robbery/YoungManJenkins2/YoungManJenkins2/Saved/Config/Windows/Editor.ini]
[2022.08.04-16.08.16:713][  0]LogInit: Computer: DESKTOP-PA1D2JD
[2022.08.04-16.08.16:713][  0]LogInit: User: natha
[2022.08.04-16.08.16:713][  0]LogInit: CPU Page size=4096, Cores=8
[2022.08.04-16.08.16:713][  0]LogInit: High frequency timer resolution =10.000000 MHz
[2022.08.04-16.08.16:713][  0]LogMemory: Memory total: Physical=23.9GB (24GB approx)
[2022.08.04-16.08.16:713][  0]LogMemory: Platform Memory Stats for Windows
[2022.08.04-16.08.16:713][  0]LogMemory: Process Physical Memory: 147.38 MB used, 147.38 MB peak
[2022.08.04-16.08.16:713][  0]LogMemory: Process Virtual Memory: 131.22 MB used, 131.22 MB peak
[2022.08.04-16.08.16:713][  0]LogMemory: Physical Memory: 11011.35 MB used,  13499.41 MB free, 24510.77 MB total
[2022.08.04-16.08.16:713][  0]LogMemory: Virtual Memory: 134207664.00 MB used,  10064.97 MB free, 134217728.00 MB total
[2022.08.04-16.08.16:720][  0]LogWindows: WindowsPlatformFeatures enabled
[2022.08.04-16.08.17:897][  0]LogInit: Physics initialised using underlying interface: PhysX
[2022.08.04-16.08.17:968][  0]LogInit: Using OS detected language (en-US).
[2022.08.04-16.08.17:968][  0]LogInit: Using OS detected locale (en-US).
[2022.08.04-16.08.18:047][  0]LogTextLocalizationManager: No specific localization for 'en-US' exists, so the 'en' localization will be used.
[2022.08.04-16.08.18:739][  0]LogInit: Setting process to per monitor DPI aware
[2022.08.04-16.08.18:970][  0]LogWindowsTextInputMethodSystem: Display: IME system deactivated.
[2022.08.04-16.08.19:478][  0]LogSlate: New Slate User Created.  User Index 0, Is Virtual User: 0
[2022.08.04-16.08.19:478][  0]LogSlate: Slate User Registered.  User Index 0, Is Virtual User: 0
[2022.08.04-16.08.27:514][  0]LogD3D11RHI: Loaded GFSDK_Aftermath_Lib.x64.dll
[2022.08.04-16.08.27:534][  0]LogHMD: Failed to initialize OpenVR with code 110
[2022.08.04-16.08.27:535][  0]LogD3D11RHI: D3D11 min allowed feature level: 11_0
[2022.08.04-16.08.27:535][  0]LogD3D11RHI: D3D11 max allowed feature level: 11_0
[2022.08.04-16.08.27:535][  0]LogD3D11RHI: D3D11 adapters:
[2022.08.04-16.08.28:425][  0]LogD3D11RHI:    0. 'NVIDIA GeForce GTX 1050 Ti' (Feature Level 11_0)
[2022.08.04-16.08.28:425][  0]LogD3D11RHI:       4018/0/12255 MB DedicatedVideo/DedicatedSystem/SharedSystem, Outputs:2, VendorId:0x10de
[2022.08.04-16.08.28:427][  0]LogD3D11RHI:    1. 'Microsoft Basic Render Driver' (Feature Level 11_0)
[2022.08.04-16.08.28:427][  0]LogD3D11RHI:       0/0/12255 MB DedicatedVideo/DedicatedSystem/SharedSystem, Outputs:0, VendorId:0x1414
[2022.08.04-16.08.28:427][  0]LogD3D11RHI: Chosen D3D11 Adapter:
[2022.08.04-16.08.28:427][  0]LogD3D11RHI:     Description : NVIDIA GeForce GTX 1050 Ti
[2022.08.04-16.08.28:427][  0]LogD3D11RHI:     VendorId    : 10de
[2022.08.04-16.08.28:428][  0]LogD3D11RHI:     DeviceId    : 1c82
[2022.08.04-16.08.28:428][  0]LogD3D11RHI:     SubSysId    : 33511462
[2022.08.04-16.08.28:428][  0]LogD3D11RHI:     Revision    : 00a1
[2022.08.04-16.08.28:428][  0]LogD3D11RHI:     DedicatedVideoMemory : 4213178368 bytes
[2022.08.04-16.08.28:428][  0]LogD3D11RHI:     DedicatedSystemMemory : 0 bytes
[2022.08.04-16.08.28:428][  0]LogD3D11RHI:     SharedSystemMemory : 12850700288 bytes
[2022.08.04-16.08.28:428][  0]LogD3D11RHI:     AdapterLuid : 0 46877
[2022.08.04-16.08.28:466][  0]LogD3D11RHI: Creating new Direct3DDevice
[2022.08.04-16.08.28:466][  0]LogD3D11RHI:     GPU DeviceId: 0x1c82 (for the marketing name, search the web for "GPU Device Id")
[2022.08.04-16.08.28:466][  0]LogWindows: EnumDisplayDevices:
[2022.08.04-16.08.28:466][  0]LogWindows:    0. 'NVIDIA GeForce GTX 1050 Ti' (P:0 D:1)
[2022.08.04-16.08.28:467][  0]LogWindows:    1. 'NVIDIA GeForce GTX 1050 Ti' (P:1 D:1)
[2022.08.04-16.08.28:467][  0]LogWindows:    2. 'NVIDIA GeForce GTX 1050 Ti' (P:0 D:0)
[2022.08.04-16.08.28:467][  0]LogWindows:    3. 'NVIDIA GeForce GTX 1050 Ti' (P:0 D:0)
[2022.08.04-16.08.28:467][  0]LogWindows: DebugString: FoundDriverCount:4 
[2022.08.04-16.08.28:467][  0]LogD3D11RHI:     Adapter Name: NVIDIA GeForce GTX 1050 Ti
[2022.08.04-16.08.28:467][  0]LogD3D11RHI:   Driver Version: 512.95 (internal:30.0.15.1295, unified:512.95)
[2022.08.04-16.08.28:467][  0]LogD3D11RHI:      Driver Date: 5-19-2022
[2022.08.04-16.08.28:467][  0]LogRHI: Texture pool is 2812 MB (70% of 4018 MB)
[2022.08.04-16.08.28:468][  0]LogD3D11RHI: Creating D3DDevice using adapter:
[2022.08.04-16.08.28:468][  0]LogD3D11RHI:     Description : NVIDIA GeForce GTX 1050 Ti
[2022.08.04-16.08.28:468][  0]LogD3D11RHI:     VendorId    : 10de
[2022.08.04-16.08.28:468][  0]LogD3D11RHI:     DeviceId    : 1c82
[2022.08.04-16.08.28:468][  0]LogD3D11RHI:     SubSysId    : 33511462
[2022.08.04-16.08.28:468][  0]LogD3D11RHI:     Revision    : 00a1
[2022.08.04-16.08.28:468][  0]LogD3D11RHI:     DedicatedVideoMemory : 4213178368 bytes
[2022.08.04-16.08.28:468][  0]LogD3D11RHI:     DedicatedSystemMemory : 0 bytes
[2022.08.04-16.08.28:468][  0]LogD3D11RHI:     SharedSystemMemory : 12850700288 bytes
[2022.08.04-16.08.28:468][  0]LogD3D11RHI:     AdapterLuid : 0 46877
[2022.08.04-16.08.28:607][  0]LogD3D11RHI: RHI has support for 64 bit atomics
[2022.08.04-16.08.28:607][  0]LogD3D11RHI: Async texture creation enabled
[2022.08.04-16.08.28:608][  0]LogD3D11RHI: Array index from any shader is supported
[2022.08.04-16.08.29:274][  0]LogD3D11RHI: GPU Timing Frequency: 1000.000000 (Debug: 2 1)
[2022.08.04-16.08.29:927][  0]LogRHI: GeForceNow SDK initialized: 1
[2022.08.04-16.08.32:092][  0]LogTargetPlatformManager: Display: Loaded TargetPlatform 'AllDesktop'
[2022.08.04-16.08.32:116][  0]LogTargetPlatformManager: Display: Loaded TargetPlatform 'Android'
[2022.08.04-16.08.32:116][  0]LogTargetPlatformManager: Display: Loaded TargetPlatform 'Android_ASTC'
[2022.08.04-16.08.32:116][  0]LogTargetPlatformManager: Display: Loaded TargetPlatform 'Android_DXT'
[2022.08.04-16.08.32:116][  0]LogTargetPlatformManager: Display: Loaded TargetPlatform 'Android_ETC2'
[2022.08.04-16.08.32:116][  0]LogTargetPlatformManager: Display: Loaded TargetPlatform 'AndroidClient'
[2022.08.04-16.08.32:116][  0]LogTargetPlatformManager: Display: Loaded TargetPlatform 'Android_ASTCClient'
[2022.08.04-16.08.32:116][  0]LogTargetPlatformManager: Display: Loaded TargetPlatform 'Android_DXTClient'
[2022.08.04-16.08.32:116][  0]LogTargetPlatformManager: Display: Loaded TargetPlatform 'Android_ETC2Client'
[2022.08.04-16.08.32:116][  0]LogTargetPlatformManager: Display: Loaded TargetPlatform 'Android_Multi'
[2022.08.04-16.08.32:116][  0]LogTargetPlatformManager: Display: Loaded TargetPlatform 'Android_MultiClient'
[2022.08.04-16.08.32:311][  0]LogTargetPlatformManager: Display: Loaded TargetPlatform 'IOSClient'
[2022.08.04-16.08.32:311][  0]LogTargetPlatformManager: Display: Loaded TargetPlatform 'IOS'
[2022.08.04-16.08.32:529][  0]LogTargetPlatformManager: Display: Loaded TargetPlatform 'Linux'
[2022.08.04-16.08.32:561][  0]LogTargetPlatformManager: Display: Loaded TargetPlatform 'LinuxNoEditor'
[2022.08.04-16.08.32:587][  0]LogTargetPlatformManager: Display: Loaded TargetPlatform 'LinuxClient'
[2022.08.04-16.08.32:622][  0]LogTargetPlatformManager: Display: Loaded TargetPlatform 'LinuxServer'
[2022.08.04-16.08.32:694][  0]LogTargetPlatformManager: Display: Loaded TargetPlatform 'LinuxAArch64NoEditor'
[2022.08.04-16.08.32:750][  0]LogTargetPlatformManager: Display: Loaded TargetPlatform 'LinuxAArch64Client'
[2022.08.04-16.08.32:784][  0]LogTargetPlatformManager: Display: Loaded TargetPlatform 'LinuxAArch64Server'
[2022.08.04-16.08.32:865][  0]LogTargetPlatformManager: Display: Loaded TargetPlatform 'Lumin'
[2022.08.04-16.08.32:865][  0]LogTargetPlatformManager: Display: Loaded TargetPlatform 'LuminClient'
[2022.08.04-16.08.32:916][  0]LogTargetPlatformManager: Display: Loaded TargetPlatform 'MacNoEditor'
[2022.08.04-16.08.32:955][  0]LogTargetPlatformManager: Display: Loaded TargetPlatform 'Mac'
[2022.08.04-16.08.33:008][  0]LogTargetPlatformManager: Display: Loaded TargetPlatform 'MacClient'
[2022.08.04-16.08.33:037][  0]LogTargetPlatformManager: Display: Loaded TargetPlatform 'MacServer'
[2022.08.04-16.08.33:087][  0]LogTargetPlatformManager: Display: Loaded TargetPlatform 'TVOSClient'
[2022.08.04-16.08.33:087][  0]LogTargetPlatformManager: Display: Loaded TargetPlatform 'TVOS'
[2022.08.04-16.08.33:151][  0]LogTargetPlatformManager: Display: Loaded TargetPlatform 'WindowsNoEditor'
[2022.08.04-16.08.33:187][  0]LogTargetPlatformManager: Display: Loaded TargetPlatform 'Windows'
[2022.08.04-16.08.33:225][  0]LogTargetPlatformManager: Display: Loaded TargetPlatform 'WindowsClient'
[2022.08.04-16.08.33:262][  0]LogTargetPlatformManager: Display: Loaded TargetPlatform 'WindowsServer'
[2022.08.04-16.08.33:262][  0]LogTargetPlatformManager: Display: Building Assets For Windows
[2022.08.04-16.08.33:527][  0]LogAudioDebug: Display: Lib vorbis DLL was dynamically loaded.
[2022.08.04-16.08.34:167][  0]LogTextureFormatOodle: Display: Oodle Texture 2.9.0 init RDO Off
[2022.08.04-16.08.35:254][  0]LogRendererCore: Ray tracing is disabled. Reason: r.RayTracing=0.
[2022.08.04-16.08.35:295][  0]LogShaderCompilers: Guid format shader working directory is -53 characters bigger than the processId version (../../../../../../GameDev/Unreal/Young-Man-Jenkins-2-The-Robbery/YoungManJenkins2/YoungManJenkins2/Intermediate/Shaders/WorkingDirectory/20260/).
[2022.08.04-16.08.35:295][  0]LogShaderCompilers: Cleaned the shader compiler working directory 'C:/Users/natha/AppData/Local/Temp/UnrealShaderWorkingDir/D5E09E0546D1433CC40AEFB41F257066/'.
[2022.08.04-16.08.35:304][  0]LogXGEController: Cannot use XGE Controller as Incredibuild is not installed on this machine.
[2022.08.04-16.08.35:304][  0]LogShaderCompilers: Cannot use XGE Shader Compiler as Incredibuild is not installed on this machine.
[2022.08.04-16.08.35:304][  0]LogShaderCompilers: Display: Using Local Shader Compiler.
[2022.08.04-16.08.52:988][  0]LogDerivedDataCache: Display: Max Cache Size: 512 MB
[2022.08.04-16.08.53:886][  0]LogDerivedDataCache: Loaded boot cache 0.89s 94MB C:/Users/natha/AppData/Local/UnrealEngine/4.27/DerivedDataCache/Boot.ddc.
[2022.08.04-16.08.53:886][  0]LogDerivedDataCache: Display: Loaded Boot cache: C:/Users/natha/AppData/Local/UnrealEngine/4.27/DerivedDataCache/Boot.ddc
[2022.08.04-16.08.53:922][  0]LogDerivedDataCache: FDerivedDataBackendGraph:  Pak pak cache file ../../../../../../GameDev/Unreal/Young-Man-Jenkins-2-The-Robbery/YoungManJenkins2/YoungManJenkins2/DerivedDataCache/DDC.ddp not found, will not use a pak cache.
[2022.08.04-16.08.53:922][  0]LogDerivedDataCache: Unable to find inner node Pak for hierarchical cache Hierarchy.
[2022.08.04-16.08.53:922][  0]LogDerivedDataCache: FDerivedDataBackendGraph:  CompressedPak pak cache file ../../../../../../GameDev/Unreal/Young-Man-Jenkins-2-The-Robbery/YoungManJenkins2/YoungManJenkins2/DerivedDataCache/Compressed.ddp not found, will not use a pak cache.
[2022.08.04-16.08.53:922][  0]LogDerivedDataCache: Unable to find inner node CompressedPak for hierarchical cache Hierarchy.
[2022.08.04-16.08.54:061][  0]LogDerivedDataCache: Display: Pak cache opened for reading ../../../Engine/DerivedDataCache/Compressed.ddp.
[2022.08.04-16.08.54:061][  0]LogDerivedDataCache: FDerivedDataBackendGraph:  EnterprisePak pak cache file ../../../Enterprise/DerivedDataCache/Compressed.ddp not found, will not use a pak cache.
[2022.08.04-16.08.54:061][  0]LogDerivedDataCache: Unable to find inner node EnterprisePak for hierarchical cache Hierarchy.
[2022.08.04-16.08.54:287][  0]LogDerivedDataCache: Speed tests for C:/Users/natha/AppData/Local/UnrealEngine/Common/DerivedDataCache took 0.23 seconds
[2022.08.04-16.08.54:287][  0]LogDerivedDataCache: Display: Performance to C:/Users/natha/AppData/Local/UnrealEngine/Common/DerivedDataCache: Latency=0.04ms. RandomReadSpeed=4.30MBs, RandomWriteSpeed=102.87MBs. Assigned SpeedClass 'Local'
[2022.08.04-16.08.54:288][  0]LogDerivedDataCache: Using Local data cache path C:/Users/natha/AppData/Local/UnrealEngine/Common/DerivedDataCache: Writable
[2022.08.04-16.08.54:288][  0]LogDerivedDataCache: Shared data cache path not found in *engine.ini, will not use an Shared cache.
[2022.08.04-16.08.54:288][  0]LogDerivedDataCache: Unable to find inner node Shared for hierarchical cache Hierarchy.
[2022.08.04-16.08.54:575][  0]LogSlate: Using FreeType 2.10.0
[2022.08.04-16.08.54:697][  0]LogSlate: SlateFontServices - WITH_FREETYPE: 1, WITH_HARFBUZZ: 1
[2022.08.04-16.08.55:909][  0]LogAssetRegistry: FAssetRegistry took 0.1779 seconds to start up
