Log file open, 07/31/22 18:25:20
LogWindows: Failed to load 'aqProf.dll' (GetLastError=126)
LogWindows: File 'aqProf.dll' does not exist
LogWindows: Failed to load 'VtuneApi.dll' (GetLastError=126)
LogWindows: File 'VtuneApi.dll' does not exist
LogWindows: Failed to load 'VtuneApi32e.dll' (GetLastError=126)
LogWindows: File 'VtuneApi32e.dll' does not exist
LogConsoleResponse: Display: Failed to find resolution value strings in scalability ini. Falling back to default.
LogConsoleResponse: Display: Failed to find resolution value strings in scalability ini. Falling back to default.
LogInit: Display: Running engine for game: YoungManJenkins2
LogPlatformFile: Not using cached read wrapper
LogTaskGraph: Started task graph with 5 named threads and 47 total threads with 3 sets of task threads.
LogStats: Stats thread started at 0.646824
LogICUInternationalization: ICU TimeZone Detection - Raw Offset: -4:00, Platform Override: ''
LogInit: Display: Loading text-based GConfig....
LogPluginManager: Mounting plugin MeshPainting
LogPluginManager: Mounting plugin XGEController
LogPluginManager: Mounting plugin Paper2D
LogPluginManager: Mounting plugin LiveLink
LogPluginManager: Mounting plugin LightPropagationVolume
LogPluginManager: Mounting plugin CameraShakePreviewer
LogPluginManager: Mounting plugin GameplayCameras
LogPluginManager: Mounting plugin AISupport
LogPluginManager: Mounting plugin EnvironmentQueryEditor
LogPluginManager: Mounting plugin DatasmithContent
LogPluginManager: Mounting plugin AssetManagerEditor
LogPluginManager: Mounting plugin CryptoKeys
LogPluginManager: Mounting plugin CurveEditorTools
LogPluginManager: Mounting plugin VariantManagerContent
LogPluginManager: Mounting plugin GameplayTagsEditor
LogPluginManager: Mounting plugin DataValidation
LogPluginManager: Mounting plugin FacialAnimation
LogPluginManager: Mounting plugin GeometryMode
LogPluginManager: Mounting plugin MacGraphicsSwitching
LogPluginManager: Mounting plugin MaterialAnalyzer
LogPluginManager: Mounting plugin MobileLauncherProfileWizard
LogPluginManager: Mounting plugin PluginBrowser
LogPluginManager: Mounting plugin SpeedTreeImporter
LogPluginManager: Mounting plugin Niagara
LogPluginManager: Mounting plugin AlembicImporter
LogPluginManager: Mounting plugin AutomationUtils
LogPluginManager: Mounting plugin BackChannel
LogPluginManager: Mounting plugin ChaosCloth
LogPluginManager: Mounting plugin ChaosClothEditor
LogPluginManager: Mounting plugin ChaosEditor
LogPluginManager: Mounting plugin ChaosNiagara
LogPluginManager: Mounting plugin CharacterAI
LogPluginManager: Mounting plugin ChaosSolverPlugin
LogPluginManager: Mounting plugin AnimationSharing
LogPluginManager: Mounting plugin CLionSourceCodeAccess
LogPluginManager: Mounting plugin CodeLiteSourceCodeAccess
LogPluginManager: Mounting plugin GitSourceControl
LogPluginManager: Mounting plugin NullSourceCodeAccess
LogPluginManager: Mounting plugin KDevelopSourceCodeAccess
LogPluginManager: Mounting plugin PerforceSourceControl
LogPluginManager: Mounting plugin PlasticSourceControl
LogPluginManager: Mounting plugin PixWinPlugin
LogPluginManager: Mounting plugin PropertyAccessNode
LogPluginManager: Mounting plugin PluginUtils
LogPluginManager: Mounting plugin RiderSourceCodeAccess
LogPluginManager: Mounting plugin SubversionSourceControl
LogPluginManager: Mounting plugin TextureFormatOodle
LogPluginManager: Mounting plugin UObjectPlugin
LogPluginManager: Mounting plugin VisualStudioCodeSourceCodeAccess
LogPluginManager: Mounting plugin XCodeSourceCodeAccess
LogPluginManager: Mounting plugin LuminPlatformFeatures
LogPluginManager: Mounting plugin VisualStudioSourceCodeAccess
LogPluginManager: Mounting plugin MagicLeap
LogPluginManager: Mounting plugin MagicLeapLightEstimation
LogPluginManager: Mounting plugin GeometryCache
LogPluginManager: Mounting plugin MagicLeapMedia
LogPluginManager: Mounting plugin GeometryCollectionPlugin
LogPluginManager: Mounting plugin GeometryProcessing
LogPluginManager: Mounting plugin MotoSynth
LogPluginManager: Mounting plugin OpenImageDenoise
LogPluginManager: Mounting plugin ProxyLODPlugin
LogPluginManager: Mounting plugin PlatformCrypto
LogPluginManager: Mounting plugin PythonScriptPlugin
LogPluginManager: Mounting plugin PlanarCut
LogPluginManager: Mounting plugin MagicLeapPassableWorld
LogPluginManager: Mounting plugin MLSDK
LogPluginManager: Mounting plugin AndroidMedia
LogPluginManager: Mounting plugin AvfMedia
LogPluginManager: Mounting plugin ImgMedia
LogPluginManager: Mounting plugin MediaCompositing
LogPluginManager: Mounting plugin MediaPlayerEditor
LogPluginManager: Mounting plugin SkeletalReduction
LogPluginManager: Mounting plugin WmfMedia
LogPluginManager: Mounting plugin WebMMedia
LogPluginManager: Mounting plugin UdpMessaging
LogPluginManager: Mounting plugin ActorSequence
LogPluginManager: Mounting plugin TcpMessaging
LogPluginManager: Mounting plugin LevelSequenceEditor
LogPluginManager: Mounting plugin MatineeToLevelSequence
LogPluginManager: Mounting plugin TemplateSequence
LogPluginManager: Mounting plugin OnlineSubsystem
LogPluginManager: Mounting plugin OnlineSubsystemNull
LogPluginManager: Mounting plugin OnlineSubsystemUtils
LogPluginManager: Mounting plugin LauncherChunkInstaller
LogPluginManager: Mounting plugin ActorLayerUtilities
LogPluginManager: Mounting plugin AndroidDeviceProfileSelector
LogPluginManager: Mounting plugin AppleMoviePlayer
LogPluginManager: Mounting plugin AppleImageUtils
LogPluginManager: Mounting plugin ArchVisCharacter
LogPluginManager: Mounting plugin AssetTags
LogPluginManager: Mounting plugin AndroidPermission
LogPluginManager: Mounting plugin AndroidMoviePlayer
LogPluginManager: Mounting plugin AudioCapture
LogPluginManager: Mounting plugin AudioSynesthesia
LogPluginManager: Mounting plugin CableComponent
LogPluginManager: Mounting plugin ChunkDownloader
LogPluginManager: Mounting plugin EditableMesh
LogPluginManager: Mounting plugin CustomMeshComponent
LogPluginManager: Mounting plugin ExampleDeviceProfileSelector
LogPluginManager: Mounting plugin GooglePAD
LogPluginManager: Mounting plugin GoogleCloudMessaging
LogPluginManager: Mounting plugin IOSDeviceProfileSelector
LogPluginManager: Mounting plugin LinuxDeviceProfileSelector
LogPluginManager: Mounting plugin LocationServicesBPLibrary
LogPluginManager: Mounting plugin MobilePatchingUtils
LogPluginManager: Mounting plugin OpenXREyeTracker
LogPluginManager: Mounting plugin OpenXR
LogPluginManager: Mounting plugin ScreenshotTools
LogPluginManager: Mounting plugin OpenXRHandTracking
LogPluginManager: Mounting plugin ProceduralMeshComponent
LogPluginManager: Mounting plugin PhysXVehicles
LogPluginManager: Mounting plugin PropertyAccessEditor
LogPluginManager: Mounting plugin RuntimePhysXCooking
LogPluginManager: Mounting plugin SignificanceManager
LogPluginManager: Mounting plugin SoundFields
LogPluginManager: Mounting plugin PostSplashScreen
LogPluginManager: Mounting plugin Synthesis
LogPluginManager: Mounting plugin Takes
LogPluginManager: Mounting plugin WebMMoviePlayer
LogPluginManager: Mounting plugin WindowsMoviePlayer
LogPluginManager: Mounting plugin OodleNetwork
LogPluginManager: Mounting plugin OodleData
LogPluginManager: Mounting plugin ContentBrowserAssetDataSource
LogPluginManager: Mounting plugin ContentBrowserClassDataSource
LogPluginManager: Mounting plugin ContentBrowserFileDataSource
LogPluginManager: Mounting plugin OnlineSubsystemGooglePlay
LogPluginManager: Mounting plugin OnlineSubsystemIOS
LogPluginManager: Mounting plugin OculusVR
LogPluginManager: Mounting plugin SteamVR
PixWinPlugin: PIX capture plugin failed to initialize! Check that the process is launched from PIX.
LogInit: Using libcurl 7.55.1-DEV
LogInit:  - built for x86_64-pc-win32
LogInit:  - supports SSL with OpenSSL/1.1.1
LogInit:  - supports HTTP deflate (compression) using libz 1.2.8
LogInit:  - other features:
LogInit:      CURL_VERSION_SSL
LogInit:      CURL_VERSION_LIBZ
LogInit:      CURL_VERSION_IPV6
LogInit:      CURL_VERSION_ASYNCHDNS
LogInit:      CURL_VERSION_LARGEFILE
LogInit:      CURL_VERSION_IDN
LogInit:  CurlRequestOptions (configurable via config and command line):
LogInit:  - bVerifyPeer = true  - Libcurl will verify peer certificate
LogInit:  - bUseHttpProxy = false  - Libcurl will NOT use HTTP proxy
LogInit:  - bDontReuseConnections = false  - Libcurl will reuse connections
LogInit:  - MaxHostConnections = 16  - Libcurl will limit the number of connections to a host
LogInit:  - LocalHostAddr = Default
LogInit:  - BufferSize = 65536
LogOnline: OSS: Creating online subsystem instance for: NULL
LogInit: WinSock: version 1.1 (2.2), MaxSocks=32767, MaxUdp=65467
LogOnline: OSS: TryLoadSubsystemAndSetDefault: Loaded subsystem for module [NULL]
LogOculusPluginWrapper: OculusPlugin initialized successfully
LogHMD: Failed initializing OVRPlugin 1.59.0
LogInit: Build: ++UE4+Release-4.27-CL-18319896
LogInit: Engine Version: 4.27.2-18319896+++UE4+Release-4.27
LogInit: Compatible Engine Version: 4.27.0-17155196+++UE4+Release-4.27
LogInit: Net CL: 17155196
LogInit: OS: Windows 10 (Release 2009) (), CPU: AMD Ryzen 7 1700X Eight-Core Processor         , GPU: NVIDIA GeForce GTX 1050 Ti
LogInit: Compiled (64-bit): Nov 30 2021 07:12:08
LogInit: Compiled with Visual C++: 19.24.28315.00
LogInit: Build Configuration: Development
LogInit: Branch Name: ++UE4+Release-4.27
LogInit: Command Line:  /Game/TopDownBP/Maps/TrainCarlvl1 -game -PIEVIACONSOLE -Multiprocess GameUserSettingsINI=C:/GameDev/Unreal/Young-Man-Jenkins-2-The-Robbery/YoungManJenkins2/YoungManJenkins2/Saved/Config/Windows/PIEGameUserSettings0.ini -MultiprocessSaveConfig -forcepassthrough -messaging -SessionName="Play in Standalone Game" -windowed -WinX=-29 -WinY=184 SAVEWINPOS=1 -ResX=1280 -ResY=720
LogInit: Base Directory: C:/Program Files/Epic Games/UE_4.27/Engine/Binaries/Win64/
LogInit: Allocator: TBB
LogInit: Installed Engine Build: 1
LogDevObjectVersion: Number of dev versions registered: 29
LogDevObjectVersion:   Dev-Blueprints (B0D832E4-1F89-4F0D-ACCF-7EB736FD4AA2): 10
LogDevObjectVersion:   Dev-Build (E1C64328-A22C-4D53-A36C-8E866417BD8C): 0
LogDevObjectVersion:   Dev-Core (375EC13C-06E4-48FB-B500-84F0262A717E): 4
LogDevObjectVersion:   Dev-Editor (E4B068ED-F494-42E9-A231-DA0B2E46BB41): 40
LogDevObjectVersion:   Dev-Framework (CFFC743F-43B0-4480-9391-14DF171D2073): 37
LogDevObjectVersion:   Dev-Mobile (B02B49B5-BB20-44E9-A304-32B752E40360): 3
LogDevObjectVersion:   Dev-Networking (A4E4105C-59A1-49B5-A7C5-40C4547EDFEE): 0
LogDevObjectVersion:   Dev-Online (39C831C9-5AE6-47DC-9A44-9C173E1C8E7C): 0
LogDevObjectVersion:   Dev-Physics (78F01B33-EBEA-4F98-B9B4-84EACCB95AA2): 14
LogDevObjectVersion:   Dev-Platform (6631380F-2D4D-43E0-8009-CF276956A95A): 0
LogDevObjectVersion:   Dev-Rendering (12F88B9F-8875-4AFC-A67C-D90C383ABD29): 45
LogDevObjectVersion:   Dev-Sequencer (7B5AE74C-D270-4C10-A958-57980B212A5A): 13
LogDevObjectVersion:   Dev-VR (D7296918-1DD6-4BDD-9DE2-64A83CC13884): 3
LogDevObjectVersion:   Dev-LoadTimes (C2A15278-BFE7-4AFE-6C17-90FF531DF755): 1
LogDevObjectVersion:   Private-Geometry (6EACA3D4-40EC-4CC1-B786-8BED09428FC5): 3
LogDevObjectVersion:   Dev-AnimPhys (29E575DD-E0A3-4627-9D10-D276232CDCEA): 17
LogDevObjectVersion:   Dev-Anim (AF43A65D-7FD3-4947-9873-3E8ED9C1BB05): 15
LogDevObjectVersion:   Dev-ReflectionCapture (6B266CEC-1EC7-4B8F-A30B-E4D90942FC07): 1
LogDevObjectVersion:   Dev-Automation (0DF73D61-A23F-47EA-B727-89E90C41499A): 1
LogDevObjectVersion:   FortniteMain (601D1886-AC64-4F84-AA16-D3DE0DEAC7D6): 47
LogDevObjectVersion:   FortniteRelease (E7086368-6B23-4C58-8439-1B7016265E91): 1
LogDevObjectVersion:   Dev-Enterprise (9DFFBCD6-494F-0158-E221-12823C92A888): 10
LogDevObjectVersion:   Dev-Niagara (F2AED0AC-9AFE-416F-8664-AA7FFA26D6FC): 1
LogDevObjectVersion:   Dev-Destruction (174F1F0B-B4C6-45A5-B13F-2EE8D0FB917D): 10
LogDevObjectVersion:   Dev-Physics-Ext (35F94A83-E258-406C-A318-09F59610247C): 41
LogDevObjectVersion:   Dev-PhysicsMaterial-Chaos (B68FC16E-8B1B-42E2-B453-215C058844FE): 1
LogDevObjectVersion:   Dev-CineCamera (B2E18506-4273-CFC2-A54E-F4BB758BBA07): 1
LogDevObjectVersion:   Dev-VirtualProduction (64F58936-FD1B-42BA-BA96-7289D5D0FA4E): 1
LogDevObjectVersion:   Dev-MediaFramework (6F0ED827-A609-4895-9C91-998D90180EA4): 2
LogInit: Presizing for max 25165824 objects, including 0 objects not considered by GC, pre-allocating 0 bytes for permanent pool.
LogConfig: Applying CVar settings from Section [/Script/Engine.StreamingSettings] File [C:/GameDev/Unreal/Young-Man-Jenkins-2-The-Robbery/YoungManJenkins2/YoungManJenkins2/Saved/Config/Windows/Engine.ini]
LogConfig: Setting CVar [[s.MinBulkDataSizeForAsyncLoading:131072]]
LogConfig: Setting CVar [[s.AsyncLoadingThreadEnabled:0]]
LogConfig: Setting CVar [[s.EventDrivenLoaderEnabled:1]]
LogConfig: Setting CVar [[s.WarnIfTimeLimitExceeded:0]]
LogConfig: Setting CVar [[s.TimeLimitExceededMultiplier:1.5]]
LogConfig: Setting CVar [[s.TimeLimitExceededMinTime:0.005]]
LogConfig: Setting CVar [[s.UseBackgroundLevelStreaming:1]]
LogConfig: Setting CVar [[s.PriorityAsyncLoadingExtraTime:15.0]]
LogConfig: Setting CVar [[s.LevelStreamingActorsUpdateTimeLimit:5.0]]
LogConfig: Setting CVar [[s.PriorityLevelStreamingActorsUpdateExtraTime:5.0]]
LogConfig: Setting CVar [[s.LevelStreamingComponentsRegistrationGranularity:10]]
LogConfig: Setting CVar [[s.UnregisterComponentsTimeLimit:1.0]]
LogConfig: Setting CVar [[s.LevelStreamingComponentsUnregistrationGranularity:5]]
LogConfig: Setting CVar [[s.FlushStreamingOnExit:1]]
LogInit: Object subsystem initialized
LogConfig: Setting CVar [[con.DebugEarlyDefault:1]]
LogConfig: Setting CVar [[r.setres:1280x720]]
[2022.07.31-21.25.23:979][  0]LogConfig: Setting CVar [[con.DebugEarlyDefault:1]]
[2022.07.31-21.25.23:979][  0]LogConfig: Setting CVar [[r.setres:1280x720]]
[2022.07.31-21.25.23:979][  0]LogConfig: Applying CVar settings from Section [/Script/Engine.RendererSettings] File [C:/GameDev/Unreal/Young-Man-Jenkins-2-The-Robbery/YoungManJenkins2/YoungManJenkins2/Saved/Config/Windows/Engine.ini]
[2022.07.31-21.25.23:979][  0]LogConfig: Setting CVar [[r.GPUCrashDebugging:0]]
[2022.07.31-21.25.23:979][  0]LogConfig: Setting CVar [[r.DefaultFeature.AutoExposure:0]]
[2022.07.31-21.25.23:979][  0]LogConfig: Setting CVar [[r.TranslucentSortPolicy:1]]
[2022.07.31-21.25.23:979][  0]LogConfig: Applying CVar settings from Section [/Script/Engine.RendererOverrideSettings] File [C:/GameDev/Unreal/Young-Man-Jenkins-2-The-Robbery/YoungManJenkins2/YoungManJenkins2/Saved/Config/Windows/Engine.ini]
[2022.07.31-21.25.23:979][  0]LogConfig: Applying CVar settings from Section [/Script/Engine.StreamingSettings] File [C:/GameDev/Unreal/Young-Man-Jenkins-2-The-Robbery/YoungManJenkins2/YoungManJenkins2/Saved/Config/Windows/Engine.ini]
[2022.07.31-21.25.23:979][  0]LogConfig: Setting CVar [[s.MinBulkDataSizeForAsyncLoading:131072]]
[2022.07.31-21.25.23:979][  0]LogConfig: Setting CVar [[s.AsyncLoadingThreadEnabled:0]]
[2022.07.31-21.25.23:979][  0]LogConfig: Setting CVar [[s.EventDrivenLoaderEnabled:1]]
[2022.07.31-21.25.23:979][  0]LogConfig: Setting CVar [[s.WarnIfTimeLimitExceeded:0]]
[2022.07.31-21.25.23:979][  0]LogConfig: Setting CVar [[s.TimeLimitExceededMultiplier:1.5]]
[2022.07.31-21.25.23:979][  0]LogConfig: Setting CVar [[s.TimeLimitExceededMinTime:0.005]]
[2022.07.31-21.25.23:979][  0]LogConfig: Setting CVar [[s.UseBackgroundLevelStreaming:1]]
[2022.07.31-21.25.23:979][  0]LogConfig: Setting CVar [[s.PriorityAsyncLoadingExtraTime:15.0]]
[2022.07.31-21.25.23:979][  0]LogConfig: Setting CVar [[s.LevelStreamingActorsUpdateTimeLimit:5.0]]
[2022.07.31-21.25.23:979][  0]LogConfig: Setting CVar [[s.PriorityLevelStreamingActorsUpdateExtraTime:5.0]]
[2022.07.31-21.25.23:979][  0]LogConfig: Setting CVar [[s.LevelStreamingComponentsRegistrationGranularity:10]]
[2022.07.31-21.25.23:979][  0]LogConfig: Setting CVar [[s.UnregisterComponentsTimeLimit:1.0]]
[2022.07.31-21.25.23:979][  0]LogConfig: Setting CVar [[s.LevelStreamingComponentsUnregistrationGranularity:5]]
[2022.07.31-21.25.23:979][  0]LogConfig: Setting CVar [[s.FlushStreamingOnExit:1]]
[2022.07.31-21.25.23:979][  0]LogConfig: Applying CVar settings from Section [/Script/Engine.GarbageCollectionSettings] File [C:/GameDev/Unreal/Young-Man-Jenkins-2-The-Robbery/YoungManJenkins2/YoungManJenkins2/Saved/Config/Windows/Engine.ini]
[2022.07.31-21.25.23:979][  0]LogConfig: Setting CVar [[gc.MaxObjectsNotConsideredByGC:1]]
[2022.07.31-21.25.23:979][  0]LogConfig: Setting CVar [[gc.SizeOfPermanentObjectPool:0]]
[2022.07.31-21.25.23:979][  0]LogConfig: Setting CVar [[gc.FlushStreamingOnGC:0]]
[2022.07.31-21.25.23:979][  0]LogConfig: Setting CVar [[gc.NumRetriesBeforeForcingGC:10]]
[2022.07.31-21.25.23:979][  0]LogConfig: Setting CVar [[gc.AllowParallelGC:1]]
[2022.07.31-21.25.23:979][  0]LogConfig: Setting CVar [[gc.TimeBetweenPurgingPendingKillObjects:61.1]]
[2022.07.31-21.25.23:979][  0]LogConfig: Setting CVar [[gc.MaxObjectsInEditor:25165824]]
[2022.07.31-21.25.23:979][  0]LogConfig: Setting CVar [[gc.IncrementalBeginDestroyEnabled:1]]
[2022.07.31-21.25.23:979][  0]LogConfig: Setting CVar [[gc.CreateGCClusters:1]]
[2022.07.31-21.25.23:979][  0]LogConfig: Setting CVar [[gc.MinGCClusterSize:5]]
[2022.07.31-21.25.23:979][  0]LogConfig: Setting CVar [[gc.ActorClusteringEnabled:0]]
[2022.07.31-21.25.23:979][  0]LogConfig: Setting CVar [[gc.BlueprintClusteringEnabled:0]]
[2022.07.31-21.25.23:979][  0]LogConfig: Setting CVar [[gc.UseDisregardForGCOnDedicatedServers:0]]
[2022.07.31-21.25.23:979][  0]LogConfig: Setting CVar [[gc.MultithreadedDestructionEnabled:1]]
[2022.07.31-21.25.23:979][  0]LogConfig: Applying CVar settings from Section [/Script/Engine.NetworkSettings] File [C:/GameDev/Unreal/Young-Man-Jenkins-2-The-Robbery/YoungManJenkins2/YoungManJenkins2/Saved/Config/Windows/Engine.ini]
[2022.07.31-21.25.23:979][  0]LogConfig: Applying CVar settings from Section [/Script/UnrealEd.CookerSettings] File [C:/GameDev/Unreal/Young-Man-Jenkins-2-The-Robbery/YoungManJenkins2/YoungManJenkins2/Saved/Config/Windows/Engine.ini]
[2022.07.31-21.25.24:005][  0]LogConfig: Applying CVar settings from Section [ViewDistanceQuality@3] File [C:/GameDev/Unreal/Young-Man-Jenkins-2-The-Robbery/YoungManJenkins2/YoungManJenkins2/Saved/Config/Windows/Scalability.ini]
[2022.07.31-21.25.24:005][  0]LogConfig: Setting CVar [[r.SkeletalMeshLODBias:0]]
[2022.07.31-21.25.24:005][  0]LogConfig: Setting CVar [[r.ViewDistanceScale:1.0]]
[2022.07.31-21.25.24:005][  0]LogConfig: Applying CVar settings from Section [AntiAliasingQuality@3] File [C:/GameDev/Unreal/Young-Man-Jenkins-2-The-Robbery/YoungManJenkins2/YoungManJenkins2/Saved/Config/Windows/Scalability.ini]
[2022.07.31-21.25.24:005][  0]LogConfig: Setting CVar [[r.PostProcessAAQuality:4]]
[2022.07.31-21.25.24:005][  0]LogConfig: Applying CVar settings from Section [ShadowQuality@3] File [C:/GameDev/Unreal/Young-Man-Jenkins-2-The-Robbery/YoungManJenkins2/YoungManJenkins2/Saved/Config/Windows/Scalability.ini]
[2022.07.31-21.25.24:005][  0]LogConfig: Setting CVar [[r.LightFunctionQuality:1]]
[2022.07.31-21.25.24:005][  0]LogConfig: Setting CVar [[r.ShadowQuality:5]]
[2022.07.31-21.25.24:005][  0]LogConfig: Setting CVar [[r.Shadow.CSM.MaxCascades:10]]
[2022.07.31-21.25.24:005][  0]LogConfig: Setting CVar [[r.Shadow.MaxResolution:2048]]
[2022.07.31-21.25.24:005][  0]LogConfig: Setting CVar [[r.Shadow.MaxCSMResolution:2048]]
[2022.07.31-21.25.24:005][  0]LogConfig: Setting CVar [[r.Shadow.RadiusThreshold:0.01]]
[2022.07.31-21.25.24:005][  0]LogConfig: Setting CVar [[r.Shadow.DistanceScale:1.0]]
[2022.07.31-21.25.24:005][  0]LogConfig: Setting CVar [[r.Shadow.CSM.TransitionScale:1.0]]
[2022.07.31-21.25.24:005][  0]LogConfig: Setting CVar [[r.Shadow.PreShadowResolutionFactor:1.0]]
[2022.07.31-21.25.24:005][  0]LogConfig: Setting CVar [[r.DistanceFieldShadowing:1]]
[2022.07.31-21.25.24:005][  0]LogConfig: Setting CVar [[r.DistanceFieldAO:1]]
[2022.07.31-21.25.24:005][  0]LogConfig: Setting CVar [[r.AOQuality:2]]
[2022.07.31-21.25.24:005][  0]LogConfig: Setting CVar [[r.VolumetricFog:1]]
[2022.07.31-21.25.24:005][  0]LogConfig: Setting CVar [[r.VolumetricFog.GridPixelSize:8]]
[2022.07.31-21.25.24:005][  0]LogConfig: Setting CVar [[r.VolumetricFog.GridSizeZ:128]]
[2022.07.31-21.25.24:005][  0]LogConfig: Setting CVar [[r.VolumetricFog.HistoryMissSupersampleCount:4]]
[2022.07.31-21.25.24:005][  0]LogConfig: Setting CVar [[r.LightMaxDrawDistanceScale:1]]
[2022.07.31-21.25.24:005][  0]LogConfig: Setting CVar [[r.CapsuleShadows:1]]
[2022.07.31-21.25.24:005][  0]LogConfig: Applying CVar settings from Section [PostProcessQuality@3] File [C:/GameDev/Unreal/Young-Man-Jenkins-2-The-Robbery/YoungManJenkins2/YoungManJenkins2/Saved/Config/Windows/Scalability.ini]
[2022.07.31-21.25.24:005][  0]LogConfig: Setting CVar [[r.MotionBlurQuality:4]]
[2022.07.31-21.25.24:005][  0]LogConfig: Setting CVar [[r.AmbientOcclusionMipLevelFactor:0.4]]
[2022.07.31-21.25.24:005][  0]LogConfig: Setting CVar [[r.AmbientOcclusionMaxQuality:100]]
[2022.07.31-21.25.24:005][  0]LogConfig: Setting CVar [[r.AmbientOcclusionLevels:-1]]
[2022.07.31-21.25.24:005][  0]LogConfig: Setting CVar [[r.AmbientOcclusionRadiusScale:1.0]]
[2022.07.31-21.25.24:005][  0]LogConfig: Setting CVar [[r.DepthOfFieldQuality:2]]
[2022.07.31-21.25.24:005][  0]LogConfig: Setting CVar [[r.RenderTargetPoolMin:400]]
[2022.07.31-21.25.24:005][  0]LogConfig: Setting CVar [[r.LensFlareQuality:2]]
[2022.07.31-21.25.24:005][  0]LogConfig: Setting CVar [[r.SceneColorFringeQuality:1]]
[2022.07.31-21.25.24:005][  0]LogConfig: Setting CVar [[r.EyeAdaptationQuality:2]]
[2022.07.31-21.25.24:005][  0]LogConfig: Setting CVar [[r.BloomQuality:5]]
[2022.07.31-21.25.24:005][  0]LogConfig: Setting CVar [[r.FastBlurThreshold:100]]
[2022.07.31-21.25.24:005][  0]LogConfig: Setting CVar [[r.Upscale.Quality:3]]
[2022.07.31-21.25.24:005][  0]LogConfig: Setting CVar [[r.Tonemapper.GrainQuantization:1]]
[2022.07.31-21.25.24:005][  0]LogConfig: Setting CVar [[r.LightShaftQuality:1]]
[2022.07.31-21.25.24:006][  0]LogConfig: Setting CVar [[r.Filter.SizeScale:1]]
[2022.07.31-21.25.24:006][  0]LogConfig: Setting CVar [[r.Tonemapper.Quality:5]]
[2022.07.31-21.25.24:006][  0]LogConfig: Setting CVar [[r.DOF.Gather.AccumulatorQuality:1        ; higher gathering accumulator quality]]
[2022.07.31-21.25.24:006][  0]LogConfig: Setting CVar [[r.DOF.Gather.PostfilterMethod:1          ; Median3x3 postfilering method]]
[2022.07.31-21.25.24:006][  0]LogConfig: Setting CVar [[r.DOF.Gather.EnableBokehSettings:0       ; no bokeh simulation when gathering]]
[2022.07.31-21.25.24:006][  0]LogConfig: Setting CVar [[r.DOF.Gather.RingCount:4                 ; medium number of samples when gathering]]
[2022.07.31-21.25.24:006][  0]LogConfig: Setting CVar [[r.DOF.Scatter.ForegroundCompositing:1    ; additive foreground scattering]]
[2022.07.31-21.25.24:006][  0]LogConfig: Setting CVar [[r.DOF.Scatter.BackgroundCompositing:2    ; additive background scattering]]
[2022.07.31-21.25.24:006][  0]LogConfig: Setting CVar [[r.DOF.Scatter.EnableBokehSettings:1      ; bokeh simulation when scattering]]
[2022.07.31-21.25.24:006][  0]LogConfig: Setting CVar [[r.DOF.Scatter.MaxSpriteRatio:0.1         ; only a maximum of 10% of scattered bokeh]]
[2022.07.31-21.25.24:006][  0]LogConfig: Setting CVar [[r.DOF.Recombine.Quality:1                ; cheap slight out of focus]]
[2022.07.31-21.25.24:006][  0]LogConfig: Setting CVar [[r.DOF.Recombine.EnableBokehSettings:0    ; no bokeh simulation on slight out of focus]]
[2022.07.31-21.25.24:006][  0]LogConfig: Setting CVar [[r.DOF.TemporalAAQuality:1                ; more stable temporal accumulation]]
[2022.07.31-21.25.24:006][  0]LogConfig: Setting CVar [[r.DOF.Kernel.MaxForegroundRadius:0.025]]
[2022.07.31-21.25.24:006][  0]LogConfig: Setting CVar [[r.DOF.Kernel.MaxBackgroundRadius:0.025]]
[2022.07.31-21.25.24:006][  0]LogConfig: Applying CVar settings from Section [TextureQuality@3] File [C:/GameDev/Unreal/Young-Man-Jenkins-2-The-Robbery/YoungManJenkins2/YoungManJenkins2/Saved/Config/Windows/Scalability.ini]
[2022.07.31-21.25.24:006][  0]LogConfig: Setting CVar [[r.Streaming.MipBias:0]]
[2022.07.31-21.25.24:006][  0]LogConfig: Setting CVar [[r.Streaming.AmortizeCPUToGPUCopy:0]]
[2022.07.31-21.25.24:006][  0]LogConfig: Setting CVar [[r.Streaming.MaxNumTexturesToStreamPerFrame:0]]
[2022.07.31-21.25.24:006][  0]LogConfig: Setting CVar [[r.Streaming.Boost:1]]
[2022.07.31-21.25.24:006][  0]LogConfig: Setting CVar [[r.MaxAnisotropy:8]]
[2022.07.31-21.25.24:006][  0]LogConfig: Setting CVar [[r.VT.MaxAnisotropy:8]]
[2022.07.31-21.25.24:006][  0]LogConfig: Setting CVar [[r.Streaming.LimitPoolSizeToVRAM:0]]
[2022.07.31-21.25.24:006][  0]LogConfig: Setting CVar [[r.Streaming.PoolSize:1000]]
[2022.07.31-21.25.24:006][  0]LogConfig: Setting CVar [[r.Streaming.MaxEffectiveScreenSize:0]]
[2022.07.31-21.25.24:006][  0]LogConfig: Applying CVar settings from Section [EffectsQuality@3] File [C:/GameDev/Unreal/Young-Man-Jenkins-2-The-Robbery/YoungManJenkins2/YoungManJenkins2/Saved/Config/Windows/Scalability.ini]
[2022.07.31-21.25.24:006][  0]LogConfig: Setting CVar [[r.TranslucencyLightingVolumeDim:64]]
[2022.07.31-21.25.24:006][  0]LogConfig: Setting CVar [[r.RefractionQuality:2]]
[2022.07.31-21.25.24:006][  0]LogConfig: Setting CVar [[r.SSR.Quality:3]]
[2022.07.31-21.25.24:006][  0]LogConfig: Setting CVar [[r.SSR.HalfResSceneColor:0]]
[2022.07.31-21.25.24:006][  0]LogConfig: Setting CVar [[r.SceneColorFormat:4]]
[2022.07.31-21.25.24:006][  0]LogConfig: Setting CVar [[r.DetailMode:2]]
[2022.07.31-21.25.24:006][  0]LogConfig: Setting CVar [[r.TranslucencyVolumeBlur:1]]
[2022.07.31-21.25.24:006][  0]LogConfig: Setting CVar [[r.MaterialQualityLevel:1 ; High quality]]
[2022.07.31-21.25.24:006][  0]LogConfig: Setting CVar [[r.AnisotropicMaterials:1]]
[2022.07.31-21.25.24:006][  0]LogConfig: Setting CVar [[r.SSS.Scale:1]]
[2022.07.31-21.25.24:006][  0]LogConfig: Setting CVar [[r.SSS.SampleSet:2]]
[2022.07.31-21.25.24:006][  0]LogConfig: Setting CVar [[r.SSS.Quality:1]]
[2022.07.31-21.25.24:006][  0]LogConfig: Setting CVar [[r.SSS.HalfRes:0]]
[2022.07.31-21.25.24:006][  0]LogConfig: Setting CVar [[r.SSGI.Quality:3]]
[2022.07.31-21.25.24:006][  0]LogConfig: Setting CVar [[r.EmitterSpawnRateScale:1.0]]
[2022.07.31-21.25.24:006][  0]LogConfig: Setting CVar [[r.ParticleLightQuality:2]]
[2022.07.31-21.25.24:006][  0]LogConfig: Setting CVar [[r.SkyAtmosphere.AerialPerspectiveLUT.FastApplyOnOpaque:1 ; Always have FastSkyLUT 1 in this case to avoid wrong sky]]
[2022.07.31-21.25.24:006][  0]LogConfig: Setting CVar [[r.SkyAtmosphere.AerialPerspectiveLUT.SampleCountMaxPerSlice:4]]
[2022.07.31-21.25.24:006][  0]LogConfig: Setting CVar [[r.SkyAtmosphere.AerialPerspectiveLUT.DepthResolution:16.0]]
[2022.07.31-21.25.24:006][  0]LogConfig: Setting CVar [[r.SkyAtmosphere.FastSkyLUT:1]]
[2022.07.31-21.25.24:006][  0]LogConfig: Setting CVar [[r.SkyAtmosphere.FastSkyLUT.SampleCountMin:4.0]]
[2022.07.31-21.25.24:006][  0]LogConfig: Setting CVar [[r.SkyAtmosphere.FastSkyLUT.SampleCountMax:128.0]]
[2022.07.31-21.25.24:006][  0]LogConfig: Setting CVar [[r.SkyAtmosphere.SampleCountMin:4.0]]
[2022.07.31-21.25.24:006][  0]LogConfig: Setting CVar [[r.SkyAtmosphere.SampleCountMax:128.0]]
[2022.07.31-21.25.24:006][  0]LogConfig: Setting CVar [[r.SkyAtmosphere.TransmittanceLUT.UseSmallFormat:0]]
[2022.07.31-21.25.24:006][  0]LogConfig: Setting CVar [[r.SkyAtmosphere.TransmittanceLUT.SampleCount:10.0]]
[2022.07.31-21.25.24:006][  0]LogConfig: Setting CVar [[r.SkyAtmosphere.MultiScatteringLUT.SampleCount:15.0]]
[2022.07.31-21.25.24:006][  0]LogConfig: Setting CVar [[r.SkyLight.RealTimeReflectionCapture:1]]
[2022.07.31-21.25.24:006][  0]LogConfig: Applying CVar settings from Section [FoliageQuality@3] File [C:/GameDev/Unreal/Young-Man-Jenkins-2-The-Robbery/YoungManJenkins2/YoungManJenkins2/Saved/Config/Windows/Scalability.ini]
[2022.07.31-21.25.24:006][  0]LogConfig: Setting CVar [[foliage.DensityScale:1.0]]
[2022.07.31-21.25.24:006][  0]LogConfig: Setting CVar [[grass.DensityScale:1.0]]
[2022.07.31-21.25.24:006][  0]LogConfig: Applying CVar settings from Section [ShadingQuality@3] File [C:/GameDev/Unreal/Young-Man-Jenkins-2-The-Robbery/YoungManJenkins2/YoungManJenkins2/Saved/Config/Windows/Scalability.ini]
[2022.07.31-21.25.24:006][  0]LogConfig: Setting CVar [[r.HairStrands.SkyLighting.IntegrationType:2]]
[2022.07.31-21.25.24:006][  0]LogConfig: Setting CVar [[r.HairStrands.SkyAO.SampleCount:4]]
[2022.07.31-21.25.24:006][  0]LogConfig: Setting CVar [[r.HairStrands.Visibility.MSAA.SamplePerPixel:4]]
[2022.07.31-21.25.24:006][  0]LogInit: Selected Device Profile: [Windows]
[2022.07.31-21.25.24:006][  0]LogInit: Applying CVar settings loaded from the selected device profile: [Windows]
[2022.07.31-21.25.24:006][  0]LogHAL: Display: Platform has ~ 24 GB [25701400576 / 34359738368 / 24], which maps to Larger [LargestMinGB=32, LargerMinGB=12, DefaultMinGB=8, SmallerMinGB=6, SmallestMinGB=0)
[2022.07.31-21.25.24:006][  0]LogInit: Going up to parent DeviceProfile []
[2022.07.31-21.25.24:007][  0]LogConfig: Applying CVar settings from Section [ViewDistanceQuality@3] File [C:/GameDev/Unreal/Young-Man-Jenkins-2-The-Robbery/YoungManJenkins2/YoungManJenkins2/Saved/Config/Windows/Scalability.ini]
[2022.07.31-21.25.24:007][  0]LogConfig: Setting CVar [[r.SkeletalMeshLODBias:0]]
[2022.07.31-21.25.24:007][  0]LogConfig: Setting CVar [[r.ViewDistanceScale:1.0]]
[2022.07.31-21.25.24:007][  0]LogConfig: Applying CVar settings from Section [AntiAliasingQuality@3] File [C:/GameDev/Unreal/Young-Man-Jenkins-2-The-Robbery/YoungManJenkins2/YoungManJenkins2/Saved/Config/Windows/Scalability.ini]
[2022.07.31-21.25.24:007][  0]LogConfig: Setting CVar [[r.PostProcessAAQuality:4]]
[2022.07.31-21.25.24:007][  0]LogConfig: Applying CVar settings from Section [ShadowQuality@3] File [C:/GameDev/Unreal/Young-Man-Jenkins-2-The-Robbery/YoungManJenkins2/YoungManJenkins2/Saved/Config/Windows/Scalability.ini]
[2022.07.31-21.25.24:007][  0]LogConfig: Setting CVar [[r.LightFunctionQuality:1]]
[2022.07.31-21.25.24:007][  0]LogConfig: Setting CVar [[r.ShadowQuality:5]]
[2022.07.31-21.25.24:007][  0]LogConfig: Setting CVar [[r.Shadow.CSM.MaxCascades:10]]
[2022.07.31-21.25.24:007][  0]LogConfig: Setting CVar [[r.Shadow.MaxResolution:2048]]
[2022.07.31-21.25.24:007][  0]LogConfig: Setting CVar [[r.Shadow.MaxCSMResolution:2048]]
[2022.07.31-21.25.24:007][  0]LogConfig: Setting CVar [[r.Shadow.RadiusThreshold:0.01]]
[2022.07.31-21.25.24:007][  0]LogConfig: Setting CVar [[r.Shadow.DistanceScale:1.0]]
[2022.07.31-21.25.24:007][  0]LogConfig: Setting CVar [[r.Shadow.CSM.TransitionScale:1.0]]
[2022.07.31-21.25.24:007][  0]LogConfig: Setting CVar [[r.Shadow.PreShadowResolutionFactor:1.0]]
[2022.07.31-21.25.24:007][  0]LogConfig: Setting CVar [[r.DistanceFieldShadowing:1]]
[2022.07.31-21.25.24:007][  0]LogConfig: Setting CVar [[r.DistanceFieldAO:1]]
[2022.07.31-21.25.24:007][  0]LogConfig: Setting CVar [[r.AOQuality:2]]
[2022.07.31-21.25.24:007][  0]LogConfig: Setting CVar [[r.VolumetricFog:1]]
[2022.07.31-21.25.24:007][  0]LogConfig: Setting CVar [[r.VolumetricFog.GridPixelSize:8]]
[2022.07.31-21.25.24:007][  0]LogConfig: Setting CVar [[r.VolumetricFog.GridSizeZ:128]]
[2022.07.31-21.25.24:007][  0]LogConfig: Setting CVar [[r.VolumetricFog.HistoryMissSupersampleCount:4]]
[2022.07.31-21.25.24:007][  0]LogConfig: Setting CVar [[r.LightMaxDrawDistanceScale:1]]
[2022.07.31-21.25.24:007][  0]LogConfig: Setting CVar [[r.CapsuleShadows:1]]
[2022.07.31-21.25.24:007][  0]LogConfig: Applying CVar settings from Section [PostProcessQuality@3] File [C:/GameDev/Unreal/Young-Man-Jenkins-2-The-Robbery/YoungManJenkins2/YoungManJenkins2/Saved/Config/Windows/Scalability.ini]
[2022.07.31-21.25.24:007][  0]LogConfig: Setting CVar [[r.MotionBlurQuality:4]]
[2022.07.31-21.25.24:007][  0]LogConfig: Setting CVar [[r.AmbientOcclusionMipLevelFactor:0.4]]
[2022.07.31-21.25.24:007][  0]LogConfig: Setting CVar [[r.AmbientOcclusionMaxQuality:100]]
[2022.07.31-21.25.24:007][  0]LogConfig: Setting CVar [[r.AmbientOcclusionLevels:-1]]
[2022.07.31-21.25.24:007][  0]LogConfig: Setting CVar [[r.AmbientOcclusionRadiusScale:1.0]]
[2022.07.31-21.25.24:007][  0]LogConfig: Setting CVar [[r.DepthOfFieldQuality:2]]
[2022.07.31-21.25.24:007][  0]LogConfig: Setting CVar [[r.RenderTargetPoolMin:400]]
[2022.07.31-21.25.24:007][  0]LogConfig: Setting CVar [[r.LensFlareQuality:2]]
[2022.07.31-21.25.24:007][  0]LogConfig: Setting CVar [[r.SceneColorFringeQuality:1]]
[2022.07.31-21.25.24:007][  0]LogConfig: Setting CVar [[r.EyeAdaptationQuality:2]]
[2022.07.31-21.25.24:007][  0]LogConfig: Setting CVar [[r.BloomQuality:5]]
[2022.07.31-21.25.24:007][  0]LogConfig: Setting CVar [[r.FastBlurThreshold:100]]
[2022.07.31-21.25.24:007][  0]LogConfig: Setting CVar [[r.Upscale.Quality:3]]
[2022.07.31-21.25.24:007][  0]LogConfig: Setting CVar [[r.Tonemapper.GrainQuantization:1]]
[2022.07.31-21.25.24:007][  0]LogConfig: Setting CVar [[r.LightShaftQuality:1]]
[2022.07.31-21.25.24:007][  0]LogConfig: Setting CVar [[r.Filter.SizeScale:1]]
[2022.07.31-21.25.24:007][  0]LogConfig: Setting CVar [[r.Tonemapper.Quality:5]]
[2022.07.31-21.25.24:007][  0]LogConfig: Setting CVar [[r.DOF.Gather.AccumulatorQuality:1        ; higher gathering accumulator quality]]
[2022.07.31-21.25.24:007][  0]LogConfig: Setting CVar [[r.DOF.Gather.PostfilterMethod:1          ; Median3x3 postfilering method]]
[2022.07.31-21.25.24:007][  0]LogConfig: Setting CVar [[r.DOF.Gather.EnableBokehSettings:0       ; no bokeh simulation when gathering]]
[2022.07.31-21.25.24:007][  0]LogConfig: Setting CVar [[r.DOF.Gather.RingCount:4                 ; medium number of samples when gathering]]
[2022.07.31-21.25.24:007][  0]LogConfig: Setting CVar [[r.DOF.Scatter.ForegroundCompositing:1    ; additive foreground scattering]]
[2022.07.31-21.25.24:007][  0]LogConfig: Setting CVar [[r.DOF.Scatter.BackgroundCompositing:2    ; additive background scattering]]
[2022.07.31-21.25.24:007][  0]LogConfig: Setting CVar [[r.DOF.Scatter.EnableBokehSettings:1      ; bokeh simulation when scattering]]
[2022.07.31-21.25.24:007][  0]LogConfig: Setting CVar [[r.DOF.Scatter.MaxSpriteRatio:0.1         ; only a maximum of 10% of scattered bokeh]]
[2022.07.31-21.25.24:007][  0]LogConfig: Setting CVar [[r.DOF.Recombine.Quality:1                ; cheap slight out of focus]]
[2022.07.31-21.25.24:007][  0]LogConfig: Setting CVar [[r.DOF.Recombine.EnableBokehSettings:0    ; no bokeh simulation on slight out of focus]]
[2022.07.31-21.25.24:007][  0]LogConfig: Setting CVar [[r.DOF.TemporalAAQuality:1                ; more stable temporal accumulation]]
[2022.07.31-21.25.24:007][  0]LogConfig: Setting CVar [[r.DOF.Kernel.MaxForegroundRadius:0.025]]
[2022.07.31-21.25.24:007][  0]LogConfig: Setting CVar [[r.DOF.Kernel.MaxBackgroundRadius:0.025]]
[2022.07.31-21.25.24:007][  0]LogConfig: Applying CVar settings from Section [TextureQuality@3] File [C:/GameDev/Unreal/Young-Man-Jenkins-2-The-Robbery/YoungManJenkins2/YoungManJenkins2/Saved/Config/Windows/Scalability.ini]
[2022.07.31-21.25.24:007][  0]LogConfig: Setting CVar [[r.Streaming.MipBias:0]]
[2022.07.31-21.25.24:007][  0]LogConfig: Setting CVar [[r.Streaming.AmortizeCPUToGPUCopy:0]]
[2022.07.31-21.25.24:007][  0]LogConfig: Setting CVar [[r.Streaming.MaxNumTexturesToStreamPerFrame:0]]
[2022.07.31-21.25.24:007][  0]LogConfig: Setting CVar [[r.Streaming.Boost:1]]
[2022.07.31-21.25.24:007][  0]LogConfig: Setting CVar [[r.MaxAnisotropy:8]]
[2022.07.31-21.25.24:007][  0]LogConfig: Setting CVar [[r.VT.MaxAnisotropy:8]]
[2022.07.31-21.25.24:007][  0]LogConfig: Setting CVar [[r.Streaming.LimitPoolSizeToVRAM:0]]
[2022.07.31-21.25.24:007][  0]LogConfig: Setting CVar [[r.Streaming.PoolSize:1000]]
[2022.07.31-21.25.24:007][  0]LogConfig: Setting CVar [[r.Streaming.MaxEffectiveScreenSize:0]]
[2022.07.31-21.25.24:007][  0]LogConfig: Applying CVar settings from Section [EffectsQuality@3] File [C:/GameDev/Unreal/Young-Man-Jenkins-2-The-Robbery/YoungManJenkins2/YoungManJenkins2/Saved/Config/Windows/Scalability.ini]
[2022.07.31-21.25.24:007][  0]LogConfig: Setting CVar [[r.TranslucencyLightingVolumeDim:64]]
[2022.07.31-21.25.24:007][  0]LogConfig: Setting CVar [[r.RefractionQuality:2]]
[2022.07.31-21.25.24:007][  0]LogConfig: Setting CVar [[r.SSR.Quality:3]]
[2022.07.31-21.25.24:007][  0]LogConfig: Setting CVar [[r.SSR.HalfResSceneColor:0]]
[2022.07.31-21.25.24:007][  0]LogConfig: Setting CVar [[r.SceneColorFormat:4]]
[2022.07.31-21.25.24:007][  0]LogConfig: Setting CVar [[r.DetailMode:2]]
[2022.07.31-21.25.24:007][  0]LogConfig: Setting CVar [[r.TranslucencyVolumeBlur:1]]
[2022.07.31-21.25.24:007][  0]LogConfig: Setting CVar [[r.MaterialQualityLevel:1 ; High quality]]
[2022.07.31-21.25.24:008][  0]LogConfig: Setting CVar [[r.AnisotropicMaterials:1]]
[2022.07.31-21.25.24:008][  0]LogConfig: Setting CVar [[r.SSS.Scale:1]]
[2022.07.31-21.25.24:008][  0]LogConfig: Setting CVar [[r.SSS.SampleSet:2]]
[2022.07.31-21.25.24:008][  0]LogConfig: Setting CVar [[r.SSS.Quality:1]]
[2022.07.31-21.25.24:008][  0]LogConfig: Setting CVar [[r.SSS.HalfRes:0]]
[2022.07.31-21.25.24:008][  0]LogConfig: Setting CVar [[r.SSGI.Quality:3]]
[2022.07.31-21.25.24:008][  0]LogConfig: Setting CVar [[r.EmitterSpawnRateScale:1.0]]
[2022.07.31-21.25.24:008][  0]LogConfig: Setting CVar [[r.ParticleLightQuality:2]]
[2022.07.31-21.25.24:008][  0]LogConfig: Setting CVar [[r.SkyAtmosphere.AerialPerspectiveLUT.FastApplyOnOpaque:1 ; Always have FastSkyLUT 1 in this case to avoid wrong sky]]
[2022.07.31-21.25.24:008][  0]LogConfig: Setting CVar [[r.SkyAtmosphere.AerialPerspectiveLUT.SampleCountMaxPerSlice:4]]
[2022.07.31-21.25.24:008][  0]LogConfig: Setting CVar [[r.SkyAtmosphere.AerialPerspectiveLUT.DepthResolution:16.0]]
[2022.07.31-21.25.24:008][  0]LogConfig: Setting CVar [[r.SkyAtmosphere.FastSkyLUT:1]]
[2022.07.31-21.25.24:008][  0]LogConfig: Setting CVar [[r.SkyAtmosphere.FastSkyLUT.SampleCountMin:4.0]]
[2022.07.31-21.25.24:008][  0]LogConfig: Setting CVar [[r.SkyAtmosphere.FastSkyLUT.SampleCountMax:128.0]]
[2022.07.31-21.25.24:008][  0]LogConfig: Setting CVar [[r.SkyAtmosphere.SampleCountMin:4.0]]
[2022.07.31-21.25.24:008][  0]LogConfig: Setting CVar [[r.SkyAtmosphere.SampleCountMax:128.0]]
[2022.07.31-21.25.24:008][  0]LogConfig: Setting CVar [[r.SkyAtmosphere.TransmittanceLUT.UseSmallFormat:0]]
[2022.07.31-21.25.24:008][  0]LogConfig: Setting CVar [[r.SkyAtmosphere.TransmittanceLUT.SampleCount:10.0]]
[2022.07.31-21.25.24:008][  0]LogConfig: Setting CVar [[r.SkyAtmosphere.MultiScatteringLUT.SampleCount:15.0]]
[2022.07.31-21.25.24:008][  0]LogConfig: Setting CVar [[r.SkyLight.RealTimeReflectionCapture:1]]
[2022.07.31-21.25.24:008][  0]LogConfig: Applying CVar settings from Section [FoliageQuality@3] File [C:/GameDev/Unreal/Young-Man-Jenkins-2-The-Robbery/YoungManJenkins2/YoungManJenkins2/Saved/Config/Windows/Scalability.ini]
[2022.07.31-21.25.24:008][  0]LogConfig: Setting CVar [[foliage.DensityScale:1.0]]
[2022.07.31-21.25.24:008][  0]LogConfig: Setting CVar [[grass.DensityScale:1.0]]
[2022.07.31-21.25.24:008][  0]LogConfig: Applying CVar settings from Section [ShadingQuality@3] File [C:/GameDev/Unreal/Young-Man-Jenkins-2-The-Robbery/YoungManJenkins2/YoungManJenkins2/Saved/Config/Windows/Scalability.ini]
[2022.07.31-21.25.24:008][  0]LogConfig: Setting CVar [[r.HairStrands.SkyLighting.IntegrationType:2]]
[2022.07.31-21.25.24:008][  0]LogConfig: Setting CVar [[r.HairStrands.SkyAO.SampleCount:4]]
[2022.07.31-21.25.24:008][  0]LogConfig: Setting CVar [[r.HairStrands.Visibility.MSAA.SamplePerPixel:4]]
[2022.07.31-21.25.24:008][  0]LogConfig: Applying CVar settings from Section [Startup] File [../../../Engine/Config/ConsoleVariables.ini]
[2022.07.31-21.25.24:009][  0]LogConfig: Setting CVar [[net.UseAdaptiveNetUpdateFrequency:0]]
[2022.07.31-21.25.24:009][  0]LogConfig: Setting CVar [[p.chaos.AllowCreatePhysxBodies:1]]
[2022.07.31-21.25.24:009][  0]LogConfig: Setting CVar [[fx.SkipVectorVMBackendOptimizations:1]]
[2022.07.31-21.25.24:009][  0]LogConfig: Applying CVar settings from Section [ConsoleVariables] File [C:/GameDev/Unreal/Young-Man-Jenkins-2-The-Robbery/YoungManJenkins2/YoungManJenkins2/Saved/Config/Windows/Engine.ini]
[2022.07.31-21.25.24:009][  0]LogConfig: Applying CVar settings from Section [ConsoleVariables] File [C:/GameDev/Unreal/Young-Man-Jenkins-2-The-Robbery/YoungManJenkins2/YoungManJenkins2/Saved/Config/Windows/Editor.ini]
[2022.07.31-21.25.24:009][  0]LogInit: Computer: DESKTOP-PA1D2JD
[2022.07.31-21.25.24:009][  0]LogInit: User: natha
[2022.07.31-21.25.24:009][  0]LogInit: CPU Page size=4096, Cores=8
[2022.07.31-21.25.24:009][  0]LogInit: High frequency timer resolution =10.000000 MHz
[2022.07.31-21.25.24:009][  0]LogMemory: Memory total: Physical=23.9GB (24GB approx)
[2022.07.31-21.25.24:009][  0]LogMemory: Platform Memory Stats for Windows
[2022.07.31-21.25.24:009][  0]LogMemory: Process Physical Memory: 148.00 MB used, 148.00 MB peak
[2022.07.31-21.25.24:009][  0]LogMemory: Process Virtual Memory: 131.12 MB used, 131.12 MB peak
[2022.07.31-21.25.24:009][  0]LogMemory: Physical Memory: 11662.44 MB used,  12848.32 MB free, 24510.77 MB total
[2022.07.31-21.25.24:009][  0]LogMemory: Virtual Memory: 134207760.00 MB used,  9967.37 MB free, 134217728.00 MB total
[2022.07.31-21.25.24:015][  0]LogWindows: WindowsPlatformFeatures enabled
[2022.07.31-21.25.24:845][  0]LogInit: Physics initialised using underlying interface: PhysX
[2022.07.31-21.25.24:845][  0]LogInit: Using OS detected language (en-US).
[2022.07.31-21.25.24:845][  0]LogInit: Using OS detected locale (en-US).
[2022.07.31-21.25.24:850][  0]LogTextLocalizationManager: No specific localization for 'en-US' exists, so the 'en' localization will be used.
[2022.07.31-21.25.25:150][  0]LogWindowsTextInputMethodSystem: Display: IME system deactivated.
[2022.07.31-21.25.25:272][  0]LogSlate: New Slate User Created.  User Index 0, Is Virtual User: 0
[2022.07.31-21.25.25:272][  0]LogSlate: Slate User Registered.  User Index 0, Is Virtual User: 0
[2022.07.31-21.25.25:360][  0]LogD3D11RHI: Loaded GFSDK_Aftermath_Lib.x64.dll
[2022.07.31-21.25.25:364][  0]LogHMD: Failed to initialize OpenVR with code 110
[2022.07.31-21.25.25:364][  0]LogD3D11RHI: D3D11 min allowed feature level: 11_0
[2022.07.31-21.25.25:364][  0]LogD3D11RHI: D3D11 max allowed feature level: 11_0
[2022.07.31-21.25.25:364][  0]LogD3D11RHI: D3D11 adapters:
[2022.07.31-21.25.25:483][  0]LogD3D11RHI:    0. 'NVIDIA GeForce GTX 1050 Ti' (Feature Level 11_0)
[2022.07.31-21.25.25:483][  0]LogD3D11RHI:       4018/0/12255 MB DedicatedVideo/DedicatedSystem/SharedSystem, Outputs:2, VendorId:0x10de
[2022.07.31-21.25.25:486][  0]LogD3D11RHI:    1. 'Microsoft Basic Render Driver' (Feature Level 11_0)
[2022.07.31-21.25.25:486][  0]LogD3D11RHI:       0/0/12255 MB DedicatedVideo/DedicatedSystem/SharedSystem, Outputs:0, VendorId:0x1414
[2022.07.31-21.25.25:486][  0]LogD3D11RHI: Chosen D3D11 Adapter:
[2022.07.31-21.25.25:486][  0]LogD3D11RHI:     Description : NVIDIA GeForce GTX 1050 Ti
[2022.07.31-21.25.25:486][  0]LogD3D11RHI:     VendorId    : 10de
[2022.07.31-21.25.25:486][  0]LogD3D11RHI:     DeviceId    : 1c82
[2022.07.31-21.25.25:486][  0]LogD3D11RHI:     SubSysId    : 33511462
[2022.07.31-21.25.25:486][  0]LogD3D11RHI:     Revision    : 00a1
[2022.07.31-21.25.25:486][  0]LogD3D11RHI:     DedicatedVideoMemory : 4213178368 bytes
[2022.07.31-21.25.25:486][  0]LogD3D11RHI:     DedicatedSystemMemory : 0 bytes
[2022.07.31-21.25.25:486][  0]LogD3D11RHI:     SharedSystemMemory : 12850700288 bytes
[2022.07.31-21.25.25:486][  0]LogD3D11RHI:     AdapterLuid : 0 46877
[2022.07.31-21.25.25:497][  0]LogD3D11RHI: Creating new Direct3DDevice
[2022.07.31-21.25.25:497][  0]LogD3D11RHI:     GPU DeviceId: 0x1c82 (for the marketing name, search the web for "GPU Device Id")
[2022.07.31-21.25.25:497][  0]LogWindows: EnumDisplayDevices:
[2022.07.31-21.25.25:497][  0]LogWindows:    0. 'NVIDIA GeForce GTX 1050 Ti' (P:0 D:1)
[2022.07.31-21.25.25:497][  0]LogWindows:    1. 'NVIDIA GeForce GTX 1050 Ti' (P:1 D:1)
[2022.07.31-21.25.25:497][  0]LogWindows:    2. 'NVIDIA GeForce GTX 1050 Ti' (P:0 D:0)
[2022.07.31-21.25.25:498][  0]LogWindows:    3. 'NVIDIA GeForce GTX 1050 Ti' (P:0 D:0)
[2022.07.31-21.25.25:498][  0]LogWindows: DebugString: FoundDriverCount:4 
[2022.07.31-21.25.25:498][  0]LogD3D11RHI:     Adapter Name: NVIDIA GeForce GTX 1050 Ti
[2022.07.31-21.25.25:498][  0]LogD3D11RHI:   Driver Version: 512.95 (internal:30.0.15.1295, unified:512.95)
[2022.07.31-21.25.25:498][  0]LogD3D11RHI:      Driver Date: 5-19-2022
[2022.07.31-21.25.25:498][  0]LogRHI: Texture pool is 2812 MB (70% of 4018 MB)
[2022.07.31-21.25.25:498][  0]LogD3D11RHI: Creating D3DDevice using adapter:
[2022.07.31-21.25.25:498][  0]LogD3D11RHI:     Description : NVIDIA GeForce GTX 1050 Ti
[2022.07.31-21.25.25:498][  0]LogD3D11RHI:     VendorId    : 10de
[2022.07.31-21.25.25:498][  0]LogD3D11RHI:     DeviceId    : 1c82
[2022.07.31-21.25.25:498][  0]LogD3D11RHI:     SubSysId    : 33511462
[2022.07.31-21.25.25:498][  0]LogD3D11RHI:     Revision    : 00a1
[2022.07.31-21.25.25:498][  0]LogD3D11RHI:     DedicatedVideoMemory : 4213178368 bytes
[2022.07.31-21.25.25:498][  0]LogD3D11RHI:     DedicatedSystemMemory : 0 bytes
[2022.07.31-21.25.25:498][  0]LogD3D11RHI:     SharedSystemMemory : 12850700288 bytes
[2022.07.31-21.25.25:498][  0]LogD3D11RHI:     AdapterLuid : 0 46877
[2022.07.31-21.25.25:581][  0]LogD3D11RHI: RHI has support for 64 bit atomics
[2022.07.31-21.25.25:581][  0]LogD3D11RHI: Async texture creation enabled
[2022.07.31-21.25.25:581][  0]LogD3D11RHI: Array index from any shader is supported
[2022.07.31-21.25.25:614][  0]LogD3D11RHI: GPU Timing Frequency: 1000.000000 (Debug: 2 1)
[2022.07.31-21.25.25:757][  0]LogRHI: GeForceNow SDK initialized: 1
[2022.07.31-21.25.26:492][  0]LogTargetPlatformManager: Display: Loaded TargetPlatform 'WindowsNoEditor'
[2022.07.31-21.25.26:516][  0]LogTargetPlatformManager: Display: Loaded TargetPlatform 'Windows'
[2022.07.31-21.25.26:581][  0]LogTargetPlatformManager: Display: Loaded TargetPlatform 'WindowsClient'
[2022.07.31-21.25.26:677][  0]LogTargetPlatformManager: Display: Loaded TargetPlatform 'WindowsServer'
[2022.07.31-21.25.26:677][  0]LogTargetPlatformManager: Display: Building Assets For Windows
[2022.07.31-21.25.26:851][  0]LogAudioDebug: Display: Lib vorbis DLL was dynamically loaded.
[2022.07.31-21.25.27:370][  0]LogTextureFormatOodle: Display: Oodle Texture 2.9.0 init RDO Off
[2022.07.31-21.25.28:289][  0]LogRendererCore: Ray tracing is disabled. Reason: r.RayTracing=0.
[2022.07.31-21.25.28:289][  0]LogShaderCompilers: Guid format shader working directory is -52 characters bigger than the processId version (../../../../../../GameDev/Unreal/Young-Man-Jenkins-2-The-Robbery/YoungManJenkins2/YoungManJenkins2/Intermediate/Shaders/WorkingDirectory/2644/).
[2022.07.31-21.25.28:289][  0]LogShaderCompilers: Cleaned the shader compiler working directory 'C:/Users/natha/AppData/Local/Temp/UnrealShaderWorkingDir/707789224E332E30136704A38F6CFDC1/'.
[2022.07.31-21.25.28:289][  0]LogXGEController: Cannot use XGE Controller as Incredibuild is not installed on this machine.
[2022.07.31-21.25.28:289][  0]LogShaderCompilers: Cannot use XGE Shader Compiler as Incredibuild is not installed on this machine.
[2022.07.31-21.25.28:289][  0]LogShaderCompilers: Display: Using Local Shader Compiler.
[2022.07.31-21.25.32:027][  0]LogDerivedDataCache: Display: Max Cache Size: 512 MB
[2022.07.31-21.25.32:094][  0]LogDerivedDataCache: Loaded boot cache 0.07s 94MB C:/Users/natha/AppData/Local/UnrealEngine/4.27/DerivedDataCache/Boot.ddc.
[2022.07.31-21.25.32:094][  0]LogDerivedDataCache: Display: Loaded Boot cache: C:/Users/natha/AppData/Local/UnrealEngine/4.27/DerivedDataCache/Boot.ddc
[2022.07.31-21.25.32:094][  0]LogDerivedDataCache: FDerivedDataBackendGraph:  Pak pak cache file ../../../../../../GameDev/Unreal/Young-Man-Jenkins-2-The-Robbery/YoungManJenkins2/YoungManJenkins2/DerivedDataCache/DDC.ddp not found, will not use a pak cache.
[2022.07.31-21.25.32:094][  0]LogDerivedDataCache: Unable to find inner node Pak for hierarchical cache Hierarchy.
[2022.07.31-21.25.32:094][  0]LogDerivedDataCache: FDerivedDataBackendGraph:  CompressedPak pak cache file ../../../../../../GameDev/Unreal/Young-Man-Jenkins-2-The-Robbery/YoungManJenkins2/YoungManJenkins2/DerivedDataCache/Compressed.ddp not found, will not use a pak cache.
[2022.07.31-21.25.32:094][  0]LogDerivedDataCache: Unable to find inner node CompressedPak for hierarchical cache Hierarchy.
[2022.07.31-21.25.32:160][  0]LogDerivedDataCache: Display: Pak cache opened for reading ../../../Engine/DerivedDataCache/Compressed.ddp.
[2022.07.31-21.25.32:160][  0]LogDerivedDataCache: FDerivedDataBackendGraph:  EnterprisePak pak cache file ../../../Enterprise/DerivedDataCache/Compressed.ddp not found, will not use a pak cache.
[2022.07.31-21.25.32:160][  0]LogDerivedDataCache: Unable to find inner node EnterprisePak for hierarchical cache Hierarchy.
[2022.07.31-21.25.32:202][  0]LogDerivedDataCache: Speed tests for C:/Users/natha/AppData/Local/UnrealEngine/Common/DerivedDataCache took 0.04 seconds
[2022.07.31-21.25.32:202][  0]LogDerivedDataCache: Display: Performance to C:/Users/natha/AppData/Local/UnrealEngine/Common/DerivedDataCache: Latency=0.04ms. RandomReadSpeed=264.38MBs, RandomWriteSpeed=24.48MBs. Assigned SpeedClass 'Local'
[2022.07.31-21.25.32:203][  0]LogDerivedDataCache: Using Local data cache path C:/Users/natha/AppData/Local/UnrealEngine/Common/DerivedDataCache: Writable
[2022.07.31-21.25.32:203][  0]LogDerivedDataCache: Shared data cache path not found in *engine.ini, will not use an Shared cache.
[2022.07.31-21.25.32:203][  0]LogDerivedDataCache: Unable to find inner node Shared for hierarchical cache Hierarchy.
[2022.07.31-21.25.32:241][  0]LogSlate: Using FreeType 2.10.0
[2022.07.31-21.25.32:258][  0]LogSlate: SlateFontServices - WITH_FREETYPE: 1, WITH_HARFBUZZ: 1
[2022.07.31-21.25.32:375][  0]LogInit: Using OS detected language (en-US).
[2022.07.31-21.25.32:375][  0]LogInit: Using OS detected locale (en-US).
[2022.07.31-21.25.32:375][  0]LogTextLocalizationManager: No localization for 'en-US' exists, so 'en' will be used for the language.
[2022.07.31-21.25.32:375][  0]LogTextLocalizationManager: No localization for 'en-US' exists, so 'en' will be used for the locale.
[2022.07.31-21.25.32:375][  0]LogSlate: FontCache flush requested. Reason: Culture for localization was changed
[2022.07.31-21.25.32:375][  0]LogSlate: FontCache flush requested. Reason: Culture for localization was changed
[2022.07.31-21.25.32:380][  0]LogTextLocalizationManager: Compacting localization data took   0.01ms
[2022.07.31-21.25.32:380][  0]LogAssetRegistry: FAssetRegistry took 0.0033 seconds to start up
[2022.07.31-21.25.32:568][  0]LogPackageLocalizationCache: Processed 27 localized package path(s) for 1 prioritized culture(s) in 0.001706 seconds
[2022.07.31-21.25.32:666][  0]LogInit: Selected Device Profile: [Windows]
[2022.07.31-21.25.32:666][  0]LogInit: Active device profile: [00000214925CAD00][000002148B09B2C0 49] Windows
[2022.07.31-21.25.32:666][  0]LogInit: Profiles: [00000214925CAD00][000002148B09B2C0 49] Windows, [00000214925C8200][0000021487D19580 49] WindowsNoEditor, [00000214925CB100][0000021487D1D840 49] WindowsServer, [00000214925C8300][0000021487D15AC0 49] WindowsClient, [000002149256FE00][0000021487D201C0 49] IOS, [0000021492568400][0000021487D28480 49] iPadAir, [000002149256C400][0000021487D2C740 49] iPadAir2, [0000021492511300][0000021487D40C80 49] IPadPro, [0000021492511400][0000021487D30CC0 49] iPadAir3, [000002149256FF00][0000021487D38F80 49] iPadAir4, [0000021492510400][0000021487D35240 49] iPadMini2, [000002149256C300][0000021487D3D500 49] iPadMini3, [0000021492511600][0000021487D457C0 49] iPadMini4, [000002149256FB00][0000021487D49A80 49] iPadMini5, [0000021492569700][0000021487D583C0 49] iPhone6, [0000021492569800][0000021487D24400 49] iPodTouch6, [0000021492513D00][0000021487F22940 49] iPhone7, [0000021492513C00][0000021487D54980 49] iPodTouch7, [0000021492568B00][0000021487D5CC40 49] iPhone5S, [0000021492510800][0000021487D50F00 49] iPhone6Plus, [0000021492569D00][0000021487F1F1C0 49] iPhone6S, [0000021492513A00][0000021487F27480 49] iPhone6SPlus, [0000021492568E00][0000021487F2B740 49] iPhone7Plus, [0000021492510B00][0000021487F2FA00 49] iPhoneSE, [000002149256B700][0000021487F32140 49] iPhone8, [0000021492511F00][0000021487D4C3C0 49] iPhone8Plus, [0000021492569600][0000021487F3A680 49] iPhoneX, [0000021492510500][0000021487F3E940 49] iPhoneXS, [000002149256A200][0000021487F42C00 49] iPhoneXSMax, [0000021492513400][0000021487F46EC0 49] iPhoneXR, [000002149256BE00][0000021487F4B180 49] iPhone11, [0000021492511900][0000021487F4F440 49] iPhone11Pro, [000002149256A900][0000021487F53700 49] iPhone11ProMax, [0000021492512F00][0000021487F579C0 49] iPhoneSE2, [0000021492568700][0000021487F5A100 49] iPhone12Mini, [0000021492511700][0000021487F36380 49] iPhone12, [000002149256AB00][0000021487F5E600 49] iPhone12Pro, [0000021492512B00][0000021487F668C0 49] iPhone12ProMax, [000002149256A000][0000021487F6AB80 49] iPadPro105, [0000021492511E00][0000021491630E40 49] iPadPro129, [000002149256AC00][0000021491635100 49] iPadPro97, [0000021492510E00][00000214916393C0 49] iPadPro2_129, [000002149256B500][000002149163D680 49] iPad5, [0000021492512100][0000021491641940 49] iPad6, [0000021492568C00][0000021491645C00 49] iPad7, [0000021492510D00][0000021491648340 49] iPad8, [0000021492569A00][0000021487F625C0 49] iPadPro11, [0000021492511D00][000002149164C840 49] iPadPro2_11, [000002149256BC00][0000021491654B00 49] iPadPro3_129, [0000021492510100][0000021491658DC0 49] iPadPro4_129, [000002149256AA00][000002149165D080 49] AppleTV, [0000021492512500][0000021491661340 49] AppleTV4K, [000002149256B100][0000021491665600 49] TVOS, [0000021492512200][00000214916698C0 49] Mac, [0000021492569200][000002149166DB80 49] MacClient, [0000021492512900][00000214916702C0 49] MacNoEditor, [000002149256BD00][0000021491674580 49] MacServer, [0000021492511500][0000021491650800 49] Linux, [0000021492569B00][0000021491678A80 49] LinuxAArch64, [0000021492513F00][0000021491680D40 49] LinuxNoEditor, [0000021492568900][0000021491685000 49] LinuxAArch64NoEditor, [0000021492511200][00000214916892C0 49] LinuxClient, [0000021492568D00][000002149168D580 49] LinuxAArch64Client, [0000021492513700][0000021491691840 49] LinuxServer, [0000021492569500][0000021491695B00 49] LinuxAArch64Server, [0000021492513800][0000021491698240 49] Android, [0000021492569F00][000002149169C500 49] Android_Low, [0000021492512300][00000214916A07C0 49] Android_Mid, [000002149256B400][000002149167CA40 49] Android_High, [0000021492512000][00000214916A4CC0 49] Android_Default, [00000214925CA900][00000214916ACF80 49] Android_Adreno4xx, [000002149256E500][00000214916B1240 49] Android_Adreno5xx_Low, [00000214925C9500][00000214916B5500 49] Android_Adreno5xx, [000002149256D000][00000214916B97C0 49] Android_Adreno6xx, [00000214925C8100][00000214916BDA80 49] Android_Adreno6xx_Vulkan, [000002149256EF00][00000214916C01C0 49] Android_Mali_T6xx, [00000214925C8900][00000214916C4480 49] Android_Mali_T7xx, [000002149256D900][00000214916C8740 49] Android_Mali_T8xx, [00000214925C9300][00000214916CCA00 49] Android_Mali_G71, [000002149256EB00][00000214916A8C80 49] Android_Mali_G72, [00000214925C9900][00000214916D0F00 49] Android_Mali_G72_Vulkan, [000002149256CB00][00000214916D91C0 49] Android_Mali_G76, [00000214925C9200][00000214916DD480 49] Android_Mali_G76_Vulkan, [000002149256FA00][00000214916E1740 49] Android_Mali_G77, [00000214925CA200][00000214916E5A00 49] Android_Mali_G77_Vulkan, [000002149256E400][00000214916E8140 49] Android_Mali_G78, [00000214925C9000][00000214916EC400 49] Android_Mali_G78_Vulkan, [000002149256F400][00000214916F06C0 49] Android_Mali_G710, [00000214925C9400][00000214916F4980 49] Android_Mali_G710_Vulkan, [000002149256DA00][00000214916F8C40 49] Android_Vulkan_SM5, [00000214925C9F00][00000214916D4EC0 49] Android_PowerVR_G6xxx, [000002149256C700][00000214916FD140 49] Android_PowerVR_GT7xxx, [0000021492512700][0000021491705400 49] Android_PowerVR_GE8xxx, [0000021492569300][00000214917096C0 49] Android_PowerVR_GM9xxx, [0000021492511800][000002149170D980 49] Android_PowerVR_GM9xxx_Vulkan, [000002149256C100][00000214917100C0 49] Android_TegraK1, [0000021492512A00][0000021491714380 49] Android_Unknown_Vulkan, [000002149256DB00][0000021491718640 49] Lumin, [00000214925CAE00][000002149171C900 49] Lumin_Desktop, [0000021492568600][000002148AED0BC0 49] HoloLens, 
[2022.07.31-21.25.33:421][  0]LogMeshReduction: Using QuadricMeshReduction for automatic static mesh reduction
[2022.07.31-21.25.33:421][  0]LogMeshReduction: Using SimplygonMeshReduction for automatic skeletal mesh reduction
[2022.07.31-21.25.33:421][  0]LogMeshReduction: Using ProxyLODMeshReduction for automatic mesh merging
[2022.07.31-21.25.33:421][  0]LogMeshReduction: No distributed automatic mesh merging module available
[2022.07.31-21.25.33:421][  0]LogMeshMerging: No distributed automatic mesh merging module available
[2022.07.31-21.25.33:685][  0]LogNetVersion: YoungManJenkins2 1.0.0, NetCL: 17155196, EngineNetVer: 17, GameNetVer: 0 (Checksum: 1288888525)
[2022.07.31-21.25.35:001][  0]LogTexture: Default maximum texture size for cubemaps generated from long-lat sources has been changed from 512 to unlimited. In order to preserve old behaiour for '/Engine/MapTemplates/Sky/DaylightAmbientCubemap.DaylightAmbientCubemap', its maximum texture size has been explicitly set to 512.
[2022.07.31-21.25.35:188][  0]LogHMD: PokeAHoleMaterial loaded successfully
[2022.07.31-21.25.36:741][  0]LogMoviePlayer: Initializing movie player
[2022.07.31-21.25.37:397][  0]LogNiagaraDebuggerClient: Niagara Debugger Client Initialized | Session: 380F1B6A40211FADAE1C758D3B75F304 | Instance: 7F4D34854AA5B82197C8AD8D77F39EE6 (DESKTOP-PA1D2JD-2644).
[2022.07.31-21.25.37:679][  0]LogCollectionManager: Loaded 0 collections in 0.002356 seconds
[2022.07.31-21.25.37:683][  0]LogFileCache: Scanning file cache for directory 'C:/GameDev/Unreal/Young-Man-Jenkins-2-The-Robbery/YoungManJenkins2/YoungManJenkins2/Saved/Collections/' took 0.00s
[2022.07.31-21.25.37:683][  0]LogFileCache: Scanning file cache for directory 'C:/GameDev/Unreal/Young-Man-Jenkins-2-The-Robbery/YoungManJenkins2/YoungManJenkins2/Content/Developers/natha/Collections/' took 0.00s
[2022.07.31-21.25.37:683][  0]LogFileCache: Scanning file cache for directory 'C:/GameDev/Unreal/Young-Man-Jenkins-2-The-Robbery/YoungManJenkins2/YoungManJenkins2/Content/Collections/' took 0.00s
[2022.07.31-21.25.37:683][  0]LogCollectionManager: Fixed up redirectors for 0 collections in 0.000002 seconds (updated 0 objects)
[2022.07.31-21.25.38:547][  0]LogPython: Using Python 3.7.7
[2022.07.31-21.25.39:446][  0]LogUdpMessaging: Initializing bridge on interface 0.0.0.0:0 to multicast group 230.0.0.1:6666.
[2022.07.31-21.25.39:526][  0]LogTcpMessaging: Initializing TcpMessaging bridge
[2022.07.31-21.25.40:804][  0]SourceControl: Source control is disabled
[2022.07.31-21.25.40:804][  0]SourceControl: Source control is disabled
[2022.07.31-21.25.40:838][  0]SourceControl: Source control is disabled
[2022.07.31-21.25.40:901][  0]LogUProjectInfo: Found projects:
[2022.07.31-21.25.41:783][  0]LogOpenImageDenoise: OIDN starting up
[2022.07.31-21.25.42:324][  0]LogAndroidPermission: UAndroidPermissionCallbackProxy::GetInstance
[2022.07.31-21.25.42:393][  0]LogAudioCaptureCore: Display: No Audio Capture implementations found. Audio input will be silent.
[2022.07.31-21.25.42:394][  0]LogAudioCaptureCore: Display: No Audio Capture implementations found. Audio input will be silent.
[2022.07.31-21.25.42:892][  0]LogOcInput: OculusInput pre-init called
[2022.07.31-21.25.42:901][  0]LogUObjectArray: 22121 objects as part of root set at end of initial load.
[2022.07.31-21.25.42:901][  0]LogUObjectAllocator: 5975632 out of 0 bytes used by permanent object pool.
[2022.07.31-21.25.42:901][  0]LogUObjectArray: CloseDisregardForGC: 0/0 objects in disregard for GC pool
[2022.07.31-21.25.43:184][  0]LogEngine: Initializing Engine...
[2022.07.31-21.25.43:284][  0]LogHMD: Failed to enumerate extensions. Please check that you have a valid OpenXR runtime installed.
[2022.07.31-21.25.43:284][  0]LogHMD: Failed to initialize OpenVR with code 110
[2022.07.31-21.25.43:284][  0]LogMagicLeap: Warning: VR disabled because ZI is not enabled.  To enable, in the editor, Edit -> Project Settings -> Plugins -> Magic Leap Plugin -> Enable Zero Iteration
[2022.07.31-21.25.43:286][  0]LogStats: UGameplayTagsManager::InitializeManager -  0.000 s
[2022.07.31-21.25.43:601][  0]LogInit: Initializing FReadOnlyCVARCache
[2022.07.31-21.25.43:601][  0]LogAudio: Display: Initializing Audio Device Manager...
[2022.07.31-21.25.43:641][  0]LogAudio: Display: Loading Default Audio Settings Objects...
[2022.07.31-21.25.43:647][  0]LogAudio: Display: No default SoundConcurrencyObject specified (or failed to load).
[2022.07.31-21.25.43:647][  0]LogAudio: Display: Audio Device Manager Initialized
[2022.07.31-21.25.43:647][  0]LogAudio: Display: Creating Audio Device:                 Id: 1, Scope: Shared, Realtime: True
[2022.07.31-21.25.43:647][  0]LogAudioMixer: Display: Audio Mixer Platform Settings:
[2022.07.31-21.25.43:647][  0]LogAudioMixer: Display: 	Sample Rate:						  48000
[2022.07.31-21.25.43:647][  0]LogAudioMixer: Display: 	Callback Buffer Frame Size Requested: 1024
[2022.07.31-21.25.43:647][  0]LogAudioMixer: Display: 	Callback Buffer Frame Size To Use:	  1024
[2022.07.31-21.25.43:647][  0]LogAudioMixer: Display: 	Number of buffers to queue:			  2
[2022.07.31-21.25.43:647][  0]LogAudioMixer: Display: 	Max Channels (voices):				  32
[2022.07.31-21.25.43:647][  0]LogAudioMixer: Display: 	Number of Async Source Workers:		  0
[2022.07.31-21.25.43:647][  0]LogAudio: Display: AudioDevice MaxSources: 32
[2022.07.31-21.25.43:648][  0]LogAudio: Display: Audio Spatialization Plugin: None (built-in).
[2022.07.31-21.25.43:648][  0]LogAudio: Display: Audio Reverb Plugin: None (built-in).
[2022.07.31-21.25.43:648][  0]LogAudio: Display: Audio Occlusion Plugin: None (built-in).
[2022.07.31-21.25.43:648][  0]LogAudioMixer: Display: Initializing audio mixer.
[2022.07.31-21.25.43:774][  0]LogAudioMixer: Display: 0: FrontLeft
[2022.07.31-21.25.43:774][  0]LogAudioMixer: Display: 1: FrontRight
[2022.07.31-21.25.43:790][  0]LogAudioMixer: Display: Using Audio Device Speakers (2- Logitech USB Headset H340)
[2022.07.31-21.25.43:791][  0]LogAudioMixer: Display: Initializing Sound Submixes...
[2022.07.31-21.25.43:818][  0]LogAudioMixer: Display: Creating Master Submix 'MasterSubmixDefault'
[2022.07.31-21.25.43:818][  0]LogAudioMixer: Display: Creating Master Submix 'MasterReverbSubmixDefault'
[2022.07.31-21.25.43:819][  0]LogAudioMixer: Display: Creating Master Submix 'MasterEQSubmixDefault'
[2022.07.31-21.25.43:819][  0]LogAudioMixer: FMixerPlatformXAudio2::StartAudioStream() called
[2022.07.31-21.25.43:819][  0]LogAudioMixer: Display: Output buffers initialized: Frames=1024, Channels=2, Samples=2048
[2022.07.31-21.25.43:821][  0]LogAudioMixer: Display: Starting AudioMixerPlatformInterface::RunInternal()
[2022.07.31-21.25.43:821][  0]LogAudioMixer: Display: FMixerPlatformXAudio2::SubmitBuffer() called for the first time
[2022.07.31-21.25.43:821][  0]LogInit: FAudioDevice initialized.
[2022.07.31-21.25.43:823][  0]LogNetVersion: Set ProjectVersion to 1.0.0.0. Version Checksum will be recalculated on next use.
[2022.07.31-21.25.43:829][  0]LogInit: Texture streaming: Enabled
[2022.07.31-21.25.44:264][  0]LogAudio: Display: Audio Device (ID: 1) registered with world 'Untitled'.
[2022.07.31-21.25.44:264][  0]LogSlate: Updating window title bar state: overlay mode, drag disabled, window buttons hidden, title bar hidden
[2022.07.31-21.25.44:266][  0]LogInit: Display: Game Engine Initialized.
[2022.07.31-21.25.44:266][  0]LogNiagaraEditor: GEditor isn't valid! Particle reset commands will not work for Niagara components!
[2022.07.31-21.25.44:951][  0]LogInit: Display: Starting Game.
[2022.07.31-21.25.44:951][  0]LogNet: Browse: /Game/TopDownBP/Maps/TrainCarlvl1?Name=Player
[2022.07.31-21.25.44:951][  0]LogLoad: LoadMap: /Game/TopDownBP/Maps/TrainCarlvl1?Name=Player
[2022.07.31-21.25.44:951][  0]LogWorld: BeginTearingDown for /Temp/Untitled_0
[2022.07.31-21.25.44:953][  0]LogWorld: UWorld::CleanupWorld for Untitled, bSessionEnded=true, bCleanupResources=true
[2022.07.31-21.25.44:953][  0]LogSlate: InvalidateAllWidgets triggered.  All widgets were invalidated
[2022.07.31-21.25.44:958][  0]LogAudio: Display: Audio Device unregistered from world 'None'.
[2022.07.31-21.25.44:961][  0]LogUObjectHash: Compacting FUObjectHashTables data took   0.86ms
[2022.07.31-21.25.45:440][  0]LogAudio: Display: Audio Device (ID: 1) registered with world 'TrainCarlvl1'.
[2022.07.31-21.25.45:448][  0]LogAIModule: Creating AISystem for world TrainCarlvl1
[2022.07.31-21.25.45:448][  0]LogLoad: Game class is 'TopDownGameMode_C'
[2022.07.31-21.25.45:459][  0]LogWorld: Bringing World /Game/TopDownBP/Maps/TrainCarlvl1.TrainCarlvl1 up for play (max tick rate 0) at 2022.07.31-18.25.45
[2022.07.31-21.25.45:459][  0]LogWorld: Bringing up level for play took: 0.010086
[2022.07.31-21.25.45:462][  0]LogLoad: Took 0.510855 seconds to LoadMap(/Game/TopDownBP/Maps/TrainCarlvl1)
[2022.07.31-21.25.45:615][  0]LogSlate: Took 0.000213 seconds to synchronously load lazily loaded font '../../../Engine/Content/Slate/Fonts/Roboto-Regular.ttf' (155K)
[2022.07.31-21.25.45:690][  0]LogRenderer: Reallocating scene render targets to support 1280x720 Format 10 NumSamples 1 (Frame:1).
[2022.07.31-21.25.45:690][  0]LogInit: Display: Engine is initialized. Leaving FEngineLoop::Init()
[2022.07.31-21.25.45:690][  0]LogLoad: (Engine Initialization) Total time: 27.33 seconds
[2022.07.31-21.25.45:690][  0]LogLoad: (Engine Initialization) Total Blueprint compile time: 0.00 seconds
[2022.07.31-21.25.45:693][  0]LogContentStreaming: Texture pool size now 1000 MB
[2022.07.31-21.25.45:696][  0]LogSlate: InvalidateAllWidgets triggered.  All widgets were invalidated
[2022.07.31-21.25.45:753][  1]LogSlate: Took 0.000176 seconds to synchronously load lazily loaded font '../../../Engine/Content/Slate/Fonts/Roboto-Regular.ttf' (155K)
[2022.07.31-21.26.05:658][192]LogSlate: Window 'YoungManJenkins2 (64-bit Development PCD3D_SM5) ' being destroyed
[2022.07.31-21.26.05:659][192]LogWindowsTextInputMethodSystem: Display: IME system deactivated.
[2022.07.31-21.26.05:663][192]LogSlate: Updating window title bar state: overlay mode, drag disabled, window buttons hidden, title bar hidden
[2022.07.31-21.26.05:663][192]LogEngine: All Windows Closed
[2022.07.31-21.26.05:663][192]LogWindows: FPlatformMisc::RequestExit(0)
[2022.07.31-21.26.05:663][192]LogWindows: FPlatformMisc::RequestExitWithStatus(0, 0)
[2022.07.31-21.26.05:663][192]LogCore: Engine exit requested (reason: Win RequestExit)
[2022.07.31-21.26.05:664][193]LogCore: Engine exit requested (reason: EngineExit() was called; note: exit was already requested)
[2022.07.31-21.26.05:664][193]LogInit: Display: PreExit Game.
[2022.07.31-21.26.05:680][193]LogWorld: BeginTearingDown for /Game/TopDownBP/Maps/TrainCarlvl1
[2022.07.31-21.26.05:680][193]LogWorld: UWorld::CleanupWorld for TrainCarlvl1, bSessionEnded=true, bCleanupResources=true
[2022.07.31-21.26.05:680][193]LogSlate: InvalidateAllWidgets triggered.  All widgets were invalidated
