Log file open, 07/28/22 13:53:13
LogWindows: Failed to load 'aqProf.dll' (GetLastError=126)
LogWindows: File 'aqProf.dll' does not exist
LogWindows: Failed to load 'VtuneApi.dll' (GetLastError=126)
LogWindows: File 'VtuneApi.dll' does not exist
LogWindows: Failed to load 'VtuneApi32e.dll' (GetLastError=126)
LogWindows: File 'VtuneApi32e.dll' does not exist
LogConsoleResponse: Display: Failed to find resolution value strings in scalability ini. Falling back to default.
LogConsoleResponse: Display: Failed to find resolution value strings in scalability ini. Falling back to default.
LogInit: Display: Running engine for game: YoungManJenkins2
LogPlatformFile: Not using cached read wrapper
LogTaskGraph: Started task graph with 5 named threads and 47 total threads with 3 sets of task threads.
LogStats: Stats thread started at 0.280902
LogICUInternationalization: ICU TimeZone Detection - Raw Offset: -4:00, Platform Override: ''
LogInit: Display: Loading text-based GConfig....
LogPluginManager: Mounting plugin MeshPainting
LogPluginManager: Mounting plugin XGEController
LogPluginManager: Mounting plugin Paper2D
LogPluginManager: Mounting plugin LiveLink
LogPluginManager: Mounting plugin LightPropagationVolume
LogPluginManager: Mounting plugin CameraShakePreviewer
LogPluginManager: Mounting plugin EnvironmentQueryEditor
LogPluginManager: Mounting plugin AssetManagerEditor
LogPluginManager: Mounting plugin GameplayCameras
LogPluginManager: Mounting plugin CurveEditorTools
LogPluginManager: Mounting plugin FacialAnimation
LogPluginManager: Mounting plugin GameplayTagsEditor
LogPluginManager: Mounting plugin CryptoKeys
LogPluginManager: Mounting plugin DataValidation
LogPluginManager: Mounting plugin GeometryMode
LogPluginManager: Mounting plugin AISupport
LogPluginManager: Mounting plugin MacGraphicsSwitching
LogPluginManager: Mounting plugin MaterialAnalyzer
LogPluginManager: Mounting plugin PluginBrowser
LogPluginManager: Mounting plugin MobileLauncherProfileWizard
LogPluginManager: Mounting plugin SpeedTreeImporter
LogPluginManager: Mounting plugin VariantManagerContent
LogPluginManager: Mounting plugin Niagara
LogPluginManager: Mounting plugin AnimationSharing
LogPluginManager: Mounting plugin CLionSourceCodeAccess
LogPluginManager: Mounting plugin CodeLiteSourceCodeAccess
LogPluginManager: Mounting plugin NullSourceCodeAccess
LogPluginManager: Mounting plugin KDevelopSourceCodeAccess
LogPluginManager: Mounting plugin PixWinPlugin
LogPluginManager: Mounting plugin PerforceSourceControl
LogPluginManager: Mounting plugin PlasticSourceControl
LogPluginManager: Mounting plugin PluginUtils
LogPluginManager: Mounting plugin GitSourceControl
LogPluginManager: Mounting plugin PropertyAccessNode
LogPluginManager: Mounting plugin RiderSourceCodeAccess
LogPluginManager: Mounting plugin TextureFormatOodle
LogPluginManager: Mounting plugin SubversionSourceControl
LogPluginManager: Mounting plugin DatasmithContent
LogPluginManager: Mounting plugin VisualStudioCodeSourceCodeAccess
LogPluginManager: Mounting plugin UObjectPlugin
LogPluginManager: Mounting plugin VisualStudioSourceCodeAccess
LogPluginManager: Mounting plugin XCodeSourceCodeAccess
LogPluginManager: Mounting plugin MagicLeap
LogPluginManager: Mounting plugin LuminPlatformFeatures
LogPluginManager: Mounting plugin MagicLeapLightEstimation
LogPluginManager: Mounting plugin MagicLeapMedia
LogPluginManager: Mounting plugin MagicLeapPassableWorld
LogPluginManager: Mounting plugin MLSDK
LogPluginManager: Mounting plugin AlembicImporter
LogPluginManager: Mounting plugin BackChannel
LogPluginManager: Mounting plugin AutomationUtils
LogPluginManager: Mounting plugin ChaosClothEditor
LogPluginManager: Mounting plugin ChaosCloth
LogPluginManager: Mounting plugin ChaosEditor
LogPluginManager: Mounting plugin ChaosSolverPlugin
LogPluginManager: Mounting plugin ChaosNiagara
LogPluginManager: Mounting plugin CharacterAI
LogPluginManager: Mounting plugin AvfMedia
LogPluginManager: Mounting plugin AndroidMedia
LogPluginManager: Mounting plugin ActorSequence
LogPluginManager: Mounting plugin ImgMedia
LogPluginManager: Mounting plugin MatineeToLevelSequence
LogPluginManager: Mounting plugin MediaCompositing
LogPluginManager: Mounting plugin LevelSequenceEditor
LogPluginManager: Mounting plugin TemplateSequence
LogPluginManager: Mounting plugin MediaPlayerEditor
LogPluginManager: Mounting plugin WebMMedia
LogPluginManager: Mounting plugin WmfMedia
LogPluginManager: Mounting plugin GeometryCache
LogPluginManager: Mounting plugin GeometryCollectionPlugin
LogPluginManager: Mounting plugin GeometryProcessing
LogPluginManager: Mounting plugin TcpMessaging
LogPluginManager: Mounting plugin OnlineSubsystem
LogPluginManager: Mounting plugin UdpMessaging
LogPluginManager: Mounting plugin OnlineSubsystemNull
LogPluginManager: Mounting plugin OnlineSubsystemUtils
LogPluginManager: Mounting plugin MotoSynth
LogPluginManager: Mounting plugin OpenImageDenoise
LogPluginManager: Mounting plugin ProxyLODPlugin
LogPluginManager: Mounting plugin PlanarCut
LogPluginManager: Mounting plugin PlatformCrypto
LogPluginManager: Mounting plugin PythonScriptPlugin
LogPluginManager: Mounting plugin ActorLayerUtilities
LogPluginManager: Mounting plugin AndroidDeviceProfileSelector
LogPluginManager: Mounting plugin AndroidMoviePlayer
LogPluginManager: Mounting plugin LauncherChunkInstaller
LogPluginManager: Mounting plugin AndroidPermission
LogPluginManager: Mounting plugin AppleImageUtils
LogPluginManager: Mounting plugin AppleMoviePlayer
LogPluginManager: Mounting plugin AudioCapture
LogPluginManager: Mounting plugin AssetTags
LogPluginManager: Mounting plugin ArchVisCharacter
LogPluginManager: Mounting plugin AudioSynesthesia
LogPluginManager: Mounting plugin CableComponent
LogPluginManager: Mounting plugin ChunkDownloader
LogPluginManager: Mounting plugin CustomMeshComponent
LogPluginManager: Mounting plugin EditableMesh
LogPluginManager: Mounting plugin ExampleDeviceProfileSelector
LogPluginManager: Mounting plugin SkeletalReduction
LogPluginManager: Mounting plugin GoogleCloudMessaging
LogPluginManager: Mounting plugin GooglePAD
LogPluginManager: Mounting plugin IOSDeviceProfileSelector
LogPluginManager: Mounting plugin LinuxDeviceProfileSelector
LogPluginManager: Mounting plugin LocationServicesBPLibrary
LogPluginManager: Mounting plugin MobilePatchingUtils
LogPluginManager: Mounting plugin OpenXR
LogPluginManager: Mounting plugin OpenXREyeTracker
LogPluginManager: Mounting plugin ScreenshotTools
LogPluginManager: Mounting plugin OpenXRHandTracking
LogPluginManager: Mounting plugin Takes
LogPluginManager: Mounting plugin PhysXVehicles
LogPluginManager: Mounting plugin PostSplashScreen
LogPluginManager: Mounting plugin ProceduralMeshComponent
LogPluginManager: Mounting plugin PropertyAccessEditor
LogPluginManager: Mounting plugin SignificanceManager
LogPluginManager: Mounting plugin RuntimePhysXCooking
LogPluginManager: Mounting plugin SoundFields
LogPluginManager: Mounting plugin Synthesis
LogPluginManager: Mounting plugin WebMMoviePlayer
LogPluginManager: Mounting plugin WindowsMoviePlayer
LogPluginManager: Mounting plugin OodleData
LogPluginManager: Mounting plugin OodleNetwork
LogPluginManager: Mounting plugin ContentBrowserAssetDataSource
LogPluginManager: Mounting plugin ContentBrowserFileDataSource
LogPluginManager: Mounting plugin ContentBrowserClassDataSource
LogPluginManager: Mounting plugin OnlineSubsystemGooglePlay
LogPluginManager: Mounting plugin OnlineSubsystemIOS
LogPluginManager: Mounting plugin OculusVR
LogPluginManager: Mounting plugin SteamVR
PixWinPlugin: PIX capture plugin failed to initialize! Check that the process is launched from PIX.
LogInit: Using libcurl 7.55.1-DEV
LogInit:  - built for x86_64-pc-win32
LogInit:  - supports SSL with OpenSSL/1.1.1
LogInit:  - supports HTTP deflate (compression) using libz 1.2.8
LogInit:  - other features:
LogInit:      CURL_VERSION_SSL
LogInit:      CURL_VERSION_LIBZ
LogInit:      CURL_VERSION_IPV6
LogInit:      CURL_VERSION_ASYNCHDNS
LogInit:      CURL_VERSION_LARGEFILE
LogInit:      CURL_VERSION_IDN
LogInit:  CurlRequestOptions (configurable via config and command line):
LogInit:  - bVerifyPeer = true  - Libcurl will verify peer certificate
LogInit:  - bUseHttpProxy = false  - Libcurl will NOT use HTTP proxy
LogInit:  - bDontReuseConnections = false  - Libcurl will reuse connections
LogInit:  - MaxHostConnections = 16  - Libcurl will limit the number of connections to a host
LogInit:  - LocalHostAddr = Default
LogInit:  - BufferSize = 65536
LogOnline: OSS: Creating online subsystem instance for: NULL
LogInit: WinSock: version 1.1 (2.2), MaxSocks=32767, MaxUdp=65467
LogOnline: OSS: TryLoadSubsystemAndSetDefault: Loaded subsystem for module [NULL]
LogOculusPluginWrapper: OculusPlugin initialized successfully
LogHMD: Failed initializing OVRPlugin 1.59.0
LogInit: Build: ++UE4+Release-4.27-CL-18319896
LogInit: Engine Version: 4.27.2-18319896+++UE4+Release-4.27
LogInit: Compatible Engine Version: 4.27.0-17155196+++UE4+Release-4.27
LogInit: Net CL: 17155196
LogInit: OS: Windows 10 (Release 2009) (), CPU: AMD Ryzen 7 1700X Eight-Core Processor         , GPU: NVIDIA GeForce GTX 1050 Ti
LogInit: Compiled (64-bit): Nov 30 2021 07:12:08
LogInit: Compiled with Visual C++: 19.24.28315.00
LogInit: Build Configuration: Development
LogInit: Branch Name: ++UE4+Release-4.27
LogInit: Command Line:  /Game/TopDownBP/Maps/TopDownExampleMap -game -PIEVIACONSOLE -Multiprocess GameUserSettingsINI=C:/GameDev/Unreal/Young-Man-Jenkins-2-The-Robbery/YoungManJenkins2/YoungManJenkins2/Saved/Config/Windows/PIEGameUserSettings0.ini -MultiprocessSaveConfig -forcepassthrough -messaging -SessionName="Play in Standalone Game" -windowed -ResX=1280 -ResY=720
LogInit: Base Directory: C:/Program Files/Epic Games/UE_4.27/Engine/Binaries/Win64/
LogInit: Allocator: TBB
LogInit: Installed Engine Build: 1
LogDevObjectVersion: Number of dev versions registered: 29
LogDevObjectVersion:   Dev-Blueprints (B0D832E4-1F89-4F0D-ACCF-7EB736FD4AA2): 10
LogDevObjectVersion:   Dev-Build (E1C64328-A22C-4D53-A36C-8E866417BD8C): 0
LogDevObjectVersion:   Dev-Core (375EC13C-06E4-48FB-B500-84F0262A717E): 4
LogDevObjectVersion:   Dev-Editor (E4B068ED-F494-42E9-A231-DA0B2E46BB41): 40
LogDevObjectVersion:   Dev-Framework (CFFC743F-43B0-4480-9391-14DF171D2073): 37
LogDevObjectVersion:   Dev-Mobile (B02B49B5-BB20-44E9-A304-32B752E40360): 3
LogDevObjectVersion:   Dev-Networking (A4E4105C-59A1-49B5-A7C5-40C4547EDFEE): 0
LogDevObjectVersion:   Dev-Online (39C831C9-5AE6-47DC-9A44-9C173E1C8E7C): 0
LogDevObjectVersion:   Dev-Physics (78F01B33-EBEA-4F98-B9B4-84EACCB95AA2): 14
LogDevObjectVersion:   Dev-Platform (6631380F-2D4D-43E0-8009-CF276956A95A): 0
LogDevObjectVersion:   Dev-Rendering (12F88B9F-8875-4AFC-A67C-D90C383ABD29): 45
LogDevObjectVersion:   Dev-Sequencer (7B5AE74C-D270-4C10-A958-57980B212A5A): 13
LogDevObjectVersion:   Dev-VR (D7296918-1DD6-4BDD-9DE2-64A83CC13884): 3
LogDevObjectVersion:   Dev-LoadTimes (C2A15278-BFE7-4AFE-6C17-90FF531DF755): 1
LogDevObjectVersion:   Private-Geometry (6EACA3D4-40EC-4CC1-B786-8BED09428FC5): 3
LogDevObjectVersion:   Dev-AnimPhys (29E575DD-E0A3-4627-9D10-D276232CDCEA): 17
LogDevObjectVersion:   Dev-Anim (AF43A65D-7FD3-4947-9873-3E8ED9C1BB05): 15
LogDevObjectVersion:   Dev-ReflectionCapture (6B266CEC-1EC7-4B8F-A30B-E4D90942FC07): 1
LogDevObjectVersion:   Dev-Automation (0DF73D61-A23F-47EA-B727-89E90C41499A): 1
LogDevObjectVersion:   FortniteMain (601D1886-AC64-4F84-AA16-D3DE0DEAC7D6): 47
LogDevObjectVersion:   FortniteRelease (E7086368-6B23-4C58-8439-1B7016265E91): 1
LogDevObjectVersion:   Dev-Enterprise (9DFFBCD6-494F-0158-E221-12823C92A888): 10
LogDevObjectVersion:   Dev-Niagara (F2AED0AC-9AFE-416F-8664-AA7FFA26D6FC): 1
LogDevObjectVersion:   Dev-Destruction (174F1F0B-B4C6-45A5-B13F-2EE8D0FB917D): 10
LogDevObjectVersion:   Dev-Physics-Ext (35F94A83-E258-406C-A318-09F59610247C): 41
LogDevObjectVersion:   Dev-PhysicsMaterial-Chaos (B68FC16E-8B1B-42E2-B453-215C058844FE): 1
LogDevObjectVersion:   Dev-CineCamera (B2E18506-4273-CFC2-A54E-F4BB758BBA07): 1
LogDevObjectVersion:   Dev-VirtualProduction (64F58936-FD1B-42BA-BA96-7289D5D0FA4E): 1
LogDevObjectVersion:   Dev-MediaFramework (6F0ED827-A609-4895-9C91-998D90180EA4): 2
LogInit: Presizing for max 25165824 objects, including 0 objects not considered by GC, pre-allocating 0 bytes for permanent pool.
LogConfig: Applying CVar settings from Section [/Script/Engine.StreamingSettings] File [C:/GameDev/Unreal/Young-Man-Jenkins-2-The-Robbery/YoungManJenkins2/YoungManJenkins2/Saved/Config/Windows/Engine.ini]
LogConfig: Setting CVar [[s.MinBulkDataSizeForAsyncLoading:131072]]
LogConfig: Setting CVar [[s.AsyncLoadingThreadEnabled:0]]
LogConfig: Setting CVar [[s.EventDrivenLoaderEnabled:1]]
LogConfig: Setting CVar [[s.WarnIfTimeLimitExceeded:0]]
LogConfig: Setting CVar [[s.TimeLimitExceededMultiplier:1.5]]
LogConfig: Setting CVar [[s.TimeLimitExceededMinTime:0.005]]
LogConfig: Setting CVar [[s.UseBackgroundLevelStreaming:1]]
LogConfig: Setting CVar [[s.PriorityAsyncLoadingExtraTime:15.0]]
LogConfig: Setting CVar [[s.LevelStreamingActorsUpdateTimeLimit:5.0]]
LogConfig: Setting CVar [[s.PriorityLevelStreamingActorsUpdateExtraTime:5.0]]
LogConfig: Setting CVar [[s.LevelStreamingComponentsRegistrationGranularity:10]]
LogConfig: Setting CVar [[s.UnregisterComponentsTimeLimit:1.0]]
LogConfig: Setting CVar [[s.LevelStreamingComponentsUnregistrationGranularity:5]]
LogConfig: Setting CVar [[s.FlushStreamingOnExit:1]]
LogInit: Object subsystem initialized
LogConfig: Setting CVar [[con.DebugEarlyDefault:1]]
LogConfig: Setting CVar [[r.setres:1280x720]]
[2022.07.28-16.53.13:917][  0]LogConfig: Setting CVar [[con.DebugEarlyDefault:1]]
[2022.07.28-16.53.13:917][  0]LogConfig: Setting CVar [[r.setres:1280x720]]
[2022.07.28-16.53.13:917][  0]LogConfig: Applying CVar settings from Section [/Script/Engine.RendererSettings] File [C:/GameDev/Unreal/Young-Man-Jenkins-2-The-Robbery/YoungManJenkins2/YoungManJenkins2/Saved/Config/Windows/Engine.ini]
[2022.07.28-16.53.13:917][  0]LogConfig: Setting CVar [[r.GPUCrashDebugging:0]]
[2022.07.28-16.53.13:917][  0]LogConfig: Setting CVar [[r.DefaultFeature.AutoExposure:0]]
[2022.07.28-16.53.13:917][  0]LogConfig: Applying CVar settings from Section [/Script/Engine.RendererOverrideSettings] File [C:/GameDev/Unreal/Young-Man-Jenkins-2-The-Robbery/YoungManJenkins2/YoungManJenkins2/Saved/Config/Windows/Engine.ini]
[2022.07.28-16.53.13:917][  0]LogConfig: Applying CVar settings from Section [/Script/Engine.StreamingSettings] File [C:/GameDev/Unreal/Young-Man-Jenkins-2-The-Robbery/YoungManJenkins2/YoungManJenkins2/Saved/Config/Windows/Engine.ini]
[2022.07.28-16.53.13:917][  0]LogConfig: Setting CVar [[s.MinBulkDataSizeForAsyncLoading:131072]]
[2022.07.28-16.53.13:917][  0]LogConfig: Setting CVar [[s.AsyncLoadingThreadEnabled:0]]
[2022.07.28-16.53.13:917][  0]LogConfig: Setting CVar [[s.EventDrivenLoaderEnabled:1]]
[2022.07.28-16.53.13:917][  0]LogConfig: Setting CVar [[s.WarnIfTimeLimitExceeded:0]]
[2022.07.28-16.53.13:917][  0]LogConfig: Setting CVar [[s.TimeLimitExceededMultiplier:1.5]]
[2022.07.28-16.53.13:917][  0]LogConfig: Setting CVar [[s.TimeLimitExceededMinTime:0.005]]
[2022.07.28-16.53.13:917][  0]LogConfig: Setting CVar [[s.UseBackgroundLevelStreaming:1]]
[2022.07.28-16.53.13:917][  0]LogConfig: Setting CVar [[s.PriorityAsyncLoadingExtraTime:15.0]]
[2022.07.28-16.53.13:917][  0]LogConfig: Setting CVar [[s.LevelStreamingActorsUpdateTimeLimit:5.0]]
[2022.07.28-16.53.13:917][  0]LogConfig: Setting CVar [[s.PriorityLevelStreamingActorsUpdateExtraTime:5.0]]
[2022.07.28-16.53.13:917][  0]LogConfig: Setting CVar [[s.LevelStreamingComponentsRegistrationGranularity:10]]
[2022.07.28-16.53.13:917][  0]LogConfig: Setting CVar [[s.UnregisterComponentsTimeLimit:1.0]]
[2022.07.28-16.53.13:917][  0]LogConfig: Setting CVar [[s.LevelStreamingComponentsUnregistrationGranularity:5]]
[2022.07.28-16.53.13:917][  0]LogConfig: Setting CVar [[s.FlushStreamingOnExit:1]]
[2022.07.28-16.53.13:917][  0]LogConfig: Applying CVar settings from Section [/Script/Engine.GarbageCollectionSettings] File [C:/GameDev/Unreal/Young-Man-Jenkins-2-The-Robbery/YoungManJenkins2/YoungManJenkins2/Saved/Config/Windows/Engine.ini]
[2022.07.28-16.53.13:917][  0]LogConfig: Setting CVar [[gc.MaxObjectsNotConsideredByGC:1]]
[2022.07.28-16.53.13:917][  0]LogConfig: Setting CVar [[gc.SizeOfPermanentObjectPool:0]]
[2022.07.28-16.53.13:917][  0]LogConfig: Setting CVar [[gc.FlushStreamingOnGC:0]]
[2022.07.28-16.53.13:917][  0]LogConfig: Setting CVar [[gc.NumRetriesBeforeForcingGC:10]]
[2022.07.28-16.53.13:917][  0]LogConfig: Setting CVar [[gc.AllowParallelGC:1]]
[2022.07.28-16.53.13:917][  0]LogConfig: Setting CVar [[gc.TimeBetweenPurgingPendingKillObjects:61.1]]
[2022.07.28-16.53.13:917][  0]LogConfig: Setting CVar [[gc.MaxObjectsInEditor:25165824]]
[2022.07.28-16.53.13:917][  0]LogConfig: Setting CVar [[gc.IncrementalBeginDestroyEnabled:1]]
[2022.07.28-16.53.13:917][  0]LogConfig: Setting CVar [[gc.CreateGCClusters:1]]
[2022.07.28-16.53.13:917][  0]LogConfig: Setting CVar [[gc.MinGCClusterSize:5]]
[2022.07.28-16.53.13:917][  0]LogConfig: Setting CVar [[gc.ActorClusteringEnabled:0]]
[2022.07.28-16.53.13:917][  0]LogConfig: Setting CVar [[gc.BlueprintClusteringEnabled:0]]
[2022.07.28-16.53.13:917][  0]LogConfig: Setting CVar [[gc.UseDisregardForGCOnDedicatedServers:0]]
[2022.07.28-16.53.13:917][  0]LogConfig: Setting CVar [[gc.MultithreadedDestructionEnabled:1]]
[2022.07.28-16.53.13:917][  0]LogConfig: Applying CVar settings from Section [/Script/Engine.NetworkSettings] File [C:/GameDev/Unreal/Young-Man-Jenkins-2-The-Robbery/YoungManJenkins2/YoungManJenkins2/Saved/Config/Windows/Engine.ini]
[2022.07.28-16.53.13:917][  0]LogConfig: Applying CVar settings from Section [/Script/UnrealEd.CookerSettings] File [C:/GameDev/Unreal/Young-Man-Jenkins-2-The-Robbery/YoungManJenkins2/YoungManJenkins2/Saved/Config/Windows/Engine.ini]
[2022.07.28-16.53.13:945][  0]LogConfig: Applying CVar settings from Section [ViewDistanceQuality@3] File [C:/GameDev/Unreal/Young-Man-Jenkins-2-The-Robbery/YoungManJenkins2/YoungManJenkins2/Saved/Config/Windows/Scalability.ini]
[2022.07.28-16.53.13:945][  0]LogConfig: Setting CVar [[r.SkeletalMeshLODBias:0]]
[2022.07.28-16.53.13:945][  0]LogConfig: Setting CVar [[r.ViewDistanceScale:1.0]]
[2022.07.28-16.53.13:945][  0]LogConfig: Applying CVar settings from Section [AntiAliasingQuality@3] File [C:/GameDev/Unreal/Young-Man-Jenkins-2-The-Robbery/YoungManJenkins2/YoungManJenkins2/Saved/Config/Windows/Scalability.ini]
[2022.07.28-16.53.13:945][  0]LogConfig: Setting CVar [[r.PostProcessAAQuality:4]]
[2022.07.28-16.53.13:945][  0]LogConfig: Applying CVar settings from Section [ShadowQuality@3] File [C:/GameDev/Unreal/Young-Man-Jenkins-2-The-Robbery/YoungManJenkins2/YoungManJenkins2/Saved/Config/Windows/Scalability.ini]
[2022.07.28-16.53.13:945][  0]LogConfig: Setting CVar [[r.LightFunctionQuality:1]]
[2022.07.28-16.53.13:945][  0]LogConfig: Setting CVar [[r.ShadowQuality:5]]
[2022.07.28-16.53.13:945][  0]LogConfig: Setting CVar [[r.Shadow.CSM.MaxCascades:10]]
[2022.07.28-16.53.13:945][  0]LogConfig: Setting CVar [[r.Shadow.MaxResolution:2048]]
[2022.07.28-16.53.13:945][  0]LogConfig: Setting CVar [[r.Shadow.MaxCSMResolution:2048]]
[2022.07.28-16.53.13:945][  0]LogConfig: Setting CVar [[r.Shadow.RadiusThreshold:0.01]]
[2022.07.28-16.53.13:945][  0]LogConfig: Setting CVar [[r.Shadow.DistanceScale:1.0]]
[2022.07.28-16.53.13:945][  0]LogConfig: Setting CVar [[r.Shadow.CSM.TransitionScale:1.0]]
[2022.07.28-16.53.13:945][  0]LogConfig: Setting CVar [[r.Shadow.PreShadowResolutionFactor:1.0]]
[2022.07.28-16.53.13:945][  0]LogConfig: Setting CVar [[r.DistanceFieldShadowing:1]]
[2022.07.28-16.53.13:945][  0]LogConfig: Setting CVar [[r.DistanceFieldAO:1]]
[2022.07.28-16.53.13:945][  0]LogConfig: Setting CVar [[r.AOQuality:2]]
[2022.07.28-16.53.13:945][  0]LogConfig: Setting CVar [[r.VolumetricFog:1]]
[2022.07.28-16.53.13:945][  0]LogConfig: Setting CVar [[r.VolumetricFog.GridPixelSize:8]]
[2022.07.28-16.53.13:945][  0]LogConfig: Setting CVar [[r.VolumetricFog.GridSizeZ:128]]
[2022.07.28-16.53.13:945][  0]LogConfig: Setting CVar [[r.VolumetricFog.HistoryMissSupersampleCount:4]]
[2022.07.28-16.53.13:945][  0]LogConfig: Setting CVar [[r.LightMaxDrawDistanceScale:1]]
[2022.07.28-16.53.13:945][  0]LogConfig: Setting CVar [[r.CapsuleShadows:1]]
[2022.07.28-16.53.13:945][  0]LogConfig: Applying CVar settings from Section [PostProcessQuality@3] File [C:/GameDev/Unreal/Young-Man-Jenkins-2-The-Robbery/YoungManJenkins2/YoungManJenkins2/Saved/Config/Windows/Scalability.ini]
[2022.07.28-16.53.13:945][  0]LogConfig: Setting CVar [[r.MotionBlurQuality:4]]
[2022.07.28-16.53.13:945][  0]LogConfig: Setting CVar [[r.AmbientOcclusionMipLevelFactor:0.4]]
[2022.07.28-16.53.13:945][  0]LogConfig: Setting CVar [[r.AmbientOcclusionMaxQuality:100]]
[2022.07.28-16.53.13:945][  0]LogConfig: Setting CVar [[r.AmbientOcclusionLevels:-1]]
[2022.07.28-16.53.13:945][  0]LogConfig: Setting CVar [[r.AmbientOcclusionRadiusScale:1.0]]
[2022.07.28-16.53.13:945][  0]LogConfig: Setting CVar [[r.DepthOfFieldQuality:2]]
[2022.07.28-16.53.13:945][  0]LogConfig: Setting CVar [[r.RenderTargetPoolMin:400]]
[2022.07.28-16.53.13:945][  0]LogConfig: Setting CVar [[r.LensFlareQuality:2]]
[2022.07.28-16.53.13:945][  0]LogConfig: Setting CVar [[r.SceneColorFringeQuality:1]]
[2022.07.28-16.53.13:945][  0]LogConfig: Setting CVar [[r.EyeAdaptationQuality:2]]
[2022.07.28-16.53.13:945][  0]LogConfig: Setting CVar [[r.BloomQuality:5]]
[2022.07.28-16.53.13:945][  0]LogConfig: Setting CVar [[r.FastBlurThreshold:100]]
[2022.07.28-16.53.13:945][  0]LogConfig: Setting CVar [[r.Upscale.Quality:3]]
[2022.07.28-16.53.13:945][  0]LogConfig: Setting CVar [[r.Tonemapper.GrainQuantization:1]]
[2022.07.28-16.53.13:946][  0]LogConfig: Setting CVar [[r.LightShaftQuality:1]]
[2022.07.28-16.53.13:946][  0]LogConfig: Setting CVar [[r.Filter.SizeScale:1]]
[2022.07.28-16.53.13:946][  0]LogConfig: Setting CVar [[r.Tonemapper.Quality:5]]
[2022.07.28-16.53.13:946][  0]LogConfig: Setting CVar [[r.DOF.Gather.AccumulatorQuality:1        ; higher gathering accumulator quality]]
[2022.07.28-16.53.13:946][  0]LogConfig: Setting CVar [[r.DOF.Gather.PostfilterMethod:1          ; Median3x3 postfilering method]]
[2022.07.28-16.53.13:946][  0]LogConfig: Setting CVar [[r.DOF.Gather.EnableBokehSettings:0       ; no bokeh simulation when gathering]]
[2022.07.28-16.53.13:946][  0]LogConfig: Setting CVar [[r.DOF.Gather.RingCount:4                 ; medium number of samples when gathering]]
[2022.07.28-16.53.13:946][  0]LogConfig: Setting CVar [[r.DOF.Scatter.ForegroundCompositing:1    ; additive foreground scattering]]
[2022.07.28-16.53.13:946][  0]LogConfig: Setting CVar [[r.DOF.Scatter.BackgroundCompositing:2    ; additive background scattering]]
[2022.07.28-16.53.13:946][  0]LogConfig: Setting CVar [[r.DOF.Scatter.EnableBokehSettings:1      ; bokeh simulation when scattering]]
[2022.07.28-16.53.13:946][  0]LogConfig: Setting CVar [[r.DOF.Scatter.MaxSpriteRatio:0.1         ; only a maximum of 10% of scattered bokeh]]
[2022.07.28-16.53.13:946][  0]LogConfig: Setting CVar [[r.DOF.Recombine.Quality:1                ; cheap slight out of focus]]
[2022.07.28-16.53.13:946][  0]LogConfig: Setting CVar [[r.DOF.Recombine.EnableBokehSettings:0    ; no bokeh simulation on slight out of focus]]
[2022.07.28-16.53.13:946][  0]LogConfig: Setting CVar [[r.DOF.TemporalAAQuality:1                ; more stable temporal accumulation]]
[2022.07.28-16.53.13:946][  0]LogConfig: Setting CVar [[r.DOF.Kernel.MaxForegroundRadius:0.025]]
[2022.07.28-16.53.13:946][  0]LogConfig: Setting CVar [[r.DOF.Kernel.MaxBackgroundRadius:0.025]]
[2022.07.28-16.53.13:946][  0]LogConfig: Applying CVar settings from Section [TextureQuality@3] File [C:/GameDev/Unreal/Young-Man-Jenkins-2-The-Robbery/YoungManJenkins2/YoungManJenkins2/Saved/Config/Windows/Scalability.ini]
[2022.07.28-16.53.13:946][  0]LogConfig: Setting CVar [[r.Streaming.MipBias:0]]
[2022.07.28-16.53.13:946][  0]LogConfig: Setting CVar [[r.Streaming.AmortizeCPUToGPUCopy:0]]
[2022.07.28-16.53.13:946][  0]LogConfig: Setting CVar [[r.Streaming.MaxNumTexturesToStreamPerFrame:0]]
[2022.07.28-16.53.13:946][  0]LogConfig: Setting CVar [[r.Streaming.Boost:1]]
[2022.07.28-16.53.13:946][  0]LogConfig: Setting CVar [[r.MaxAnisotropy:8]]
[2022.07.28-16.53.13:946][  0]LogConfig: Setting CVar [[r.VT.MaxAnisotropy:8]]
[2022.07.28-16.53.13:946][  0]LogConfig: Setting CVar [[r.Streaming.LimitPoolSizeToVRAM:0]]
[2022.07.28-16.53.13:946][  0]LogConfig: Setting CVar [[r.Streaming.PoolSize:1000]]
[2022.07.28-16.53.13:946][  0]LogConfig: Setting CVar [[r.Streaming.MaxEffectiveScreenSize:0]]
[2022.07.28-16.53.13:946][  0]LogConfig: Applying CVar settings from Section [EffectsQuality@3] File [C:/GameDev/Unreal/Young-Man-Jenkins-2-The-Robbery/YoungManJenkins2/YoungManJenkins2/Saved/Config/Windows/Scalability.ini]
[2022.07.28-16.53.13:946][  0]LogConfig: Setting CVar [[r.TranslucencyLightingVolumeDim:64]]
[2022.07.28-16.53.13:946][  0]LogConfig: Setting CVar [[r.RefractionQuality:2]]
[2022.07.28-16.53.13:946][  0]LogConfig: Setting CVar [[r.SSR.Quality:3]]
[2022.07.28-16.53.13:946][  0]LogConfig: Setting CVar [[r.SSR.HalfResSceneColor:0]]
[2022.07.28-16.53.13:946][  0]LogConfig: Setting CVar [[r.SceneColorFormat:4]]
[2022.07.28-16.53.13:946][  0]LogConfig: Setting CVar [[r.DetailMode:2]]
[2022.07.28-16.53.13:946][  0]LogConfig: Setting CVar [[r.TranslucencyVolumeBlur:1]]
[2022.07.28-16.53.13:946][  0]LogConfig: Setting CVar [[r.MaterialQualityLevel:1 ; High quality]]
[2022.07.28-16.53.13:946][  0]LogConfig: Setting CVar [[r.AnisotropicMaterials:1]]
[2022.07.28-16.53.13:946][  0]LogConfig: Setting CVar [[r.SSS.Scale:1]]
[2022.07.28-16.53.13:946][  0]LogConfig: Setting CVar [[r.SSS.SampleSet:2]]
[2022.07.28-16.53.13:946][  0]LogConfig: Setting CVar [[r.SSS.Quality:1]]
[2022.07.28-16.53.13:946][  0]LogConfig: Setting CVar [[r.SSS.HalfRes:0]]
[2022.07.28-16.53.13:946][  0]LogConfig: Setting CVar [[r.SSGI.Quality:3]]
[2022.07.28-16.53.13:946][  0]LogConfig: Setting CVar [[r.EmitterSpawnRateScale:1.0]]
[2022.07.28-16.53.13:946][  0]LogConfig: Setting CVar [[r.ParticleLightQuality:2]]
[2022.07.28-16.53.13:946][  0]LogConfig: Setting CVar [[r.SkyAtmosphere.AerialPerspectiveLUT.FastApplyOnOpaque:1 ; Always have FastSkyLUT 1 in this case to avoid wrong sky]]
[2022.07.28-16.53.13:946][  0]LogConfig: Setting CVar [[r.SkyAtmosphere.AerialPerspectiveLUT.SampleCountMaxPerSlice:4]]
[2022.07.28-16.53.13:946][  0]LogConfig: Setting CVar [[r.SkyAtmosphere.AerialPerspectiveLUT.DepthResolution:16.0]]
[2022.07.28-16.53.13:946][  0]LogConfig: Setting CVar [[r.SkyAtmosphere.FastSkyLUT:1]]
[2022.07.28-16.53.13:946][  0]LogConfig: Setting CVar [[r.SkyAtmosphere.FastSkyLUT.SampleCountMin:4.0]]
[2022.07.28-16.53.13:946][  0]LogConfig: Setting CVar [[r.SkyAtmosphere.FastSkyLUT.SampleCountMax:128.0]]
[2022.07.28-16.53.13:946][  0]LogConfig: Setting CVar [[r.SkyAtmosphere.SampleCountMin:4.0]]
[2022.07.28-16.53.13:946][  0]LogConfig: Setting CVar [[r.SkyAtmosphere.SampleCountMax:128.0]]
[2022.07.28-16.53.13:946][  0]LogConfig: Setting CVar [[r.SkyAtmosphere.TransmittanceLUT.UseSmallFormat:0]]
[2022.07.28-16.53.13:946][  0]LogConfig: Setting CVar [[r.SkyAtmosphere.TransmittanceLUT.SampleCount:10.0]]
[2022.07.28-16.53.13:946][  0]LogConfig: Setting CVar [[r.SkyAtmosphere.MultiScatteringLUT.SampleCount:15.0]]
[2022.07.28-16.53.13:946][  0]LogConfig: Setting CVar [[r.SkyLight.RealTimeReflectionCapture:1]]
[2022.07.28-16.53.13:946][  0]LogConfig: Applying CVar settings from Section [FoliageQuality@3] File [C:/GameDev/Unreal/Young-Man-Jenkins-2-The-Robbery/YoungManJenkins2/YoungManJenkins2/Saved/Config/Windows/Scalability.ini]
[2022.07.28-16.53.13:946][  0]LogConfig: Setting CVar [[foliage.DensityScale:1.0]]
[2022.07.28-16.53.13:946][  0]LogConfig: Setting CVar [[grass.DensityScale:1.0]]
[2022.07.28-16.53.13:946][  0]LogConfig: Applying CVar settings from Section [ShadingQuality@3] File [C:/GameDev/Unreal/Young-Man-Jenkins-2-The-Robbery/YoungManJenkins2/YoungManJenkins2/Saved/Config/Windows/Scalability.ini]
[2022.07.28-16.53.13:946][  0]LogConfig: Setting CVar [[r.HairStrands.SkyLighting.IntegrationType:2]]
[2022.07.28-16.53.13:946][  0]LogConfig: Setting CVar [[r.HairStrands.SkyAO.SampleCount:4]]
[2022.07.28-16.53.13:946][  0]LogConfig: Setting CVar [[r.HairStrands.Visibility.MSAA.SamplePerPixel:4]]
[2022.07.28-16.53.13:946][  0]LogInit: Selected Device Profile: [Windows]
[2022.07.28-16.53.13:946][  0]LogInit: Applying CVar settings loaded from the selected device profile: [Windows]
[2022.07.28-16.53.13:946][  0]LogHAL: Display: Platform has ~ 24 GB [25701400576 / 34359738368 / 24], which maps to Larger [LargestMinGB=32, LargerMinGB=12, DefaultMinGB=8, SmallerMinGB=6, SmallestMinGB=0)
[2022.07.28-16.53.13:946][  0]LogInit: Going up to parent DeviceProfile []
[2022.07.28-16.53.13:947][  0]LogConfig: Applying CVar settings from Section [ViewDistanceQuality@3] File [C:/GameDev/Unreal/Young-Man-Jenkins-2-The-Robbery/YoungManJenkins2/YoungManJenkins2/Saved/Config/Windows/Scalability.ini]
[2022.07.28-16.53.13:947][  0]LogConfig: Setting CVar [[r.SkeletalMeshLODBias:0]]
[2022.07.28-16.53.13:947][  0]LogConfig: Setting CVar [[r.ViewDistanceScale:1.0]]
[2022.07.28-16.53.13:947][  0]LogConfig: Applying CVar settings from Section [AntiAliasingQuality@3] File [C:/GameDev/Unreal/Young-Man-Jenkins-2-The-Robbery/YoungManJenkins2/YoungManJenkins2/Saved/Config/Windows/Scalability.ini]
[2022.07.28-16.53.13:947][  0]LogConfig: Setting CVar [[r.PostProcessAAQuality:4]]
[2022.07.28-16.53.13:947][  0]LogConfig: Applying CVar settings from Section [ShadowQuality@3] File [C:/GameDev/Unreal/Young-Man-Jenkins-2-The-Robbery/YoungManJenkins2/YoungManJenkins2/Saved/Config/Windows/Scalability.ini]
[2022.07.28-16.53.13:947][  0]LogConfig: Setting CVar [[r.LightFunctionQuality:1]]
[2022.07.28-16.53.13:947][  0]LogConfig: Setting CVar [[r.ShadowQuality:5]]
[2022.07.28-16.53.13:947][  0]LogConfig: Setting CVar [[r.Shadow.CSM.MaxCascades:10]]
[2022.07.28-16.53.13:947][  0]LogConfig: Setting CVar [[r.Shadow.MaxResolution:2048]]
[2022.07.28-16.53.13:947][  0]LogConfig: Setting CVar [[r.Shadow.MaxCSMResolution:2048]]
[2022.07.28-16.53.13:947][  0]LogConfig: Setting CVar [[r.Shadow.RadiusThreshold:0.01]]
[2022.07.28-16.53.13:947][  0]LogConfig: Setting CVar [[r.Shadow.DistanceScale:1.0]]
[2022.07.28-16.53.13:947][  0]LogConfig: Setting CVar [[r.Shadow.CSM.TransitionScale:1.0]]
[2022.07.28-16.53.13:947][  0]LogConfig: Setting CVar [[r.Shadow.PreShadowResolutionFactor:1.0]]
[2022.07.28-16.53.13:947][  0]LogConfig: Setting CVar [[r.DistanceFieldShadowing:1]]
[2022.07.28-16.53.13:947][  0]LogConfig: Setting CVar [[r.DistanceFieldAO:1]]
[2022.07.28-16.53.13:947][  0]LogConfig: Setting CVar [[r.AOQuality:2]]
[2022.07.28-16.53.13:947][  0]LogConfig: Setting CVar [[r.VolumetricFog:1]]
[2022.07.28-16.53.13:947][  0]LogConfig: Setting CVar [[r.VolumetricFog.GridPixelSize:8]]
[2022.07.28-16.53.13:947][  0]LogConfig: Setting CVar [[r.VolumetricFog.GridSizeZ:128]]
[2022.07.28-16.53.13:947][  0]LogConfig: Setting CVar [[r.VolumetricFog.HistoryMissSupersampleCount:4]]
[2022.07.28-16.53.13:947][  0]LogConfig: Setting CVar [[r.LightMaxDrawDistanceScale:1]]
[2022.07.28-16.53.13:947][  0]LogConfig: Setting CVar [[r.CapsuleShadows:1]]
[2022.07.28-16.53.13:947][  0]LogConfig: Applying CVar settings from Section [PostProcessQuality@3] File [C:/GameDev/Unreal/Young-Man-Jenkins-2-The-Robbery/YoungManJenkins2/YoungManJenkins2/Saved/Config/Windows/Scalability.ini]
[2022.07.28-16.53.13:947][  0]LogConfig: Setting CVar [[r.MotionBlurQuality:4]]
[2022.07.28-16.53.13:947][  0]LogConfig: Setting CVar [[r.AmbientOcclusionMipLevelFactor:0.4]]
[2022.07.28-16.53.13:947][  0]LogConfig: Setting CVar [[r.AmbientOcclusionMaxQuality:100]]
[2022.07.28-16.53.13:947][  0]LogConfig: Setting CVar [[r.AmbientOcclusionLevels:-1]]
[2022.07.28-16.53.13:947][  0]LogConfig: Setting CVar [[r.AmbientOcclusionRadiusScale:1.0]]
[2022.07.28-16.53.13:947][  0]LogConfig: Setting CVar [[r.DepthOfFieldQuality:2]]
[2022.07.28-16.53.13:947][  0]LogConfig: Setting CVar [[r.RenderTargetPoolMin:400]]
[2022.07.28-16.53.13:947][  0]LogConfig: Setting CVar [[r.LensFlareQuality:2]]
[2022.07.28-16.53.13:947][  0]LogConfig: Setting CVar [[r.SceneColorFringeQuality:1]]
[2022.07.28-16.53.13:947][  0]LogConfig: Setting CVar [[r.EyeAdaptationQuality:2]]
[2022.07.28-16.53.13:947][  0]LogConfig: Setting CVar [[r.BloomQuality:5]]
[2022.07.28-16.53.13:947][  0]LogConfig: Setting CVar [[r.FastBlurThreshold:100]]
[2022.07.28-16.53.13:947][  0]LogConfig: Setting CVar [[r.Upscale.Quality:3]]
[2022.07.28-16.53.13:947][  0]LogConfig: Setting CVar [[r.Tonemapper.GrainQuantization:1]]
[2022.07.28-16.53.13:947][  0]LogConfig: Setting CVar [[r.LightShaftQuality:1]]
[2022.07.28-16.53.13:947][  0]LogConfig: Setting CVar [[r.Filter.SizeScale:1]]
[2022.07.28-16.53.13:947][  0]LogConfig: Setting CVar [[r.Tonemapper.Quality:5]]
[2022.07.28-16.53.13:947][  0]LogConfig: Setting CVar [[r.DOF.Gather.AccumulatorQuality:1        ; higher gathering accumulator quality]]
[2022.07.28-16.53.13:947][  0]LogConfig: Setting CVar [[r.DOF.Gather.PostfilterMethod:1          ; Median3x3 postfilering method]]
[2022.07.28-16.53.13:947][  0]LogConfig: Setting CVar [[r.DOF.Gather.EnableBokehSettings:0       ; no bokeh simulation when gathering]]
[2022.07.28-16.53.13:947][  0]LogConfig: Setting CVar [[r.DOF.Gather.RingCount:4                 ; medium number of samples when gathering]]
[2022.07.28-16.53.13:947][  0]LogConfig: Setting CVar [[r.DOF.Scatter.ForegroundCompositing:1    ; additive foreground scattering]]
[2022.07.28-16.53.13:947][  0]LogConfig: Setting CVar [[r.DOF.Scatter.BackgroundCompositing:2    ; additive background scattering]]
[2022.07.28-16.53.13:947][  0]LogConfig: Setting CVar [[r.DOF.Scatter.EnableBokehSettings:1      ; bokeh simulation when scattering]]
[2022.07.28-16.53.13:947][  0]LogConfig: Setting CVar [[r.DOF.Scatter.MaxSpriteRatio:0.1         ; only a maximum of 10% of scattered bokeh]]
[2022.07.28-16.53.13:947][  0]LogConfig: Setting CVar [[r.DOF.Recombine.Quality:1                ; cheap slight out of focus]]
[2022.07.28-16.53.13:947][  0]LogConfig: Setting CVar [[r.DOF.Recombine.EnableBokehSettings:0    ; no bokeh simulation on slight out of focus]]
[2022.07.28-16.53.13:947][  0]LogConfig: Setting CVar [[r.DOF.TemporalAAQuality:1                ; more stable temporal accumulation]]
[2022.07.28-16.53.13:948][  0]LogConfig: Setting CVar [[r.DOF.Kernel.MaxForegroundRadius:0.025]]
[2022.07.28-16.53.13:948][  0]LogConfig: Setting CVar [[r.DOF.Kernel.MaxBackgroundRadius:0.025]]
[2022.07.28-16.53.13:948][  0]LogConfig: Applying CVar settings from Section [TextureQuality@3] File [C:/GameDev/Unreal/Young-Man-Jenkins-2-The-Robbery/YoungManJenkins2/YoungManJenkins2/Saved/Config/Windows/Scalability.ini]
[2022.07.28-16.53.13:948][  0]LogConfig: Setting CVar [[r.Streaming.MipBias:0]]
[2022.07.28-16.53.13:948][  0]LogConfig: Setting CVar [[r.Streaming.AmortizeCPUToGPUCopy:0]]
[2022.07.28-16.53.13:948][  0]LogConfig: Setting CVar [[r.Streaming.MaxNumTexturesToStreamPerFrame:0]]
[2022.07.28-16.53.13:948][  0]LogConfig: Setting CVar [[r.Streaming.Boost:1]]
[2022.07.28-16.53.13:948][  0]LogConfig: Setting CVar [[r.MaxAnisotropy:8]]
[2022.07.28-16.53.13:948][  0]LogConfig: Setting CVar [[r.VT.MaxAnisotropy:8]]
[2022.07.28-16.53.13:948][  0]LogConfig: Setting CVar [[r.Streaming.LimitPoolSizeToVRAM:0]]
[2022.07.28-16.53.13:948][  0]LogConfig: Setting CVar [[r.Streaming.PoolSize:1000]]
[2022.07.28-16.53.13:948][  0]LogConfig: Setting CVar [[r.Streaming.MaxEffectiveScreenSize:0]]
[2022.07.28-16.53.13:948][  0]LogConfig: Applying CVar settings from Section [EffectsQuality@3] File [C:/GameDev/Unreal/Young-Man-Jenkins-2-The-Robbery/YoungManJenkins2/YoungManJenkins2/Saved/Config/Windows/Scalability.ini]
[2022.07.28-16.53.13:948][  0]LogConfig: Setting CVar [[r.TranslucencyLightingVolumeDim:64]]
[2022.07.28-16.53.13:948][  0]LogConfig: Setting CVar [[r.RefractionQuality:2]]
[2022.07.28-16.53.13:948][  0]LogConfig: Setting CVar [[r.SSR.Quality:3]]
[2022.07.28-16.53.13:948][  0]LogConfig: Setting CVar [[r.SSR.HalfResSceneColor:0]]
[2022.07.28-16.53.13:948][  0]LogConfig: Setting CVar [[r.SceneColorFormat:4]]
[2022.07.28-16.53.13:948][  0]LogConfig: Setting CVar [[r.DetailMode:2]]
[2022.07.28-16.53.13:948][  0]LogConfig: Setting CVar [[r.TranslucencyVolumeBlur:1]]
[2022.07.28-16.53.13:948][  0]LogConfig: Setting CVar [[r.MaterialQualityLevel:1 ; High quality]]
[2022.07.28-16.53.13:948][  0]LogConfig: Setting CVar [[r.AnisotropicMaterials:1]]
[2022.07.28-16.53.13:948][  0]LogConfig: Setting CVar [[r.SSS.Scale:1]]
[2022.07.28-16.53.13:948][  0]LogConfig: Setting CVar [[r.SSS.SampleSet:2]]
[2022.07.28-16.53.13:948][  0]LogConfig: Setting CVar [[r.SSS.Quality:1]]
[2022.07.28-16.53.13:948][  0]LogConfig: Setting CVar [[r.SSS.HalfRes:0]]
[2022.07.28-16.53.13:948][  0]LogConfig: Setting CVar [[r.SSGI.Quality:3]]
[2022.07.28-16.53.13:948][  0]LogConfig: Setting CVar [[r.EmitterSpawnRateScale:1.0]]
[2022.07.28-16.53.13:948][  0]LogConfig: Setting CVar [[r.ParticleLightQuality:2]]
[2022.07.28-16.53.13:948][  0]LogConfig: Setting CVar [[r.SkyAtmosphere.AerialPerspectiveLUT.FastApplyOnOpaque:1 ; Always have FastSkyLUT 1 in this case to avoid wrong sky]]
[2022.07.28-16.53.13:948][  0]LogConfig: Setting CVar [[r.SkyAtmosphere.AerialPerspectiveLUT.SampleCountMaxPerSlice:4]]
[2022.07.28-16.53.13:948][  0]LogConfig: Setting CVar [[r.SkyAtmosphere.AerialPerspectiveLUT.DepthResolution:16.0]]
[2022.07.28-16.53.13:948][  0]LogConfig: Setting CVar [[r.SkyAtmosphere.FastSkyLUT:1]]
[2022.07.28-16.53.13:948][  0]LogConfig: Setting CVar [[r.SkyAtmosphere.FastSkyLUT.SampleCountMin:4.0]]
[2022.07.28-16.53.13:948][  0]LogConfig: Setting CVar [[r.SkyAtmosphere.FastSkyLUT.SampleCountMax:128.0]]
[2022.07.28-16.53.13:948][  0]LogConfig: Setting CVar [[r.SkyAtmosphere.SampleCountMin:4.0]]
[2022.07.28-16.53.13:948][  0]LogConfig: Setting CVar [[r.SkyAtmosphere.SampleCountMax:128.0]]
[2022.07.28-16.53.13:948][  0]LogConfig: Setting CVar [[r.SkyAtmosphere.TransmittanceLUT.UseSmallFormat:0]]
[2022.07.28-16.53.13:948][  0]LogConfig: Setting CVar [[r.SkyAtmosphere.TransmittanceLUT.SampleCount:10.0]]
[2022.07.28-16.53.13:948][  0]LogConfig: Setting CVar [[r.SkyAtmosphere.MultiScatteringLUT.SampleCount:15.0]]
[2022.07.28-16.53.13:948][  0]LogConfig: Setting CVar [[r.SkyLight.RealTimeReflectionCapture:1]]
[2022.07.28-16.53.13:948][  0]LogConfig: Applying CVar settings from Section [FoliageQuality@3] File [C:/GameDev/Unreal/Young-Man-Jenkins-2-The-Robbery/YoungManJenkins2/YoungManJenkins2/Saved/Config/Windows/Scalability.ini]
[2022.07.28-16.53.13:948][  0]LogConfig: Setting CVar [[foliage.DensityScale:1.0]]
[2022.07.28-16.53.13:948][  0]LogConfig: Setting CVar [[grass.DensityScale:1.0]]
[2022.07.28-16.53.13:948][  0]LogConfig: Applying CVar settings from Section [ShadingQuality@3] File [C:/GameDev/Unreal/Young-Man-Jenkins-2-The-Robbery/YoungManJenkins2/YoungManJenkins2/Saved/Config/Windows/Scalability.ini]
[2022.07.28-16.53.13:948][  0]LogConfig: Setting CVar [[r.HairStrands.SkyLighting.IntegrationType:2]]
[2022.07.28-16.53.13:948][  0]LogConfig: Setting CVar [[r.HairStrands.SkyAO.SampleCount:4]]
[2022.07.28-16.53.13:948][  0]LogConfig: Setting CVar [[r.HairStrands.Visibility.MSAA.SamplePerPixel:4]]
[2022.07.28-16.53.13:948][  0]LogConfig: Applying CVar settings from Section [Startup] File [../../../Engine/Config/ConsoleVariables.ini]
[2022.07.28-16.53.13:949][  0]LogConfig: Setting CVar [[net.UseAdaptiveNetUpdateFrequency:0]]
[2022.07.28-16.53.13:949][  0]LogConfig: Setting CVar [[p.chaos.AllowCreatePhysxBodies:1]]
[2022.07.28-16.53.13:949][  0]LogConfig: Setting CVar [[fx.SkipVectorVMBackendOptimizations:1]]
[2022.07.28-16.53.13:949][  0]LogConfig: Applying CVar settings from Section [ConsoleVariables] File [C:/GameDev/Unreal/Young-Man-Jenkins-2-The-Robbery/YoungManJenkins2/YoungManJenkins2/Saved/Config/Windows/Engine.ini]
[2022.07.28-16.53.13:949][  0]LogConfig: Applying CVar settings from Section [ConsoleVariables] File [C:/GameDev/Unreal/Young-Man-Jenkins-2-The-Robbery/YoungManJenkins2/YoungManJenkins2/Saved/Config/Windows/Editor.ini]
[2022.07.28-16.53.13:949][  0]LogInit: Computer: DESKTOP-PA1D2JD
[2022.07.28-16.53.13:949][  0]LogInit: User: natha
[2022.07.28-16.53.13:949][  0]LogInit: CPU Page size=4096, Cores=8
[2022.07.28-16.53.13:949][  0]LogInit: High frequency timer resolution =10.000000 MHz
[2022.07.28-16.53.13:949][  0]LogMemory: Memory total: Physical=23.9GB (24GB approx)
[2022.07.28-16.53.13:949][  0]LogMemory: Platform Memory Stats for Windows
[2022.07.28-16.53.13:949][  0]LogMemory: Process Physical Memory: 148.07 MB used, 148.07 MB peak
[2022.07.28-16.53.13:949][  0]LogMemory: Process Virtual Memory: 123.19 MB used, 123.19 MB peak
[2022.07.28-16.53.13:949][  0]LogMemory: Physical Memory: 12833.54 MB used,  11677.22 MB free, 24510.77 MB total
[2022.07.28-16.53.13:949][  0]LogMemory: Virtual Memory: 134207256.00 MB used,  10470.35 MB free, 134217728.00 MB total
[2022.07.28-16.53.13:955][  0]LogWindows: WindowsPlatformFeatures enabled
[2022.07.28-16.53.14:000][  0]LogInit: Physics initialised using underlying interface: PhysX
[2022.07.28-16.53.14:000][  0]LogInit: Using OS detected language (en-US).
[2022.07.28-16.53.14:000][  0]LogInit: Using OS detected locale (en-US).
[2022.07.28-16.53.14:006][  0]LogTextLocalizationManager: No specific localization for 'en-US' exists, so the 'en' localization will be used.
[2022.07.28-16.53.14:239][  0]LogWindowsTextInputMethodSystem: Display: IME system deactivated.
[2022.07.28-16.53.14:297][  0]LogSlate: New Slate User Created.  User Index 0, Is Virtual User: 0
[2022.07.28-16.53.14:297][  0]LogSlate: Slate User Registered.  User Index 0, Is Virtual User: 0
[2022.07.28-16.53.14:335][  0]LogD3D11RHI: Loaded GFSDK_Aftermath_Lib.x64.dll
[2022.07.28-16.53.14:338][  0]LogHMD: Failed to initialize OpenVR with code 110
[2022.07.28-16.53.14:338][  0]LogD3D11RHI: D3D11 min allowed feature level: 11_0
[2022.07.28-16.53.14:338][  0]LogD3D11RHI: D3D11 max allowed feature level: 11_0
[2022.07.28-16.53.14:338][  0]LogD3D11RHI: D3D11 adapters:
[2022.07.28-16.53.14:458][  0]LogD3D11RHI:    0. 'NVIDIA GeForce GTX 1050 Ti' (Feature Level 11_0)
[2022.07.28-16.53.14:458][  0]LogD3D11RHI:       4018/0/12255 MB DedicatedVideo/DedicatedSystem/SharedSystem, Outputs:2, VendorId:0x10de
[2022.07.28-16.53.14:460][  0]LogD3D11RHI:    1. 'Microsoft Basic Render Driver' (Feature Level 11_0)
[2022.07.28-16.53.14:460][  0]LogD3D11RHI:       0/0/12255 MB DedicatedVideo/DedicatedSystem/SharedSystem, Outputs:0, VendorId:0x1414
[2022.07.28-16.53.14:460][  0]LogD3D11RHI: Chosen D3D11 Adapter:
[2022.07.28-16.53.14:460][  0]LogD3D11RHI:     Description : NVIDIA GeForce GTX 1050 Ti
[2022.07.28-16.53.14:460][  0]LogD3D11RHI:     VendorId    : 10de
[2022.07.28-16.53.14:460][  0]LogD3D11RHI:     DeviceId    : 1c82
[2022.07.28-16.53.14:460][  0]LogD3D11RHI:     SubSysId    : 33511462
[2022.07.28-16.53.14:460][  0]LogD3D11RHI:     Revision    : 00a1
[2022.07.28-16.53.14:460][  0]LogD3D11RHI:     DedicatedVideoMemory : 4213178368 bytes
[2022.07.28-16.53.14:460][  0]LogD3D11RHI:     DedicatedSystemMemory : 0 bytes
[2022.07.28-16.53.14:460][  0]LogD3D11RHI:     SharedSystemMemory : 12850700288 bytes
[2022.07.28-16.53.14:460][  0]LogD3D11RHI:     AdapterLuid : 0 46877
[2022.07.28-16.53.14:471][  0]LogD3D11RHI: Creating new Direct3DDevice
[2022.07.28-16.53.14:471][  0]LogD3D11RHI:     GPU DeviceId: 0x1c82 (for the marketing name, search the web for "GPU Device Id")
[2022.07.28-16.53.14:471][  0]LogWindows: EnumDisplayDevices:
[2022.07.28-16.53.14:471][  0]LogWindows:    0. 'NVIDIA GeForce GTX 1050 Ti' (P:0 D:1)
[2022.07.28-16.53.14:471][  0]LogWindows:    1. 'NVIDIA GeForce GTX 1050 Ti' (P:1 D:1)
[2022.07.28-16.53.14:472][  0]LogWindows:    2. 'NVIDIA GeForce GTX 1050 Ti' (P:0 D:0)
[2022.07.28-16.53.14:472][  0]LogWindows:    3. 'NVIDIA GeForce GTX 1050 Ti' (P:0 D:0)
[2022.07.28-16.53.14:472][  0]LogWindows: DebugString: FoundDriverCount:4 
[2022.07.28-16.53.14:472][  0]LogD3D11RHI:     Adapter Name: NVIDIA GeForce GTX 1050 Ti
[2022.07.28-16.53.14:472][  0]LogD3D11RHI:   Driver Version: 512.95 (internal:30.0.15.1295, unified:512.95)
[2022.07.28-16.53.14:472][  0]LogD3D11RHI:      Driver Date: 5-19-2022
[2022.07.28-16.53.14:472][  0]LogRHI: Texture pool is 2812 MB (70% of 4018 MB)
[2022.07.28-16.53.14:472][  0]LogD3D11RHI: Creating D3DDevice using adapter:
[2022.07.28-16.53.14:472][  0]LogD3D11RHI:     Description : NVIDIA GeForce GTX 1050 Ti
[2022.07.28-16.53.14:472][  0]LogD3D11RHI:     VendorId    : 10de
[2022.07.28-16.53.14:472][  0]LogD3D11RHI:     DeviceId    : 1c82
[2022.07.28-16.53.14:472][  0]LogD3D11RHI:     SubSysId    : 33511462
[2022.07.28-16.53.14:472][  0]LogD3D11RHI:     Revision    : 00a1
[2022.07.28-16.53.14:472][  0]LogD3D11RHI:     DedicatedVideoMemory : 4213178368 bytes
[2022.07.28-16.53.14:472][  0]LogD3D11RHI:     DedicatedSystemMemory : 0 bytes
[2022.07.28-16.53.14:472][  0]LogD3D11RHI:     SharedSystemMemory : 12850700288 bytes
[2022.07.28-16.53.14:472][  0]LogD3D11RHI:     AdapterLuid : 0 46877
[2022.07.28-16.53.14:555][  0]LogD3D11RHI: RHI has support for 64 bit atomics
[2022.07.28-16.53.14:555][  0]LogD3D11RHI: Async texture creation enabled
[2022.07.28-16.53.14:555][  0]LogD3D11RHI: Array index from any shader is supported
[2022.07.28-16.53.14:580][  0]LogD3D11RHI: GPU Timing Frequency: 1000.000000 (Debug: 2 1)
[2022.07.28-16.53.14:610][  0]LogRHI: GeForceNow SDK initialized: 1
[2022.07.28-16.53.14:923][  0]LogTargetPlatformManager: Display: Loaded TargetPlatform 'WindowsNoEditor'
[2022.07.28-16.53.14:928][  0]LogTargetPlatformManager: Display: Loaded TargetPlatform 'Windows'
[2022.07.28-16.53.14:933][  0]LogTargetPlatformManager: Display: Loaded TargetPlatform 'WindowsClient'
[2022.07.28-16.53.14:938][  0]LogTargetPlatformManager: Display: Loaded TargetPlatform 'WindowsServer'
[2022.07.28-16.53.14:938][  0]LogTargetPlatformManager: Display: Building Assets For Windows
[2022.07.28-16.53.14:946][  0]LogAudioDebug: Display: Lib vorbis DLL was dynamically loaded.
[2022.07.28-16.53.14:982][  0]LogTextureFormatOodle: Display: Oodle Texture 2.9.0 init RDO Off
[2022.07.28-16.53.15:014][  0]LogRendererCore: Ray tracing is disabled. Reason: r.RayTracing=0.
[2022.07.28-16.53.15:014][  0]LogShaderCompilers: Guid format shader working directory is -53 characters bigger than the processId version (../../../../../../GameDev/Unreal/Young-Man-Jenkins-2-The-Robbery/YoungManJenkins2/YoungManJenkins2/Intermediate/Shaders/WorkingDirectory/16980/).
[2022.07.28-16.53.15:015][  0]LogShaderCompilers: Cleaned the shader compiler working directory 'C:/Users/natha/AppData/Local/Temp/UnrealShaderWorkingDir/D80509C54CB5646D670CC586BC0BEC9B/'.
[2022.07.28-16.53.15:015][  0]LogXGEController: Cannot use XGE Controller as Incredibuild is not installed on this machine.
[2022.07.28-16.53.15:015][  0]LogShaderCompilers: Cannot use XGE Shader Compiler as Incredibuild is not installed on this machine.
[2022.07.28-16.53.15:015][  0]LogShaderCompilers: Display: Using Local Shader Compiler.
[2022.07.28-16.53.15:880][  0]LogDerivedDataCache: Display: Max Cache Size: 512 MB
[2022.07.28-16.53.15:946][  0]LogDerivedDataCache: Loaded boot cache 0.07s 94MB C:/Users/natha/AppData/Local/UnrealEngine/4.27/DerivedDataCache/Boot.ddc.
[2022.07.28-16.53.15:946][  0]LogDerivedDataCache: Display: Loaded Boot cache: C:/Users/natha/AppData/Local/UnrealEngine/4.27/DerivedDataCache/Boot.ddc
[2022.07.28-16.53.15:946][  0]LogDerivedDataCache: FDerivedDataBackendGraph:  Pak pak cache file ../../../../../../GameDev/Unreal/Young-Man-Jenkins-2-The-Robbery/YoungManJenkins2/YoungManJenkins2/DerivedDataCache/DDC.ddp not found, will not use a pak cache.
[2022.07.28-16.53.15:946][  0]LogDerivedDataCache: Unable to find inner node Pak for hierarchical cache Hierarchy.
[2022.07.28-16.53.15:946][  0]LogDerivedDataCache: FDerivedDataBackendGraph:  CompressedPak pak cache file ../../../../../../GameDev/Unreal/Young-Man-Jenkins-2-The-Robbery/YoungManJenkins2/YoungManJenkins2/DerivedDataCache/Compressed.ddp not found, will not use a pak cache.
[2022.07.28-16.53.15:946][  0]LogDerivedDataCache: Unable to find inner node CompressedPak for hierarchical cache Hierarchy.
[2022.07.28-16.53.15:965][  0]LogDerivedDataCache: Display: Pak cache opened for reading ../../../Engine/DerivedDataCache/Compressed.ddp.
[2022.07.28-16.53.15:966][  0]LogDerivedDataCache: FDerivedDataBackendGraph:  EnterprisePak pak cache file ../../../Enterprise/DerivedDataCache/Compressed.ddp not found, will not use a pak cache.
[2022.07.28-16.53.15:966][  0]LogDerivedDataCache: Unable to find inner node EnterprisePak for hierarchical cache Hierarchy.
[2022.07.28-16.53.15:978][  0]LogDerivedDataCache: Speed tests for C:/Users/natha/AppData/Local/UnrealEngine/Common/DerivedDataCache took 0.01 seconds
[2022.07.28-16.53.15:978][  0]LogDerivedDataCache: Display: Performance to C:/Users/natha/AppData/Local/UnrealEngine/Common/DerivedDataCache: Latency=0.04ms. RandomReadSpeed=272.52MBs, RandomWriteSpeed=117.93MBs. Assigned SpeedClass 'Local'
[2022.07.28-16.53.15:978][  0]LogDerivedDataCache: Using Local data cache path C:/Users/natha/AppData/Local/UnrealEngine/Common/DerivedDataCache: Writable
[2022.07.28-16.53.15:978][  0]LogDerivedDataCache: Shared data cache path not found in *engine.ini, will not use an Shared cache.
[2022.07.28-16.53.15:978][  0]LogDerivedDataCache: Unable to find inner node Shared for hierarchical cache Hierarchy.
[2022.07.28-16.53.16:017][  0]LogSlate: Using FreeType 2.10.0
[2022.07.28-16.53.16:017][  0]LogSlate: SlateFontServices - WITH_FREETYPE: 1, WITH_HARFBUZZ: 1
[2022.07.28-16.53.16:096][  0]LogInit: Using OS detected language (en-US).
[2022.07.28-16.53.16:096][  0]LogInit: Using OS detected locale (en-US).
[2022.07.28-16.53.16:096][  0]LogTextLocalizationManager: No localization for 'en-US' exists, so 'en' will be used for the language.
[2022.07.28-16.53.16:097][  0]LogTextLocalizationManager: No localization for 'en-US' exists, so 'en' will be used for the locale.
[2022.07.28-16.53.16:097][  0]LogSlate: FontCache flush requested. Reason: Culture for localization was changed
[2022.07.28-16.53.16:097][  0]LogSlate: FontCache flush requested. Reason: Culture for localization was changed
[2022.07.28-16.53.16:100][  0]LogTextLocalizationManager: Compacting localization data took   0.01ms
[2022.07.28-16.53.16:100][  0]LogAssetRegistry: FAssetRegistry took 0.0023 seconds to start up
[2022.07.28-16.53.16:293][  0]LogPackageLocalizationCache: Processed 27 localized package path(s) for 1 prioritized culture(s) in 0.001630 seconds
[2022.07.28-16.53.16:373][  0]LogInit: Selected Device Profile: [Windows]
[2022.07.28-16.53.16:373][  0]LogInit: Active device profile: [00000240943BD300][000002408D79F280 49] Windows
[2022.07.28-16.53.16:373][  0]LogInit: Profiles: [00000240943BD300][000002408D79F280 49] Windows, [000002409438B400][000002408D7A7540 49] WindowsNoEditor, [00000240943BE200][000002408D7AB800 49] WindowsServer, [000002409438A200][000002408D7A3A80 49] WindowsClient, [00000240943BF000][000002408D7AE180 49] IOS, [0000024094389500][000002408D7B6440 49] iPadAir, [00000240943BFD00][000002408D7BA700 49] iPadAir2, [000002409432E400][000002408E548C40 49] IPadPro, [000002409432E500][000002408D7BEC80 49] iPadAir3, [000002409438A100][000002408D7C6F40 49] iPadAir4, [000002409432F300][000002408D7C3200 49] iPadMini2, [000002409438B900][000002408E5454C0 49] iPadMini3, [000002409432E300][000002408E54D780 49] iPadMini4, [000002409438A800][000002408E551A40 49] iPadMini5, [0000024094345D00][000002408E560380 49] iPhone6, [0000024094345E00][000002408D7B23C0 49] iPodTouch6, [00000240943BED00][000002408E56C900 49] iPhone7, [00000240943BEE00][000002408E55C940 49] iPodTouch7, [000002409432DC00][000002408E564C00 49] iPhone5S, [00000240943BF900][000002408E558EC0 49] iPhone6Plus, [000002409432D400][000002408E569180 49] iPhone6S, [00000240943BC700][000002408E571440 49] iPhone6SPlus, [000002409432CD00][000002408E575700 49] iPhone7Plus, [00000240943BCD00][000002408E5799C0 49] iPhoneSE, [000002409432C500][000002408E57C100 49] iPhone8, [00000240943BEB00][000002408E554380 49] iPhone8Plus, [000002409432C900][000002408DE06640 49] iPhoneX, [000002409432CF00][000002408DE0A900 49] iPhoneXS, [0000024094344B00][000002408DE0EBC0 49] iPhoneXSMax, [000002409432E200][000002408DE12E80 49] iPhoneXR, [0000024094345400][000002408DE17140 49] iPhone11, [000002409432E000][000002408DE1B400 49] iPhone11Pro, [0000024094345A00][000002408DE1F6C0 49] iPhone11ProMax, [000002409432CA00][000002408DE23980 49] iPhoneSE2, [0000024094347D00][000002408DE260C0 49] iPhone12Mini, [000002409432CE00][000002408DE02340 49] iPhone12, [0000024094346100][000002408DE2A5C0 49] iPhone12Pro, [0000024094345C00][000002408DE32880 49] iPhone12ProMax, [00000240943BCB00][000002408DE36B40 49] iPadPro105, [0000024094347800][000002408DE3AE00 49] iPadPro129, [00000240943BC800][000002408DE3F0C0 49] iPadPro97, [0000024094345800][000002408DE43380 49] iPadPro2_129, [000002409432DF00][000002408DE47640 49] iPad5, [0000024094344E00][000002408DE4B900 49] iPad6, [000002409432DB00][000002408D5E7BC0 49] iPad7, [0000024094344F00][000002408D5EA300 49] iPad8, [000002409432E100][000002408DE2E580 49] iPadPro11, [0000024094346F00][000002408D5EE800 49] iPadPro2_11, [000002409432E900][000002408D5F6AC0 49] iPadPro3_129, [0000024094345200][000002408D5FAD80 49] iPadPro4_129, [000002409432D500][000002408D5FF040 49] AppleTV, [0000024094346D00][000002408D603300 49] AppleTV4K, [000002409432DE00][000002408D6075C0 49] TVOS, [0000024094344400][000002408D60B880 49] Mac, [000002409432DD00][000002408D60FB40 49] MacClient, [0000024094346A00][000002408D612280 49] MacNoEditor, [000002409432F100][000002408D616540 49] MacServer, [0000024094346200][000002408D5F27C0 49] Linux, [000002409432C100][000002408D61AA40 49] LinuxAArch64, [0000024094346500][000002408D622D00 49] LinuxNoEditor, [000002409432FC00][000002408D626FC0 49] LinuxAArch64NoEditor, [0000024094347C00][000002408D62B280 49] LinuxClient, [000002409432F000][000002408D62F540 49] LinuxAArch64Client, [0000024094346B00][000002408D633800 49] LinuxServer, [000002409432C700][000002408D637AC0 49] LinuxAArch64Server, [0000024094344A00][000002408D63A200 49] Android, [000002409432CB00][000002408D63E4C0 49] Android_Low, [0000024094346400][000002408D642780 49] Android_Mid, [000002409432F800][000002408D61EA00 49] Android_High, [0000024094347E00][000002408D646C80 49] Android_Default, [000002409432F700][000002408D64EF40 49] Android_Adreno4xx, [0000024094346000][000002408D653200 49] Android_Adreno5xx_Low, [000002409432CC00][000002408D6574C0 49] Android_Adreno5xx, [0000024094347200][000002408D65B780 49] Android_Adreno6xx, [000002409432C300][000002408D65FA40 49] Android_Adreno6xx_Vulkan, [0000024094345500][000002408D662180 49] Android_Mali_T6xx, [000002409432D800][000002408D666440 49] Android_Mali_T7xx, [0000024094347500][000002408D66A700 49] Android_Mali_T8xx, [000002409432ED00][000002408D66E9C0 49] Android_Mali_G71, [0000024094346900][000002408D64AC40 49] Android_Mali_G72, [000002409432D200][000002408D672EC0 49] Android_Mali_G72_Vulkan, [0000024094344C00][000002408D67B180 49] Android_Mali_G76, [000002409432D700][000002408D67F440 49] Android_Mali_G76_Vulkan, [0000024094345900][000002408D683700 49] Android_Mali_G77, [000002409432C200][000002408D6879C0 49] Android_Mali_G77_Vulkan, [000002409438A900][000002408D68A100 49] Android_Mali_G78, [00000240943BC500][000002408D68E3C0 49] Android_Mali_G78_Vulkan, [0000024094388B00][000002408D692680 49] Android_Mali_G710, [00000240943BDD00][000002408D696940 49] Android_Mali_G710_Vulkan, [0000024094388900][000002408D69AC00 49] Android_Vulkan_SM5, [00000240943BFC00][000002408D676E80 49] Android_PowerVR_G6xxx, [0000024094388D00][000002408D69F100 49] Android_PowerVR_GT7xxx, [00000240943BF500][000002408D6A73C0 49] Android_PowerVR_GE8xxx, [0000024094388200][000002408D6AB680 49] Android_PowerVR_GM9xxx, [00000240943BC300][000002408D6AF940 49] Android_PowerVR_GM9xxx_Vulkan, [000002409438B500][000002408D6B3C00 49] Android_TegraK1, [00000240943BF400][000002408D6B6340 49] Android_Unknown_Vulkan, [0000024094388F00][000002408D6BA600 49] Lumin, [00000240943BF600][000002408D6BE8C0 49] Lumin_Desktop, [0000024094389800][000002408D6C2B80 49] HoloLens, 
[2022.07.28-16.53.16:417][  0]LogMeshReduction: Using QuadricMeshReduction for automatic static mesh reduction
[2022.07.28-16.53.16:417][  0]LogMeshReduction: Using SimplygonMeshReduction for automatic skeletal mesh reduction
[2022.07.28-16.53.16:417][  0]LogMeshReduction: Using ProxyLODMeshReduction for automatic mesh merging
[2022.07.28-16.53.16:417][  0]LogMeshReduction: No distributed automatic mesh merging module available
[2022.07.28-16.53.16:417][  0]LogMeshMerging: No distributed automatic mesh merging module available
[2022.07.28-16.53.16:542][  0]LogNetVersion: YoungManJenkins2 1.0.0, NetCL: 17155196, EngineNetVer: 17, GameNetVer: 0 (Checksum: 1288888525)
[2022.07.28-16.53.16:808][  0]LogTexture: Default maximum texture size for cubemaps generated from long-lat sources has been changed from 512 to unlimited. In order to preserve old behaiour for '/Engine/MapTemplates/Sky/DaylightAmbientCubemap.DaylightAmbientCubemap', its maximum texture size has been explicitly set to 512.
[2022.07.28-16.53.16:867][  0]LogHMD: PokeAHoleMaterial loaded successfully
[2022.07.28-16.53.16:983][  0]LogMoviePlayer: Initializing movie player
[2022.07.28-16.53.17:083][  0]LogNiagaraDebuggerClient: Niagara Debugger Client Initialized | Session: 1F630C454F79449365767881F080600F | Instance: 57AAC5534093808D25DB6C83CF0BD642 (DESKTOP-PA1D2JD-16980).
[2022.07.28-16.53.17:108][  0]LogCollectionManager: Loaded 0 collections in 0.002337 seconds
[2022.07.28-16.53.17:110][  0]LogFileCache: Scanning file cache for directory 'C:/GameDev/Unreal/Young-Man-Jenkins-2-The-Robbery/YoungManJenkins2/YoungManJenkins2/Saved/Collections/' took 0.00s
[2022.07.28-16.53.17:111][  0]LogFileCache: Scanning file cache for directory 'C:/GameDev/Unreal/Young-Man-Jenkins-2-The-Robbery/YoungManJenkins2/YoungManJenkins2/Content/Developers/natha/Collections/' took 0.00s
[2022.07.28-16.53.17:111][  0]LogFileCache: Scanning file cache for directory 'C:/GameDev/Unreal/Young-Man-Jenkins-2-The-Robbery/YoungManJenkins2/YoungManJenkins2/Content/Collections/' took 0.00s
[2022.07.28-16.53.17:111][  0]LogCollectionManager: Fixed up redirectors for 0 collections in 0.000002 seconds (updated 0 objects)
[2022.07.28-16.53.17:231][  0]LogTcpMessaging: Initializing TcpMessaging bridge
[2022.07.28-16.53.17:235][  0]LogUdpMessaging: Initializing bridge on interface 0.0.0.0:0 to multicast group 230.0.0.1:6666.
[2022.07.28-16.53.17:248][  0]LogPython: Using Python 3.7.7
[2022.07.28-16.53.17:846][  0]SourceControl: Source control is disabled
[2022.07.28-16.53.17:846][  0]SourceControl: Source control is disabled
[2022.07.28-16.53.17:849][  0]SourceControl: Source control is disabled
[2022.07.28-16.53.17:852][  0]LogUProjectInfo: Found projects:
[2022.07.28-16.53.17:971][  0]LogOpenImageDenoise: OIDN starting up
[2022.07.28-16.53.17:978][  0]LogAndroidPermission: UAndroidPermissionCallbackProxy::GetInstance
[2022.07.28-16.53.17:991][  0]LogAudioCaptureCore: Display: No Audio Capture implementations found. Audio input will be silent.
[2022.07.28-16.53.17:991][  0]LogAudioCaptureCore: Display: No Audio Capture implementations found. Audio input will be silent.
[2022.07.28-16.53.18:078][  0]LogOcInput: OculusInput pre-init called
[2022.07.28-16.53.18:088][  0]LogUObjectArray: 22121 objects as part of root set at end of initial load.
[2022.07.28-16.53.18:088][  0]LogUObjectAllocator: 5975632 out of 0 bytes used by permanent object pool.
[2022.07.28-16.53.18:088][  0]LogUObjectArray: CloseDisregardForGC: 0/0 objects in disregard for GC pool
[2022.07.28-16.53.18:146][  0]LogEngine: Initializing Engine...
[2022.07.28-16.53.18:150][  0]LogHMD: Failed to enumerate extensions. Please check that you have a valid OpenXR runtime installed.
[2022.07.28-16.53.18:150][  0]LogHMD: Failed to initialize OpenVR with code 110
[2022.07.28-16.53.18:150][  0]LogMagicLeap: Warning: VR disabled because ZI is not enabled.  To enable, in the editor, Edit -> Project Settings -> Plugins -> Magic Leap Plugin -> Enable Zero Iteration
[2022.07.28-16.53.18:152][  0]LogStats: UGameplayTagsManager::InitializeManager -  0.000 s
[2022.07.28-16.53.18:250][  0]LogInit: Initializing FReadOnlyCVARCache
[2022.07.28-16.53.18:250][  0]LogAudio: Display: Initializing Audio Device Manager...
[2022.07.28-16.53.18:253][  0]LogAudio: Display: Loading Default Audio Settings Objects...
[2022.07.28-16.53.18:254][  0]LogAudio: Display: No default SoundConcurrencyObject specified (or failed to load).
[2022.07.28-16.53.18:254][  0]LogAudio: Display: Audio Device Manager Initialized
[2022.07.28-16.53.18:254][  0]LogAudio: Display: Creating Audio Device:                 Id: 1, Scope: Shared, Realtime: True
[2022.07.28-16.53.18:254][  0]LogAudioMixer: Display: Audio Mixer Platform Settings:
[2022.07.28-16.53.18:254][  0]LogAudioMixer: Display: 	Sample Rate:						  48000
[2022.07.28-16.53.18:254][  0]LogAudioMixer: Display: 	Callback Buffer Frame Size Requested: 1024
[2022.07.28-16.53.18:255][  0]LogAudioMixer: Display: 	Callback Buffer Frame Size To Use:	  1024
[2022.07.28-16.53.18:255][  0]LogAudioMixer: Display: 	Number of buffers to queue:			  2
[2022.07.28-16.53.18:255][  0]LogAudioMixer: Display: 	Max Channels (voices):				  32
[2022.07.28-16.53.18:255][  0]LogAudioMixer: Display: 	Number of Async Source Workers:		  0
[2022.07.28-16.53.18:255][  0]LogAudio: Display: AudioDevice MaxSources: 32
[2022.07.28-16.53.18:255][  0]LogAudio: Display: Audio Spatialization Plugin: None (built-in).
[2022.07.28-16.53.18:255][  0]LogAudio: Display: Audio Reverb Plugin: None (built-in).
[2022.07.28-16.53.18:255][  0]LogAudio: Display: Audio Occlusion Plugin: None (built-in).
[2022.07.28-16.53.18:255][  0]LogAudioMixer: Display: Initializing audio mixer.
[2022.07.28-16.53.18:272][  0]LogAudioMixer: Display: 0: FrontLeft
[2022.07.28-16.53.18:272][  0]LogAudioMixer: Display: 1: FrontRight
[2022.07.28-16.53.18:286][  0]LogAudioMixer: Display: Using Audio Device Headphones (Soundcore Liberty 2 Pro Stereo)
[2022.07.28-16.53.18:293][  0]LogAudioMixer: Display: Initializing Sound Submixes...
[2022.07.28-16.53.18:295][  0]LogAudioMixer: Display: Creating Master Submix 'MasterSubmixDefault'
[2022.07.28-16.53.18:295][  0]LogAudioMixer: Display: Creating Master Submix 'MasterReverbSubmixDefault'
[2022.07.28-16.53.18:297][  0]LogAudioMixer: Display: Creating Master Submix 'MasterEQSubmixDefault'
[2022.07.28-16.53.18:297][  0]LogAudioMixer: FMixerPlatformXAudio2::StartAudioStream() called
[2022.07.28-16.53.18:297][  0]LogAudioMixer: Display: Output buffers initialized: Frames=1024, Channels=2, Samples=2048
[2022.07.28-16.53.18:298][  0]LogAudioMixer: Display: Starting AudioMixerPlatformInterface::RunInternal()
[2022.07.28-16.53.18:298][  0]LogAudioMixer: Display: FMixerPlatformXAudio2::SubmitBuffer() called for the first time
[2022.07.28-16.53.18:298][  0]LogInit: FAudioDevice initialized.
[2022.07.28-16.53.18:300][  0]LogNetVersion: Set ProjectVersion to 1.0.0.0. Version Checksum will be recalculated on next use.
[2022.07.28-16.53.18:300][  0]LogInit: Texture streaming: Enabled
[2022.07.28-16.53.18:373][  0]LogAudio: Display: Audio Device (ID: 1) registered with world 'Untitled'.
[2022.07.28-16.53.18:373][  0]LogSlate: Updating window title bar state: overlay mode, drag disabled, window buttons hidden, title bar hidden
[2022.07.28-16.53.18:374][  0]LogInit: Display: Game Engine Initialized.
[2022.07.28-16.53.18:374][  0]LogNiagaraEditor: GEditor isn't valid! Particle reset commands will not work for Niagara components!
[2022.07.28-16.53.18:488][  0]LogInit: Display: Starting Game.
[2022.07.28-16.53.18:488][  0]LogNet: Browse: /Game/TopDownBP/Maps/TopDownExampleMap?Name=Player
[2022.07.28-16.53.18:488][  0]LogLoad: LoadMap: /Game/TopDownBP/Maps/TopDownExampleMap?Name=Player
[2022.07.28-16.53.18:488][  0]LogWorld: BeginTearingDown for /Temp/Untitled_0
[2022.07.28-16.53.18:490][  0]LogWorld: UWorld::CleanupWorld for Untitled, bSessionEnded=true, bCleanupResources=true
[2022.07.28-16.53.18:490][  0]LogSlate: InvalidateAllWidgets triggered.  All widgets were invalidated
[2022.07.28-16.53.18:497][  0]LogAudio: Display: Audio Device unregistered from world 'None'.
[2022.07.28-16.53.18:499][  0]LogUObjectHash: Compacting FUObjectHashTables data took   0.84ms
[2022.07.28-16.53.18:577][  0]LogAudio: Display: Audio Device (ID: 1) registered with world 'TopDownExampleMap'.
[2022.07.28-16.53.18:586][  0]LogAIModule: Creating AISystem for world TopDownExampleMap
[2022.07.28-16.53.18:586][  0]LogLoad: Game class is 'TopDownGameMode_C'
[2022.07.28-16.53.18:596][  0]LogWorld: Bringing World /Game/TopDownBP/Maps/TopDownExampleMap.TopDownExampleMap up for play (max tick rate 0) at 2022.07.28-13.53.18
[2022.07.28-16.53.18:597][  0]LogWorld: Bringing up level for play took: 0.009738
[2022.07.28-16.53.18:599][  0]LogLoad: Took 0.110062 seconds to LoadMap(/Game/TopDownBP/Maps/TopDownExampleMap)
[2022.07.28-16.53.18:738][  0]LogSlate: Took 0.000202 seconds to synchronously load lazily loaded font '../../../Engine/Content/Slate/Fonts/Roboto-Regular.ttf' (155K)
[2022.07.28-16.53.18:813][  0]LogRenderer: Reallocating scene render targets to support 1280x720 Format 10 NumSamples 1 (Frame:1).
[2022.07.28-16.53.18:813][  0]LogInit: Display: Engine is initialized. Leaving FEngineLoop::Init()
[2022.07.28-16.53.18:813][  0]LogLoad: (Engine Initialization) Total time: 6.32 seconds
[2022.07.28-16.53.18:813][  0]LogLoad: (Engine Initialization) Total Blueprint compile time: 0.00 seconds
[2022.07.28-16.53.18:817][  0]LogContentStreaming: Texture pool size now 1000 MB
[2022.07.28-16.53.18:819][  0]LogSlate: InvalidateAllWidgets triggered.  All widgets were invalidated
[2022.07.28-16.53.18:878][  1]LogSlate: Took 0.000195 seconds to synchronously load lazily loaded font '../../../Engine/Content/Slate/Fonts/Roboto-Regular.ttf' (155K)
[2022.07.28-16.53.27:324][506]LogSlate: Window 'YoungManJenkins2 (64-bit Development PCD3D_SM5) ' being destroyed
[2022.07.28-16.53.27:325][506]LogWindowsTextInputMethodSystem: Display: IME system deactivated.
[2022.07.28-16.53.27:332][506]LogSlate: Updating window title bar state: overlay mode, drag disabled, window buttons hidden, title bar hidden
[2022.07.28-16.53.27:332][506]LogEngine: All Windows Closed
[2022.07.28-16.53.27:332][506]LogWindows: FPlatformMisc::RequestExit(0)
[2022.07.28-16.53.27:332][506]LogWindows: FPlatformMisc::RequestExitWithStatus(0, 0)
[2022.07.28-16.53.27:332][506]LogCore: Engine exit requested (reason: Win RequestExit)
[2022.07.28-16.53.27:333][507]LogCore: Engine exit requested (reason: EngineExit() was called; note: exit was already requested)
[2022.07.28-16.53.27:333][507]LogInit: Display: PreExit Game.
[2022.07.28-16.53.27:351][507]LogWorld: BeginTearingDown for /Game/TopDownBP/Maps/TopDownExampleMap
[2022.07.28-16.53.27:351][507]LogWorld: UWorld::CleanupWorld for TopDownExampleMap, bSessionEnded=true, bCleanupResources=true
[2022.07.28-16.53.27:352][507]LogSlate: InvalidateAllWidgets triggered.  All widgets were invalidated
[2022.07.28-16.53.28:157][507]LogAudio: Display: Beginning Audio Device Manager Shutdown (Module: AudioMixerXAudio2)...
[2022.07.28-16.53.28:157][507]LogAudio: Display: Destroying 1 Remaining Audio Device(s)...
[2022.07.28-16.53.28:157][507]LogAudio: Display: Audio Device unregistered from world 'TopDownExampleMap'.
[2022.07.28-16.53.28:158][507]LogAudioMixer: FMixerPlatformXAudio2::StopAudioStream() called
[2022.07.28-16.53.28:159][507]LogAudioMixer: FMixerPlatformXAudio2::StopAudioStream() called
[2022.07.28-16.53.28:162][507]LogAudio: Display: Audio Device Manager Shutdown
[2022.07.28-16.53.28:166][507]LogExit: Preparing to exit.
[2022.07.28-16.53.28:170][507]LogSlate: Updating window title bar state: overlay mode, drag disabled, window buttons hidden, title bar hidden
[2022.07.28-16.53.28:172][507]LogUObjectHash: Compacting FUObjectHashTables data took   0.85ms
[2022.07.28-16.53.28:244][507]LogMoviePlayer: Shutting down movie player
[2022.07.28-16.53.28:374][507]LogDemo: Cleaned up 0 splitscreen connections with owner deletion
[2022.07.28-16.53.28:379][507]LogExit: Game engine shut down
[2022.07.28-16.53.28:424][507]LogExit: Object subsystem successfully closed.
[2022.07.28-16.53.28:441][507]LogShaderCompilers: Display: === FShaderJobCache stats ===
[2022.07.28-16.53.28:441][507]LogShaderCompilers: Display: Total job queries 0, among them cache hits 0 (0.00%)
[2022.07.28-16.53.28:441][507]LogShaderCompilers: Display: Tracking 0 distinct input hashes that result in 0 distinct outputs (0.00%)
[2022.07.28-16.53.28:441][507]LogShaderCompilers: Display: RAM used: 0.00 MB (0.00 GB) of 1228.80 MB (1.20 GB) budget. Usage: 0.00%
[2022.07.28-16.53.28:441][507]LogShaderCompilers: Display: ================================================
[2022.07.28-16.53.28:453][507]LogShaderCompilers: Display: Shaders left to compile 0
[2022.07.28-16.53.28:482][507]LogModuleManager: Shutting down and abandoning module SequenceRecorderSections (558)
[2022.07.28-16.53.28:482][507]LogModuleManager: Shutting down and abandoning module SequenceRecorder (556)
[2022.07.28-16.53.28:482][507]LogModuleManager: Shutting down and abandoning module AutomationController (554)
[2022.07.28-16.53.28:483][507]LogModuleManager: Shutting down and abandoning module AutomationWorker (552)
[2022.07.28-16.53.28:483][507]LogModuleManager: Shutting down and abandoning module Voice (550)
[2022.07.28-16.53.28:483][507]LogModuleManager: Shutting down and abandoning module AIModule (548)
[2022.07.28-16.53.28:483][507]LogModuleManager: Shutting down and abandoning module GameplayDebugger (547)
[2022.07.28-16.53.28:483][507]LogModuleManager: Shutting down and abandoning module AITestSuite (545)
[2022.07.28-16.53.28:483][507]LogModuleManager: Shutting down and abandoning module NavigationSystem (543)
[2022.07.28-16.53.28:483][507]LogModuleManager: Shutting down and abandoning module SteamVREditor (540)
[2022.07.28-16.53.28:483][507]LogModuleManager: Shutting down and abandoning module ToolMenus (539)
[2022.07.28-16.53.28:483][507]LogModuleManager: Shutting down and abandoning module OculusMR (536)
[2022.07.28-16.53.28:483][507]LogModuleManager: Shutting down and abandoning module TakeRecorderSources (534)
[2022.07.28-16.53.28:483][507]LogModuleManager: Shutting down and abandoning module TakeRecorder (533)
[2022.07.28-16.53.28:483][507]LogModuleManager: Shutting down and abandoning module TakeTrackRecorders (530)
[2022.07.28-16.53.28:483][507]LogModuleManager: Shutting down and abandoning module TakesCore (528)
[2022.07.28-16.53.28:483][507]LogModuleManager: Shutting down and abandoning module OpenXRInput (526)
[2022.07.28-16.53.28:483][507]LogModuleManager: Shutting down and abandoning module PlanarCut (524)
[2022.07.28-16.53.28:483][507]LogModuleManager: Shutting down and abandoning module WmfMediaFactory (522)
[2022.07.28-16.53.28:483][507]LogModuleManager: Shutting down and abandoning module WebMMediaFactory (520)
[2022.07.28-16.53.28:483][507]LogModuleManager: Shutting down and abandoning module WebMMedia (518)
[2022.07.28-16.53.28:483][507]LogModuleManager: Shutting down and abandoning module OpenExrWrapper (516)
[2022.07.28-16.53.28:483][507]LogModuleManager: Shutting down and abandoning module ImgMediaFactory (514)
[2022.07.28-16.53.28:483][507]LogModuleManager: Shutting down and abandoning module AvfMediaFactory (512)
[2022.07.28-16.53.28:483][507]LogModuleManager: Shutting down and abandoning module CharacterAI (510)
[2022.07.28-16.53.28:483][507]LogModuleManager: Shutting down and abandoning module MagicLeapMediaCodecFactory (508)
[2022.07.28-16.53.28:483][507]LogModuleManager: Shutting down and abandoning module MagicLeapMediaFactory (506)
[2022.07.28-16.53.28:483][507]LogModuleManager: Shutting down and abandoning module SessionServices (504)
[2022.07.28-16.53.28:483][507]LogModuleManager: Shutting down and abandoning module MovieSceneCapture (502)
[2022.07.28-16.53.28:483][507]LogModuleManager: Shutting down and abandoning module LiveCoding (500)
[2022.07.28-16.53.28:483][507]LogModuleManager: Shutting down and abandoning module LevelSequence (498)
[2022.07.28-16.53.28:483][507]LogModuleManager: Shutting down and abandoning module MovieSceneTracks (496)
[2022.07.28-16.53.28:483][507]LogModuleManager: Shutting down and abandoning module MovieScene (494)
[2022.07.28-16.53.28:483][507]LogModuleManager: Shutting down and abandoning module StreamingPauseRendering (492)
[2022.07.28-16.53.28:483][507]LogModuleManager: Shutting down and abandoning module PortalServices (490)
[2022.07.28-16.53.28:483][507]LogModuleManager: Shutting down and abandoning module PortalRpc (488)
[2022.07.28-16.53.28:483][507]LogModuleManager: Shutting down and abandoning module MessagingRpc (486)
[2022.07.28-16.53.28:483][507]LogModuleManager: Shutting down and abandoning module AudioMixerXAudio2 (484)
[2022.07.28-16.53.28:483][507]LogModuleManager: Shutting down and abandoning module AudioMixerCore (483)
[2022.07.28-16.53.28:483][507]LogModuleManager: Shutting down and abandoning module ImageWriteQueue (480)
[2022.07.28-16.53.28:488][507]LogModuleManager: Shutting down and abandoning module ProfilerService (478)
[2022.07.28-16.53.28:622][507]LogModuleManager: Shutting down and abandoning module TaskGraph (476)
[2022.07.28-16.53.28:622][507]LogModuleManager: Shutting down and abandoning module OculusInput (474)
[2022.07.28-16.53.28:622][507]LogModuleManager: Shutting down and abandoning module OodleNetworkHandlerComponent (472)
[2022.07.28-16.53.28:622][507]LogModuleManager: Shutting down and abandoning module Synthesis (470)
[2022.07.28-16.53.28:622][507]LogModuleManager: Shutting down and abandoning module ProceduralMeshComponent (468)
[2022.07.28-16.53.28:622][507]LogModuleManager: Shutting down and abandoning module TakeMovieScene (466)
[2022.07.28-16.53.28:622][507]LogModuleManager: Shutting down and abandoning module MobilePatchingUtils (464)
[2022.07.28-16.53.28:622][507]LogModuleManager: Shutting down and abandoning module GooglePAD (462)
[2022.07.28-16.53.28:622][507]LogModuleManager: Shutting down and abandoning module EditableMesh (460)
[2022.07.28-16.53.28:622][507]LogModuleManager: Shutting down and abandoning module CustomMeshComponent (458)
[2022.07.28-16.53.28:622][507]LogModuleManager: Shutting down and abandoning module CableComponent (456)
[2022.07.28-16.53.28:622][507]LogModuleManager: Shutting down and abandoning module ArchVisCharacter (454)
[2022.07.28-16.53.28:622][507]LogModuleManager: Shutting down and abandoning module AssetTags (452)
[2022.07.28-16.53.28:622][507]LogModuleManager: Shutting down and abandoning module AudioCapture (450)
[2022.07.28-16.53.28:622][507]LogModuleManager: Shutting down and abandoning module AudioCaptureRtAudio (449)
[2022.07.28-16.53.28:622][507]LogModuleManager: Shutting down and abandoning module AppleImageUtilsBlueprintSupport (446)
[2022.07.28-16.53.28:622][507]LogModuleManager: Shutting down and abandoning module AppleImageUtils (444)
[2022.07.28-16.53.28:622][507]LogModuleManager: Shutting down and abandoning module AndroidPermission (442)
[2022.07.28-16.53.28:622][507]LogModuleManager: Shutting down and abandoning module ActorLayerUtilities (440)
[2022.07.28-16.53.28:622][507]LogModuleManager: Shutting down and abandoning module OpenImageDenoise (438)
[2022.07.28-16.53.28:622][507]LogOpenImageDenoise: OIDN shutting down
[2022.07.28-16.53.28:622][507]LogModuleManager: Shutting down and abandoning module MotoSynth (436)
[2022.07.28-16.53.28:622][507]LogModuleManager: Shutting down and abandoning module MeshConversion (434)
[2022.07.28-16.53.28:622][507]LogModuleManager: Shutting down and abandoning module DynamicMesh (432)
[2022.07.28-16.53.28:622][507]LogModuleManager: Shutting down and abandoning module GeometryAlgorithms (430)
[2022.07.28-16.53.28:622][507]LogModuleManager: Shutting down and abandoning module GeometricObjects (428)
[2022.07.28-16.53.28:622][507]LogModuleManager: Shutting down and abandoning module GeometryCollectionTracks (426)
[2022.07.28-16.53.28:622][507]LogModuleManager: Shutting down and abandoning module GeometryCollectionSequencer (425)
[2022.07.28-16.53.28:622][507]LogModuleManager: Shutting down and abandoning module GeometryCacheTracks (422)
[2022.07.28-16.53.28:622][507]LogModuleManager: Shutting down and abandoning module GeometryCacheSequencer (421)
[2022.07.28-16.53.28:622][507]LogModuleManager: Shutting down and abandoning module GeometryCache (418)
[2022.07.28-16.53.28:622][507]LogModuleManager: Shutting down and abandoning module GeometryCacheEd (417)
[2022.07.28-16.53.28:622][507]LogModuleManager: Shutting down and abandoning module TemplateSequence (414)
[2022.07.28-16.53.28:622][507]LogModuleManager: Shutting down and abandoning module MediaCompositing (412)
[2022.07.28-16.53.28:622][507]LogModuleManager: Shutting down and abandoning module ImgMedia (410)
[2022.07.28-16.53.28:622][507]LogModuleManager: Shutting down and abandoning module ChaosNiagara (408)
[2022.07.28-16.53.28:622][507]LogModuleManager: Shutting down and abandoning module FieldSystemEngine (407)
[2022.07.28-16.53.28:622][507]LogModuleManager: Shutting down and abandoning module AutomationUtils (404)
[2022.07.28-16.53.28:622][507]LogModuleManager: Shutting down and abandoning module BackChannel (402)
[2022.07.28-16.53.28:622][507]LogModuleManager: Shutting down and abandoning module MagicLeapSharedWorld (400)
[2022.07.28-16.53.28:622][507]LogModuleManager: Shutting down and abandoning module MagicLeapLightEstimation (398)
[2022.07.28-16.53.28:622][507]LogModuleManager: Shutting down and abandoning module MagicLeapHelperVulkan (396)
[2022.07.28-16.53.28:622][507]LogModuleManager: Shutting down and abandoning module MagicLeapHelperOpenGL (394)
[2022.07.28-16.53.28:622][507]LogModuleManager: Shutting down and abandoning module MagicLeapAudio (392)
[2022.07.28-16.53.28:622][507]LogModuleManager: Shutting down and abandoning module VisualStudioSourceCodeAccess (390)
[2022.07.28-16.53.28:622][507]LogModuleManager: Shutting down and abandoning module HotReload (389)
[2022.07.28-16.53.28:623][507]LogModuleManager: Shutting down and abandoning module UObjectPlugin (386)
[2022.07.28-16.53.28:623][507]LogModuleManager: Shutting down and abandoning module VisualStudioCodeSourceCodeAccess (384)
[2022.07.28-16.53.28:623][507]LogModuleManager: Shutting down and abandoning module SubversionSourceControl (382)
[2022.07.28-16.53.28:623][507]LogModuleManager: Shutting down and abandoning module PerforceSourceControl (380)
[2022.07.28-16.53.28:623][507]LogModuleManager: Shutting down and abandoning module SourceControl (379)
[2022.07.28-16.53.28:623][507]LogModuleManager: Shutting down and abandoning module CLionSourceCodeAccess (376)
[2022.07.28-16.53.28:623][507]LogModuleManager: Shutting down and abandoning module LiveLinkSequencer (374)
[2022.07.28-16.53.28:623][507]LogModuleManager: Shutting down and abandoning module LiveLinkMovieScene (372)
[2022.07.28-16.53.28:623][507]LogModuleManager: Shutting down and abandoning module LiveLinkGraphNode (370)
[2022.07.28-16.53.28:623][507]LogModuleManager: Shutting down and abandoning module LiveLinkComponents (368)
[2022.07.28-16.53.28:623][507]LogModuleManager: Shutting down and abandoning module LiveLink (366)
[2022.07.28-16.53.28:800][507]LogModuleManager: Shutting down and abandoning module SoundFields (364)
[2022.07.28-16.53.28:800][507]LogModuleManager: Shutting down and abandoning module RuntimePhysXCooking (362)
[2022.07.28-16.53.28:800][507]LogModuleManager: Shutting down and abandoning module SignificanceManager (360)
[2022.07.28-16.53.28:800][507]LogModuleManager: Shutting down and abandoning module PropertyAccessEditor (358)
[2022.07.28-16.53.28:800][507]LogModuleManager: Shutting down and abandoning module PhysXVehiclesEditor (356)
[2022.07.28-16.53.28:800][507]LogModuleManager: Shutting down and abandoning module LocationServicesBPLibrary (352)
[2022.07.28-16.53.28:800][507]LogModuleManager: Shutting down and abandoning module AudioSynesthesia (350)
[2022.07.28-16.53.28:800][507]LogModuleManager: Shutting down and abandoning module AudioSynesthesiaCore (348)
[2022.07.28-16.53.28:800][507]LogModuleManager: Shutting down and abandoning module PythonScriptPlugin (346)
[2022.07.28-16.53.28:800][507]LogModuleManager: Shutting down and abandoning module UdpMessaging (344)
[2022.07.28-16.53.28:900][507]LogModuleManager: Shutting down and abandoning module TcpMessaging (342)
[2022.07.28-16.53.29:240][507]LogModuleManager: Shutting down and abandoning module ImgMediaEngine (340)
[2022.07.28-16.53.29:240][507]LogModuleManager: Shutting down and abandoning module ActorSequence (338)
[2022.07.28-16.53.29:240][507]LogModuleManager: Shutting down and abandoning module MagicLeapARPin (336)
[2022.07.28-16.53.29:240][507]LogModuleManager: Shutting down and abandoning module MagicLeapHandMeshing (334)
[2022.07.28-16.53.29:241][507]LogModuleManager: Shutting down and abandoning module MagicLeapSecureStorage (332)
[2022.07.28-16.53.29:241][507]LogModuleManager: Shutting down and abandoning module MagicLeapPrivileges (330)
[2022.07.28-16.53.29:241][507]LogModuleManager: Shutting down and abandoning module MagicLeapPlanes (328)
[2022.07.28-16.53.29:241][507]LogMagicLeapPlanes: Planes tracker already destroyed.
[2022.07.28-16.53.29:241][507]LogModuleManager: Shutting down and abandoning module MagicLeapImageTracker (326)
[2022.07.28-16.53.29:241][507]LogModuleManager: Shutting down and abandoning module MagicLeapIdentity (324)
[2022.07.28-16.53.29:241][507]LogModuleManager: Shutting down and abandoning module MagicLeapHandTracking (322)
[2022.07.28-16.53.29:241][507]LogModuleManager: Shutting down and abandoning module MagicLeapEyeTracker (320)
[2022.07.28-16.53.29:241][507]LogModuleManager: Shutting down and abandoning module MagicLeapController (318)
[2022.07.28-16.53.29:241][507]LogModuleManager: Shutting down and abandoning module MagicLeapARPinImpl (316)
[2022.07.28-16.53.29:241][507]LogModuleManager: Shutting down and abandoning module MagicLeapAR (314)
[2022.07.28-16.53.29:241][507]LogModuleManager: Shutting down and abandoning module PropertyAccessNode (312)
[2022.07.28-16.53.29:241][507]LogModuleManager: Shutting down and abandoning module AnimationSharing (310)
[2022.07.28-16.53.29:241][507]LogModuleManager: Shutting down and abandoning module NiagaraAnimNotifies (308)
[2022.07.28-16.53.29:241][507]LogModuleManager: Shutting down and abandoning module Niagara (306)
[2022.07.28-16.53.29:241][507]LogModuleManager: Shutting down and abandoning module SignalProcessing (305)
[2022.07.28-16.53.29:241][507]LogModuleManager: Shutting down and abandoning module NiagaraEditor (303)
[2022.07.28-16.53.29:241][507]LogModuleManager: Shutting down and abandoning module ContentBrowser (302)
[2022.07.28-16.53.29:241][507]LogModuleManager: Shutting down and abandoning module CollectionManager (301)
[2022.07.28-16.53.29:241][507]LogModuleManager: Shutting down and abandoning module DirectoryWatcher (300)
[2022.07.28-16.53.29:241][507]LogModuleManager: Shutting down and abandoning module ContentBrowserData (297)
[2022.07.28-16.53.29:242][507]LogModuleManager: Shutting down and abandoning module NiagaraCore (292)
[2022.07.28-16.53.29:242][507]LogModuleManager: Shutting down and abandoning module GameplayTagsEditor (290)
[2022.07.28-16.53.29:242][507]LogModuleManager: Shutting down and abandoning module FacialAnimation (288)
[2022.07.28-16.53.29:242][507]LogModuleManager: Shutting down and abandoning module GameplayCameras (286)
[2022.07.28-16.53.29:242][507]LogModuleManager: Shutting down and abandoning module AssetManagerEditor (284)
[2022.07.28-16.53.29:242][507]LogModuleManager: Shutting down and abandoning module TreeMap (283)
[2022.07.28-16.53.29:242][507]LogModuleManager: Shutting down and abandoning module EnvironmentQueryEditor (280)
[2022.07.28-16.53.29:242][507]LogModuleManager: Shutting down and abandoning module LightPropagationVolumeRuntime (278)
[2022.07.28-16.53.29:242][507]LogModuleManager: Shutting down and abandoning module Paper2D (276)
[2022.07.28-16.53.29:242][507]LogModuleManager: Shutting down and abandoning module WindowsMoviePlayer (274)
[2022.07.28-16.53.29:242][507]LogModuleManager: Shutting down and abandoning module WebMMoviePlayer (272)
[2022.07.28-16.53.29:242][507]LogModuleManager: Shutting down and abandoning module NetworkReplayStreaming (270)
[2022.07.28-16.53.29:242][507]LogModuleManager: Shutting down and abandoning module PacketHandler (268)
[2022.07.28-16.53.29:242][507]LogModuleManager: Shutting down and abandoning module ClothingSystemEditor (266)
[2022.07.28-16.53.29:242][507]LogModuleManager: Shutting down and abandoning module ClothingSystemRuntimeNv (264)
[2022.07.28-16.53.29:242][507]LogModuleManager: Shutting down and abandoning module MediaAssets (262)
[2022.07.28-16.53.29:242][507]LogModuleManager: Shutting down and abandoning module Overlay (260)
[2022.07.28-16.53.29:242][507]LogModuleManager: Shutting down and abandoning module OverlayEditor (259)
[2022.07.28-16.53.29:242][507]LogModuleManager: Shutting down and abandoning module VREditor (256)
[2022.07.28-16.53.29:242][507]LogModuleManager: Shutting down and abandoning module StringTableEditor (254)
[2022.07.28-16.53.29:242][507]LogModuleManager: Shutting down and abandoning module GameplayTasksEditor (252)
[2022.07.28-16.53.29:242][507]LogModuleManager: Shutting down and abandoning module BehaviorTreeEditor (250)
[2022.07.28-16.53.29:242][507]LogModuleManager: Shutting down and abandoning module FunctionalTesting (248)
[2022.07.28-16.53.29:242][507]LogModuleManager: Shutting down and abandoning module CollisionAnalyzer (246)
[2022.07.28-16.53.29:242][507]LogModuleManager: Shutting down and abandoning module WorkspaceMenuStructure (245)
[2022.07.28-16.53.29:242][507]LogModuleManager: Shutting down and abandoning module UMG (242)
[2022.07.28-16.53.29:242][507]LogModuleManager: Shutting down and abandoning module UMGEditor (241)
[2022.07.28-16.53.29:242][507]LogModuleManager: Shutting down and abandoning module Sequencer (240)
[2022.07.28-16.53.29:242][507]LogModuleManager: Shutting down and abandoning module MessageLog (237)
[2022.07.28-16.53.29:243][507]LogModuleManager: Shutting down and abandoning module SlateReflector (232)
[2022.07.28-16.53.29:243][507]LogModuleManager: Shutting down and abandoning module Slate (230)
[2022.07.28-16.53.29:243][507]LogModuleManager: Shutting down and abandoning module SlateCore (228)
[2022.07.28-16.53.29:244][507]LogModuleManager: Shutting down and abandoning module LandscapeEditorUtilities (226)
[2022.07.28-16.53.29:244][507]LogModuleManager: Shutting down and abandoning module UnrealEd (224)
[2022.07.28-16.53.29:244][507]LogModuleManager: Shutting down and abandoning module MRMesh (222)
[2022.07.28-16.53.29:244][507]LogModuleManager: Shutting down and abandoning module Messaging (220)
[2022.07.28-16.53.29:244][507]LogModuleManager: Shutting down and abandoning module SourceCodeAccess (218)
[2022.07.28-16.53.29:244][507]LogModuleManager: Shutting down and abandoning module HeadMountedDisplay (216)
[2022.07.28-16.53.29:244][507]LogModuleManager: Shutting down and abandoning module XAudio2 (214)
[2022.07.28-16.53.29:244][507]LogModuleManager: Shutting down and abandoning module Networking (212)
[2022.07.28-16.53.29:244][507]LogModuleManager: Shutting down and abandoning module Core (210)
[2022.07.28-16.53.29:244][507]LogModuleManager: Shutting down and abandoning module MaterialEditor (208)
[2022.07.28-16.53.29:244][507]LogModuleManager: Shutting down and abandoning module MovieSceneTools (206)
[2022.07.28-16.53.29:244][507]LogModuleManager: Shutting down and abandoning module EditorStyle (205)
[2022.07.28-16.53.29:245][507]LogModuleManager: Shutting down and abandoning module KismetCompiler (202)
[2022.07.28-16.53.29:245][507]LogModuleManager: Shutting down and abandoning module MeshBuilder (200)
[2022.07.28-16.53.29:245][507]LogModuleManager: Shutting down and abandoning module MeshUtilities (198)
[2022.07.28-16.53.29:245][507]LogModuleManager: Shutting down and abandoning module MeshMergeUtilities (197)
[2022.07.28-16.53.29:245][507]LogModuleManager: Shutting down and abandoning module MeshReductionInterface (196)
[2022.07.28-16.53.29:245][507]LogModuleManager: Shutting down and abandoning module MeshBoneReduction (195)
[2022.07.28-16.53.29:245][507]LogModuleManager: Shutting down and abandoning module SkeletalMeshReduction (193)
[2022.07.28-16.53.29:245][507]LogModuleManager: Shutting down and abandoning module ProxyLODMeshReduction (191)
[2022.07.28-16.53.29:245][507]LogModuleManager: Shutting down and abandoning module QuadricMeshReduction (189)
[2022.07.28-16.53.29:245][507]LogModuleManager: Shutting down and abandoning module MaterialBaking (185)
[2022.07.28-16.53.29:245][507]LogModuleManager: Shutting down and abandoning module NullInstallBundleManager (180)
[2022.07.28-16.53.29:245][507]LogModuleManager: Shutting down and abandoning module PIEPreviewDeviceProfileSelector (178)
[2022.07.28-16.53.29:245][507]LogModuleManager: Shutting down and abandoning module DerivedDataCache (176)
[2022.07.28-16.53.29:245][507]LogModuleManager: Shutting down and abandoning module TargetPlatform (174)
[2022.07.28-16.53.29:245][507]LogModuleManager: Shutting down and abandoning module VulkanShaderFormat (173)
[2022.07.28-16.53.29:245][507]LogModuleManager: Shutting down and abandoning module ShaderFormatVectorVM (171)
[2022.07.28-16.53.29:245][507]LogModuleManager: Shutting down and abandoning module ShaderFormatOpenGL (169)
[2022.07.28-16.53.29:245][507]LogModuleManager: Shutting down and abandoning module ShaderFormatD3D (167)
[2022.07.28-16.53.29:245][507]LogModuleManager: Shutting down and abandoning module MetalShaderFormat (165)
[2022.07.28-16.53.29:245][507]LogModuleManager: Shutting down and abandoning module TextureFormatOodle (163)
[2022.07.28-16.53.29:245][507]LogModuleManager: Shutting down and abandoning module TextureFormatUncompressed (161)
[2022.07.28-16.53.29:245][507]LogModuleManager: Shutting down and abandoning module TextureFormatPVR (159)
[2022.07.28-16.53.29:245][507]LogModuleManager: Shutting down and abandoning module TextureFormatETC2 (157)
[2022.07.28-16.53.29:245][507]LogModuleManager: Shutting down and abandoning module TextureFormatDXT (155)
[2022.07.28-16.53.29:245][507]LogModuleManager: Shutting down and abandoning module TextureFormatIntelISPCTexComp (153)
[2022.07.28-16.53.29:245][507]LogModuleManager: Shutting down and abandoning module TextureFormatASTC (151)
[2022.07.28-16.53.29:245][507]LogModuleManager: Shutting down and abandoning module ImageWrapper (150)
[2022.07.28-16.53.29:245][507]LogModuleManager: Shutting down and abandoning module AudioFormatOpus (147)
[2022.07.28-16.53.29:245][507]LogModuleManager: Shutting down and abandoning module AudioFormatOgg (145)
[2022.07.28-16.53.29:245][507]LogModuleManager: Shutting down and abandoning module AudioFormatADPCM (143)
[2022.07.28-16.53.29:245][507]LogModuleManager: Shutting down and abandoning module WindowsServerTargetPlatform (141)
[2022.07.28-16.53.29:245][507]LogModuleManager: Shutting down and abandoning module WindowsClientTargetPlatform (139)
[2022.07.28-16.53.29:245][507]LogModuleManager: Shutting down and abandoning module WindowsTargetPlatform (137)
[2022.07.28-16.53.29:245][507]LogModuleManager: Shutting down and abandoning module WindowsNoEditorTargetPlatform (135)
[2022.07.28-16.53.29:245][507]LogModuleManager: Shutting down and abandoning module D3D11RHI (132)
[2022.07.28-16.53.29:245][507]LogModuleManager: Shutting down and abandoning module InputCore (130)
[2022.07.28-16.53.29:245][507]LogModuleManager: Shutting down and abandoning module Settings (128)
[2022.07.28-16.53.29:246][507]LogModuleManager: Shutting down and abandoning module PhysXCooking (126)
[2022.07.28-16.53.29:246][507]LogModuleManager: Shutting down and abandoning module Chaos (124)
[2022.07.28-16.53.29:246][507]LogModuleManager: Shutting down and abandoning module WindowsPlatformFeatures (122)
[2022.07.28-16.53.29:246][507]LogModuleManager: Shutting down and abandoning module GameplayMediaEncoder (121)
[2022.07.28-16.53.29:246][507]LogModuleManager: Shutting down and abandoning module AVEncoder (120)
[2022.07.28-16.53.29:246][507]LogModuleManager: Shutting down and abandoning module SteamVRInputDevice (116)
[2022.07.28-16.53.29:246][507]LogModuleManager: Shutting down and abandoning module SteamVRInput (114)
[2022.07.28-16.53.29:246][507]LogModuleManager: Shutting down and abandoning module SteamVR (112)
[2022.07.28-16.53.29:246][507]LogHMD: Freeing OpenVRDLLHandle.
[2022.07.28-16.53.29:246][507]LogModuleManager: Shutting down and abandoning module OculusHMD (110)
[2022.07.28-16.53.29:246][507]LogModuleManager: Shutting down and abandoning module OpenXRHandTracking (108)
[2022.07.28-16.53.29:246][507]LogSlate: Slate User Destroyed.  User Index 0, Is Virtual User: 0
[2022.07.28-16.53.29:246][507]LogModuleManager: Shutting down and abandoning module OpenXREyeTracker (106)
[2022.07.28-16.53.29:246][507]LogModuleManager: Shutting down and abandoning module OpenXRAR (104)
[2022.07.28-16.53.29:246][507]LogModuleManager: Shutting down and abandoning module AugmentedReality (103)
[2022.07.28-16.53.29:246][507]LogModuleManager: Shutting down and abandoning module OpenXRHMD (100)
[2022.07.28-16.53.29:246][507]LogModuleManager: Shutting down and abandoning module ExampleDeviceProfileSelector (98)
[2022.07.28-16.53.29:246][507]LogModuleManager: Shutting down and abandoning module ChunkDownloader (96)
[2022.07.28-16.53.29:246][507]LogModuleManager: Shutting down and abandoning module LauncherChunkInstaller (94)
[2022.07.28-16.53.29:246][507]LogModuleManager: Shutting down and abandoning module OnlineBlueprintSupport (92)
[2022.07.28-16.53.29:246][507]LogModuleManager: Shutting down and abandoning module OnlineSubsystem (88)
[2022.07.28-16.53.29:247][507]LogModuleManager: Shutting down and abandoning module XMPP (83)
[2022.07.28-16.53.29:247][507]LogModuleManager: Shutting down and abandoning module WebSockets (82)
[2022.07.28-16.53.29:257][507]LogModuleManager: Shutting down and abandoning module HTTP (79)
[2022.07.28-16.53.29:257][507]LogHttp: Display: cleaning up 0 outstanding Http requests.
[2022.07.28-16.53.29:275][507]LogModuleManager: Shutting down and abandoning module SSL (78)
[2022.07.28-16.53.29:276][507]LogModuleManager: Shutting down and abandoning module WmfMedia (74)
[2022.07.28-16.53.29:278][507]LogModuleManager: Shutting down and abandoning module Media (73)
[2022.07.28-16.53.29:280][507]LogModuleManager: Shutting down and abandoning module MediaInfo (72)
[2022.07.28-16.53.29:280][507]LogModuleManager: Shutting down and abandoning module ExrReaderGpu (68)
[2022.07.28-16.53.29:280][507]LogModuleManager: Shutting down and abandoning module ChaosCloth (66)
[2022.07.28-16.53.29:280][507]LogModuleManager: Shutting down and abandoning module MLSDK (64)
[2022.07.28-16.53.29:280][507]LogModuleManager: Shutting down and abandoning module MagicLeap (62)
[2022.07.28-16.53.29:280][507]LogModuleManager: Shutting down and abandoning module DatasmithContent (60)
[2022.07.28-16.53.29:280][507]LogModuleManager: Shutting down and abandoning module PixWinPlugin (58)
[2022.07.28-16.53.29:280][507]LogModuleManager: Shutting down and abandoning module NiagaraVertexFactories (56)
[2022.07.28-16.53.29:280][507]LogModuleManager: Shutting down and abandoning module NiagaraShader (54)
[2022.07.28-16.53.29:280][507]LogModuleManager: Shutting down and abandoning module VariantManagerContent (52)
[2022.07.28-16.53.29:280][507]LogModuleManager: Shutting down and abandoning module AISupportModule (50)
[2022.07.28-16.53.29:280][507]LogModuleManager: Shutting down and abandoning module DesktopPlatform (48)
[2022.07.28-16.53.29:280][507]LogModuleManager: Shutting down and abandoning module OodleDataCompressionFormat (46)
[2022.07.28-16.53.29:280][507]LogModuleManager: Shutting down and abandoning module PythonScriptPluginPreload (44)
[2022.07.28-16.53.29:280][507]LogModuleManager: Shutting down and abandoning module PlatformCryptoOpenSSL (42)
[2022.07.28-16.53.29:280][507]LogModuleManager: Shutting down and abandoning module PlatformCryptoTypes (40)
[2022.07.28-16.53.29:280][507]LogModuleManager: Shutting down and abandoning module PlatformCrypto (38)
[2022.07.28-16.53.29:280][507]LogModuleManager: Shutting down and abandoning module XGEController (36)
[2022.07.28-16.53.29:280][507]LogModuleManager: Shutting down and abandoning module AnimationModifiers (34)
[2022.07.28-16.53.29:280][507]LogModuleManager: Shutting down and abandoning module AudioEditor (32)
[2022.07.28-16.53.29:281][507]LogModuleManager: Shutting down and abandoning module PropertyEditor (31)
[2022.07.28-16.53.29:281][507]LogModuleManager: Shutting down and abandoning module TextureCompressor (28)
[2022.07.28-16.53.29:281][507]LogModuleManager: Shutting down and abandoning module RenderCore (26)
[2022.07.28-16.53.29:281][507]LogModuleManager: Shutting down and abandoning module Landscape (24)
[2022.07.28-16.53.29:281][507]LogModuleManager: Shutting down and abandoning module SlateRHIRenderer (22)
[2022.07.28-16.53.29:281][507]LogModuleManager: Shutting down and abandoning module AnimGraphRuntime (20)
[2022.07.28-16.53.29:281][507]LogModuleManager: Shutting down and abandoning module Renderer (18)
[2022.07.28-16.53.29:281][507]LogModuleManager: Shutting down and abandoning module Engine (16)
[2022.07.28-16.53.29:281][507]LogModuleManager: Shutting down and abandoning module CoreUObject (14)
[2022.07.28-16.53.29:281][507]LogModuleManager: Shutting down and abandoning module NetworkFile (12)
[2022.07.28-16.53.29:281][507]LogModuleManager: Shutting down and abandoning module CookedIterativeFile (10)
[2022.07.28-16.53.29:281][507]LogModuleManager: Shutting down and abandoning module StreamingFile (8)
[2022.07.28-16.53.29:281][507]LogModuleManager: Shutting down and abandoning module SandboxFile (6)
[2022.07.28-16.53.29:281][507]LogModuleManager: Shutting down and abandoning module PakFile (4)
[2022.07.28-16.53.29:281][507]LogModuleManager: Shutting down and abandoning module RSA (3)
[2022.07.28-16.53.29:396][507]LogContentStreaming: Display: There are 1 unreleased StreamingManagers
[2022.07.28-16.53.29:412][507]LogD3D11RHI: Shutdown
[2022.07.28-16.53.29:412][507]LogD3D11RHI: CleanupD3DDevice
[2022.07.28-16.53.29:414][507]LogExit: Exiting.
[2022.07.28-16.53.29:441][507]Log file closed, 07/28/22 13:53:29
